Log file open, 12/28/17 15:41:05
LogWindows: Failed to load 'aqProf.dll' (GetLastError=126)
LogWindows: File 'aqProf.dll' does not exist
LogWindows: Failed to load 'VSPerf140.dll' (GetLastError=126)
LogWindows: File 'VSPerf140.dll' does not exist
LogWindows: Failed to load 'VtuneApi.dll' (GetLastError=126)
LogWindows: File 'VtuneApi.dll' does not exist
LogWindows: Failed to load 'VtuneApi32e.dll' (GetLastError=126)
LogWindows: File 'VtuneApi32e.dll' does not exist
LogInit: Display: Running engine for game: CarBlueprints
LogPlatformFile: Not using cached read wrapper
LogInit: Display: RandInit(-1619104114) SRandInit(-1619104114).
LogTaskGraph: Started task graph with 5 named threads and 8 total threads with 3 sets of task threads.
LogStats: Stats thread started at 0.102944
LogD3D11RHI: Aftermath initialized
LogPluginManager: Mounting plugin Paper2D
LogPluginManager: Mounting plugin LightPropagationVolume
LogPluginManager: Mounting plugin CodeLiteSourceCodeAccess
LogPluginManager: Mounting plugin GitSourceControl
LogPluginManager: Mounting plugin KDevelopSourceCodeAccess
LogPluginManager: Mounting plugin NullSourceCodeAccess
LogPluginManager: Mounting plugin PerforceSourceControl
LogPluginManager: Mounting plugin SubversionSourceControl
LogPluginManager: Mounting plugin UObjectPlugin
LogPluginManager: Mounting plugin VisualStudioSourceCodeAccess
LogPluginManager: Mounting plugin XCodeSourceCodeAccess
LogPluginManager: Mounting plugin AssetManagerEditor
LogPluginManager: Mounting plugin AudioCapture
LogPluginManager: Mounting plugin FacialAnimation
LogPluginManager: Mounting plugin GameplayTagsEditor
LogPluginManager: Mounting plugin MobileLauncherProfileWizard
LogPluginManager: Mounting plugin PluginBrowser
LogPluginManager: Mounting plugin SpeedTreeImporter
LogPluginManager: Mounting plugin AlembicImporter
LogPluginManager: Mounting plugin CharacterAI
LogPluginManager: Mounting plugin HTML5Networking
LogPluginManager: Mounting plugin RawInput
LogPluginManager: Mounting plugin AndroidMedia
LogPluginManager: Mounting plugin AvfMedia
LogPluginManager: Mounting plugin MediaPlayerEditor
LogPluginManager: Mounting plugin WmfMedia
LogPluginManager: Mounting plugin TcpMessaging
LogPluginManager: Mounting plugin UdpMessaging
LogPluginManager: Mounting plugin LevelSequenceEditor
LogPluginManager: Mounting plugin MatineeToLevelSequence
LogPluginManager: Mounting plugin OnlineSubsystemGooglePlay
LogPluginManager: Mounting plugin OnlineSubsystemIOS
LogPluginManager: Mounting plugin OnlineSubsystem
LogPluginManager: Mounting plugin OnlineSubsystemNull
LogPluginManager: Mounting plugin OnlineSubsystemUtils
LogPluginManager: Mounting plugin AndroidDeviceProfileSelector
LogPluginManager: Mounting plugin AndroidMoviePlayer
LogPluginManager: Mounting plugin AndroidPermission
LogPluginManager: Mounting plugin AppleMoviePlayer
LogPluginManager: Mounting plugin ArchVisCharacter
LogPluginManager: Mounting plugin CableComponent
LogPluginManager: Mounting plugin CustomMeshComponent
LogPluginManager: Mounting plugin ExampleDeviceProfileSelector
LogPluginManager: Mounting plugin GoogleCloudMessaging
LogPluginManager: Mounting plugin ImmediatePhysics
LogPluginManager: Mounting plugin IOSDeviceProfileSelector
LogPluginManager: Mounting plugin LinuxDeviceProfileSelector
LogPluginManager: Mounting plugin LocationServicesBPLibrary
LogPluginManager: Mounting plugin MobilePatchingUtils
LogPluginManager: Mounting plugin OculusVR
LogPluginManager: Mounting plugin PhysXVehicles
LogPluginManager: Mounting plugin ProceduralMeshComponent
LogPluginManager: Mounting plugin RuntimePhysXCooking
LogPluginManager: Mounting plugin SteamVR
LogPluginManager: Mounting plugin WindowsMoviePlayer
LogInit: Using libcurl 7.47.1
LogInit:  - built for x86_64-pc-win32
LogInit:  - supports SSL with OpenSSL/1.0.2g
LogInit:  - supports HTTP deflate (compression) using libz 1.2.8
LogInit:  - other features:
LogInit:      CURL_VERSION_SSL
LogInit:      CURL_VERSION_LIBZ
LogInit:      CURL_VERSION_IPV6
LogInit:      CURL_VERSION_ASYNCHDNS
LogInit:      CURL_VERSION_LARGEFILE
LogInit:      CURL_VERSION_IDN
LogInit:  CurlRequestOptions (configurable via config and command line):
LogInit:  - bVerifyPeer = false  - Libcurl will NOT verify peer certificate
LogInit:  - bUseHttpProxy = false  - Libcurl will NOT use HTTP proxy
LogInit:  - bDontReuseConnections = false  - Libcurl will reuse connections
LogInit:  - CertBundlePath = nullptr  - Libcurl will use whatever was configured at build time.
LogInit: WinSock: version 1.1 (2.2), MaxSocks=32767, MaxUdp=65467
LogInit: Build: ++UE4+Release-4.17-CL-3658906
LogInit: Engine Version: 4.17.2-3658906+++UE4+Release-4.17
LogInit: Compatible Engine Version: 4.17.0-3573198+++UE4+Release-4.17
LogInit: Net CL: 3573198
LogDevObjectVersion: Number of dev versions registered: 16
LogDevObjectVersion:   Dev-Blueprints (B0D832E4-1F89-4F0D-ACCF-7EB736FD4AA2): 10
LogDevObjectVersion:   Dev-Build (E1C64328-A22C-4D53-A36C-8E866417BD8C): 0
LogDevObjectVersion:   Dev-Core (375EC13C-06E4-48FB-B500-84F0262A717E): 2
LogDevObjectVersion:   Dev-Editor (E4B068ED-F494-42E9-A231-DA0B2E46BB41): 20
LogDevObjectVersion:   Dev-Framework (CFFC743F-43B0-4480-9391-14DF171D2073): 28
LogDevObjectVersion:   Dev-Mobile (B02B49B5-BB20-44E9-A304-32B752E40360): 0
LogDevObjectVersion:   Dev-Networking (A4E4105C-59A1-49B5-A7C5-40C4547EDFEE): 0
LogDevObjectVersion:   Dev-Online (39C831C9-5AE6-47DC-9A44-9C173E1C8E7C): 0
LogDevObjectVersion:   Dev-Physics (78F01B33-EBEA-4F98-B9B4-84EACCB95AA2): 0
LogDevObjectVersion:   Dev-Platform (6631380F-2D4D-43E0-8009-CF276956A95A): 0
LogDevObjectVersion:   Dev-Rendering (12F88B9F-8875-4AFC-A67C-D90C383ABD29): 19
LogDevObjectVersion:   Dev-Sequencer (7B5AE74C-D270-4C10-A958-57980B212A5A): 4
LogDevObjectVersion:   Dev-VR (D7296918-1DD6-4BDD-9DE2-64A83CC13884): 0
LogDevObjectVersion:   Dev-LoadTimes (C2A15278-BFE7-4AFE-6C17-90FF531DF755): 1
LogDevObjectVersion:   Private-Geometry (6EACA3D4-40EC-4CC1-B786-8BED09428FC5): 1
LogDevObjectVersion:   Dev-AnimPhys (29E575DD-E0A3-4627-9D10-D276232CDCEA): 7
LogInit: Compiled (64-bit): Sep 22 2017 13:47:16
LogInit: Compiled with Visual C++: 19.00.24215.01
LogInit: Build Configuration: Development
LogInit: Branch Name: ++UE4+Release-4.17
LogInit: Command line:  /Temp/Autosaves/Game/VehicleAdvBP/Maps/UEDPCMainMenu -game -PIEVIACONSOLE -ResX=1280 -ResY=720  -Multiprocess -messaging -SessionName="Play in Standalone Game" -windowed 
LogInit: Base directory: C:/Program Files/Epic Games/UE_4.17/Engine/Binaries/Win64/
LogInit: Installed Engine Build: 1
LogInit: Presizing for max 8388607 objects, including 0 objects not considered by GC, pre-allocating 0 bytes for permanent pool.
LogInit: Object subsystem initialized
[2017.12.28-20.41.06:732][  0]LogInit: Selected Device Profile: [Windows]
[2017.12.28-20.41.06:732][  0]LogInit: Applying CVar settings loaded from the selected device profile: [Windows]
[2017.12.28-20.41.06:737][  0]LogInit: Computer: LAPTOP-QGRD1O7A
[2017.12.28-20.41.06:737][  0]LogInit: User: agsch
[2017.12.28-20.41.06:737][  0]LogInit: CPU Page size=4096, Cores=2
[2017.12.28-20.41.06:737][  0]LogInit: High frequency timer resolution =2.835940 MHz
[2017.12.28-20.41.06:737][  0]LogMemory: Memory total: Physical=7.9GB (8GB approx)
[2017.12.28-20.41.06:737][  0]LogMemory: Platform Memory Stats for Windows
[2017.12.28-20.41.06:737][  0]LogMemory: Process Physical Memory: 279.36 MB used, 279.36 MB peak
[2017.12.28-20.41.06:737][  0]LogMemory: Process Virtual Memory: 281.94 MB used, 281.94 MB peak
[2017.12.28-20.41.06:737][  0]LogMemory: Physical Memory: 5935.49 MB used,  2137.05 MB free, 8072.54 MB total
[2017.12.28-20.41.06:737][  0]LogMemory: Virtual Memory: 674.89 MB used,  2137.05 MB free, 134217728.00 MB total
[2017.12.28-20.41.07:003][  0]LogInit: Using OS detected language (en-US).
[2017.12.28-20.41.07:003][  0]LogInit: Using OS detected locale (en-US).
[2017.12.28-20.41.07:005][  0]LogTextLocalizationManager: No specific localization for 'en-US' exists, so the 'en' localization will be used.
[2017.12.28-20.41.07:561][  0]LogD3D11RHI: D3D11 adapters:
[2017.12.28-20.41.07:583][  0]LogD3D11RHI:    0. 'NVIDIA GeForce 940MX' (Feature Level 11_0)
[2017.12.28-20.41.07:583][  0]LogD3D11RHI:       2019/0/4036 MB DedicatedVideo/DedicatedSystem/SharedSystem, Outputs:1, VendorId:0x10de
[2017.12.28-20.41.07:590][  0]LogD3D11RHI:    1. 'Intel(R) HD Graphics 620' (Feature Level 11_0)
[2017.12.28-20.41.07:590][  0]LogD3D11RHI:       128/0/4036 MB DedicatedVideo/DedicatedSystem/SharedSystem, Outputs:0, VendorId:0x8086
[2017.12.28-20.41.07:591][  0]LogD3D11RHI:    2. 'Microsoft Basic Render Driver' (Feature Level 11_0)
[2017.12.28-20.41.07:591][  0]LogD3D11RHI:       0/0/4036 MB DedicatedVideo/DedicatedSystem/SharedSystem, Outputs:0, VendorId:0x1414
[2017.12.28-20.41.07:591][  0]LogD3D11RHI: Chosen D3D11 Adapter: 0
[2017.12.28-20.41.07:596][  0]LogD3D11RHI: Creating new Direct3DDevice
[2017.12.28-20.41.07:596][  0]LogD3D11RHI:     GPU DeviceId: 0x134d (for the marketing name, search the web for "GPU Device Id")
[2017.12.28-20.41.07:596][  0]LogWindows: EnumDisplayDevices:
[2017.12.28-20.41.07:596][  0]LogWindows:    0. 'Intel(R) HD Graphics 620' (P:1 D:1)
[2017.12.28-20.41.07:597][  0]LogWindows:    1. 'Intel(R) HD Graphics 620' (P:0 D:0)
[2017.12.28-20.41.07:597][  0]LogWindows:    2. 'Intel(R) HD Graphics 620' (P:0 D:0)
[2017.12.28-20.41.07:597][  0]LogWindows: DebugString: PrimaryIsNotTheChoosenAdapter PrimaryIsNotTheChoosenAdapter PrimaryIsNotTheChoosenAdapter FoundDriverCount:0 
[2017.12.28-20.41.07:597][  0]LogD3D11RHI:     Adapter Name: NVIDIA GeForce 940MX
[2017.12.28-20.41.07:597][  0]LogD3D11RHI:   Driver Version: Unknown (internal:Unknown, unified:Unknown)
[2017.12.28-20.41.07:597][  0]LogD3D11RHI:      Driver Date: Unknown
[2017.12.28-20.41.07:597][  0]LogRHI: Texture pool is 1361 MB (70% of 1945 MB)
[2017.12.28-20.41.07:613][  0]LogD3D11RHI: Async texture creation enabled
[2017.12.28-20.41.07:630][  0]LogD3D11RHI: GPU Timing Frequency: 1000.000000 (Debug: 2 2)
[2017.12.28-20.41.07:631][  0]LogShaderCompilers: Guid format shader working directory is -23 characters bigger than the processId version (../../../../../../Users/agsch/Documents/Unreal Projects/CarBlueprints/Intermediate/Shaders/WorkingDirectory/4496/).
[2017.12.28-20.41.07:631][  0]LogShaderCompilers: Cleaned the shader compiler working directory 'C:/Users/agsch/AppData/Local/Temp/UnrealShaderWorkingDir/4A4DFD684BB8B34BD22D57A8EA582772/'.
[2017.12.28-20.41.07:631][  0]LogShaderCompilers: Display: Using Local Shader Compiler.
[2017.12.28-20.41.08:494][  0]LogTemp: Display: Loaded TP WindowsClientTargetPlatform
[2017.12.28-20.41.08:550][  0]LogTemp: Display: Loaded TP WindowsNoEditorTargetPlatform
[2017.12.28-20.41.08:604][  0]LogTemp: Display: Loaded TP WindowsServerTargetPlatform
[2017.12.28-20.41.08:660][  0]LogTemp: Display: Loaded TP WindowsTargetPlatform
[2017.12.28-20.41.08:660][  0]LogTargetPlatformManager: Display: Building Assets For Windows
[2017.12.28-20.41.09:225][  0]LogDerivedDataCache: Display: Max Cache Size: 512 MB
[2017.12.28-20.41.09:334][  0]LogDerivedDataCache: Loaded boot cache 0.11s 93MB C:/Users/agsch/AppData/Local/UnrealEngine/4.17/DerivedDataCache/Boot.ddc.
[2017.12.28-20.41.09:334][  0]LogDerivedDataCache: Display: Loaded Boot cache: C:/Users/agsch/AppData/Local/UnrealEngine/4.17/DerivedDataCache/Boot.ddc
[2017.12.28-20.41.09:335][  0]LogDerivedDataCache: FDerivedDataBackendGraph:  Pak pak cache file ../../../../../../Users/agsch/Documents/Unreal Projects/CarBlueprints/DerivedDataCache/DDC.ddp not found, will not use a pak cache.
[2017.12.28-20.41.09:335][  0]LogDerivedDataCache: Unable to find inner node Pak for hierarchical cache Hierarchy.
[2017.12.28-20.41.09:335][  0]LogDerivedDataCache: FDerivedDataBackendGraph:  CompressedPak pak cache file ../../../../../../Users/agsch/Documents/Unreal Projects/CarBlueprints/DerivedDataCache/Compressed.ddp not found, will not use a pak cache.
[2017.12.28-20.41.09:335][  0]LogDerivedDataCache: Unable to find inner node CompressedPak for hierarchical cache Hierarchy.
[2017.12.28-20.41.09:349][  0]LogDerivedDataCache: Display: Pak cache opened for reading ../../../Engine/DerivedDataCache/Compressed.ddp.
[2017.12.28-20.41.09:361][  0]LogDerivedDataCache: Using Local data cache path C:/Users/agsch/AppData/Local/UnrealEngine/Common/DerivedDataCache: Writable
[2017.12.28-20.41.09:372][  0]LogMaterial: Verifying Global Shaders for PCD3D_SM5
[2017.12.28-20.41.09:372][  0]LogSlate: Using Freetype 2.6.0
[2017.12.28-20.41.09:373][  0]LogSlate: SlateFontCache - WITH_FREETYPE: 1, WITH_HARFBUZZ: 1
[2017.12.28-20.41.09:373][  0]LogSlate: SlateFontCache - WITH_FREETYPE: 1, WITH_HARFBUZZ: 1
[2017.12.28-20.41.09:583][  0]LogAssetRegistry: FAssetRegistry took 0.0038 seconds to start up
[2017.12.28-20.41.09:621][  0]LogPackageLocalizationCache: Processed 5 localized package path(s) for 2 prioritized culture(s) in 0.010356 seconds
[2017.12.28-20.41.09:699][  0]LogInit: Selected Device Profile: [Windows]
[2017.12.28-20.41.09:827][  0]LogContentStreaming: Texture pool size is 1000.00 MB
[2017.12.28-20.41.10:147][  0]LogSimplygon: Simplygon DLL not present - disabling.
[2017.12.28-20.41.10:197][  0]LogMeshReduction: Using SimplygonSwarm for distributed automatic mesh merging
[2017.12.28-20.41.10:197][  0]LogMeshReduction: Using QuadricMeshReduction for automatic static mesh reduction
[2017.12.28-20.41.10:197][  0]LogMeshReduction: No automatic skeletal mesh reduction module available
[2017.12.28-20.41.10:197][  0]LogMeshReduction: No automatic mesh merging module available
[2017.12.28-20.41.10:197][  0]LogMeshMerging: No automatic mesh merging module available
[2017.12.28-20.41.10:506][  0]LogNetVersion: CarBlueprints , NetCL: 3573198, EngineNetVer: 2, GameNetVer: 0 (Checksum: 3571599761)
[2017.12.28-20.41.11:956][  0]LogMoviePlayer: Initializing movie player
[2017.12.28-20.41.12:395][  0]LogCollectionManager: Loaded 0 collections in 0.001212 seconds
[2017.12.28-20.41.12:454][  0]LogFileCache: Scanning file cache for directory 'C:/Users/agsch/Documents/Unreal Projects/CarBlueprints/Saved/Collections/' took 0.01s
[2017.12.28-20.41.12:454][  0]LogFileCache: Scanning file cache for directory 'C:/Users/agsch/Documents/Unreal Projects/CarBlueprints/Content/Developers/agsch/Collections/' took 0.01s
[2017.12.28-20.41.12:454][  0]LogFileCache: Scanning file cache for directory 'C:/Users/agsch/Documents/Unreal Projects/CarBlueprints/Content/Collections/' took 0.01s
[2017.12.28-20.41.12:454][  0]LogCollectionManager: Rebuilt the object cache for 0 collections in 0.000000 seconds (found 0 objects)
[2017.12.28-20.41.12:454][  0]LogCollectionManager: Fixed up redirectors for 0 collections in 0.000096 seconds (updated 0 objects)
[2017.12.28-20.41.12:641][  0]LogTcpMessaging: Initializing TcpMessaging bridge
[2017.12.28-20.41.12:683][  0]LogUdpMessaging: Initializing bridge on interface 0.0.0.0:0 to multicast group 230.0.0.1:6666.
[2017.12.28-20.41.13:159][  0]SourceControl: Source control is disabled
[2017.12.28-20.41.13:159][  0]SourceControl: Source control is disabled
[2017.12.28-20.41.13:210][  0]SourceControl: Source control is disabled
[2017.12.28-20.41.13:487][  0]LogAndroidPermission: UAndroidPermissionCallbackProxy::GetInstance
[2017.12.28-20.41.13:745][  0]LogOcInput: OculusInput pre-init called
[2017.12.28-20.41.13:854][  0]LogUObjectArray: 38692 objects as part of root set at end of initial load.
[2017.12.28-20.41.13:855][  0]LogUObjectAllocator: 8467120 out of 0 bytes used by permanent object pool.
[2017.12.28-20.41.13:855][  0]LogUObjectArray: CloseDisregardForGC: 0/0 objects in disregard for GC pool
[2017.12.28-20.41.13:965][  0]LogEngine: Initializing Engine...
[2017.12.28-20.41.13:966][  0]LogHMD: Failed to initialize OpenVR with code 110
[2017.12.28-20.41.14:192][  0]LogStats: UGameplayTagsManager::ConstructGameplayTagTree: Construct from data asset -  0.000 s
[2017.12.28-20.41.14:192][  0]LogStats: UGameplayTagsManager::ConstructGameplayTagTree: GameplayTagTreeChangedEvent.Broadcast -  0.000 s
[2017.12.28-20.41.14:211][  0]LogInit: XAudio2 using 'Speakers (Realtek High Definition Audio)' : 2 channels at 48 kHz using 32 bits per sample (channel mask 0x3)
[2017.12.28-20.41.14:265][  0]LogInit: FAudioDevice initialized.
[2017.12.28-20.41.14:299][  0]LogInit: Texture streaming: Enabled
[2017.12.28-20.41.14:315][  0]LogMaterial: Uniform references updated for custom material expression Custom.
[2017.12.28-20.41.14:605][  0]LogSlateStyle: Warning: Unable to find Slate Widget Style 'NormalText'. Using FTextBlockStyle defaults instead.
[2017.12.28-20.41.14:605][  0]LogSlateStyle: Warning: Unable to find Slate Widget Style 'SpinBox'. Using FSpinBoxStyle defaults instead.
[2017.12.28-20.41.14:962][  0]LogInit: Display: Game Engine Initialized.
[2017.12.28-20.41.14:962][  0]LogGameplayTags: Display: UGameplayTagsManager::DoneAddingNativeTags. DelegateIsBound: 0
[2017.12.28-20.41.15:135][  0]LogInit: Display: Starting Game.
[2017.12.28-20.41.15:135][  0]LogNet: Browse: /Temp/Autosaves/Game/VehicleAdvBP/Maps/UEDPCMainMenu?Name=Player
[2017.12.28-20.41.15:135][  0]LogLoad: LoadMap: /Temp/Autosaves/Game/VehicleAdvBP/Maps/UEDPCMainMenu?Name=Player
[2017.12.28-20.41.15:157][  0]LogMemory: Platform Memory Stats for Windows
[2017.12.28-20.41.15:157][  0]LogMemory: Process Physical Memory: 819.51 MB used, 940.48 MB peak
[2017.12.28-20.41.15:157][  0]LogMemory: Process Virtual Memory: 942.80 MB used, 1015.89 MB peak
[2017.12.28-20.41.15:157][  0]LogMemory: Physical Memory: 6371.20 MB used,  1701.34 MB free, 8072.54 MB total
[2017.12.28-20.41.15:157][  0]LogMemory: Virtual Memory: 1546.78 MB used,  1701.34 MB free, 134217728.00 MB total
[2017.12.28-20.41.15:157][  0]LogMemory: 
[2017.12.28-20.41.15:157][  0]Allocator Stats for TBB: (not implemented)
[2017.12.28-20.41.15:300][  0]LogAIModule: Creating AISystem for world MainMenu
[2017.12.28-20.41.15:301][  0]LogLoad: Game class is 'GameModeBase'
[2017.12.28-20.41.15:302][  0]LogWorld: Bringing World /Temp/Autosaves/Game/VehicleAdvBP/Maps/UEDPCMainMenu.MainMenu up for play (max tick rate 0) at 2017.12.28-15.41.15
[2017.12.28-20.41.15:302][  0]LogWorld: Bringing up level for play took: 0.000395
[2017.12.28-20.41.15:331][  0]LogLoad: Took 0.195565 seconds to LoadMap(/Temp/Autosaves/Game/VehicleAdvBP/Maps/UEDPCMainMenu)
[2017.12.28-20.41.15:600][  0]LogRenderer: Reallocating scene render targets to support 1280x720 Format 10 NumSamples 1 (Frame:1).
[2017.12.28-20.41.15:600][  0]LogLoad: (Engine Initialization) Total time: 10.59 seconds
[2017.12.28-20.41.15:600][  0]LogLoad: (Engine Initialization) Total Blueprint compile time: 0.00 seconds
[2017.12.28-20.41.15:601][  0]LogExternalProfiler: No external profilers were discovered.  External profiling features will not be available.
[2017.12.28-20.41.15:617][  0]LogWindowsTextInputMethodSystem: Display: IME system now deactivated.
[2017.12.28-20.41.15:618][  0]LogRawInputWindows: Warning: Found device 0 devices
[2017.12.28-20.41.15:618][  0]LogRawInputWindows: Warning: Found device 0 devices
[2017.12.28-20.41.15:618][  0]LogRawInputWindows: Warning: Device was registered succesfully but not connected (Usage:4 UsagePage:1
[2017.12.28-20.41.15:618][  0]LogRawInputWindows: Warning: Found device 1 devices
[2017.12.28-20.41.15:618][  0]LogRawInputWindows: Warning: Device was registered succesfully but not connected (Usage:5 UsagePage:1
[2017.12.28-20.41.25:295][522]LogBlueprintUserMessages: [MyGameInstance_C_0] Main menu is valid
[2017.12.28-20.41.31:683][918]LogBlueprintUserMessages: [MainMenuWidget_C_0] Cast successful
[2017.12.28-20.41.31:684][918]LogBlueprintUserMessages: [MyGameInstance_C_0] adding loading to viewport
[2017.12.28-20.41.31:684][918]LogNetVersion: CarBlueprints 1.0.0.0, NetCL: 3573198, EngineNetVer: 2, GameNetVer: 0 (Checksum: 3229010851)
[2017.12.28-20.41.31:685][918]LogInit: WinSock: I am LAPTOP-QGRD1O7A (10.0.0.12:0)
[2017.12.28-20.41.31:743][918]LogPackageName: SearchForPackageOnDisk took   0.055s to resolve VehicleAdvExampleMap.umap.
[2017.12.28-20.41.31:794][918]LogPackageName: SearchForPackageOnDisk took   0.051s to resolve VehicleAdvExampleMap.umap.
[2017.12.28-20.41.31:794][918]LogNet: Browse: /Game/VehicleAdvBP/Maps/VehicleAdvExampleMap?listen
[2017.12.28-20.41.31:794][918]LogLoad: LoadMap: /Game/VehicleAdvBP/Maps/VehicleAdvExampleMap?listen
[2017.12.28-20.41.31:818][918]LogMemory: Platform Memory Stats for Windows
[2017.12.28-20.41.31:818][918]LogMemory: Process Physical Memory: 781.73 MB used, 940.48 MB peak
[2017.12.28-20.41.31:818][918]LogMemory: Process Virtual Memory: 998.37 MB used, 1135.30 MB peak
[2017.12.28-20.41.31:818][918]LogMemory: Physical Memory: 6310.72 MB used,  1761.82 MB free, 8072.54 MB total
[2017.12.28-20.41.31:818][918]LogMemory: Virtual Memory: 1664.87 MB used,  1761.82 MB free, 134217728.00 MB total
[2017.12.28-20.41.31:818][918]LogMemory: 
[2017.12.28-20.41.31:818][918]Allocator Stats for TBB: (not implemented)
[2017.12.28-20.41.32:031][918]LogBlueprint: Warning: [VehicleAdvGameMode] 'Player1' variable not found. Base class was probably changed.
[2017.12.28-20.41.32:031][918]LogBlueprint: Warning: [VehicleAdvGameMode] 'Player2' variable not found. Base class was probably changed.
[2017.12.28-20.41.32:031][918]LogBlueprint: Warning: [VehicleAdvGameMode] 'Player1' variable not found. Base class was probably changed.
[2017.12.28-20.41.32:031][918]LogBlueprint: Warning: [VehicleAdvGameMode] 'Player2' variable not found. Base class was probably changed.
[2017.12.28-20.41.32:145][918]LogLinker: Warning: Can't find file '/Game/FirstPerson/FPWeapon/Materials/MaterialLayers/ML_SoftMetal_UE4'
[2017.12.28-20.41.32:145][918]LoadErrors: Failed to load /Game/FirstPerson/FPWeapon/Materials/MaterialLayers/ML_SoftMetal_UE4.ML_SoftMetal_UE4 Referenced by M_FPGun
[2017.12.28-20.41.32:145][918]LogUObjectGlobals: Warning: Failed to load '/Game/FirstPerson/FPWeapon/Materials/MaterialLayers/ML_SoftMetal_UE4': Can't find file '/Game/FirstPerson/FPWeapon/Materials/MaterialLayers/ML_SoftMetal_UE4'
[2017.12.28-20.41.32:145][918]LogLinker: Warning: Can't find file for asset '/Game/FirstPerson/FPWeapon/Materials/MaterialLayers/ML_SoftMetal_UE4' while loading NULL.
[2017.12.28-20.41.32:145][918]LoadErrors: Failed to load /Game/FirstPerson/FPWeapon/Materials/MaterialLayers/ML_SoftMetal_UE4.ML_SoftMetal_UE4 Referenced by M_FPGun
[2017.12.28-20.41.32:145][918]LogUObjectGlobals: Warning: Failed to load '/Game/FirstPerson/FPWeapon/Materials/MaterialLayers/ML_SoftMetal_UE4': Can't find file for asset '/Game/FirstPerson/FPWeapon/Materials/MaterialLayers/ML_SoftMetal_UE4' while loading NULL.
[2017.12.28-20.41.32:146][918]LogLinker: Warning: Can't find file '/Game/FirstPerson/FPWeapon/Materials/MaterialLayers/ML_GlossyBlack_Latex_UE4'
[2017.12.28-20.41.32:146][918]LoadErrors: Failed to load /Game/FirstPerson/FPWeapon/Materials/MaterialLayers/ML_GlossyBlack_Latex_UE4.ML_GlossyBlack_Latex_UE4 Referenced by M_FPGun
[2017.12.28-20.41.32:146][918]LogUObjectGlobals: Warning: Failed to load '/Game/FirstPerson/FPWeapon/Materials/MaterialLayers/ML_GlossyBlack_Latex_UE4': Can't find file '/Game/FirstPerson/FPWeapon/Materials/MaterialLayers/ML_GlossyBlack_Latex_UE4'
[2017.12.28-20.41.32:146][918]LogLinker: Warning: Can't find file for asset '/Game/FirstPerson/FPWeapon/Materials/MaterialLayers/ML_GlossyBlack_Latex_UE4' while loading NULL.
[2017.12.28-20.41.32:146][918]LoadErrors: Failed to load /Game/FirstPerson/FPWeapon/Materials/MaterialLayers/ML_GlossyBlack_Latex_UE4.ML_GlossyBlack_Latex_UE4 Referenced by M_FPGun
[2017.12.28-20.41.32:146][918]LogUObjectGlobals: Warning: Failed to load '/Game/FirstPerson/FPWeapon/Materials/MaterialLayers/ML_GlossyBlack_Latex_UE4': Can't find file for asset '/Game/FirstPerson/FPWeapon/Materials/MaterialLayers/ML_GlossyBlack_Latex_UE4' while loading NULL.
[2017.12.28-20.41.32:146][918]LogLinker: Warning: Can't find file '/Game/FirstPerson/FPWeapon/Materials/MaterialLayers/ML_Plastic_Shiny_Beige'
[2017.12.28-20.41.32:146][918]LoadErrors: Failed to load /Game/FirstPerson/FPWeapon/Materials/MaterialLayers/ML_Plastic_Shiny_Beige.ML_Plastic_Shiny_Beige Referenced by M_FPGun
[2017.12.28-20.41.32:146][918]LogUObjectGlobals: Warning: Failed to load '/Game/FirstPerson/FPWeapon/Materials/MaterialLayers/ML_Plastic_Shiny_Beige': Can't find file '/Game/FirstPerson/FPWeapon/Materials/MaterialLayers/ML_Plastic_Shiny_Beige'
[2017.12.28-20.41.32:146][918]LogLinker: Warning: Can't find file for asset '/Game/FirstPerson/FPWeapon/Materials/MaterialLayers/ML_Plastic_Shiny_Beige' while loading NULL.
[2017.12.28-20.41.32:146][918]LoadErrors: Failed to load /Game/FirstPerson/FPWeapon/Materials/MaterialLayers/ML_Plastic_Shiny_Beige.ML_Plastic_Shiny_Beige Referenced by M_FPGun
[2017.12.28-20.41.32:146][918]LogUObjectGlobals: Warning: Failed to load '/Game/FirstPerson/FPWeapon/Materials/MaterialLayers/ML_Plastic_Shiny_Beige': Can't find file for asset '/Game/FirstPerson/FPWeapon/Materials/MaterialLayers/ML_Plastic_Shiny_Beige' while loading NULL.
[2017.12.28-20.41.32:148][918]LogLinker: Warning: Can't find file '/Game/FirstPerson/FPWeapon/Materials/MaterialLayers/ML_Screen'
[2017.12.28-20.41.32:148][918]LoadErrors: Failed to load /Game/FirstPerson/FPWeapon/Materials/MaterialLayers/ML_Screen.ML_Screen Referenced by M_FPGun
[2017.12.28-20.41.32:148][918]LogUObjectGlobals: Warning: Failed to load '/Game/FirstPerson/FPWeapon/Materials/MaterialLayers/ML_Screen': Can't find file '/Game/FirstPerson/FPWeapon/Materials/MaterialLayers/ML_Screen'
[2017.12.28-20.41.32:148][918]LogLinker: Warning: Can't find file for asset '/Game/FirstPerson/FPWeapon/Materials/MaterialLayers/ML_Screen' while loading NULL.
[2017.12.28-20.41.32:148][918]LoadErrors: Failed to load /Game/FirstPerson/FPWeapon/Materials/MaterialLayers/ML_Screen.ML_Screen Referenced by M_FPGun
[2017.12.28-20.41.32:148][918]LogUObjectGlobals: Warning: Failed to load '/Game/FirstPerson/FPWeapon/Materials/MaterialLayers/ML_Screen': Can't find file for asset '/Game/FirstPerson/FPWeapon/Materials/MaterialLayers/ML_Screen' while loading NULL.
[2017.12.28-20.41.32:148][918]LogLinker: Warning: Can't find file '/Game/FirstPerson/FPWeapon/Materials/MaterialLayers/ML_Plastic_Shiny_Beige'
[2017.12.28-20.41.32:148][918]LoadErrors: Failed to load /Game/FirstPerson/FPWeapon/Materials/MaterialLayers/ML_Plastic_Shiny_Beige.ML_Plastic_Shiny_Beige Referenced by MaterialExpressionMaterialFunctionCall_13
[2017.12.28-20.41.32:149][918]LogUObjectGlobals: Warning: Failed to load '/Game/FirstPerson/FPWeapon/Materials/MaterialLayers/ML_Plastic_Shiny_Beige': Can't find file '/Game/FirstPerson/FPWeapon/Materials/MaterialLayers/ML_Plastic_Shiny_Beige'
[2017.12.28-20.41.32:149][918]LogLinker: Warning: Can't find file for asset '/Game/FirstPerson/FPWeapon/Materials/MaterialLayers/ML_Plastic_Shiny_Beige' while loading NULL.
[2017.12.28-20.41.32:149][918]LoadErrors: Failed to load /Game/FirstPerson/FPWeapon/Materials/MaterialLayers/ML_Plastic_Shiny_Beige.ML_Plastic_Shiny_Beige Referenced by MaterialExpressionMaterialFunctionCall_13
[2017.12.28-20.41.32:149][918]LogUObjectGlobals: Warning: Failed to load '/Game/FirstPerson/FPWeapon/Materials/MaterialLayers/ML_Plastic_Shiny_Beige': Can't find file for asset '/Game/FirstPerson/FPWeapon/Materials/MaterialLayers/ML_Plastic_Shiny_Beige' while loading NULL.
[2017.12.28-20.41.32:149][918]LogLinker: Warning: Can't find file '/Game/FirstPerson/FPWeapon/Materials/MaterialLayers/ML_Screen'
[2017.12.28-20.41.32:149][918]LoadErrors: Failed to load /Game/FirstPerson/FPWeapon/Materials/MaterialLayers/ML_Screen.ML_Screen Referenced by MaterialExpressionMaterialFunctionCall_4
[2017.12.28-20.41.32:149][918]LogUObjectGlobals: Warning: Failed to load '/Game/FirstPerson/FPWeapon/Materials/MaterialLayers/ML_Screen': Can't find file '/Game/FirstPerson/FPWeapon/Materials/MaterialLayers/ML_Screen'
[2017.12.28-20.41.32:149][918]LogLinker: Warning: Can't find file for asset '/Game/FirstPerson/FPWeapon/Materials/MaterialLayers/ML_Screen' while loading NULL.
[2017.12.28-20.41.32:149][918]LoadErrors: Failed to load /Game/FirstPerson/FPWeapon/Materials/MaterialLayers/ML_Screen.ML_Screen Referenced by MaterialExpressionMaterialFunctionCall_4
[2017.12.28-20.41.32:149][918]LogUObjectGlobals: Warning: Failed to load '/Game/FirstPerson/FPWeapon/Materials/MaterialLayers/ML_Screen': Can't find file for asset '/Game/FirstPerson/FPWeapon/Materials/MaterialLayers/ML_Screen' while loading NULL.
[2017.12.28-20.41.32:149][918]LogLinker: Warning: Can't find file '/Game/FirstPerson/FPWeapon/Materials/MaterialLayers/ML_SoftMetal_UE4'
[2017.12.28-20.41.32:149][918]LoadErrors: Failed to load /Game/FirstPerson/FPWeapon/Materials/MaterialLayers/ML_SoftMetal_UE4.ML_SoftMetal_UE4 Referenced by MaterialExpressionMaterialFunctionCall_8
[2017.12.28-20.41.32:149][918]LogUObjectGlobals: Warning: Failed to load '/Game/FirstPerson/FPWeapon/Materials/MaterialLayers/ML_SoftMetal_UE4': Can't find file '/Game/FirstPerson/FPWeapon/Materials/MaterialLayers/ML_SoftMetal_UE4'
[2017.12.28-20.41.32:150][918]LogLinker: Warning: Can't find file for asset '/Game/FirstPerson/FPWeapon/Materials/MaterialLayers/ML_SoftMetal_UE4' while loading NULL.
[2017.12.28-20.41.32:150][918]LoadErrors: Failed to load /Game/FirstPerson/FPWeapon/Materials/MaterialLayers/ML_SoftMetal_UE4.ML_SoftMetal_UE4 Referenced by MaterialExpressionMaterialFunctionCall_8
[2017.12.28-20.41.32:150][918]LogUObjectGlobals: Warning: Failed to load '/Game/FirstPerson/FPWeapon/Materials/MaterialLayers/ML_SoftMetal_UE4': Can't find file for asset '/Game/FirstPerson/FPWeapon/Materials/MaterialLayers/ML_SoftMetal_UE4' while loading NULL.
[2017.12.28-20.41.32:150][918]LogLinker: Warning: Can't find file '/Game/FirstPerson/FPWeapon/Materials/MaterialLayers/ML_GlossyBlack_Latex_UE4'
[2017.12.28-20.41.32:150][918]LoadErrors: Failed to load /Game/FirstPerson/FPWeapon/Materials/MaterialLayers/ML_GlossyBlack_Latex_UE4.ML_GlossyBlack_Latex_UE4 Referenced by MaterialExpressionMaterialFunctionCall_9
[2017.12.28-20.41.32:150][918]LogUObjectGlobals: Warning: Failed to load '/Game/FirstPerson/FPWeapon/Materials/MaterialLayers/ML_GlossyBlack_Latex_UE4': Can't find file '/Game/FirstPerson/FPWeapon/Materials/MaterialLayers/ML_GlossyBlack_Latex_UE4'
[2017.12.28-20.41.32:150][918]LogLinker: Warning: Can't find file for asset '/Game/FirstPerson/FPWeapon/Materials/MaterialLayers/ML_GlossyBlack_Latex_UE4' while loading NULL.
[2017.12.28-20.41.32:150][918]LoadErrors: Failed to load /Game/FirstPerson/FPWeapon/Materials/MaterialLayers/ML_GlossyBlack_Latex_UE4.ML_GlossyBlack_Latex_UE4 Referenced by MaterialExpressionMaterialFunctionCall_9
[2017.12.28-20.41.32:150][918]LogUObjectGlobals: Warning: Failed to load '/Game/FirstPerson/FPWeapon/Materials/MaterialLayers/ML_GlossyBlack_Latex_UE4': Can't find file for asset '/Game/FirstPerson/FPWeapon/Materials/MaterialLayers/ML_GlossyBlack_Latex_UE4' while loading NULL.
[2017.12.28-20.41.32:150][918]LogLinker: Warning: Can't find file '/Game/FirstPerson/FPWeapon/Textures/T_FPGun_N'
[2017.12.28-20.41.32:150][918]LoadErrors: Failed to load /Game/FirstPerson/FPWeapon/Textures/T_FPGun_N.T_FPGun_N Referenced by MaterialExpressionTextureSampleParameter2D_2
[2017.12.28-20.41.32:150][918]LogUObjectGlobals: Warning: Failed to load '/Game/FirstPerson/FPWeapon/Textures/T_FPGun_N': Can't find file '/Game/FirstPerson/FPWeapon/Textures/T_FPGun_N'
[2017.12.28-20.41.32:150][918]LogLinker: Warning: Can't find file for asset '/Game/FirstPerson/FPWeapon/Textures/T_FPGun_N' while loading NULL.
[2017.12.28-20.41.32:150][918]LoadErrors: Failed to load /Game/FirstPerson/FPWeapon/Textures/T_FPGun_N.T_FPGun_N Referenced by MaterialExpressionTextureSampleParameter2D_2
[2017.12.28-20.41.32:150][918]LogUObjectGlobals: Warning: Failed to load '/Game/FirstPerson/FPWeapon/Textures/T_FPGun_N': Can't find file for asset '/Game/FirstPerson/FPWeapon/Textures/T_FPGun_N' while loading NULL.
[2017.12.28-20.41.32:150][918]LogLinker: Warning: Can't find file '/Game/FirstPerson/FPWeapon/Textures/T_FPGun_M'
[2017.12.28-20.41.32:150][918]LoadErrors: Failed to load /Game/FirstPerson/FPWeapon/Textures/T_FPGun_M.T_FPGun_M Referenced by MaterialExpressionTextureSampleParameter2D_3
[2017.12.28-20.41.32:151][918]LogUObjectGlobals: Warning: Failed to load '/Game/FirstPerson/FPWeapon/Textures/T_FPGun_M': Can't find file '/Game/FirstPerson/FPWeapon/Textures/T_FPGun_M'
[2017.12.28-20.41.32:151][918]LogLinker: Warning: Can't find file for asset '/Game/FirstPerson/FPWeapon/Textures/T_FPGun_M' while loading NULL.
[2017.12.28-20.41.32:151][918]LoadErrors: Failed to load /Game/FirstPerson/FPWeapon/Textures/T_FPGun_M.T_FPGun_M Referenced by MaterialExpressionTextureSampleParameter2D_3
[2017.12.28-20.41.32:151][918]LogUObjectGlobals: Warning: Failed to load '/Game/FirstPerson/FPWeapon/Textures/T_FPGun_M': Can't find file for asset '/Game/FirstPerson/FPWeapon/Textures/T_FPGun_M' while loading NULL.
[2017.12.28-20.41.32:254][918]LogMaterial: Missing cached shader map for material M_FPGun, compiling. 
[2017.12.28-20.41.32:257][918]LogMaterial: Warning: Failed to compile Material /Game/VehicleAdv/Materials/M_FPGun.M_FPGun for platform PCD3D_SM5, Default Material will be used in game.
[2017.12.28-20.41.32:257][918]LogMaterial: Warning: 	Missing Material Function
[2017.12.28-20.41.32:257][918]LogMaterial: Warning: 	(Node TextureSampleParameter2D) Param2D> Requires Texture2D
[2017.12.28-20.41.32:257][918]LogMaterial: Warning: 	Function MatLayerBlend_NormalBlend: (Node MakeMaterialAttributes) Error on property Normal
[2017.12.28-20.41.32:257][918]LogMaterial: Warning: 	Function MatLayerBlend_Simple: (Node MakeMaterialAttributes) Error on property EmissiveColor
[2017.12.28-20.41.32:257][918]LogMaterial: Warning: 	Function MatLayerBlend_Simple: (Node MakeMaterialAttributes) Error on property BaseColor
[2017.12.28-20.41.32:257][918]LogMaterial: Warning: 	Function MatLayerBlend_Simple: (Node MakeMaterialAttributes) Error on property Metallic
[2017.12.28-20.41.32:257][918]LogMaterial: Warning: 	Function MatLayerBlend_Simple: (Node MakeMaterialAttributes) Error on property Roughness
[2017.12.28-20.41.32:453][918]LogAIModule: Creating AISystem for world VehicleAdvExampleMap
[2017.12.28-20.41.32:454][918]LogLoad: Game class is 'VehicleAdvGameMode_C'
[2017.12.28-20.41.32:454][918]LogTemp: Display: ParseSettings for GameNetDriver
[2017.12.28-20.41.32:454][918]LogTemp: Display: ParseSettings for IpNetDriver_0
[2017.12.28-20.41.32:454][918]LogTemp: Display: ParseSettings for GameNetDriver
[2017.12.28-20.41.32:455][918]LogInit: WinSock: Socket queue 131072 / 131072
[2017.12.28-20.41.32:455][918]PacketHandlerLog: Loaded PacketHandler component: Engine.EngineHandlerComponentFactory (StatelessConnectHandlerComponent)
[2017.12.28-20.41.32:455][918]LogNet: GameNetDriver IpNetDriver_0 IpNetDriver listening on port 7777
[2017.12.28-20.41.32:465][918]LogWorld: Bringing World /Game/VehicleAdvBP/Maps/VehicleAdvExampleMap.VehicleAdvExampleMap up for play (max tick rate 0) at 2017.12.28-15.41.32
[2017.12.28-20.41.32:466][918]LogWorld: Bringing up level for play took: 0.008936
[2017.12.28-20.41.32:495][918]PIE: UWidget::RemoveFromParent() called on '/Engine/Transient.GameEngine_0:MyGameInstance_C_0.LoadingScreen_C_0' which has no UMG parent (if it was added directly to a native Slate widget via TakeWidget() then it must be removed explicitly rather than via RemoveFromParent())
[2017.12.28-20.41.32:496][918]LogLoad: Took 0.702367 seconds to LoadMap(/Game/VehicleAdvBP/Maps/VehicleAdvExampleMap)
