Log file open, 12/22/17 16:46:25
LogWindows: Failed to load 'aqProf.dll' (GetLastError=126)
LogWindows: File 'aqProf.dll' does not exist
LogWindows: Failed to load 'VtuneApi.dll' (GetLastError=126)
LogWindows: File 'VtuneApi.dll' does not exist
LogWindows: Failed to load 'VtuneApi32e.dll' (GetLastError=126)
LogWindows: File 'VtuneApi32e.dll' does not exist
LogInit: Display: Running engine for game: CarBlueprints
LogPlatformFile: Not using cached read wrapper
LogInit: Display: RandInit(1285991451) SRandInit(1285991451).
LogTaskGraph: Started task graph with 5 named threads and 14 total threads with 3 sets of task threads.
LogStats: Stats thread started at 0.266092
LogD3D11RHI: Aftermath initialized
LogPluginManager: Mounting plugin Paper2D
LogPluginManager: Mounting plugin LightPropagationVolume
LogPluginManager: Mounting plugin CodeLiteSourceCodeAccess
LogPluginManager: Mounting plugin GitSourceControl
LogPluginManager: Mounting plugin KDevelopSourceCodeAccess
LogPluginManager: Mounting plugin NullSourceCodeAccess
LogPluginManager: Mounting plugin PerforceSourceControl
LogPluginManager: Mounting plugin SubversionSourceControl
LogPluginManager: Mounting plugin UObjectPlugin
LogPluginManager: Mounting plugin VisualStudioSourceCodeAccess
LogPluginManager: Mounting plugin XCodeSourceCodeAccess
LogPluginManager: Mounting plugin AssetManagerEditor
LogPluginManager: Mounting plugin AudioCapture
LogPluginManager: Mounting plugin FacialAnimation
LogPluginManager: Mounting plugin GameplayTagsEditor
LogPluginManager: Mounting plugin MobileLauncherProfileWizard
LogPluginManager: Mounting plugin PluginBrowser
LogPluginManager: Mounting plugin SpeedTreeImporter
LogPluginManager: Mounting plugin AlembicImporter
LogPluginManager: Mounting plugin CharacterAI
LogPluginManager: Mounting plugin HTML5Networking
LogPluginManager: Mounting plugin RawInput
LogPluginManager: Mounting plugin AndroidMedia
LogPluginManager: Mounting plugin AvfMedia
LogPluginManager: Mounting plugin MediaPlayerEditor
LogPluginManager: Mounting plugin WmfMedia
LogPluginManager: Mounting plugin TcpMessaging
LogPluginManager: Mounting plugin UdpMessaging
LogPluginManager: Mounting plugin LevelSequenceEditor
LogPluginManager: Mounting plugin MatineeToLevelSequence
LogPluginManager: Mounting plugin OnlineSubsystemGooglePlay
LogPluginManager: Mounting plugin OnlineSubsystemIOS
LogPluginManager: Mounting plugin OnlineSubsystem
LogPluginManager: Mounting plugin OnlineSubsystemNull
LogPluginManager: Mounting plugin OnlineSubsystemUtils
LogPluginManager: Mounting plugin AndroidDeviceProfileSelector
LogPluginManager: Mounting plugin AndroidMoviePlayer
LogPluginManager: Mounting plugin AndroidPermission
LogPluginManager: Mounting plugin AppleMoviePlayer
LogPluginManager: Mounting plugin ArchVisCharacter
LogPluginManager: Mounting plugin CableComponent
LogPluginManager: Mounting plugin CustomMeshComponent
LogPluginManager: Mounting plugin ExampleDeviceProfileSelector
LogPluginManager: Mounting plugin GoogleCloudMessaging
LogPluginManager: Mounting plugin ImmediatePhysics
LogPluginManager: Mounting plugin IOSDeviceProfileSelector
LogPluginManager: Mounting plugin LinuxDeviceProfileSelector
LogPluginManager: Mounting plugin LocationServicesBPLibrary
LogPluginManager: Mounting plugin MobilePatchingUtils
LogPluginManager: Mounting plugin OculusVR
LogPluginManager: Mounting plugin PhysXVehicles
LogPluginManager: Mounting plugin ProceduralMeshComponent
LogPluginManager: Mounting plugin RuntimePhysXCooking
LogPluginManager: Mounting plugin SteamVR
LogPluginManager: Mounting plugin WindowsMoviePlayer
LogInit: Using libcurl 7.47.1
LogInit:  - built for x86_64-pc-win32
LogInit:  - supports SSL with OpenSSL/1.0.2g
LogInit:  - supports HTTP deflate (compression) using libz 1.2.8
LogInit:  - other features:
LogInit:      CURL_VERSION_SSL
LogInit:      CURL_VERSION_LIBZ
LogInit:      CURL_VERSION_IPV6
LogInit:      CURL_VERSION_ASYNCHDNS
LogInit:      CURL_VERSION_LARGEFILE
LogInit:      CURL_VERSION_IDN
LogInit:  CurlRequestOptions (configurable via config and command line):
LogInit:  - bVerifyPeer = false  - Libcurl will NOT verify peer certificate
LogInit:  - bUseHttpProxy = false  - Libcurl will NOT use HTTP proxy
LogInit:  - bDontReuseConnections = false  - Libcurl will reuse connections
LogInit:  - CertBundlePath = nullptr  - Libcurl will use whatever was configured at build time.
LogInit: Build: ++UE4+Release-4.17-CL-3658906
LogInit: Engine Version: 4.17.2-3658906+++UE4+Release-4.17
LogInit: Compatible Engine Version: 4.17.0-3573198+++UE4+Release-4.17
LogInit: Net CL: 3573198
LogDevObjectVersion: Number of dev versions registered: 16
LogDevObjectVersion:   Dev-Blueprints (B0D832E4-1F89-4F0D-ACCF-7EB736FD4AA2): 10
LogDevObjectVersion:   Dev-Build (E1C64328-A22C-4D53-A36C-8E866417BD8C): 0
LogDevObjectVersion:   Dev-Core (375EC13C-06E4-48FB-B500-84F0262A717E): 2
LogDevObjectVersion:   Dev-Editor (E4B068ED-F494-42E9-A231-DA0B2E46BB41): 20
LogDevObjectVersion:   Dev-Framework (CFFC743F-43B0-4480-9391-14DF171D2073): 28
LogDevObjectVersion:   Dev-Mobile (B02B49B5-BB20-44E9-A304-32B752E40360): 0
LogDevObjectVersion:   Dev-Networking (A4E4105C-59A1-49B5-A7C5-40C4547EDFEE): 0
LogDevObjectVersion:   Dev-Online (39C831C9-5AE6-47DC-9A44-9C173E1C8E7C): 0
LogDevObjectVersion:   Dev-Physics (78F01B33-EBEA-4F98-B9B4-84EACCB95AA2): 0
LogDevObjectVersion:   Dev-Platform (6631380F-2D4D-43E0-8009-CF276956A95A): 0
LogDevObjectVersion:   Dev-Rendering (12F88B9F-8875-4AFC-A67C-D90C383ABD29): 19
LogDevObjectVersion:   Dev-Sequencer (7B5AE74C-D270-4C10-A958-57980B212A5A): 4
LogDevObjectVersion:   Dev-VR (D7296918-1DD6-4BDD-9DE2-64A83CC13884): 0
LogDevObjectVersion:   Dev-LoadTimes (C2A15278-BFE7-4AFE-6C17-90FF531DF755): 1
LogDevObjectVersion:   Private-Geometry (6EACA3D4-40EC-4CC1-B786-8BED09428FC5): 1
LogDevObjectVersion:   Dev-AnimPhys (29E575DD-E0A3-4627-9D10-D276232CDCEA): 7
LogInit: Compiled (64-bit): Sep 22 2017 13:47:16
LogInit: Compiled with Visual C++: 19.00.24215.01
LogInit: Build Configuration: Development
LogInit: Branch Name: ++UE4+Release-4.17
LogInit: Command line:  
LogInit: Base directory: C:/Program Files/Epic Games/UE_4.17/Engine/Binaries/Win64/
LogInit: Installed Engine Build: 1
LogInit: Presizing for max 8388607 objects, including 0 objects not considered by GC, pre-allocating 0 bytes for permanent pool.
LogInit: Object subsystem initialized
[2017.12.22-21.46.27:085][  0]LogInit: Selected Device Profile: [Windows]
[2017.12.22-21.46.27:085][  0]LogInit: Applying CVar settings loaded from the selected device profile: [Windows]
[2017.12.22-21.46.27:135][  0]LogInit: Computer: DESKTOP-I9SMP4L
[2017.12.22-21.46.27:135][  0]LogInit: User: AricsPC
[2017.12.22-21.46.27:135][  0]LogInit: CPU Page size=4096, Cores=4
[2017.12.22-21.46.27:135][  0]LogInit: High frequency timer resolution =2.250003 MHz
[2017.12.22-21.46.27:136][  0]LogMemory: Memory total: Physical=7.9GB (8GB approx)
[2017.12.22-21.46.27:136][  0]LogMemory: Platform Memory Stats for Windows
[2017.12.22-21.46.27:136][  0]LogMemory: Process Physical Memory: 278.37 MB used, 278.37 MB peak
[2017.12.22-21.46.27:136][  0]LogMemory: Process Virtual Memory: 276.32 MB used, 276.32 MB peak
[2017.12.22-21.46.27:136][  0]LogMemory: Physical Memory: 5902.18 MB used,  2163.08 MB free, 8065.26 MB total
[2017.12.22-21.46.27:136][  0]LogMemory: Virtual Memory: 708.40 MB used,  2163.08 MB free, 134217728.00 MB total
[2017.12.22-21.46.36:724][  0]LogInit: Using OS detected language (en-US).
[2017.12.22-21.46.36:724][  0]LogInit: Using OS detected locale (en-US).
[2017.12.22-21.46.36:781][  0]LogTextLocalizationManager: No specific localization for 'en-US' exists, so the 'en' localization will be used.
[2017.12.22-21.46.38:416][  0]LogD3D11RHI: D3D11 adapters:
[2017.12.22-21.46.38:585][  0]LogD3D11RHI:    0. 'NVIDIA GeForce GTX 960M' (Feature Level 11_0)
[2017.12.22-21.46.38:586][  0]LogD3D11RHI:       4065/0/4032 MB DedicatedVideo/DedicatedSystem/SharedSystem, Outputs:1, VendorId:0x10de
[2017.12.22-21.46.38:595][  0]LogD3D11RHI:    1. 'Intel(R) HD Graphics 530' (Feature Level 11_0)
[2017.12.22-21.46.38:595][  0]LogD3D11RHI:       128/0/4032 MB DedicatedVideo/DedicatedSystem/SharedSystem, Outputs:0, VendorId:0x8086
[2017.12.22-21.46.38:660][  0]LogD3D11RHI:    2. 'Microsoft Basic Render Driver' (Feature Level 11_0)
[2017.12.22-21.46.38:660][  0]LogD3D11RHI:       0/0/4032 MB DedicatedVideo/DedicatedSystem/SharedSystem, Outputs:0, VendorId:0x1414
[2017.12.22-21.46.38:660][  0]LogD3D11RHI: Chosen D3D11 Adapter: 0
[2017.12.22-21.46.38:666][  0]LogD3D11RHI: Creating new Direct3DDevice
[2017.12.22-21.46.38:666][  0]LogD3D11RHI:     GPU DeviceId: 0x139b (for the marketing name, search the web for "GPU Device Id")
[2017.12.22-21.46.38:666][  0]LogWindows: EnumDisplayDevices:
[2017.12.22-21.46.38:667][  0]LogWindows:    0. 'Intel(R) HD Graphics 530' (P:1 D:1)
[2017.12.22-21.46.38:667][  0]LogWindows:    1. 'Intel(R) HD Graphics 530' (P:0 D:0)
[2017.12.22-21.46.38:667][  0]LogWindows:    2. 'Intel(R) HD Graphics 530' (P:0 D:0)
[2017.12.22-21.46.38:667][  0]LogWindows: DebugString: GetVideoDriverDetailsInvalid PrimaryIsNotTheChoosenAdapter GetVideoDriverDetailsInvalid PrimaryIsNotTheChoosenAdapter GetVideoDriverDetailsInvalid PrimaryIsNotTheChoosenAdapter FoundDriverCount:0 
[2017.12.22-21.46.38:667][  0]LogD3D11RHI:     Adapter Name: NVIDIA GeForce GTX 960M
[2017.12.22-21.46.38:667][  0]LogD3D11RHI:   Driver Version: Unknown (internal:Unknown, unified:Unknown)
[2017.12.22-21.46.38:667][  0]LogD3D11RHI:      Driver Date: Unknown
[2017.12.22-21.46.38:667][  0]LogRHI: Texture pool is 1361 MB (70% of 1945 MB)
[2017.12.22-21.46.38:697][  0]LogD3D11RHI: Async texture creation enabled
[2017.12.22-21.46.38:710][  0]LogD3D11RHI: GPU Timing Frequency: 1000.000000 (Debug: 2 1)
[2017.12.22-21.46.38:711][  0]LogShaderCompilers: Guid format shader working directory is -24 characters bigger than the processId version (../../../../../../Users/Aric's PC/Documents/Unreal Projects/CarBlueprints/Intermediate/Shaders/WorkingDirectory/12900/).
[2017.12.22-21.46.38:716][  0]LogShaderCompilers: Cleaned the shader compiler working directory 'C:/Users/Aric's PC/AppData/Local/Temp/UnrealShaderWorkingDir/1CD41190436728C25BC592971E5BEAC7/'.
[2017.12.22-21.46.38:716][  0]LogShaderCompilers: Display: Using Local Shader Compiler.
[2017.12.22-21.46.40:998][  0]LogTemp: Display: Loaded TP AllDesktopTargetPlatform
[2017.12.22-21.46.41:093][  0]LogTemp: Display: Loaded TP MacClientTargetPlatform
[2017.12.22-21.46.41:188][  0]LogTemp: Display: Loaded TP MacNoEditorTargetPlatform
[2017.12.22-21.46.41:280][  0]LogTemp: Display: Loaded TP MacServerTargetPlatform
[2017.12.22-21.46.41:401][  0]LogTemp: Display: Loaded TP MacTargetPlatform
[2017.12.22-21.46.41:493][  0]LogTemp: Display: Loaded TP WindowsClientTargetPlatform
[2017.12.22-21.46.41:585][  0]LogTemp: Display: Loaded TP WindowsNoEditorTargetPlatform
[2017.12.22-21.46.41:674][  0]LogTemp: Display: Loaded TP WindowsServerTargetPlatform
[2017.12.22-21.46.41:756][  0]LogTemp: Display: Loaded TP WindowsTargetPlatform
[2017.12.22-21.46.41:844][  0]LogTemp: Display: Loaded TP AndroidTargetPlatform
[2017.12.22-21.46.41:937][  0]LogTemp: Display: Loaded TP Android_ASTCTargetPlatform
[2017.12.22-21.46.42:025][  0]LogTemp: Display: Loaded TP Android_ATCTargetPlatform
[2017.12.22-21.46.42:134][  0]LogTemp: Display: Loaded TP Android_DXTTargetPlatform
[2017.12.22-21.46.42:222][  0]LogTemp: Display: Loaded TP Android_ETC1TargetPlatform
[2017.12.22-21.46.42:321][  0]LogTemp: Display: Loaded TP Android_ETC2TargetPlatform
[2017.12.22-21.46.42:540][  0]LogTemp: Display: Loaded TP Android_MultiTargetPlatform
[2017.12.22-21.46.42:540][  0]LogTemp: Display: Loaded TP Android_PVRTCTargetPlatform
[2017.12.22-21.46.42:653][  0]LogTemp: Display: Loaded TP HTML5TargetPlatform
[2017.12.22-21.46.42:888][  0]LogTemp: Display: Loaded TP IOSTargetPlatform
[2017.12.22-21.46.42:952][  0]LogTemp: Display: Loaded TP TVOSTargetPlatform
[2017.12.22-21.46.43:083][  0]LogTemp: Display: Loaded TP LinuxClientTargetPlatform
[2017.12.22-21.46.43:211][  0]LogTemp: Display: Loaded TP LinuxNoEditorTargetPlatform
[2017.12.22-21.46.43:304][  0]LogTemp: Display: Loaded TP LinuxServerTargetPlatform
[2017.12.22-21.46.43:400][  0]LogTemp: Display: Loaded TP LinuxTargetPlatform
[2017.12.22-21.46.43:400][  0]LogTargetPlatformManager: Display: Building Assets For Windows
[2017.12.22-21.46.45:328][  0]LogDerivedDataCache: Display: Max Cache Size: 512 MB
[2017.12.22-21.46.46:356][  0]LogDerivedDataCache: Loaded boot cache 1.03s 93MB C:/Users/Aric's PC/AppData/Local/UnrealEngine/4.17/DerivedDataCache/Boot.ddc.
[2017.12.22-21.46.46:356][  0]LogDerivedDataCache: Display: Loaded Boot cache: C:/Users/Aric's PC/AppData/Local/UnrealEngine/4.17/DerivedDataCache/Boot.ddc
[2017.12.22-21.46.46:357][  0]LogDerivedDataCache: FDerivedDataBackendGraph:  Pak pak cache file ../../../../../../Users/Aric's PC/Documents/Unreal Projects/CarBlueprints/DerivedDataCache/DDC.ddp not found, will not use a pak cache.
[2017.12.22-21.46.46:357][  0]LogDerivedDataCache: Unable to find inner node Pak for hierarchical cache Hierarchy.
[2017.12.22-21.46.46:357][  0]LogDerivedDataCache: FDerivedDataBackendGraph:  CompressedPak pak cache file ../../../../../../Users/Aric's PC/Documents/Unreal Projects/CarBlueprints/DerivedDataCache/Compressed.ddp not found, will not use a pak cache.
[2017.12.22-21.46.46:357][  0]LogDerivedDataCache: Unable to find inner node CompressedPak for hierarchical cache Hierarchy.
[2017.12.22-21.46.46:411][  0]LogDerivedDataCache: Display: Pak cache opened for reading ../../../Engine/DerivedDataCache/Compressed.ddp.
[2017.12.22-21.46.46:426][  0]LogDerivedDataCache: Using Local data cache path C:/Users/Aric's PC/AppData/Local/UnrealEngine/Common/DerivedDataCache: Writable
[2017.12.22-21.46.46:454][  0]LogMaterial: Verifying Global Shaders for PCD3D_SM5
[2017.12.22-21.46.46:454][  0]LogSlate: Using Freetype 2.6.0
[2017.12.22-21.46.46:459][  0]LogSlate: SlateFontCache - WITH_FREETYPE: 1, WITH_HARFBUZZ: 1
[2017.12.22-21.46.46:459][  0]LogSlate: SlateFontCache - WITH_FREETYPE: 1, WITH_HARFBUZZ: 1
[2017.12.22-21.46.48:563][  0]LogAssetRegistry: FAssetRegistry took 0.0309 seconds to start up
[2017.12.22-21.46.48:801][  0]LogInit: Selected Device Profile: [Windows]
[2017.12.22-21.46.49:158][  0]LogContentStreaming: Texture pool size is 0.00 MB
[2017.12.22-21.46.50:069][  0]LogSimplygon: Simplygon DLL not present - disabling.
[2017.12.22-21.46.50:213][  0]LogMeshReduction: Using SimplygonSwarm for distributed automatic mesh merging
[2017.12.22-21.46.50:213][  0]LogMeshReduction: Using QuadricMeshReduction for automatic static mesh reduction
[2017.12.22-21.46.50:213][  0]LogMeshReduction: No automatic skeletal mesh reduction module available
[2017.12.22-21.46.50:213][  0]LogMeshReduction: No automatic mesh merging module available
[2017.12.22-21.46.50:213][  0]LogMeshMerging: No automatic mesh merging module available
[2017.12.22-21.46.51:577][  0]LogNetVersion: CarBlueprints , NetCL: 3573198, EngineNetVer: 2, GameNetVer: 0 (Checksum: 3571599761)
[2017.12.22-21.46.52:688][  0]LogPackageLocalizationCache: Processed 5 localized package path(s) for 2 prioritized culture(s) in 0.228671 seconds
[2017.12.22-21.46.52:703][  0]LogUObjectArray: 35825 objects as part of root set at end of initial load.
[2017.12.22-21.46.52:703][  0]LogUObjectAllocator: 7529112 out of 0 bytes used by permanent object pool.
[2017.12.22-21.46.52:703][  0]LogUObjectArray: CloseDisregardForGC: 0/0 objects in disregard for GC pool
[2017.12.22-21.46.52:896][  0]LogInit: WinSock: version 1.1 (2.2), MaxSocks=32767, MaxUdp=65467
[2017.12.22-21.47.03:832][  0]LogTcpMessaging: Initializing TcpMessaging bridge
[2017.12.22-21.47.03:993][  0]LogUdpMessaging: Initializing bridge on interface 0.0.0.0:0 to multicast group 230.0.0.1:6666.
[2017.12.22-21.47.06:443][  0]LogMaterial: Uniform references updated for custom material expression Custom.
[2017.12.22-21.47.07:801][  0]SourceControl: Source control is disabled
[2017.12.22-21.47.07:801][  0]SourceControl: Source control is disabled
[2017.12.22-21.47.08:018][  0]SourceControl: Source control is disabled
[2017.12.22-21.47.08:217][  0]SourceControl: Source control is disabled
[2017.12.22-21.47.10:940][  0]LogAndroidPermission: UAndroidPermissionCallbackProxy::GetInstance
[2017.12.22-21.47.11:839][  0]LogOcInput: OculusInput pre-init called
[2017.12.22-21.47.12:592][  0]LogEngine: Initializing Engine...
[2017.12.22-21.47.12:596][  0]LogHMD: Failed to initialize OpenVR with code 110
[2017.12.22-21.47.13:234][  0]LogStats: UGameplayTagsManager::ConstructGameplayTagTree: Construct from data asset -  0.000 s
[2017.12.22-21.47.13:234][  0]LogStats: UGameplayTagsManager::ConstructGameplayTagTree: GameplayTagTreeChangedEvent.Broadcast -  0.000 s
[2017.12.22-21.47.13:630][  0]LogAIModule: Creating AISystem for world Untitled
[2017.12.22-21.47.13:641][  0]LogInit: XAudio2 using 'Speakers / Headphones (Realtek Audio)' : 2 channels at 48 kHz using 32 bits per sample (channel mask 0x3)
[2017.12.22-21.47.14:010][  0]LogInit: FAudioDevice initialized.
[2017.12.22-21.47.14:224][  0]LogDerivedDataCache: Saved boot cache 0.21s 93MB C:/Users/Aric's PC/AppData/Local/UnrealEngine/4.17/DerivedDataCache/Boot.ddc.
[2017.12.22-21.47.14:244][  0]LogInit: Texture streaming: Enabled
[2017.12.22-21.47.14:798][  0]LogEngineSessionManager: EngineSessionManager initialized
[2017.12.22-21.47.15:364][  0]LogInit: Transaction tracking system initialized
[2017.12.22-21.47.16:122][  0]BlueprintLog: New page: Editor Load
[2017.12.22-21.47.18:895][  0]LocalizationService: Localization service is disabled
[2017.12.22-21.47.21:821][  0]LogConsoleResponse: Display: 
[2017.12.22-21.47.22:562][  0]LogCook: Display: Max memory allowance for cook 16384mb min free memory 0mb
[2017.12.22-21.47.22:563][  0]LogCook: Display: Mobile HDR setting 1
[2017.12.22-21.47.22:563][  0]LogGameplayTags: Display: UGameplayTagsManager::DoneAddingNativeTags. DelegateIsBound: 0
[2017.12.22-21.47.23:244][  0]LogFileCache: Scanning file cache for directory 'C:/Users/Aric's PC/Documents/Unreal Projects/CarBlueprints/Content/' took 0.03s
[2017.12.22-21.47.25:835][  0]SourceControl: Source control is disabled
[2017.12.22-21.47.25:835][  0]Cmd: MAP LOAD FILE="../../../../../../Users/Aric's PC/Documents/Unreal Projects/CarBlueprints/Content/VehicleAdvBP/Maps/VehicleAdvExampleMap.umap" TEMPLATE=0 SHOWPROGRESS=1 FEATURELEVEL=3
[2017.12.22-21.47.25:836][  0]LightingResults: New page: Lighting Build
[2017.12.22-21.47.25:988][  0]MapCheck: New page: Map Check
[2017.12.22-21.47.25:988][  0]LightingResults: New page: Lighting Build
[2017.12.22-21.47.26:577][  0]LogLinker: Warning: Can't find file '/Game/FirstPerson/FPWeapon/Materials/MaterialLayers/ML_GlossyBlack_Latex_UE4'
[2017.12.22-21.47.26:577][  0]LoadErrors: Failed to load /Game/VehicleAdv/Materials/M_FPGun.M_FPGun Referenced by WeaponMesh_GEN_VARIABLE
[2017.12.22-21.47.26:578][  0]LogLinker: Warning: Can't find file for asset '/Game/FirstPerson/FPWeapon/Materials/MaterialLayers/ML_GlossyBlack_Latex_UE4' while loading ../../../../../../Users/Aric's PC/Documents/Unreal Projects/CarBlueprints/Content/VehicleAdv/Materials/M_FPGun.uasset.
[2017.12.22-21.47.26:578][  0]LoadErrors: Failed to load /Game/VehicleAdv/Materials/M_FPGun.M_FPGun Referenced by WeaponMesh_GEN_VARIABLE
[2017.12.22-21.47.26:578][  0]LoadErrors: Error: /Game/VehicleAdv/Materials/M_FPGun : Can't find file for asset. /Game/FirstPerson/FPWeapon/Materials/MaterialLayers/ML_GlossyBlack_Latex_UE4
[2017.12.22-21.47.26:578][  0]LogLinker: Warning: Can't find file '/Game/FirstPerson/FPWeapon/Materials/MaterialLayers/ML_Plastic_Shiny_Beige'
[2017.12.22-21.47.26:579][  0]LoadErrors: Failed to load /Game/VehicleAdv/Materials/M_FPGun.M_FPGun Referenced by WeaponMesh_GEN_VARIABLE
[2017.12.22-21.47.26:579][  0]LogLinker: Warning: Can't find file for asset '/Game/FirstPerson/FPWeapon/Materials/MaterialLayers/ML_Plastic_Shiny_Beige' while loading ../../../../../../Users/Aric's PC/Documents/Unreal Projects/CarBlueprints/Content/VehicleAdv/Materials/M_FPGun.uasset.
[2017.12.22-21.47.26:579][  0]LoadErrors: Failed to load /Game/VehicleAdv/Materials/M_FPGun.M_FPGun Referenced by WeaponMesh_GEN_VARIABLE
[2017.12.22-21.47.26:579][  0]LoadErrors: Error: /Game/VehicleAdv/Materials/M_FPGun : Can't find file for asset. /Game/FirstPerson/FPWeapon/Materials/MaterialLayers/ML_Plastic_Shiny_Beige
[2017.12.22-21.47.26:580][  0]LogLinker: Warning: Can't find file '/Game/FirstPerson/FPWeapon/Materials/MaterialLayers/ML_Screen'
[2017.12.22-21.47.26:580][  0]LoadErrors: Failed to load /Game/VehicleAdv/Materials/M_FPGun.M_FPGun Referenced by WeaponMesh_GEN_VARIABLE
[2017.12.22-21.47.26:580][  0]LogLinker: Warning: Can't find file for asset '/Game/FirstPerson/FPWeapon/Materials/MaterialLayers/ML_Screen' while loading ../../../../../../Users/Aric's PC/Documents/Unreal Projects/CarBlueprints/Content/VehicleAdv/Materials/M_FPGun.uasset.
[2017.12.22-21.47.26:581][  0]LoadErrors: Failed to load /Game/VehicleAdv/Materials/M_FPGun.M_FPGun Referenced by WeaponMesh_GEN_VARIABLE
[2017.12.22-21.47.26:581][  0]LoadErrors: Error: /Game/VehicleAdv/Materials/M_FPGun : Can't find file for asset. /Game/FirstPerson/FPWeapon/Materials/MaterialLayers/ML_Screen
[2017.12.22-21.47.26:581][  0]LogLinker: Warning: Can't find file '/Game/FirstPerson/FPWeapon/Materials/MaterialLayers/ML_SoftMetal_UE4'
[2017.12.22-21.47.26:581][  0]LoadErrors: Failed to load /Game/VehicleAdv/Materials/M_FPGun.M_FPGun Referenced by WeaponMesh_GEN_VARIABLE
[2017.12.22-21.47.26:582][  0]LogLinker: Warning: Can't find file for asset '/Game/FirstPerson/FPWeapon/Materials/MaterialLayers/ML_SoftMetal_UE4' while loading ../../../../../../Users/Aric's PC/Documents/Unreal Projects/CarBlueprints/Content/VehicleAdv/Materials/M_FPGun.uasset.
[2017.12.22-21.47.26:582][  0]LoadErrors: Failed to load /Game/VehicleAdv/Materials/M_FPGun.M_FPGun Referenced by WeaponMesh_GEN_VARIABLE
[2017.12.22-21.47.26:582][  0]LoadErrors: Error: /Game/VehicleAdv/Materials/M_FPGun : Can't find file for asset. /Game/FirstPerson/FPWeapon/Materials/MaterialLayers/ML_SoftMetal_UE4
[2017.12.22-21.47.26:589][  0]LogLinker: Warning: Can't find file '/Game/FirstPerson/FPWeapon/Materials/MaterialLayers/ML_GlossyBlack_Latex_UE4'
[2017.12.22-21.47.26:589][  0]LoadErrors: Failed to load /Game/VehicleAdv/Materials/M_FPGun.M_FPGun Referenced by WeaponMesh_GEN_VARIABLE
[2017.12.22-21.47.26:590][  0]LogLinker: Warning: Can't find file for asset '/Game/FirstPerson/FPWeapon/Materials/MaterialLayers/ML_GlossyBlack_Latex_UE4' while loading ../../../../../../Users/Aric's PC/Documents/Unreal Projects/CarBlueprints/Content/VehicleAdv/Materials/M_FPGun.uasset.
[2017.12.22-21.47.26:590][  0]LoadErrors: Failed to load /Game/VehicleAdv/Materials/M_FPGun.M_FPGun Referenced by WeaponMesh_GEN_VARIABLE
[2017.12.22-21.47.26:590][  0]LoadErrors: Error: /Game/VehicleAdv/Materials/M_FPGun : Can't find file for asset. /Game/FirstPerson/FPWeapon/Materials/MaterialLayers/ML_GlossyBlack_Latex_UE4
[2017.12.22-21.47.26:591][  0]LogLinker: Warning: Can't find file '/Game/FirstPerson/FPWeapon/Materials/MaterialLayers/ML_Plastic_Shiny_Beige'
[2017.12.22-21.47.26:591][  0]LoadErrors: Failed to load /Game/VehicleAdv/Materials/M_FPGun.M_FPGun Referenced by WeaponMesh_GEN_VARIABLE
[2017.12.22-21.47.26:591][  0]LogLinker: Warning: Can't find file for asset '/Game/FirstPerson/FPWeapon/Materials/MaterialLayers/ML_Plastic_Shiny_Beige' while loading ../../../../../../Users/Aric's PC/Documents/Unreal Projects/CarBlueprints/Content/VehicleAdv/Materials/M_FPGun.uasset.
[2017.12.22-21.47.26:592][  0]LoadErrors: Failed to load /Game/VehicleAdv/Materials/M_FPGun.M_FPGun Referenced by WeaponMesh_GEN_VARIABLE
[2017.12.22-21.47.26:592][  0]LoadErrors: Error: /Game/VehicleAdv/Materials/M_FPGun : Can't find file for asset. /Game/FirstPerson/FPWeapon/Materials/MaterialLayers/ML_Plastic_Shiny_Beige
[2017.12.22-21.47.26:592][  0]LogLinker: Warning: Can't find file '/Game/FirstPerson/FPWeapon/Materials/MaterialLayers/ML_Screen'
[2017.12.22-21.47.26:592][  0]LoadErrors: Failed to load /Game/VehicleAdv/Materials/M_FPGun.M_FPGun Referenced by WeaponMesh_GEN_VARIABLE
[2017.12.22-21.47.26:593][  0]LogLinker: Warning: Can't find file for asset '/Game/FirstPerson/FPWeapon/Materials/MaterialLayers/ML_Screen' while loading ../../../../../../Users/Aric's PC/Documents/Unreal Projects/CarBlueprints/Content/VehicleAdv/Materials/M_FPGun.uasset.
[2017.12.22-21.47.26:593][  0]LoadErrors: Failed to load /Game/VehicleAdv/Materials/M_FPGun.M_FPGun Referenced by WeaponMesh_GEN_VARIABLE
[2017.12.22-21.47.26:593][  0]LoadErrors: Error: /Game/VehicleAdv/Materials/M_FPGun : Can't find file for asset. /Game/FirstPerson/FPWeapon/Materials/MaterialLayers/ML_Screen
[2017.12.22-21.47.26:593][  0]LogLinker: Warning: Can't find file '/Game/FirstPerson/FPWeapon/Materials/MaterialLayers/ML_SoftMetal_UE4'
[2017.12.22-21.47.26:594][  0]LoadErrors: Failed to load /Game/VehicleAdv/Materials/M_FPGun.M_FPGun Referenced by WeaponMesh_GEN_VARIABLE
[2017.12.22-21.47.26:594][  0]LogLinker: Warning: Can't find file for asset '/Game/FirstPerson/FPWeapon/Materials/MaterialLayers/ML_SoftMetal_UE4' while loading ../../../../../../Users/Aric's PC/Documents/Unreal Projects/CarBlueprints/Content/VehicleAdv/Materials/M_FPGun.uasset.
[2017.12.22-21.47.26:594][  0]LoadErrors: Failed to load /Game/VehicleAdv/Materials/M_FPGun.M_FPGun Referenced by WeaponMesh_GEN_VARIABLE
[2017.12.22-21.47.26:594][  0]LoadErrors: Error: /Game/VehicleAdv/Materials/M_FPGun : Can't find file for asset. /Game/FirstPerson/FPWeapon/Materials/MaterialLayers/ML_SoftMetal_UE4
[2017.12.22-21.47.26:595][  0]LogLinker: Warning: Can't find file '/Game/FirstPerson/FPWeapon/Textures/T_FPGun_M'
[2017.12.22-21.47.26:595][  0]LoadErrors: Failed to load /Game/VehicleAdv/Materials/M_FPGun.M_FPGun Referenced by WeaponMesh_GEN_VARIABLE
[2017.12.22-21.47.26:595][  0]LogLinker: Warning: Can't find file for asset '/Game/FirstPerson/FPWeapon/Textures/T_FPGun_M' while loading ../../../../../../Users/Aric's PC/Documents/Unreal Projects/CarBlueprints/Content/VehicleAdv/Materials/M_FPGun.uasset.
[2017.12.22-21.47.26:596][  0]LoadErrors: Failed to load /Game/VehicleAdv/Materials/M_FPGun.M_FPGun Referenced by WeaponMesh_GEN_VARIABLE
[2017.12.22-21.47.26:596][  0]LoadErrors: Error: /Game/VehicleAdv/Materials/M_FPGun : Can't find file for asset. /Game/FirstPerson/FPWeapon/Textures/T_FPGun_M
[2017.12.22-21.47.26:596][  0]LogLinker: Warning: Can't find file '/Game/FirstPerson/FPWeapon/Textures/T_FPGun_N'
[2017.12.22-21.47.26:596][  0]LoadErrors: Failed to load /Game/VehicleAdv/Materials/M_FPGun.M_FPGun Referenced by WeaponMesh_GEN_VARIABLE
[2017.12.22-21.47.26:597][  0]LogLinker: Warning: Can't find file for asset '/Game/FirstPerson/FPWeapon/Textures/T_FPGun_N' while loading ../../../../../../Users/Aric's PC/Documents/Unreal Projects/CarBlueprints/Content/VehicleAdv/Materials/M_FPGun.uasset.
[2017.12.22-21.47.26:597][  0]LoadErrors: Failed to load /Game/VehicleAdv/Materials/M_FPGun.M_FPGun Referenced by WeaponMesh_GEN_VARIABLE
[2017.12.22-21.47.26:597][  0]LoadErrors: Error: /Game/VehicleAdv/Materials/M_FPGun : Can't find file for asset. /Game/FirstPerson/FPWeapon/Textures/T_FPGun_N
[2017.12.22-21.47.26:598][  0]LogLinker: Warning: Can't find file '/Game/FirstPerson/FPWeapon/Textures/T_FPGun_M'
[2017.12.22-21.47.26:598][  0]LoadErrors: Failed to load /Game/VehicleAdv/Materials/M_FPGun.M_FPGun Referenced by WeaponMesh_GEN_VARIABLE
[2017.12.22-21.47.26:598][  0]LogLinker: Warning: Can't find file for asset '/Game/FirstPerson/FPWeapon/Textures/T_FPGun_M' while loading ../../../../../../Users/Aric's PC/Documents/Unreal Projects/CarBlueprints/Content/VehicleAdv/Materials/M_FPGun.uasset.
[2017.12.22-21.47.26:598][  0]LoadErrors: Failed to load /Game/VehicleAdv/Materials/M_FPGun.M_FPGun Referenced by WeaponMesh_GEN_VARIABLE
[2017.12.22-21.47.26:598][  0]LoadErrors: Error: /Game/VehicleAdv/Materials/M_FPGun : Can't find file for asset. /Game/FirstPerson/FPWeapon/Textures/T_FPGun_M
[2017.12.22-21.47.26:599][  0]LogLinker: Warning: Can't find file '/Game/FirstPerson/FPWeapon/Textures/T_FPGun_N'
[2017.12.22-21.47.26:599][  0]LoadErrors: Failed to load /Game/VehicleAdv/Materials/M_FPGun.M_FPGun Referenced by WeaponMesh_GEN_VARIABLE
[2017.12.22-21.47.26:600][  0]LogLinker: Warning: Can't find file for asset '/Game/FirstPerson/FPWeapon/Textures/T_FPGun_N' while loading ../../../../../../Users/Aric's PC/Documents/Unreal Projects/CarBlueprints/Content/VehicleAdv/Materials/M_FPGun.uasset.
[2017.12.22-21.47.26:600][  0]LoadErrors: Failed to load /Game/VehicleAdv/Materials/M_FPGun.M_FPGun Referenced by WeaponMesh_GEN_VARIABLE
[2017.12.22-21.47.26:600][  0]LoadErrors: Error: /Game/VehicleAdv/Materials/M_FPGun : Can't find file for asset. /Game/FirstPerson/FPWeapon/Textures/T_FPGun_N
[2017.12.22-21.47.27:295][  0]LogLinker: Warning: Can't find file '/Game/FirstPerson/FPWeapon/Materials/MaterialLayers/ML_SoftMetal_UE4'
[2017.12.22-21.47.27:295][  0]LoadErrors: Failed to load /Game/FirstPerson/FPWeapon/Materials/MaterialLayers/ML_SoftMetal_UE4.ML_SoftMetal_UE4 Referenced by M_FPGun
[2017.12.22-21.47.27:295][  0]LogLinker: Warning: Can't find file for asset '/Game/FirstPerson/FPWeapon/Materials/MaterialLayers/ML_SoftMetal_UE4' while loading NULL.
[2017.12.22-21.47.27:295][  0]LoadErrors: Failed to load /Game/FirstPerson/FPWeapon/Materials/MaterialLayers/ML_SoftMetal_UE4.ML_SoftMetal_UE4 Referenced by M_FPGun
[2017.12.22-21.47.27:295][  0]LogLinker: Warning: Can't find file '/Game/FirstPerson/FPWeapon/Materials/MaterialLayers/ML_GlossyBlack_Latex_UE4'
[2017.12.22-21.47.27:295][  0]LoadErrors: Failed to load /Game/FirstPerson/FPWeapon/Materials/MaterialLayers/ML_GlossyBlack_Latex_UE4.ML_GlossyBlack_Latex_UE4 Referenced by M_FPGun
[2017.12.22-21.47.27:296][  0]LogLinker: Warning: Can't find file for asset '/Game/FirstPerson/FPWeapon/Materials/MaterialLayers/ML_GlossyBlack_Latex_UE4' while loading NULL.
[2017.12.22-21.47.27:296][  0]LoadErrors: Failed to load /Game/FirstPerson/FPWeapon/Materials/MaterialLayers/ML_GlossyBlack_Latex_UE4.ML_GlossyBlack_Latex_UE4 Referenced by M_FPGun
[2017.12.22-21.47.27:296][  0]LogLinker: Warning: Can't find file '/Game/FirstPerson/FPWeapon/Materials/MaterialLayers/ML_Plastic_Shiny_Beige'
[2017.12.22-21.47.27:296][  0]LoadErrors: Failed to load /Game/FirstPerson/FPWeapon/Materials/MaterialLayers/ML_Plastic_Shiny_Beige.ML_Plastic_Shiny_Beige Referenced by M_FPGun
[2017.12.22-21.47.27:296][  0]LogLinker: Warning: Can't find file for asset '/Game/FirstPerson/FPWeapon/Materials/MaterialLayers/ML_Plastic_Shiny_Beige' while loading NULL.
[2017.12.22-21.47.27:296][  0]LoadErrors: Failed to load /Game/FirstPerson/FPWeapon/Materials/MaterialLayers/ML_Plastic_Shiny_Beige.ML_Plastic_Shiny_Beige Referenced by M_FPGun
[2017.12.22-21.47.27:296][  0]LogLinker: Warning: Can't find file '/Game/FirstPerson/FPWeapon/Materials/MaterialLayers/ML_Screen'
[2017.12.22-21.47.27:296][  0]LoadErrors: Failed to load /Game/FirstPerson/FPWeapon/Materials/MaterialLayers/ML_Screen.ML_Screen Referenced by M_FPGun
[2017.12.22-21.47.27:296][  0]LogLinker: Warning: Can't find file for asset '/Game/FirstPerson/FPWeapon/Materials/MaterialLayers/ML_Screen' while loading NULL.
[2017.12.22-21.47.27:296][  0]LoadErrors: Failed to load /Game/FirstPerson/FPWeapon/Materials/MaterialLayers/ML_Screen.ML_Screen Referenced by M_FPGun
[2017.12.22-21.47.27:297][  0]LogLinker: Warning: Can't find file '/Game/FirstPerson/FPWeapon/Materials/MaterialLayers/ML_Plastic_Shiny_Beige'
[2017.12.22-21.47.27:297][  0]LoadErrors: Failed to load /Game/FirstPerson/FPWeapon/Materials/MaterialLayers/ML_Plastic_Shiny_Beige.ML_Plastic_Shiny_Beige Referenced by MaterialExpressionMaterialFunctionCall_13
[2017.12.22-21.47.27:297][  0]LogLinker: Warning: Can't find file for asset '/Game/FirstPerson/FPWeapon/Materials/MaterialLayers/ML_Plastic_Shiny_Beige' while loading NULL.
[2017.12.22-21.47.27:297][  0]LoadErrors: Failed to load /Game/FirstPerson/FPWeapon/Materials/MaterialLayers/ML_Plastic_Shiny_Beige.ML_Plastic_Shiny_Beige Referenced by MaterialExpressionMaterialFunctionCall_13
[2017.12.22-21.47.27:297][  0]LogLinker: Warning: Can't find file '/Game/FirstPerson/FPWeapon/Materials/MaterialLayers/ML_Screen'
[2017.12.22-21.47.27:297][  0]LoadErrors: Failed to load /Game/FirstPerson/FPWeapon/Materials/MaterialLayers/ML_Screen.ML_Screen Referenced by MaterialExpressionMaterialFunctionCall_4
[2017.12.22-21.47.27:298][  0]LogLinker: Warning: Can't find file for asset '/Game/FirstPerson/FPWeapon/Materials/MaterialLayers/ML_Screen' while loading NULL.
[2017.12.22-21.47.27:298][  0]LoadErrors: Failed to load /Game/FirstPerson/FPWeapon/Materials/MaterialLayers/ML_Screen.ML_Screen Referenced by MaterialExpressionMaterialFunctionCall_4
[2017.12.22-21.47.27:298][  0]LogLinker: Warning: Can't find file '/Game/FirstPerson/FPWeapon/Materials/MaterialLayers/ML_SoftMetal_UE4'
[2017.12.22-21.47.27:298][  0]LoadErrors: Failed to load /Game/FirstPerson/FPWeapon/Materials/MaterialLayers/ML_SoftMetal_UE4.ML_SoftMetal_UE4 Referenced by MaterialExpressionMaterialFunctionCall_8
[2017.12.22-21.47.27:298][  0]LogLinker: Warning: Can't find file for asset '/Game/FirstPerson/FPWeapon/Materials/MaterialLayers/ML_SoftMetal_UE4' while loading NULL.
[2017.12.22-21.47.27:298][  0]LoadErrors: Failed to load /Game/FirstPerson/FPWeapon/Materials/MaterialLayers/ML_SoftMetal_UE4.ML_SoftMetal_UE4 Referenced by MaterialExpressionMaterialFunctionCall_8
[2017.12.22-21.47.27:298][  0]LogLinker: Warning: Can't find file '/Game/FirstPerson/FPWeapon/Materials/MaterialLayers/ML_GlossyBlack_Latex_UE4'
[2017.12.22-21.47.27:298][  0]LoadErrors: Failed to load /Game/FirstPerson/FPWeapon/Materials/MaterialLayers/ML_GlossyBlack_Latex_UE4.ML_GlossyBlack_Latex_UE4 Referenced by MaterialExpressionMaterialFunctionCall_9
[2017.12.22-21.47.27:299][  0]LogLinker: Warning: Can't find file for asset '/Game/FirstPerson/FPWeapon/Materials/MaterialLayers/ML_GlossyBlack_Latex_UE4' while loading NULL.
[2017.12.22-21.47.27:299][  0]LoadErrors: Failed to load /Game/FirstPerson/FPWeapon/Materials/MaterialLayers/ML_GlossyBlack_Latex_UE4.ML_GlossyBlack_Latex_UE4 Referenced by MaterialExpressionMaterialFunctionCall_9
[2017.12.22-21.47.27:299][  0]LogLinker: Warning: Can't find file '/Game/FirstPerson/FPWeapon/Textures/T_FPGun_N'
[2017.12.22-21.47.27:299][  0]LoadErrors: Failed to load /Game/FirstPerson/FPWeapon/Textures/T_FPGun_N.T_FPGun_N Referenced by MaterialExpressionTextureSampleParameter2D_2
[2017.12.22-21.47.27:299][  0]LogLinker: Warning: Can't find file for asset '/Game/FirstPerson/FPWeapon/Textures/T_FPGun_N' while loading NULL.
[2017.12.22-21.47.27:299][  0]LoadErrors: Failed to load /Game/FirstPerson/FPWeapon/Textures/T_FPGun_N.T_FPGun_N Referenced by MaterialExpressionTextureSampleParameter2D_2
[2017.12.22-21.47.27:299][  0]LogLinker: Warning: Can't find file '/Game/FirstPerson/FPWeapon/Textures/T_FPGun_M'
[2017.12.22-21.47.27:299][  0]LoadErrors: Failed to load /Game/FirstPerson/FPWeapon/Textures/T_FPGun_M.T_FPGun_M Referenced by MaterialExpressionTextureSampleParameter2D_3
[2017.12.22-21.47.27:299][  0]LogLinker: Warning: Can't find file for asset '/Game/FirstPerson/FPWeapon/Textures/T_FPGun_M' while loading NULL.
[2017.12.22-21.47.27:299][  0]LoadErrors: Failed to load /Game/FirstPerson/FPWeapon/Textures/T_FPGun_M.T_FPGun_M Referenced by MaterialExpressionTextureSampleParameter2D_3
[2017.12.22-21.47.27:808][  0]LogMaterial: Missing cached shader map for material M_FPGun, compiling. 
[2017.12.22-21.47.27:815][  0]LogMaterial: Warning: Failed to compile Material /Game/VehicleAdv/Materials/M_FPGun.M_FPGun for platform PCD3D_SM5, Default Material will be used in game.
[2017.12.22-21.47.27:815][  0]LogMaterial: Warning: 	Missing Material Function
[2017.12.22-21.47.27:815][  0]LogMaterial: Warning: 	(Node TextureSampleParameter2D) Param2D> Requires Texture2D
[2017.12.22-21.47.27:815][  0]LogMaterial: Warning: 	Function MatLayerBlend_NormalBlend: (Node MakeMaterialAttributes) Error on property Normal
[2017.12.22-21.47.27:815][  0]LogMaterial: Warning: 	Function MatLayerBlend_Simple: (Node MakeMaterialAttributes) Error on property EmissiveColor
[2017.12.22-21.47.27:815][  0]LogMaterial: Warning: 	Function MatLayerBlend_Simple: (Node MakeMaterialAttributes) Error on property BaseColor
[2017.12.22-21.47.27:815][  0]LogMaterial: Warning: 	Function MatLayerBlend_Simple: (Node MakeMaterialAttributes) Error on property Metallic
[2017.12.22-21.47.27:815][  0]LogMaterial: Warning: 	Function MatLayerBlend_Simple: (Node MakeMaterialAttributes) Error on property Roughness
[2017.12.22-21.47.28:742][  0]LogAIModule: Creating AISystem for world VehicleAdvExampleMap
[2017.12.22-21.47.28:812][  0]LogEditorServer: Finished looking for orphan Actors (0.000 secs)
[2017.12.22-21.47.28:862][  0]Cmd: MAP CHECKDEP NOCLEARLOG
[2017.12.22-21.47.28:970][  0]MapCheck: Map check complete: 0 Error(s), 0 Warning(s), took 108.214ms to complete.
[2017.12.22-21.47.28:971][  0]LogFileHelpers: Loading map 'VehicleAdvExampleMap' took 3.135
[2017.12.22-21.47.29:166][  0]LogCollectionManager: Loaded 0 collections in 0.002632 seconds
[2017.12.22-21.47.29:288][  0]LogFileCache: Scanning file cache for directory 'C:/Users/Aric's PC/Documents/Unreal Projects/CarBlueprints/Saved/Collections/' took 0.01s
[2017.12.22-21.47.29:288][  0]LogFileCache: Scanning file cache for directory 'C:/Users/Aric's PC/Documents/Unreal Projects/CarBlueprints/Content/Developers/AricsPC/Collections/' took 0.01s
[2017.12.22-21.47.29:288][  0]LogFileCache: Scanning file cache for directory 'C:/Users/Aric's PC/Documents/Unreal Projects/CarBlueprints/Content/Collections/' took 0.01s
[2017.12.22-21.47.29:288][  0]LogCollectionManager: Rebuilt the GUID cache for 0 collections in 0.000000 seconds
[2017.12.22-21.47.29:298][  0]LogContentBrowser: Native class hierarchy populated in 0.0097 seconds. Added 2388 classes and 503 folders.
[2017.12.22-21.47.29:426][  0]LogContentBrowser: Native class hierarchy updated for 'WidgetCarousel' in 0.0007 seconds. Added 0 classes and 0 folders.
[2017.12.22-21.47.29:957][  0]LogContentBrowser: Native class hierarchy updated for 'AddContentDialog' in 0.0019 seconds. Added 0 classes and 0 folders.
[2017.12.22-21.47.30:166][  0]LogContentBrowser: Native class hierarchy updated for 'SceneOutliner' in 0.0017 seconds. Added 1 classes and 2 folders.
[2017.12.22-21.47.30:328][  0]LogSlate: Took 0.002466 seconds to synchronously load lazily loaded font '../../../Engine/Content/Slate/Fonts/Roboto-Regular.ttf' (155K)
[2017.12.22-21.47.30:333][  0]LogSlate: Took 0.002438 seconds to synchronously load lazily loaded font '../../../Engine/Content/Slate/Fonts/Roboto-Bold.ttf' (160K)
[2017.12.22-21.47.30:346][  0]LogSlate: Took 0.002524 seconds to synchronously load lazily loaded font '../../../Engine/Content/Editor/Slate/Fonts/FontAwesome.ttf' (139K)
[2017.12.22-21.47.30:675][  0]LogRenderer: Reallocating scene render targets to support 932x436 Format 10 NumSamples 1 (Frame:1).
[2017.12.22-21.47.31:070][  0]LogContentBrowser: Native class hierarchy updated for 'HierarchicalLODOutliner' in 0.0012 seconds. Added 1 classes and 2 folders.
[2017.12.22-21.47.31:071][  0]LogLoad: (Engine Initialization) Total time: 70.97 seconds
[2017.12.22-21.47.31:071][  0]LogLoad: (Engine Initialization) Total Blueprint compile time: 0.00 seconds
[2017.12.22-21.47.31:071][  0]LogExternalProfiler: Found external profiler: VSPerf
[2017.12.22-21.47.31:071][  0]LogExternalProfiler: Using external profiler: VSPerf
[2017.12.22-21.47.31:081][  0]LogWindowsTextInputMethodSystem: Display: IME system now deactivated.
[2017.12.22-21.47.31:083][  0]LogRawInputWindows: Warning: Found device 0 devices
[2017.12.22-21.47.31:083][  0]LogRawInputWindows: Warning: Found device 0 devices
[2017.12.22-21.47.31:083][  0]LogRawInputWindows: Warning: Device was registered succesfully but not connected (Usage:4 UsagePage:1
[2017.12.22-21.47.31:084][  0]LogRawInputWindows: Warning: Found device 1 devices
[2017.12.22-21.47.31:084][  0]LogRawInputWindows: Warning: Device was registered succesfully but not connected (Usage:5 UsagePage:1
[2017.12.22-21.47.31:108][  0]LogContentStreaming: Texture pool size now 1000 MB
[2017.12.22-21.47.31:190][  0]LogSlate: Took 0.000299 seconds to synchronously load lazily loaded font '../../../Engine/Content/Slate/Fonts/Roboto-Light.ttf' (159K)
[2017.12.22-21.47.31:291][  2]LogAssetRegistry: Asset discovery search completed in 42.7505 seconds
[2017.12.22-21.47.31:293][  2]LogCollectionManager: Rebuilt the object cache for 0 collections in 0.000000 seconds (found 0 objects)
[2017.12.22-21.47.31:293][  2]LogCollectionManager: Fixed up redirectors for 0 collections in 0.000050 seconds (updated 0 objects)
[2017.12.22-21.47.32:232][ 11]LogSlate: Took 0.000417 seconds to synchronously load lazily loaded font '../../../Engine/Content/Slate/Fonts/Roboto-Light.ttf' (159K)
[2017.12.22-21.50.48:824][785]LogEditorViewport: Clicking on Actor (LMB): BP_Sky_Sphere_C (SkyShereBlueprint)
[2017.12.22-21.52.28:399][403]LogSlate: Took 0.000578 seconds to synchronously load lazily loaded font '../../../Engine/Content/Slate/Fonts/Roboto-Light.ttf' (159K)
[2017.12.22-21.52.29:029][403]LogSlate: Took 0.000195 seconds to synchronously load lazily loaded font '../../../Engine/Content/Slate/Fonts/Roboto-Regular.ttf' (155K)
[2017.12.22-21.52.29:229][403]LogContentBrowser: Native class hierarchy updated for 'BlueprintGraph' in 0.0013 seconds. Added 113 classes and 0 folders.
[2017.12.22-21.52.35:519][469]LogSlate: Took 0.000343 seconds to synchronously load lazily loaded font '../../../Engine/Content/Editor/Slate/Fonts/Roboto-BoldCondensed.ttf' (158K)
[2017.12.22-21.52.37:824][506]LogSlate: Took 0.000719 seconds to synchronously load lazily loaded font '../../../Engine/Content/Editor/Slate/Fonts/Roboto-Italic.ttf' (157K)
[2017.12.22-21.53.06:241][101]LogActorComponent: UnregisterComponent: (/Engine/Transient.EditorFloorComp) Not registered. Aborting.
[2017.12.22-22.05.56:711][378]LogSlate: Warning: Prevented a slow task dialog from being summoned while a context menu was open
[2017.12.22-22.06.59:952][673]LogSlate: Warning: Prevented a slow task dialog from being summoned while a context menu was open
[2017.12.22-22.08.07:615][217]BlueprintLog: New page: Compile RocketProjectile
[2017.12.22-22.08.07:628][217]LogBlueprint: Error: [Compiler RocketProjectile] The current value of the ' Spawn Transform ' pin is invalid: 'Spawn Transform' must have an input wired into it ("by ref" params expect a valid input to operate on).
[2017.12.22-22.08.07:628][217]LogBlueprint: Error: [Compiler RocketProjectile] The current value of the ' Spawn Transform ' pin is invalid: 'Spawn Transform' must have an input wired into it ("by ref" params expect a valid input to operate on).
[2017.12.22-22.08.07:628][217]LogBlueprint: Error: [Compiler RocketProjectile] The current value (0, 0, 0) of the ' Origin ' pin is invalid: 'Origin' must have an input wired into it ("by ref" params expect a valid input to operate on).
[2017.12.22-22.08.07:785][217]LogBlueprint: Warning: [Compiler RocketProjectile] [1307.69] Compile of RocketProjectile failed. 3 Fatal Issue(s) 0 Warning(s) [in 169 ms] (/Game/VehicleAdvBP/Blueprints/RocketProjectile.RocketProjectile)
[2017.12.22-22.08.34:189][877]BlueprintLog: New page: Compile RocketProjectile
[2017.12.22-22.08.34:211][877]LogBlueprint: Error: [Compiler RocketProjectile] The current value of the ' Spawn Transform ' pin is invalid: 'Spawn Transform' must have an input wired into it ("by ref" params expect a valid input to operate on).
[2017.12.22-22.08.34:211][877]LogBlueprint: Error: [Compiler RocketProjectile] The current value of the ' Spawn Transform ' pin is invalid: 'Spawn Transform' must have an input wired into it ("by ref" params expect a valid input to operate on).
[2017.12.22-22.08.34:405][877]LogBlueprint: Warning: [Compiler RocketProjectile] [1334.31] Compile of RocketProjectile failed. 2 Fatal Issue(s) 0 Warning(s) [in 215 ms] (/Game/VehicleAdvBP/Blueprints/RocketProjectile.RocketProjectile)
[2017.12.22-22.09.00:463][536]LogFileHelpers: Editor autosave (incl. sublevels) for '/Game/VehicleAdvBP/Maps/VehicleAdvExampleMap' took 0.042
[2017.12.22-22.09.00:466][536]OBJ SavePackage: Generating thumbnails for [1] asset(s) in package [/Game/VehicleAdvBP/Blueprints/RocketProjectile] ([1] browsable assets)...
[2017.12.22-22.09.00:514][536]OBJ SavePackage:     Rendered thumbnail for [Blueprint /Game/VehicleAdvBP/Blueprints/RocketProjectile.RocketProjectile]
[2017.12.22-22.09.00:514][536]OBJ SavePackage: Finished generating thumbnails for package [/Game/VehicleAdvBP/Blueprints/RocketProjectile]
[2017.12.22-22.09.00:581][536]LogSavePackage: Save=34.40ms
[2017.12.22-22.09.00:581][536]LogSavePackage: Moving '../../../../../../Users/Aric's PC/Documents/Unreal Projects/CarBlueprints/Saved/RocketProjectile_Auto14742917746949773ADA1238E50A3996E.tmp' to '../../../../../../Users/Aric's PC/Documents/Unreal Projects/CarBlueprints/Saved/Autosaves/Game/VehicleAdvBP/Blueprints/RocketProjectile_Auto1.uasset'
[2017.12.22-22.09.00:649][536]LogSavePackage: Display: Finished SavePackage ../../../../../../Users/Aric's PC/Documents/Unreal Projects/CarBlueprints/Saved/Autosaves/Game/VehicleAdvBP/Blueprints/RocketProjectile_Auto1.uasset
[2017.12.22-22.09.00:649][536]LogFileHelpers: Auto-saving content packages took 0.186
[2017.12.22-22.09.14:693][813]LogEditorTransaction: Undo Add Node
[2017.12.22-22.09.49:880][629]BlueprintLog: New page: Compile RocketProjectile
[2017.12.22-22.10.13:155][116]BlueprintLog: New page: Compile RocketProjectile
[2017.12.22-22.10.13:168][116]LogBlueprint: Error: [Compiler RocketProjectile] The current value (0, 0, 0) of the ' Origin ' pin is invalid: 'Origin' must have an input wired into it ("by ref" params expect a valid input to operate on).
[2017.12.22-22.10.13:302][116]LogBlueprint: Warning: [Compiler RocketProjectile] [1433.20] Compile of RocketProjectile failed. 1 Fatal Issue(s) 0 Warning(s) [in 146 ms] (/Game/VehicleAdvBP/Blueprints/RocketProjectile.RocketProjectile)
[2017.12.22-22.10.55:108][983]BlueprintLog: New page: Compile RocketProjectile
[2017.12.22-22.10.55:123][983]LogBlueprint: Error: [Compiler RocketProjectile] The current value (0, 0, 0) of the ' Point ' pin is invalid: 'Point' must have an input wired into it ("by ref" params expect a valid input to operate on).
[2017.12.22-22.10.55:260][983]LogBlueprint: Warning: [Compiler RocketProjectile] [1475.16] Compile of RocketProjectile failed. 1 Fatal Issue(s) 0 Warning(s) [in 151 ms] (/Game/VehicleAdvBP/Blueprints/RocketProjectile.RocketProjectile)
[2017.12.22-22.11.44:058][984]BlueprintLog: New page: Compile RocketProjectile
[2017.12.22-22.11.58:037][311]BlueprintLog: New page: Compile RocketProjectile
[2017.12.22-22.12.01:118][383]LogTemp: Repeating last play command: Selected Viewport
[2017.12.22-22.12.01:625][383]LogBlueprintUserMessages: Early PlayInEditor Detection: Level '/Game/VehicleAdvBP/Maps/VehicleAdvExampleMap.VehicleAdvExampleMap:PersistentLevel' has LevelScriptBlueprint '/Game/VehicleAdvBP/Maps/VehicleAdvExampleMap.VehicleAdvExampleMap:PersistentLevel.VehicleAdvExampleMap' with GeneratedClass '/Game/VehicleAdvBP/Maps/VehicleAdvExampleMap.VehicleAdvExampleMap_C' with ClassGeneratedBy '/Game/VehicleAdvBP/Maps/VehicleAdvExampleMap.VehicleAdvExampleMap:PersistentLevel.VehicleAdvExampleMap'
[2017.12.22-22.12.01:626][383]LogPlayLevel: PlayLevel: No blueprints needed recompiling
[2017.12.22-22.12.01:627][383]PIE: New page: PIE session: VehicleAdvExampleMap (Dec 22, 2017, 12:12:01 PM)
[2017.12.22-22.12.01:627][383]LogPlayLevel: Creating play world package: /Game/VehicleAdvBP/Maps/UEDPIE_0_VehicleAdvExampleMap
[2017.12.22-22.12.01:672][383]LogPlayLevel: PIE: StaticDuplicateObject took: (0.045205s)
[2017.12.22-22.12.01:673][383]LogAIModule: Creating AISystem for world VehicleAdvExampleMap
[2017.12.22-22.12.01:673][383]LogPlayLevel: PIE: World Init took: (0.000890s)
[2017.12.22-22.12.01:674][383]LogPlayLevel: PIE: Created PIE world by copying editor world from /Game/VehicleAdvBP/Maps/VehicleAdvExampleMap.VehicleAdvExampleMap to /Game/VehicleAdvBP/Maps/UEDPIE_0_VehicleAdvExampleMap.VehicleAdvExampleMap (0.046683s)
[2017.12.22-22.12.01:696][383]LogInit: XAudio2 using 'Speakers / Headphones (Realtek Audio)' : 2 channels at 48 kHz using 32 bits per sample (channel mask 0x3)
[2017.12.22-22.12.01:711][383]LogInit: FAudioDevice initialized.
[2017.12.22-22.12.01:754][383]LogLoad: Game class is 'VehicleAdvGameMode_C'
[2017.12.22-22.12.01:788][383]LogWorld: Bringing World /Game/VehicleAdvBP/Maps/UEDPIE_0_VehicleAdvExampleMap.VehicleAdvExampleMap up for play (max tick rate 0) at 2017.12.22-17.12.01
[2017.12.22-22.12.01:791][383]LogWorld: Bringing up level for play took: 0.020016
[2017.12.22-22.12.01:983][383]LogContentBrowser: Native class hierarchy updated for 'MovieSceneCapture' in 0.0008 seconds. Added 11 classes and 0 folders.
[2017.12.22-22.12.01:986][383]PIE: Play in editor start time for /Game/VehicleAdvBP/Maps/UEDPIE_0_VehicleAdvExampleMap 0.008
[2017.12.22-22.12.01:987][383]LogBlueprintUserMessages: Late PlayInEditor Detection: Level '/Game/VehicleAdvBP/Maps/VehicleAdvExampleMap.VehicleAdvExampleMap:PersistentLevel' has LevelScriptBlueprint '/Game/VehicleAdvBP/Maps/VehicleAdvExampleMap.VehicleAdvExampleMap:PersistentLevel.VehicleAdvExampleMap' with GeneratedClass '/Game/VehicleAdvBP/Maps/VehicleAdvExampleMap.VehicleAdvExampleMap_C' with ClassGeneratedBy '/Game/VehicleAdvBP/Maps/VehicleAdvExampleMap.VehicleAdvExampleMap:PersistentLevel.VehicleAdvExampleMap'
[2017.12.22-22.12.05:757][491]LogBlueprintUserMessages: [BP_Weapon_Pickup2_68] Seocndary Added
[2017.12.22-22.12.19:514][904]LogBlueprintUserMessages: [VehicleBlueprint2_698] 75
[2017.12.22-22.12.20:248][926]LogBlueprintUserMessages: [VehicleBlueprint2_698] 50
[2017.12.22-22.12.21:548][965]LogBlueprintUserMessages: [VehicleBlueprint2_698] 25
[2017.12.22-22.12.31:344][259]LogBlueprintUserMessages: [VehicleBlueprint2_698] 0
[2017.12.22-22.12.32:882][305]LogBlueprintUserMessages: Early EndPlayMap Detection: Level '/Game/VehicleAdvBP/Maps/VehicleAdvExampleMap.VehicleAdvExampleMap:PersistentLevel' has LevelScriptBlueprint '/Game/VehicleAdvBP/Maps/VehicleAdvExampleMap.VehicleAdvExampleMap:PersistentLevel.VehicleAdvExampleMap' with GeneratedClass '/Game/VehicleAdvBP/Maps/VehicleAdvExampleMap.VehicleAdvExampleMap_C' with ClassGeneratedBy '/Game/VehicleAdvBP/Maps/VehicleAdvExampleMap.VehicleAdvExampleMap:PersistentLevel.VehicleAdvExampleMap'
[2017.12.22-22.12.33:012][305]LogBlueprintUserMessages: Late EndPlayMap Detection: Level '/Game/VehicleAdvBP/Maps/VehicleAdvExampleMap.VehicleAdvExampleMap:PersistentLevel' has LevelScriptBlueprint '/Game/VehicleAdvBP/Maps/VehicleAdvExampleMap.VehicleAdvExampleMap:PersistentLevel.VehicleAdvExampleMap' with GeneratedClass '/Game/VehicleAdvBP/Maps/VehicleAdvExampleMap.VehicleAdvExampleMap_C' with ClassGeneratedBy '/Game/VehicleAdvBP/Maps/VehicleAdvExampleMap.VehicleAdvExampleMap:PersistentLevel.VehicleAdvExampleMap'
[2017.12.22-22.13.56:354][545]LogActorComponent: UnregisterComponent: (/Engine/Transient.EditorFloorComp) Not registered. Aborting.
[2017.12.22-22.14.00:059][573]Cmd: QUIT_EDITOR
[2017.12.22-22.14.01:016][573]LogWindowsTextInputMethodSystem: Display: IME system now deactivated.
[2017.12.22-22.14.01:050][573]LogExit: Preparing to exit.
[2017.12.22-22.14.02:335][573]LogDirectoryWatcher: A directory notification for 'C:/Users/Aric's PC/Documents/Unreal Projects/CarBlueprints/Content/' was aborted.
[2017.12.22-22.14.02:482][573]LogExit: Editor shut down
[2017.12.22-22.14.02:551][573]LogExit: Transaction tracking system shut down
[2017.12.22-22.14.02:816][573]LogDirectoryWatcher: A directory notification for '../../../Engine/Content/' was aborted.
[2017.12.22-22.14.02:816][573]LogDirectoryWatcher: A directory notification for '../../../../../../Users/Aric's PC/Documents/Unreal Projects/CarBlueprints/Content/' was aborted.
[2017.12.22-22.14.02:816][573]LogDirectoryWatcher: A directory notification for '../../../Engine/Plugins/2D/Paper2D/Content/' was aborted.
[2017.12.22-22.14.02:816][573]LogDirectoryWatcher: A directory notification for '../../../Engine/Plugins/Runtime/Oculus/OculusVR/Content/' was aborted.
[2017.12.22-22.14.02:816][573]LogDirectoryWatcher: A directory notification for '../../../Engine/Plugins/Runtime/Steam/SteamVR/Content/' was aborted.
[2017.12.22-22.14.02:964][573]LogExit: Object subsystem successfully closed.
[2017.12.22-22.14.03:008][573]LogD3D11RHI: Shutdown
[2017.12.22-22.14.03:009][573]LogD3D11RHI: CleanupD3DDevice
[2017.12.22-22.14.03:291][573]LogD3D11RHI: ~FD3D11DynamicRHI
[2017.12.22-22.14.03:362][573]LogModuleManager: Shutting down and abandoning module MovieSceneCapture (538)
[2017.12.22-22.14.03:362][573]LogModuleManager: Shutting down and abandoning module BlueprintGraph (536)
[2017.12.22-22.14.03:362][573]LogModuleManager: Shutting down and abandoning module BlueprintProfiler (534)
[2017.12.22-22.14.03:362][573]LogModuleManager: Shutting down and abandoning module HierarchicalLODOutliner (532)
[2017.12.22-22.14.03:362][573]LogModuleManager: Shutting down and abandoning module SceneOutliner (530)
[2017.12.22-22.14.03:362][573]LogModuleManager: Shutting down and abandoning module AddContentDialog (528)
[2017.12.22-22.14.03:362][573]LogDirectoryWatcher: A directory notification for 'C:/Program Files/Epic Games/UE_4.17/FeaturePacks/' was aborted.
[2017.12.22-22.14.03:366][573]LogModuleManager: Shutting down and abandoning module WidgetCarousel (527)
[2017.12.22-22.14.03:366][573]LogModuleManager: Shutting down and abandoning module EditorWidgets (524)
[2017.12.22-22.14.03:366][573]LogModuleManager: Shutting down and abandoning module CollectionManager (522)
[2017.12.22-22.14.03:366][573]LogDirectoryWatcher: A directory notification for 'C:/Users/Aric's PC/Documents/Unreal Projects/CarBlueprints/Content/Collections/' was aborted.
[2017.12.22-22.14.03:366][573]LogDirectoryWatcher: A directory notification for 'C:/Users/Aric's PC/Documents/Unreal Projects/CarBlueprints/Content/Developers/AricsPC/Collections/' was aborted.
[2017.12.22-22.14.03:366][573]LogDirectoryWatcher: A directory notification for 'C:/Users/Aric's PC/Documents/Unreal Projects/CarBlueprints/Saved/Collections/' was aborted.
[2017.12.22-22.14.03:367][573]LogModuleManager: Shutting down and abandoning module StatsViewer (520)
[2017.12.22-22.14.03:367][573]LogModuleManager: Shutting down and abandoning module FoliageEdit (518)
[2017.12.22-22.14.03:367][573]LogModuleManager: Shutting down and abandoning module LandscapeEditor (516)
[2017.12.22-22.14.03:367][573]LogModuleManager: Shutting down and abandoning module MeshPaintMode (514)
[2017.12.22-22.14.03:367][573]LogModuleManager: Shutting down and abandoning module SceneDepthPickerMode (512)
[2017.12.22-22.14.03:367][573]LogModuleManager: Shutting down and abandoning module ActorPickerMode (510)
[2017.12.22-22.14.03:367][573]LogModuleManager: Shutting down and abandoning module GeometryMode (508)
[2017.12.22-22.14.03:367][573]LogModuleManager: Shutting down and abandoning module TextureAlignMode (506)
[2017.12.22-22.14.03:367][573]LogModuleManager: Shutting down and abandoning module BspMode (504)
[2017.12.22-22.14.03:367][573]LogModuleManager: Shutting down and abandoning module PIEPreviewDeviceProfileSelector (502)
[2017.12.22-22.14.03:367][573]LogModuleManager: Shutting down and abandoning module HardwareSurvey (500)
[2017.12.22-22.14.03:367][573]LogModuleManager: Shutting down and abandoning module SequenceRecorderSections (498)
[2017.12.22-22.14.03:367][573]LogModuleManager: Shutting down and abandoning module AutomationWorker (496)
[2017.12.22-22.14.03:367][573]LogModuleManager: Shutting down and abandoning module MatineeToLevelSequence (494)
[2017.12.22-22.14.03:367][573]LogModuleManager: Shutting down and abandoning module LevelSequenceEditor (492)
[2017.12.22-22.14.03:368][573]LogModuleManager: Shutting down and abandoning module PlacementMode (491)
[2017.12.22-22.14.03:368][573]LogModuleManager: Shutting down and abandoning module WmfMediaFactory (488)
[2017.12.22-22.14.03:368][573]LogModuleManager: Shutting down and abandoning module WmfMediaEditor (486)
[2017.12.22-22.14.03:368][573]LogModuleManager: Shutting down and abandoning module AvfMediaFactory (484)
[2017.12.22-22.14.03:368][573]LogModuleManager: Shutting down and abandoning module AvfMediaEditor (482)
[2017.12.22-22.14.03:368][573]LogModuleManager: Shutting down and abandoning module AndroidMediaFactory (480)
[2017.12.22-22.14.03:368][573]LogModuleManager: Shutting down and abandoning module Media (479)
[2017.12.22-22.14.03:368][573]LogModuleManager: Shutting down and abandoning module AndroidMediaEditor (476)
[2017.12.22-22.14.03:368][573]LogModuleManager: Shutting down and abandoning module CharacterAI (474)
[2017.12.22-22.14.03:368][573]LogModuleManager: Shutting down and abandoning module AudioCapture (472)
[2017.12.22-22.14.03:368][573]LogModuleManager: Shutting down and abandoning module SequenceRecorder (471)
[2017.12.22-22.14.03:368][573]LogModuleManager: Shutting down and abandoning module SmartSnapping (468)
[2017.12.22-22.14.03:368][573]LogModuleManager: Shutting down and abandoning module SessionServices (466)
[2017.12.22-22.14.03:368][573]LogModuleManager: Shutting down and abandoning module ViewportSnapping (464)
[2017.12.22-22.14.03:368][573]LogModuleManager: Shutting down and abandoning module ViewportInteraction (462)
[2017.12.22-22.14.03:368][573]LogModuleManager: Shutting down and abandoning module ClothPainter (460)
[2017.12.22-22.14.03:368][573]LogModuleManager: Shutting down and abandoning module LogVisualizer (458)
[2017.12.22-22.14.03:368][573]LogModuleManager: Shutting down and abandoning module IntroTutorials (456)
[2017.12.22-22.14.03:369][573]LogModuleManager: Shutting down and abandoning module GameProjectGeneration (455)
[2017.12.22-22.14.03:369][573]LogModuleManager: Shutting down and abandoning module IOSPlatformEditor (452)
[2017.12.22-22.14.03:369][573]LogModuleManager: Shutting down and abandoning module HTML5PlatformEditor (450)
[2017.12.22-22.14.03:369][573]LogModuleManager: Shutting down and abandoning module AndroidPlatformEditor (448)
[2017.12.22-22.14.03:369][573]LogModuleManager: Shutting down and abandoning module AndroidDeviceDetection (447)
[2017.12.22-22.14.04:167][573]LogModuleManager: Shutting down and abandoning module WindowsPlatformEditor (444)
[2017.12.22-22.14.04:167][573]LogModuleManager: Shutting down and abandoning module IOSRuntimeSettings (442)
[2017.12.22-22.14.04:167][573]LogModuleManager: Shutting down and abandoning module AndroidRuntimeSettings (440)
[2017.12.22-22.14.04:167][573]LogModuleManager: Shutting down and abandoning module InputBindingEditor (438)
[2017.12.22-22.14.04:167][573]LogModuleManager: Shutting down and abandoning module MergeActors (436)
[2017.12.22-22.14.04:167][573]LogModuleManager: Shutting down and abandoning module SizeMap (434)
[2017.12.22-22.14.04:167][573]LogModuleManager: Shutting down and abandoning module TreeMap (432)
[2017.12.22-22.14.04:167][573]LogModuleManager: Shutting down and abandoning module ReferenceViewer (430)
[2017.12.22-22.14.04:167][573]LogModuleManager: Shutting down and abandoning module LocalizationDashboard (428)
[2017.12.22-22.14.04:168][573]LogModuleManager: Shutting down and abandoning module LocalizationService (427)
[2017.12.22-22.14.04:168][573]LogModuleManager: Shutting down and abandoning module HardwareTargeting (424)
[2017.12.22-22.14.04:168][573]LogModuleManager: Shutting down and abandoning module DeviceProfileEditor (422)
[2017.12.22-22.14.04:168][573]LogModuleManager: Shutting down and abandoning module UndoHistory (420)
[2017.12.22-22.14.04:168][573]LogModuleManager: Shutting down and abandoning module XmlParser (418)
[2017.12.22-22.14.04:168][573]LogModuleManager: Shutting down and abandoning module Blutility (416)
[2017.12.22-22.14.04:168][573]LogModuleManager: Shutting down and abandoning module ProjectSettingsViewer (414)
[2017.12.22-22.14.04:168][573]LogModuleManager: Shutting down and abandoning module ProjectTargetPlatformEditor (413)
[2017.12.22-22.14.04:169][573]LogModuleManager: Shutting down and abandoning module EditorSettingsViewer (410)
[2017.12.22-22.14.04:169][573]LogModuleManager: Shutting down and abandoning module SettingsEditor (408)
[2017.12.22-22.14.04:169][573]LogModuleManager: Shutting down and abandoning module ProjectLauncher (406)
[2017.12.22-22.14.04:169][573]LogModuleManager: Shutting down and abandoning module SessionFrontend (404)
[2017.12.22-22.14.04:169][573]LogModuleManager: Shutting down and abandoning module ProfilerClient (402)
[2017.12.22-22.14.04:169][573]LogModuleManager: Shutting down and abandoning module DeviceManager (400)
[2017.12.22-22.14.04:169][573]LogModuleManager: Shutting down and abandoning module TargetDeviceServices (399)
[2017.12.22-22.14.04:224][573]LogModuleManager: Shutting down and abandoning module AutomationController (396)
[2017.12.22-22.14.04:224][573]LogModuleManager: Shutting down and abandoning module AutomationWindow (394)
[2017.12.22-22.14.04:224][573]LogModuleManager: Shutting down and abandoning module Layers (392)
[2017.12.22-22.14.04:224][573]LogModuleManager: Shutting down and abandoning module ComponentVisualizers (390)
[2017.12.22-22.14.04:224][573]LogModuleManager: Shutting down and abandoning module DetailCustomizations (388)
[2017.12.22-22.14.04:224][573]LogModuleManager: Shutting down and abandoning module PackagesDialog (386)
[2017.12.22-22.14.04:225][573]LogModuleManager: Shutting down and abandoning module Persona (384)
[2017.12.22-22.14.04:225][573]LogModuleManager: Shutting down and abandoning module AdvancedPreviewScene (383)
[2017.12.22-22.14.04:225][573]LogModuleManager: Shutting down and abandoning module AnimGraph (381)
[2017.12.22-22.14.04:225][573]LogModuleManager: Shutting down and abandoning module Kismet (378)
[2017.12.22-22.14.04:244][573]LogModuleManager: Shutting down and abandoning module ClassViewer (376)
[2017.12.22-22.14.04:247][573]LogModuleManager: Shutting down and abandoning module Toolbox (374)
[2017.12.22-22.14.04:247][573]LogModuleManager: Shutting down and abandoning module ModuleUI (372)
[2017.12.22-22.14.04:247][573]LogModuleManager: Shutting down and abandoning module MovieSceneTools (370)
[2017.12.22-22.14.04:247][573]LogModuleManager: Shutting down and abandoning module OutputLog (368)
[2017.12.22-22.14.04:247][573]LogModuleManager: Shutting down and abandoning module GammaUI (366)
[2017.12.22-22.14.04:247][573]LogModuleManager: Shutting down and abandoning module Documentation (364)
[2017.12.22-22.14.04:248][573]LogModuleManager: Shutting down and abandoning module MovieSceneTracks (362)
[2017.12.22-22.14.04:248][573]LogModuleManager: Shutting down and abandoning module MovieScene (360)
[2017.12.22-22.14.04:248][573]LogModuleManager: Shutting down and abandoning module Niagara (358)
[2017.12.22-22.14.04:248][573]LogModuleManager: Shutting down and abandoning module NiagaraEditor (357)
[2017.12.22-22.14.04:248][573]LogModuleManager: Shutting down and abandoning module StreamingPauseRendering (354)
[2017.12.22-22.14.04:248][573]LogModuleManager: Shutting down and abandoning module LauncherPlatform (352)
[2017.12.22-22.14.04:248][573]LogModuleManager: Shutting down and abandoning module AnalyticsET (350)
[2017.12.22-22.14.04:248][573]LogModuleManager: Shutting down and abandoning module PortalServices (348)
[2017.12.22-22.14.04:248][573]LogModuleManager: Shutting down and abandoning module PortalRpc (346)
[2017.12.22-22.14.04:248][573]LogModuleManager: Shutting down and abandoning module MessagingRpc (344)
[2017.12.22-22.14.04:248][573]LogModuleManager: Shutting down and abandoning module AIModule (342)
[2017.12.22-22.14.04:248][573]LogModuleManager: Shutting down and abandoning module GameplayDebugger (341)
[2017.12.22-22.14.04:248][573]LogModuleManager: Shutting down and abandoning module AITestSuite (339)
[2017.12.22-22.14.04:248][573]LogModuleManager: Shutting down and abandoning module ProfilerService (336)
[2017.12.22-22.14.04:475][573]LogModuleManager: Shutting down and abandoning module TaskGraph (334)
[2017.12.22-22.14.04:475][573]LogModuleManager: Shutting down and abandoning module SteamVRController (332)
[2017.12.22-22.14.04:475][573]LogModuleManager: Shutting down and abandoning module ProceduralMeshComponentEditor (330)
[2017.12.22-22.14.04:475][573]LogModuleManager: Shutting down and abandoning module ProceduralMeshComponent (328)
[2017.12.22-22.14.04:475][573]LogModuleManager: Shutting down and abandoning module OculusInput (326)
[2017.12.22-22.14.04:475][573]LogModuleManager: Shutting down and abandoning module MobilePatchingUtils (324)
[2017.12.22-22.14.04:475][573]LogModuleManager: Shutting down and abandoning module CustomMeshComponent (322)
[2017.12.22-22.14.04:475][573]LogModuleManager: Shutting down and abandoning module CableComponent (320)
[2017.12.22-22.14.04:475][573]LogModuleManager: Shutting down and abandoning module ArchVisCharacter (318)
[2017.12.22-22.14.04:476][573]LogModuleManager: Shutting down and abandoning module AndroidPermission (316)
[2017.12.22-22.14.04:476][573]LogModuleManager: Shutting down and abandoning module MediaPlayerEditor (312)
[2017.12.22-22.14.04:476][573]LogModuleManager: Shutting down and abandoning module RawInput (310)
[2017.12.22-22.14.04:476][573]LogModuleManager: Shutting down and abandoning module HTML5Networking (308)
[2017.12.22-22.14.04:476][573]LogModuleManager: Shutting down and abandoning module AlembicImporter (306)
[2017.12.22-22.14.04:476][573]LogModuleManager: Shutting down and abandoning module AlembicLibrary (305)
[2017.12.22-22.14.04:476][573]LogModuleManager: Shutting down and abandoning module GeometryCache (304)
[2017.12.22-22.14.04:477][573]LogModuleManager: Shutting down and abandoning module GeometryCacheEd (303)
[2017.12.22-22.14.04:477][573]LogModuleManager: Shutting down and abandoning module SpeedTreeImporter (298)
[2017.12.22-22.14.04:477][573]LogModuleManager: Shutting down and abandoning module PluginBrowser (296)
[2017.12.22-22.14.04:477][573]LogModuleManager: Shutting down and abandoning module MobileLauncherProfileWizard (294)
[2017.12.22-22.14.04:477][573]LogModuleManager: Shutting down and abandoning module VisualStudioSourceCodeAccess (292)
[2017.12.22-22.14.04:477][573]LogModuleManager: Shutting down and abandoning module DesktopPlatform (291)
[2017.12.22-22.14.04:477][573]LogModuleManager: Shutting down and abandoning module UObjectPlugin (288)
[2017.12.22-22.14.04:477][573]LogModuleManager: Shutting down and abandoning module SubversionSourceControl (286)
[2017.12.22-22.14.04:477][573]LogModuleManager: Shutting down and abandoning module PerforceSourceControl (284)
[2017.12.22-22.14.04:477][573]LogModuleManager: Shutting down and abandoning module GitSourceControl (282)
[2017.12.22-22.14.04:477][573]LogModuleManager: Shutting down and abandoning module SourceControl (281)
[2017.12.22-22.14.04:478][573]LogModuleManager: Shutting down and abandoning module LightPropagationVolumeEditor (278)
[2017.12.22-22.14.04:478][573]LogModuleManager: Shutting down and abandoning module PaperTiledImporter (276)
[2017.12.22-22.14.04:478][573]LogModuleManager: Shutting down and abandoning module PaperSpriteSheetImporter (274)
[2017.12.22-22.14.04:478][573]LogModuleManager: Shutting down and abandoning module Paper2DEditor (272)
[2017.12.22-22.14.04:478][573]LogModuleManager: Shutting down and abandoning module MeshPaint (271)
[2017.12.22-22.14.04:478][573]LogModuleManager: Shutting down and abandoning module LevelEditor (269)
[2017.12.22-22.14.04:481][573]LogModuleManager: Shutting down and abandoning module PixelInspectorModule (268)
[2017.12.22-22.14.04:481][573]LogModuleManager: Shutting down and abandoning module MainFrame (266)
[2017.12.22-22.14.04:481][573]LogModuleManager: Shutting down and abandoning module HotReload (265)
[2017.12.22-22.14.04:482][573]LogModuleManager: Shutting down and abandoning module RuntimePhysXCooking (260)
[2017.12.22-22.14.04:482][573]LogModuleManager: Shutting down and abandoning module PhysXVehiclesEditor (258)
[2017.12.22-22.14.04:482][573]LogModuleManager: Shutting down and abandoning module PhysXVehicles (256)
[2017.12.22-22.14.04:482][573]LogModuleManager: Shutting down and abandoning module OculusEditor (254)
[2017.12.22-22.14.04:482][573]LogModuleManager: Shutting down and abandoning module LocationServicesBPLibrary (252)
[2017.12.22-22.14.04:482][573]LogModuleManager: Shutting down and abandoning module ImmediatePhysicsEditor (250)
[2017.12.22-22.14.04:482][573]LogModuleManager: Shutting down and abandoning module ImmediatePhysics (248)
[2017.12.22-22.14.04:482][573]LogModuleManager: Shutting down and abandoning module UdpMessaging (246)
[2017.12.22-22.14.04:583][573]LogModuleManager: Shutting down and abandoning module TcpMessaging (244)
[2017.12.22-22.14.04:683][573]LogModuleManager: Shutting down and abandoning module GameplayTagsEditor (242)
[2017.12.22-22.14.04:683][573]LogModuleManager: Shutting down and abandoning module FacialAnimationEditor (240)
[2017.12.22-22.14.04:683][573]LogModuleManager: Shutting down and abandoning module FacialAnimation (238)
[2017.12.22-22.14.04:683][573]LogModuleManager: Shutting down and abandoning module AssetManagerEditor (236)
[2017.12.22-22.14.04:683][573]LogModuleManager: Shutting down and abandoning module GraphEditor (235)
[2017.12.22-22.14.04:683][573]LogModuleManager: Shutting down and abandoning module ContentBrowser (233)
[2017.12.22-22.14.04:686][573]LogModuleManager: Shutting down and abandoning module LightPropagationVolumeRuntime (230)
[2017.12.22-22.14.04:686][573]LogModuleManager: Shutting down and abandoning module Paper2D (228)
[2017.12.22-22.14.04:686][573]LogModuleManager: Shutting down and abandoning module WindowsMoviePlayer (226)
[2017.12.22-22.14.04:686][573]LogModuleManager: Shutting down and abandoning module WmfMedia (224)
[2017.12.22-22.14.04:691][573]LogModuleManager: Shutting down and abandoning module PacketHandler (222)
[2017.12.22-22.14.04:691][573]LogModuleManager: Shutting down and abandoning module ClothingSystemEditor (220)
[2017.12.22-22.14.04:691][573]LogModuleManager: Shutting down and abandoning module ClothingSystemRuntime (218)
[2017.12.22-22.14.04:691][573]LogModuleManager: Shutting down and abandoning module Overlay (216)
[2017.12.22-22.14.04:691][573]LogModuleManager: Shutting down and abandoning module OverlayEditor (215)
[2017.12.22-22.14.04:691][573]LogModuleManager: Shutting down and abandoning module MediaAssets (212)
[2017.12.22-22.14.04:691][573]LogModuleManager: Shutting down and abandoning module VREditor (210)
[2017.12.22-22.14.04:691][573]LogModuleManager: Shutting down and abandoning module StringTableEditor (208)
[2017.12.22-22.14.04:691][573]LogModuleManager: Shutting down and abandoning module GameplayTasksEditor (206)
[2017.12.22-22.14.04:691][573]LogModuleManager: Shutting down and abandoning module BehaviorTreeEditor (204)
[2017.12.22-22.14.04:692][573]LogModuleManager: Shutting down and abandoning module FunctionalTesting (202)
[2017.12.22-22.14.04:692][573]LogModuleManager: Shutting down and abandoning module CollisionAnalyzer (200)
[2017.12.22-22.14.04:692][573]LogModuleManager: Shutting down and abandoning module WorkspaceMenuStructure (199)
[2017.12.22-22.14.04:692][573]LogModuleManager: Shutting down and abandoning module UMG (196)
[2017.12.22-22.14.04:692][573]LogModuleManager: Shutting down and abandoning module UMGEditor (195)
[2017.12.22-22.14.04:692][573]LogModuleManager: Shutting down and abandoning module Sequencer (194)
[2017.12.22-22.14.04:692][573]LogModuleManager: Shutting down and abandoning module MessageLog (191)
[2017.12.22-22.14.04:692][573]LogModuleManager: Shutting down and abandoning module SlateReflector (186)
[2017.12.22-22.14.04:692][573]LogModuleManager: Shutting down and abandoning module Slate (184)
[2017.12.22-22.14.04:692][573]LogModuleManager: Shutting down and abandoning module EditorStyle (182)
[2017.12.22-22.14.04:701][573]LogModuleManager: Shutting down and abandoning module MRMesh (180)
[2017.12.22-22.14.04:701][573]LogModuleManager: Shutting down and abandoning module SourceCodeAccess (178)
[2017.12.22-22.14.04:701][573]LogModuleManager: Shutting down and abandoning module HeadMountedDisplay (176)
[2017.12.22-22.14.04:701][573]LogModuleManager: Shutting down and abandoning module XAudio2 (174)
[2017.12.22-22.14.04:701][573]LogModuleManager: Shutting down and abandoning module Networking (172)
[2017.12.22-22.14.04:701][573]LogModuleManager: Shutting down and abandoning module Core (168)
[2017.12.22-22.14.04:702][573]LogModuleManager: Shutting down and abandoning module KismetCompiler (164)
[2017.12.22-22.14.04:702][573]LogModuleManager: Shutting down and abandoning module LevelSequence (162)
[2017.12.22-22.14.04:702][573]LogModuleManager: Shutting down and abandoning module MeshUtilities (160)
[2017.12.22-22.14.04:702][573]LogModuleManager: Shutting down and abandoning module MeshMergeUtilities (159)
[2017.12.22-22.14.04:702][573]LogModuleManager: Shutting down and abandoning module MeshReductionInterface (158)
[2017.12.22-22.14.04:702][573]LogModuleManager: Shutting down and abandoning module SimplygonSwarm (157)
[2017.12.22-22.14.04:702][573]LogModuleManager: Shutting down and abandoning module SimplygonMeshReduction (155)
[2017.12.22-22.14.04:702][573]LogModuleManager: Shutting down and abandoning module QuadricMeshReduction (153)
[2017.12.22-22.14.04:702][573]LogModuleManager: Shutting down and abandoning module MaterialBaking (149)
[2017.12.22-22.14.04:702][573]LogModuleManager: Shutting down and abandoning module DirectoryWatcher (146)
[2017.12.22-22.14.04:711][573]LogModuleManager: Shutting down and abandoning module DerivedDataCache (144)
[2017.12.22-22.14.04:736][573]LogDerivedDataCache: Shutdown
[2017.12.22-22.14.04:736][573]LogModuleManager: Shutting down and abandoning module TargetPlatform (142)
[2017.12.22-22.14.04:736][573]LogModuleManager: Shutting down and abandoning module VulkanShaderFormat (141)
[2017.12.22-22.14.04:737][573]LogModuleManager: Shutting down and abandoning module ShaderFormatVectorVM (139)
[2017.12.22-22.14.04:737][573]LogModuleManager: Shutting down and abandoning module ShaderFormatOpenGL (137)
[2017.12.22-22.14.04:737][573]LogModuleManager: Shutting down and abandoning module ShaderFormatD3D (135)
[2017.12.22-22.14.04:737][573]LogModuleManager: Shutting down and abandoning module MetalShaderFormat (133)
[2017.12.22-22.14.04:737][573]LogModuleManager: Shutting down and abandoning module TextureFormatUncompressed (131)
[2017.12.22-22.14.04:737][573]LogModuleManager: Shutting down and abandoning module TextureFormatPVR (129)
[2017.12.22-22.14.04:737][573]LogModuleManager: Shutting down and abandoning module TextureFormatDXT (127)
[2017.12.22-22.14.04:737][573]LogModuleManager: Shutting down and abandoning module TextureFormatIntelISPCTexComp (125)
[2017.12.22-22.14.04:737][573]LogModuleManager: Shutting down and abandoning module TextureFormatASTC (123)
[2017.12.22-22.14.04:737][573]LogModuleManager: Shutting down and abandoning module ImageWrapper (122)
[2017.12.22-22.14.04:737][573]LogModuleManager: Shutting down and abandoning module TextureFormatAndroid (119)
[2017.12.22-22.14.04:737][573]LogModuleManager: Shutting down and abandoning module AudioFormatOpus (117)
[2017.12.22-22.14.04:737][573]LogModuleManager: Shutting down and abandoning module AudioFormatOgg (115)
[2017.12.22-22.14.04:737][573]LogModuleManager: Shutting down and abandoning module AudioFormatADPCM (113)
[2017.12.22-22.14.04:737][573]LogModuleManager: Shutting down and abandoning module LinuxTargetPlatform (111)
[2017.12.22-22.14.04:737][573]LogModuleManager: Shutting down and abandoning module LinuxServerTargetPlatform (109)
[2017.12.22-22.14.04:737][573]LogModuleManager: Shutting down and abandoning module LinuxNoEditorTargetPlatform (107)
[2017.12.22-22.14.04:738][573]LogModuleManager: Shutting down and abandoning module LinuxClientTargetPlatform (105)
[2017.12.22-22.14.04:738][573]LogModuleManager: Shutting down and abandoning module TVOSTargetPlatform (103)
[2017.12.22-22.14.04:738][573]LogModuleManager: Shutting down and abandoning module Messaging (101)
[2017.12.22-22.14.04:738][573]LogModuleManager: Shutting down and abandoning module IOSTargetPlatform (99)
[2017.12.22-22.14.04:738][573]LogModuleManager: Shutting down and abandoning module HTML5TargetPlatform (97)
[2017.12.22-22.14.04:738][573]LogModuleManager: Shutting down and abandoning module Android_PVRTCTargetPlatform (95)
[2017.12.22-22.14.04:738][573]LogModuleManager: Shutting down and abandoning module Android_MultiTargetPlatform (93)
[2017.12.22-22.14.04:738][573]LogModuleManager: Shutting down and abandoning module Android_ETC2TargetPlatform (91)
[2017.12.22-22.14.04:738][573]LogModuleManager: Shutting down and abandoning module Android_ETC1TargetPlatform (89)
[2017.12.22-22.14.04:738][573]LogModuleManager: Shutting down and abandoning module Android_DXTTargetPlatform (87)
[2017.12.22-22.14.04:738][573]LogModuleManager: Shutting down and abandoning module Android_ATCTargetPlatform (85)
[2017.12.22-22.14.04:739][573]LogModuleManager: Shutting down and abandoning module Android_ASTCTargetPlatform (83)
[2017.12.22-22.14.04:739][573]LogModuleManager: Shutting down and abandoning module AndroidTargetPlatform (81)
[2017.12.22-22.14.04:739][573]LogModuleManager: Shutting down and abandoning module WindowsTargetPlatform (79)
[2017.12.22-22.14.04:739][573]LogModuleManager: Shutting down and abandoning module WindowsServerTargetPlatform (77)
[2017.12.22-22.14.04:739][573]LogModuleManager: Shutting down and abandoning module WindowsNoEditorTargetPlatform (75)
[2017.12.22-22.14.04:739][573]LogModuleManager: Shutting down and abandoning module WindowsClientTargetPlatform (73)
[2017.12.22-22.14.04:739][573]LogModuleManager: Shutting down and abandoning module MacTargetPlatform (71)
[2017.12.22-22.14.04:739][573]LogModuleManager: Shutting down and abandoning module MacServerTargetPlatform (69)
[2017.12.22-22.14.04:739][573]LogModuleManager: Shutting down and abandoning module MacNoEditorTargetPlatform (67)
[2017.12.22-22.14.04:739][573]LogModuleManager: Shutting down and abandoning module MacClientTargetPlatform (65)
[2017.12.22-22.14.04:739][573]LogModuleManager: Shutting down and abandoning module AllDesktopTargetPlatform (63)
[2017.12.22-22.14.04:740][573]LogModuleManager: Shutting down and abandoning module InputCore (60)
[2017.12.22-22.14.04:740][573]LogModuleManager: Shutting down and abandoning module Settings (58)
[2017.12.22-22.14.04:740][573]LogModuleManager: Shutting down and abandoning module PhysXCooking (56)
[2017.12.22-22.14.04:740][573]LogModuleManager: Shutting down and abandoning module SteamVR (54)
[2017.12.22-22.14.04:740][573]LogModuleManager: Shutting down and abandoning module OculusHMD (52)
[2017.12.22-22.14.04:740][573]LogModuleManager: Shutting down and abandoning module ExampleDeviceProfileSelector (50)
[2017.12.22-22.14.04:740][573]LogModuleManager: Shutting down and abandoning module OnlineBlueprintSupport (48)
[2017.12.22-22.14.04:740][573]LogModuleManager: Shutting down and abandoning module OnlineSubsystem (44)
[2017.12.22-22.14.04:740][573]LogOnline: Display: Unloading online subsystem: NULL
[2017.12.22-22.14.04:740][573]LogModuleManager: Shutting down and abandoning module XMPP (43)
[2017.12.22-22.14.04:740][573]LogModuleManager: Shutting down and abandoning module HTTP (41)
[2017.12.22-22.14.04:740][573]LogHttp: Display: Http module shutting down, but needs to wait on 1 outstanding Http requests:
[2017.12.22-22.14.04:740][573]LogHttp: Display: 	verb=[POST] url=[https://datarouter.ol.epicgames.com/datarouter/api/v1/public/data?SessionID=%7BAC6FD2D8-49CF-FC44-6EC4-56B7B66D7842%7D&AppID=UEEditor.Rocket.Release&AppVersion=4.17.2-3658906%2B%2B%2BUE4%2BRelease-4.17&UserID=cd1f60b7479b32bd24c174b1375c1b70%7C4ba7aa541e964517b0d99766beec29d1%7Cb30741d6-520e-4fea-be44-def22d0e3946&AppEnvironment=datacollector-binary&UploadType=eteventstream] status=Processing
[2017.12.22-22.14.04:747][573]LogModuleManager: Shutting down and abandoning module SSL (40)
[2017.12.22-22.14.04:750][573]LogModuleManager: Shutting down and abandoning module AnimationModifiers (36)
[2017.12.22-22.14.04:750][573]LogModuleManager: Shutting down and abandoning module PropertyEditor (35)
[2017.12.22-22.14.04:750][573]LogModuleManager: Shutting down and abandoning module AudioEditor (32)
[2017.12.22-22.14.04:751][573]LogModuleManager: Shutting down and abandoning module TextureCompressor (30)
[2017.12.22-22.14.04:751][573]LogModuleManager: Shutting down and abandoning module ShaderCore (28)
[2017.12.22-22.14.04:751][573]LogModuleManager: Shutting down and abandoning module Landscape (26)
[2017.12.22-22.14.04:751][573]LogModuleManager: Shutting down and abandoning module SlateRHIRenderer (24)
[2017.12.22-22.14.04:756][573]LogModuleManager: Shutting down and abandoning module OpenGLDrv (22)
[2017.12.22-22.14.04:756][573]LogModuleManager: Shutting down and abandoning module D3D11RHI (20)
[2017.12.22-22.14.04:756][573]LogModuleManager: Shutting down and abandoning module AnimGraphRuntime (18)
[2017.12.22-22.14.04:757][573]LogModuleManager: Shutting down and abandoning module Renderer (16)
[2017.12.22-22.14.04:757][573]LogModuleManager: Shutting down and abandoning module Engine (14)
[2017.12.22-22.14.04:757][573]LogModuleManager: Shutting down and abandoning module CoreUObject (12)
[2017.12.22-22.14.04:757][573]LogModuleManager: Shutting down and abandoning module NetworkFile (10)
[2017.12.22-22.14.04:757][573]LogModuleManager: Shutting down and abandoning module CookedIterativeFile (8)
[2017.12.22-22.14.04:757][573]LogModuleManager: Shutting down and abandoning module StreamingFile (6)
[2017.12.22-22.14.04:757][573]LogModuleManager: Shutting down and abandoning module SandboxFile (4)
[2017.12.22-22.14.04:757][573]LogModuleManager: Shutting down and abandoning module PakFile (2)
[2017.12.22-22.14.04:764][573]LogExit: Exiting.
[2017.12.22-22.14.04:803][573]Log file closed, 12/22/17 17:14:04
