Log file open, 12/01/17 00:50:17
LogWindows: Failed to load 'aqProf.dll' (GetLastError=126)
LogWindows: File 'aqProf.dll' does not exist
LogWindows: Failed to load 'VSPerf140.dll' (GetLastError=126)
LogWindows: File 'VSPerf140.dll' does not exist
LogWindows: Failed to load 'VtuneApi.dll' (GetLastError=126)
LogWindows: File 'VtuneApi.dll' does not exist
LogWindows: Failed to load 'VtuneApi32e.dll' (GetLastError=126)
LogWindows: File 'VtuneApi32e.dll' does not exist
LogInit: Display: Running engine for game: CarBlueprints
LogPlatformFile: Not using cached read wrapper
LogInit: Display: RandInit(-2045385061) SRandInit(-2045385061).
LogTaskGraph: Started task graph with 5 named threads and 8 total threads with 3 sets of task threads.
LogStats: Stats thread started at 0.147698
LogD3D11RHI: Aftermath initialized
LogPluginManager: Mounting plugin Paper2D
LogPluginManager: Mounting plugin LightPropagationVolume
LogPluginManager: Mounting plugin CodeLiteSourceCodeAccess
LogPluginManager: Mounting plugin GitSourceControl
LogPluginManager: Mounting plugin KDevelopSourceCodeAccess
LogPluginManager: Mounting plugin NullSourceCodeAccess
LogPluginManager: Mounting plugin PerforceSourceControl
LogPluginManager: Mounting plugin SubversionSourceControl
LogPluginManager: Mounting plugin UObjectPlugin
LogPluginManager: Mounting plugin VisualStudioSourceCodeAccess
LogPluginManager: Mounting plugin XCodeSourceCodeAccess
LogPluginManager: Mounting plugin AssetManagerEditor
LogPluginManager: Mounting plugin AudioCapture
LogPluginManager: Mounting plugin FacialAnimation
LogPluginManager: Mounting plugin GameplayTagsEditor
LogPluginManager: Mounting plugin MobileLauncherProfileWizard
LogPluginManager: Mounting plugin PluginBrowser
LogPluginManager: Mounting plugin SpeedTreeImporter
LogPluginManager: Mounting plugin AlembicImporter
LogPluginManager: Mounting plugin CharacterAI
LogPluginManager: Mounting plugin HTML5Networking
LogPluginManager: Mounting plugin RawInput
LogPluginManager: Mounting plugin AndroidMedia
LogPluginManager: Mounting plugin AvfMedia
LogPluginManager: Mounting plugin MediaPlayerEditor
LogPluginManager: Mounting plugin WmfMedia
LogPluginManager: Mounting plugin TcpMessaging
LogPluginManager: Mounting plugin UdpMessaging
LogPluginManager: Mounting plugin LevelSequenceEditor
LogPluginManager: Mounting plugin MatineeToLevelSequence
LogPluginManager: Mounting plugin OnlineSubsystemGooglePlay
LogPluginManager: Mounting plugin OnlineSubsystemIOS
LogPluginManager: Mounting plugin OnlineSubsystem
LogPluginManager: Mounting plugin OnlineSubsystemNull
LogPluginManager: Mounting plugin OnlineSubsystemUtils
LogPluginManager: Mounting plugin AndroidDeviceProfileSelector
LogPluginManager: Mounting plugin AndroidMoviePlayer
LogPluginManager: Mounting plugin AndroidPermission
LogPluginManager: Mounting plugin AppleMoviePlayer
LogPluginManager: Mounting plugin ArchVisCharacter
LogPluginManager: Mounting plugin CableComponent
LogPluginManager: Mounting plugin CustomMeshComponent
LogPluginManager: Mounting plugin ExampleDeviceProfileSelector
LogPluginManager: Mounting plugin GoogleCloudMessaging
LogPluginManager: Mounting plugin ImmediatePhysics
LogPluginManager: Mounting plugin IOSDeviceProfileSelector
LogPluginManager: Mounting plugin LinuxDeviceProfileSelector
LogPluginManager: Mounting plugin LocationServicesBPLibrary
LogPluginManager: Mounting plugin MobilePatchingUtils
LogPluginManager: Mounting plugin OculusVR
LogPluginManager: Mounting plugin PhysXVehicles
LogPluginManager: Mounting plugin ProceduralMeshComponent
LogPluginManager: Mounting plugin RuntimePhysXCooking
LogPluginManager: Mounting plugin SteamVR
LogPluginManager: Mounting plugin WindowsMoviePlayer
LogInit: Using libcurl 7.47.1
LogInit:  - built for x86_64-pc-win32
LogInit:  - supports SSL with OpenSSL/1.0.2g
LogInit:  - supports HTTP deflate (compression) using libz 1.2.8
LogInit:  - other features:
LogInit:      CURL_VERSION_SSL
LogInit:      CURL_VERSION_LIBZ
LogInit:      CURL_VERSION_IPV6
LogInit:      CURL_VERSION_ASYNCHDNS
LogInit:      CURL_VERSION_LARGEFILE
LogInit:      CURL_VERSION_IDN
LogInit:  CurlRequestOptions (configurable via config and command line):
LogInit:  - bVerifyPeer = false  - Libcurl will NOT verify peer certificate
LogInit:  - bUseHttpProxy = false  - Libcurl will NOT use HTTP proxy
LogInit:  - bDontReuseConnections = false  - Libcurl will reuse connections
LogInit:  - CertBundlePath = nullptr  - Libcurl will use whatever was configured at build time.
LogInit: Build: ++UE4+Release-4.17-CL-3658906
LogInit: Engine Version: 4.17.2-3658906+++UE4+Release-4.17
LogInit: Compatible Engine Version: 4.17.0-3573198+++UE4+Release-4.17
LogInit: Net CL: 3573198
LogDevObjectVersion: Number of dev versions registered: 16
LogDevObjectVersion:   Dev-Blueprints (B0D832E4-1F89-4F0D-ACCF-7EB736FD4AA2): 10
LogDevObjectVersion:   Dev-Build (E1C64328-A22C-4D53-A36C-8E866417BD8C): 0
LogDevObjectVersion:   Dev-Core (375EC13C-06E4-48FB-B500-84F0262A717E): 2
LogDevObjectVersion:   Dev-Editor (E4B068ED-F494-42E9-A231-DA0B2E46BB41): 20
LogDevObjectVersion:   Dev-Framework (CFFC743F-43B0-4480-9391-14DF171D2073): 28
LogDevObjectVersion:   Dev-Mobile (B02B49B5-BB20-44E9-A304-32B752E40360): 0
LogDevObjectVersion:   Dev-Networking (A4E4105C-59A1-49B5-A7C5-40C4547EDFEE): 0
LogDevObjectVersion:   Dev-Online (39C831C9-5AE6-47DC-9A44-9C173E1C8E7C): 0
LogDevObjectVersion:   Dev-Physics (78F01B33-EBEA-4F98-B9B4-84EACCB95AA2): 0
LogDevObjectVersion:   Dev-Platform (6631380F-2D4D-43E0-8009-CF276956A95A): 0
LogDevObjectVersion:   Dev-Rendering (12F88B9F-8875-4AFC-A67C-D90C383ABD29): 19
LogDevObjectVersion:   Dev-Sequencer (7B5AE74C-D270-4C10-A958-57980B212A5A): 4
LogDevObjectVersion:   Dev-VR (D7296918-1DD6-4BDD-9DE2-64A83CC13884): 0
LogDevObjectVersion:   Dev-LoadTimes (C2A15278-BFE7-4AFE-6C17-90FF531DF755): 1
LogDevObjectVersion:   Private-Geometry (6EACA3D4-40EC-4CC1-B786-8BED09428FC5): 1
LogDevObjectVersion:   Dev-AnimPhys (29E575DD-E0A3-4627-9D10-D276232CDCEA): 7
LogInit: Compiled (64-bit): Sep 22 2017 13:47:16
LogInit: Compiled with Visual C++: 19.00.24215.01
LogInit: Build Configuration: Development
LogInit: Branch Name: ++UE4+Release-4.17
LogInit: Command line: 
LogInit: Base directory: C:/Program Files/Epic Games/UE_4.17/Engine/Binaries/Win64/
LogInit: Installed Engine Build: 1
LogInit: Presizing for max 8388607 objects, including 0 objects not considered by GC, pre-allocating 0 bytes for permanent pool.
LogInit: Object subsystem initialized
[2017.12.01-05.50.17:631][  0]LogInit: Selected Device Profile: [Windows]
[2017.12.01-05.50.17:631][  0]LogInit: Applying CVar settings loaded from the selected device profile: [Windows]
[2017.12.01-05.50.17:669][  0]LogInit: Computer: LAPTOP-QGRD1O7A
[2017.12.01-05.50.17:669][  0]LogInit: User: agsch
[2017.12.01-05.50.17:669][  0]LogInit: CPU Page size=4096, Cores=2
[2017.12.01-05.50.17:669][  0]LogInit: High frequency timer resolution =2.835941 MHz
[2017.12.01-05.50.17:669][  0]LogMemory: Memory total: Physical=7.9GB (8GB approx)
[2017.12.01-05.50.17:669][  0]LogMemory: Platform Memory Stats for Windows
[2017.12.01-05.50.17:669][  0]LogMemory: Process Physical Memory: 277.98 MB used, 277.98 MB peak
[2017.12.01-05.50.17:669][  0]LogMemory: Process Virtual Memory: 275.84 MB used, 275.84 MB peak
[2017.12.01-05.50.17:669][  0]LogMemory: Physical Memory: 3613.08 MB used,  4459.46 MB free, 8072.54 MB total
[2017.12.01-05.50.17:669][  0]LogMemory: Virtual Memory: 666.72 MB used,  4459.46 MB free, 134217728.00 MB total
[2017.12.01-05.50.18:254][  0]LogInit: Using OS detected language (en-US).
[2017.12.01-05.50.18:254][  0]LogInit: Using OS detected locale (en-US).
[2017.12.01-05.50.18:322][  0]LogTextLocalizationManager: No specific localization for 'en-US' exists, so the 'en' localization will be used.
[2017.12.01-05.50.21:365][  0]LogD3D11RHI: D3D11 adapters:
[2017.12.01-05.50.21:395][  0]LogD3D11RHI:    0. 'NVIDIA GeForce 940MX' (Feature Level 11_0)
[2017.12.01-05.50.21:395][  0]LogD3D11RHI:       2019/0/4036 MB DedicatedVideo/DedicatedSystem/SharedSystem, Outputs:1, VendorId:0x10de
[2017.12.01-05.50.21:403][  0]LogD3D11RHI:    1. 'Intel(R) HD Graphics 620' (Feature Level 11_0)
[2017.12.01-05.50.21:403][  0]LogD3D11RHI:       128/0/4036 MB DedicatedVideo/DedicatedSystem/SharedSystem, Outputs:0, VendorId:0x8086
[2017.12.01-05.50.21:404][  0]LogD3D11RHI:    2. 'Microsoft Basic Render Driver' (Feature Level 11_0)
[2017.12.01-05.50.21:404][  0]LogD3D11RHI:       0/0/4036 MB DedicatedVideo/DedicatedSystem/SharedSystem, Outputs:0, VendorId:0x1414
[2017.12.01-05.50.21:404][  0]LogD3D11RHI: Chosen D3D11 Adapter: 0
[2017.12.01-05.50.21:409][  0]LogD3D11RHI: Creating new Direct3DDevice
[2017.12.01-05.50.21:409][  0]LogD3D11RHI:     GPU DeviceId: 0x134d (for the marketing name, search the web for "GPU Device Id")
[2017.12.01-05.50.21:409][  0]LogWindows: EnumDisplayDevices:
[2017.12.01-05.50.21:409][  0]LogWindows:    0. 'Intel(R) HD Graphics 620' (P:1 D:1)
[2017.12.01-05.50.21:409][  0]LogWindows:    1. 'Intel(R) HD Graphics 620' (P:0 D:0)
[2017.12.01-05.50.21:409][  0]LogWindows:    2. 'Intel(R) HD Graphics 620' (P:0 D:0)
[2017.12.01-05.50.21:409][  0]LogWindows: DebugString: PrimaryIsNotTheChoosenAdapter PrimaryIsNotTheChoosenAdapter PrimaryIsNotTheChoosenAdapter FoundDriverCount:0 
[2017.12.01-05.50.21:409][  0]LogD3D11RHI:     Adapter Name: NVIDIA GeForce 940MX
[2017.12.01-05.50.21:409][  0]LogD3D11RHI:   Driver Version: Unknown (internal:Unknown, unified:Unknown)
[2017.12.01-05.50.21:409][  0]LogD3D11RHI:      Driver Date: Unknown
[2017.12.01-05.50.21:409][  0]LogRHI: Texture pool is 1361 MB (70% of 1945 MB)
[2017.12.01-05.50.21:422][  0]LogD3D11RHI: Async texture creation enabled
[2017.12.01-05.50.21:438][  0]LogD3D11RHI: GPU Timing Frequency: 1000.000000 (Debug: 2 2)
[2017.12.01-05.50.21:438][  0]LogShaderCompilers: Guid format shader working directory is -23 characters bigger than the processId version (../../../../../../Users/agsch/Documents/Unreal Projects/CarBlueprints/Intermediate/Shaders/WorkingDirectory/9188/).
[2017.12.01-05.50.21:438][  0]LogShaderCompilers: Cleaned the shader compiler working directory 'C:/Users/agsch/AppData/Local/Temp/UnrealShaderWorkingDir/C3DEF5BC45558DE997D392BBF2A9785D/'.
[2017.12.01-05.50.21:438][  0]LogShaderCompilers: Display: Using Local Shader Compiler.
[2017.12.01-05.50.23:374][  0]LogTemp: Display: Loaded TP AllDesktopTargetPlatform
[2017.12.01-05.50.23:416][  0]LogTemp: Display: Loaded TP MacClientTargetPlatform
[2017.12.01-05.50.23:456][  0]LogTemp: Display: Loaded TP MacNoEditorTargetPlatform
[2017.12.01-05.50.23:496][  0]LogTemp: Display: Loaded TP MacServerTargetPlatform
[2017.12.01-05.50.23:541][  0]LogTemp: Display: Loaded TP MacTargetPlatform
[2017.12.01-05.50.23:583][  0]LogTemp: Display: Loaded TP WindowsClientTargetPlatform
[2017.12.01-05.50.23:624][  0]LogTemp: Display: Loaded TP WindowsNoEditorTargetPlatform
[2017.12.01-05.50.23:665][  0]LogTemp: Display: Loaded TP WindowsServerTargetPlatform
[2017.12.01-05.50.23:700][  0]LogTemp: Display: Loaded TP WindowsTargetPlatform
[2017.12.01-05.50.23:746][  0]LogTemp: Display: Loaded TP AndroidTargetPlatform
[2017.12.01-05.50.23:787][  0]LogTemp: Display: Loaded TP Android_ASTCTargetPlatform
[2017.12.01-05.50.23:827][  0]LogTemp: Display: Loaded TP Android_ATCTargetPlatform
[2017.12.01-05.50.23:867][  0]LogTemp: Display: Loaded TP Android_DXTTargetPlatform
[2017.12.01-05.50.23:906][  0]LogTemp: Display: Loaded TP Android_ETC1TargetPlatform
[2017.12.01-05.50.23:945][  0]LogTemp: Display: Loaded TP Android_ETC2TargetPlatform
[2017.12.01-05.50.24:025][  0]LogTemp: Display: Loaded TP Android_MultiTargetPlatform
[2017.12.01-05.50.24:025][  0]LogTemp: Display: Loaded TP Android_PVRTCTargetPlatform
[2017.12.01-05.50.24:056][  0]LogTemp: Display: Loaded TP HTML5TargetPlatform
[2017.12.01-05.50.24:139][  0]LogTemp: Display: Loaded TP IOSTargetPlatform
[2017.12.01-05.50.24:176][  0]LogTemp: Display: Loaded TP TVOSTargetPlatform
[2017.12.01-05.50.24:219][  0]LogTemp: Display: Loaded TP LinuxClientTargetPlatform
[2017.12.01-05.50.24:258][  0]LogTemp: Display: Loaded TP LinuxNoEditorTargetPlatform
[2017.12.01-05.50.24:298][  0]LogTemp: Display: Loaded TP LinuxServerTargetPlatform
[2017.12.01-05.50.24:343][  0]LogTemp: Display: Loaded TP LinuxTargetPlatform
[2017.12.01-05.50.24:343][  0]LogTargetPlatformManager: Display: Building Assets For Windows
[2017.12.01-05.50.24:797][  0]LogDerivedDataCache: Display: Max Cache Size: 512 MB
[2017.12.01-05.50.25:181][  0]LogDerivedDataCache: Loaded boot cache 0.38s 93MB C:/Users/agsch/AppData/Local/UnrealEngine/4.17/DerivedDataCache/Boot.ddc.
[2017.12.01-05.50.25:181][  0]LogDerivedDataCache: Display: Loaded Boot cache: C:/Users/agsch/AppData/Local/UnrealEngine/4.17/DerivedDataCache/Boot.ddc
[2017.12.01-05.50.25:181][  0]LogDerivedDataCache: FDerivedDataBackendGraph:  Pak pak cache file ../../../../../../Users/agsch/Documents/Unreal Projects/CarBlueprints/DerivedDataCache/DDC.ddp not found, will not use a pak cache.
[2017.12.01-05.50.25:181][  0]LogDerivedDataCache: Unable to find inner node Pak for hierarchical cache Hierarchy.
[2017.12.01-05.50.25:182][  0]LogDerivedDataCache: FDerivedDataBackendGraph:  CompressedPak pak cache file ../../../../../../Users/agsch/Documents/Unreal Projects/CarBlueprints/DerivedDataCache/Compressed.ddp not found, will not use a pak cache.
[2017.12.01-05.50.25:182][  0]LogDerivedDataCache: Unable to find inner node CompressedPak for hierarchical cache Hierarchy.
[2017.12.01-05.50.25:196][  0]LogDerivedDataCache: Display: Pak cache opened for reading ../../../Engine/DerivedDataCache/Compressed.ddp.
[2017.12.01-05.50.25:208][  0]LogDerivedDataCache: Using Local data cache path C:/Users/agsch/AppData/Local/UnrealEngine/Common/DerivedDataCache: Writable
[2017.12.01-05.50.25:218][  0]LogMaterial: Verifying Global Shaders for PCD3D_SM5
[2017.12.01-05.50.25:218][  0]LogSlate: Using Freetype 2.6.0
[2017.12.01-05.50.25:235][  0]LogSlate: SlateFontCache - WITH_FREETYPE: 1, WITH_HARFBUZZ: 1
[2017.12.01-05.50.25:235][  0]LogSlate: SlateFontCache - WITH_FREETYPE: 1, WITH_HARFBUZZ: 1
[2017.12.01-05.50.26:098][  0]LogAssetRegistry: FAssetRegistry took 0.0255 seconds to start up
[2017.12.01-05.50.26:203][  0]LogInit: Selected Device Profile: [Windows]
[2017.12.01-05.50.26:538][  0]LogSimplygon: Simplygon DLL not present - disabling.
[2017.12.01-05.50.26:571][  0]LogMeshReduction: Using SimplygonSwarm for distributed automatic mesh merging
[2017.12.01-05.50.26:571][  0]LogMeshReduction: Using QuadricMeshReduction for automatic static mesh reduction
[2017.12.01-05.50.26:571][  0]LogMeshReduction: No automatic skeletal mesh reduction module available
[2017.12.01-05.50.26:571][  0]LogMeshReduction: No automatic mesh merging module available
[2017.12.01-05.50.26:571][  0]LogMeshMerging: No automatic mesh merging module available
[2017.12.01-05.50.26:572][  0]LogContentStreaming: Texture pool size is 0.00 MB
[2017.12.01-05.50.26:964][  0]LogNetVersion: CarBlueprints , NetCL: 3573198, EngineNetVer: 2, GameNetVer: 0 (Checksum: 3571599761)
[2017.12.01-05.50.27:177][  0]LogPackageLocalizationCache: Processed 5 localized package path(s) for 2 prioritized culture(s) in 0.059428 seconds
[2017.12.01-05.50.27:182][  0]LogUObjectArray: 35825 objects as part of root set at end of initial load.
[2017.12.01-05.50.27:182][  0]LogUObjectAllocator: 7529104 out of 0 bytes used by permanent object pool.
[2017.12.01-05.50.27:182][  0]LogUObjectArray: CloseDisregardForGC: 0/0 objects in disregard for GC pool
[2017.12.01-05.50.27:232][  0]LogInit: WinSock: version 1.1 (2.2), MaxSocks=32767, MaxUdp=65467
[2017.12.01-05.50.32:498][  0]LogTcpMessaging: Initializing TcpMessaging bridge
[2017.12.01-05.50.32:532][  0]LogUdpMessaging: Initializing bridge on interface 0.0.0.0:0 to multicast group 230.0.0.1:6666.
[2017.12.01-05.50.33:125][  0]LogMaterial: Uniform references updated for custom material expression Custom.
[2017.12.01-05.50.33:455][  0]SourceControl: Source control is disabled
[2017.12.01-05.50.33:455][  0]SourceControl: Source control is disabled
[2017.12.01-05.50.33:495][  0]SourceControl: Source control is disabled
[2017.12.01-05.50.33:533][  0]SourceControl: Source control is disabled
[2017.12.01-05.50.34:085][  0]LogAndroidPermission: UAndroidPermissionCallbackProxy::GetInstance
[2017.12.01-05.50.34:276][  0]LogOcInput: OculusInput pre-init called
[2017.12.01-05.50.34:494][  0]LogEngine: Initializing Engine...
[2017.12.01-05.50.34:496][  0]LogHMD: Failed to initialize OpenVR with code 110
[2017.12.01-05.50.34:716][  0]LogStats: UGameplayTagsManager::ConstructGameplayTagTree: Construct from data asset -  0.000 s
[2017.12.01-05.50.34:716][  0]LogStats: UGameplayTagsManager::ConstructGameplayTagTree: GameplayTagTreeChangedEvent.Broadcast -  0.000 s
[2017.12.01-05.50.34:846][  0]LogAIModule: Creating AISystem for world Untitled
[2017.12.01-05.50.34:855][  0]LogInit: XAudio2 using 'Speakers (Realtek High Definition Audio)' : 2 channels at 48 kHz using 32 bits per sample (channel mask 0x3)
[2017.12.01-05.50.35:106][  0]LogInit: FAudioDevice initialized.
[2017.12.01-05.50.35:208][  0]LogDerivedDataCache: Saved boot cache 0.10s 93MB C:/Users/agsch/AppData/Local/UnrealEngine/4.17/DerivedDataCache/Boot.ddc.
[2017.12.01-05.50.35:227][  0]LogInit: Texture streaming: Enabled
[2017.12.01-05.50.35:321][  0]LogEngineSessionManager: EngineSessionManager initialized
[2017.12.01-05.50.35:515][  0]LogInit: Transaction tracking system initialized
[2017.12.01-05.50.35:761][  0]BlueprintLog: New page: Editor Load
[2017.12.01-05.50.36:491][  0]LocalizationService: Localization service is disabled
[2017.12.01-05.50.37:055][  0]LogConsoleResponse: Display: 
[2017.12.01-05.50.37:247][  0]LogCook: Display: Max memory allowance for cook 16384mb min free memory 0mb
[2017.12.01-05.50.37:247][  0]LogCook: Display: Mobile HDR setting 1
[2017.12.01-05.50.37:247][  0]LogGameplayTags: Display: UGameplayTagsManager::DoneAddingNativeTags. DelegateIsBound: 0
[2017.12.01-05.50.37:819][  0]LogFileCache: Scanning file cache for directory 'C:/Users/agsch/Documents/Unreal Projects/CarBlueprints/Content/' took 0.02s
[2017.12.01-05.50.38:145][  0]SourceControl: Source control is disabled
[2017.12.01-05.50.38:145][  0]Cmd: MAP LOAD FILE="../../../../../../Users/agsch/Documents/Unreal Projects/CarBlueprints/Content/VehicleAdvBP/Maps/VehicleAdvExampleMap.umap" TEMPLATE=0 SHOWPROGRESS=1 FEATURELEVEL=3
[2017.12.01-05.50.38:146][  0]LightingResults: New page: Lighting Build
[2017.12.01-05.50.38:177][  0]MapCheck: New page: Map Check
[2017.12.01-05.50.38:177][  0]LightingResults: New page: Lighting Build
[2017.12.01-05.50.39:019][  0]LogAIModule: Creating AISystem for world VehicleAdvExampleMap
[2017.12.01-05.50.39:167][  0]LogEditorServer: Finished looking for orphan Actors (0.000 secs)
[2017.12.01-05.50.39:198][  0]Cmd: MAP CHECKDEP NOCLEARLOG
[2017.12.01-05.50.39:239][  0]MapCheck: Map check complete: 0 Error(s), 0 Warning(s), took 40.989ms to complete.
[2017.12.01-05.50.39:239][  0]LogFileHelpers: Loading map 'VehicleAdvExampleMap' took 1.094
[2017.12.01-05.50.39:404][  0]LogCollectionManager: Loaded 0 collections in 0.001294 seconds
[2017.12.01-05.50.39:476][  0]LogFileCache: Scanning file cache for directory 'C:/Users/agsch/Documents/Unreal Projects/CarBlueprints/Saved/Collections/' took 0.01s
[2017.12.01-05.50.39:476][  0]LogFileCache: Scanning file cache for directory 'C:/Users/agsch/Documents/Unreal Projects/CarBlueprints/Content/Developers/agsch/Collections/' took 0.01s
[2017.12.01-05.50.39:476][  0]LogFileCache: Scanning file cache for directory 'C:/Users/agsch/Documents/Unreal Projects/CarBlueprints/Content/Collections/' took 0.01s
[2017.12.01-05.50.39:476][  0]LogCollectionManager: Rebuilt the GUID cache for 0 collections in 0.000001 seconds
[2017.12.01-05.50.39:484][  0]LogContentBrowser: Native class hierarchy populated in 0.0075 seconds. Added 2388 classes and 503 folders.
[2017.12.01-05.50.39:534][  0]LogContentBrowser: Native class hierarchy updated for 'WidgetCarousel' in 0.0006 seconds. Added 0 classes and 0 folders.
[2017.12.01-05.50.40:070][  0]LogContentBrowser: Native class hierarchy updated for 'AddContentDialog' in 0.0006 seconds. Added 0 classes and 0 folders.
[2017.12.01-05.50.40:105][  0]LogContentBrowser: Native class hierarchy updated for 'SceneOutliner' in 0.0006 seconds. Added 1 classes and 2 folders.
[2017.12.01-05.50.40:140][  0]LogSlate: Took 0.009049 seconds to synchronously load lazily loaded font '../../../Engine/Content/Slate/Fonts/Roboto-Regular.ttf' (155K)
[2017.12.01-05.50.40:149][  0]LogSlate: Took 0.007140 seconds to synchronously load lazily loaded font '../../../Engine/Content/Slate/Fonts/Roboto-Bold.ttf' (160K)
[2017.12.01-05.50.40:159][  0]LogSlate: Took 0.005290 seconds to synchronously load lazily loaded font '../../../Engine/Content/Editor/Slate/Fonts/FontAwesome.ttf' (139K)
[2017.12.01-05.50.40:297][  0]LogRenderer: Reallocating scene render targets to support 1208x576 Format 10 NumSamples 1 (Frame:1).
[2017.12.01-05.50.40:660][  0]LogContentBrowser: Native class hierarchy updated for 'HierarchicalLODOutliner' in 0.0006 seconds. Added 1 classes and 2 folders.
[2017.12.01-05.50.40:660][  0]LogLoad: (Engine Initialization) Total time: 25.21 seconds
[2017.12.01-05.50.40:660][  0]LogLoad: (Engine Initialization) Total Blueprint compile time: 0.00 seconds
[2017.12.01-05.50.40:660][  0]LogExternalProfiler: No external profilers were discovered.  External profiling features will not be available.
[2017.12.01-05.50.40:680][  0]LogRawInputWindows: Warning: Found device 0 devices
[2017.12.01-05.50.40:680][  0]LogRawInputWindows: Warning: Found device 0 devices
[2017.12.01-05.50.40:680][  0]LogRawInputWindows: Warning: Device was registered succesfully but not connected (Usage:4 UsagePage:1
[2017.12.01-05.50.40:680][  0]LogRawInputWindows: Warning: Found device 1 devices
[2017.12.01-05.50.40:680][  0]LogRawInputWindows: Warning: Device was registered succesfully but not connected (Usage:5 UsagePage:1
[2017.12.01-05.50.40:696][  0]LogAssetRegistry: Asset discovery search completed in 14.6201 seconds
[2017.12.01-05.50.40:698][  0]LogCollectionManager: Rebuilt the object cache for 0 collections in 0.000000 seconds (found 0 objects)
[2017.12.01-05.50.40:698][  0]LogCollectionManager: Fixed up redirectors for 0 collections in 0.000038 seconds (updated 0 objects)
[2017.12.01-05.50.40:699][  0]LogContentStreaming: Texture pool size now 1000 MB
[2017.12.01-05.50.40:730][  0]LogSlate: Took 0.007200 seconds to synchronously load lazily loaded font '../../../Engine/Content/Slate/Fonts/Roboto-Light.ttf' (159K)
[2017.12.01-05.50.52:617][532]LogTemp: Repeating last play command: Selected Viewport
[2017.12.01-05.50.52:661][532]LogPlayLevel: PlayLevel: No blueprints needed recompiling
[2017.12.01-05.50.52:661][532]PIE: New page: PIE session: VehicleAdvExampleMap (Nov 30, 2017, 7:50:52 PM)
[2017.12.01-05.50.52:661][532]LogPlayLevel: Creating play world package: /Game/VehicleAdvBP/Maps/UEDPIE_0_VehicleAdvExampleMap
[2017.12.01-05.50.52:683][532]LogPlayLevel: PIE: StaticDuplicateObject took: (0.021850s)
[2017.12.01-05.50.52:684][532]LogAIModule: Creating AISystem for world VehicleAdvExampleMap
[2017.12.01-05.50.52:684][532]LogPlayLevel: PIE: World Init took: (0.000743s)
[2017.12.01-05.50.52:684][532]LogPlayLevel: PIE: Created PIE world by copying editor world from /Game/VehicleAdvBP/Maps/VehicleAdvExampleMap.VehicleAdvExampleMap to /Game/VehicleAdvBP/Maps/UEDPIE_0_VehicleAdvExampleMap.VehicleAdvExampleMap (0.022895s)
[2017.12.01-05.50.52:698][532]LogInit: XAudio2 using 'Speakers (Realtek High Definition Audio)' : 2 channels at 48 kHz using 32 bits per sample (channel mask 0x3)
[2017.12.01-05.50.52:722][532]LogInit: FAudioDevice initialized.
[2017.12.01-05.50.52:770][532]LogLoad: Game class is 'VehicleAdvGameMode_C'
[2017.12.01-05.50.52:776][532]LogWorld: Bringing World /Game/VehicleAdvBP/Maps/UEDPIE_0_VehicleAdvExampleMap.VehicleAdvExampleMap up for play (max tick rate 60) at 2017.12.01-00.50.52
[2017.12.01-05.50.52:776][532]LogWorld: Bringing up level for play took: 0.004884
[2017.12.01-05.50.52:809][532]LogContentBrowser: Native class hierarchy updated for 'MovieSceneCapture' in 0.0006 seconds. Added 11 classes and 0 folders.
[2017.12.01-05.50.52:809][532]PIE: Play in editor start time for /Game/VehicleAdvBP/Maps/UEDPIE_0_VehicleAdvExampleMap -0.26
[2017.12.01-05.55.14:122][857]LogLinker: Warning: Can't find file '/Game/Blueprints/HUD'
[2017.12.01-05.55.14:123][857]LogLinker: Warning: Can't find file '/Game/Blueprints/HUD'
[2017.12.01-05.55.14:123][857]LogUObjectGlobals: Warning: Failed to find object 'Object /Game/Blueprints/HUD.HUD'
[2017.12.01-05.55.26:100][315]LogSlate: Took 0.000117 seconds to synchronously load lazily loaded font '../../../Engine/Content/Slate/Fonts/Roboto-Light.ttf' (159K)
[2017.12.01-05.57.40:524][680]LogContentBrowser: Native class hierarchy updated for 'BlueprintGraph' in 0.0009 seconds. Added 113 classes and 0 folders.
[2017.12.01-05.57.41:075][680]LogSlate: Took 0.000117 seconds to synchronously load lazily loaded font '../../../Engine/Content/Slate/Fonts/Roboto-Regular.ttf' (155K)
[2017.12.01-05.57.41:132][680]LogSlate: Took 0.000165 seconds to synchronously load lazily loaded font '../../../Engine/Content/Editor/Slate/Fonts/Roboto-BoldCondensed.ttf' (158K)
[2017.12.01-05.57.41:285][681]LogSlate: Took 0.000233 seconds to synchronously load lazily loaded font '../../../Engine/Content/Editor/Slate/Fonts/Roboto-Italic.ttf' (157K)
[2017.12.01-05.57.43:572][758]LogRenderer: Reallocating scene render targets to support 1208x712 Format 10 NumSamples 1 (Frame:1).
[2017.12.01-05.58.02:085][347]LogLinker: Warning: Can't find file '/Game/Blueprints/BP_MyCarProjectPawn'
[2017.12.01-05.58.02:085][347]LogLinker: Warning: Can't find file for asset '/Game/Blueprints/BP_MyCarProjectPawn' while loading ../../../../../../Users/agsch/Documents/Unreal Projects/CarBlueprints/Content/VehicleAdvBP/Blueprints/HUD.uasset.
[2017.12.01-05.58.02:085][347]LoadErrors: Error: /Game/VehicleAdvBP/Blueprints/HUD : Can't find file for asset. /Game/Blueprints/BP_MyCarProjectPawn
[2017.12.01-05.58.02:085][347]LogLinker: Warning: Can't find file '/Script/CarProject'
[2017.12.01-05.58.02:085][347]LogLinker: Warning: Can't find file for asset '/Script/CarProject' while loading ../../../../../../Users/agsch/Documents/Unreal Projects/CarBlueprints/Content/VehicleAdvBP/Blueprints/HUD.uasset.
[2017.12.01-05.58.02:085][347]LoadErrors: Error: /Game/VehicleAdvBP/Blueprints/HUD : Can't find file for asset. /Script/CarProject
[2017.12.01-05.58.02:086][347]LogLinker: Warning: Can't find file '/Script/CarProject'
[2017.12.01-05.58.02:086][347]LogLinker: Warning: Can't find file for asset '/Script/CarProject' while loading ../../../../../../Users/agsch/Documents/Unreal Projects/CarBlueprints/Content/VehicleAdvBP/Blueprints/HUD.uasset.
[2017.12.01-05.58.02:086][347]LogLinker: Warning: Can't find file '/Game/Blueprints/BP_MyCarProjectPawn'
[2017.12.01-05.58.02:086][347]LogLinker: Warning: Can't find file for asset '/Game/Blueprints/BP_MyCarProjectPawn' while loading ../../../../../../Users/agsch/Documents/Unreal Projects/CarBlueprints/Content/VehicleAdvBP/Blueprints/HUD.uasset.
[2017.12.01-05.58.02:086][347]LogLinker: Warning: Can't find file '/Game/Models/crosshair'
[2017.12.01-05.58.02:086][347]LogLinker: Warning: Can't find file for asset '/Game/Models/crosshair' while loading ../../../../../../Users/agsch/Documents/Unreal Projects/CarBlueprints/Content/VehicleAdvBP/Blueprints/HUD.uasset.
[2017.12.01-05.58.02:087][347]LoadErrors: Error: /Game/VehicleAdvBP/Blueprints/HUD : Can't find file for asset. /Game/Models/crosshair
[2017.12.01-05.58.02:087][347]LogLinker: Warning: Can't find file '/Script/CarProject'
[2017.12.01-05.58.02:087][347]LogLinker: Warning: Can't find file for asset '/Script/CarProject' while loading ../../../../../../Users/agsch/Documents/Unreal Projects/CarBlueprints/Content/VehicleAdvBP/Blueprints/HUD.uasset.
[2017.12.01-05.58.02:087][347]LogLinker: Warning: Can't find file '/Game/Models/crosshair'
[2017.12.01-05.58.02:087][347]LogLinker: Warning: Can't find file for asset '/Game/Models/crosshair' while loading ../../../../../../Users/agsch/Documents/Unreal Projects/CarBlueprints/Content/VehicleAdvBP/Blueprints/HUD.uasset.
[2017.12.01-05.58.02:089][347]LogLinker: Warning: Can't find file '/Game/Blueprints/BP_MyCarProjectPawn'
[2017.12.01-05.58.02:089][347]LogLinker: Warning: Can't find file for asset '/Game/Blueprints/BP_MyCarProjectPawn' while loading NULL.
[2017.12.01-05.58.02:089][347]LogLinker: Warning: Can't find file '/Game/Blueprints/BP_MyCarProjectPawn'
[2017.12.01-05.58.02:089][347]LogLinker: Warning: Can't find file for asset '/Game/Blueprints/BP_MyCarProjectPawn' while loading NULL.
[2017.12.01-05.58.02:089][347]LogLinker: Warning: Can't find file '/Script/CarProject'
[2017.12.01-05.58.02:089][347]LogLinker: Warning: Can't find file for asset '/Script/CarProject' while loading NULL.
[2017.12.01-05.58.02:089][347]LogLinker: Warning: Can't find file '/Script/CarProject'
[2017.12.01-05.58.02:089][347]LogLinker: Warning: Can't find file for asset '/Script/CarProject' while loading NULL.
[2017.12.01-05.58.02:089][347]LogLinker: Warning: Can't find file '/Game/Blueprints/BP_MyCarProjectPawn'
[2017.12.01-05.58.02:089][347]LogLinker: Warning: Can't find file for asset '/Game/Blueprints/BP_MyCarProjectPawn' while loading NULL.
[2017.12.01-05.58.02:089][347]LogLinker: Warning: Can't find file '/Game/Models/crosshair'
[2017.12.01-05.58.02:089][347]LogLinker: Warning: Can't find file for asset '/Game/Models/crosshair' while loading NULL.
[2017.12.01-05.58.02:090][347]LogLinker: Warning: Can't find file '/Script/CarProject'
[2017.12.01-05.58.02:090][347]LogLinker: Warning: Can't find file for asset '/Script/CarProject' while loading NULL.
[2017.12.01-05.58.02:090][347]LogLinker: Warning: Can't find file '/Game/Models/crosshair'
[2017.12.01-05.58.02:090][347]LogLinker: Warning: Can't find file for asset '/Game/Models/crosshair' while loading NULL.
[2017.12.01-05.58.02:090][347]LogLinker: Warning: Can't find file '/Game/Blueprints/BP_MyCarProjectPawn'
[2017.12.01-05.58.02:090][347]LoadErrors: Failed to load /Game/Blueprints/BP_MyCarProjectPawn.BP_MyCarProjectPawn_C Referenced by HUD
[2017.12.01-05.58.02:090][347]LogLinker: Warning: Can't find file for asset '/Game/Blueprints/BP_MyCarProjectPawn' while loading NULL.
[2017.12.01-05.58.02:091][347]LogLinker: Warning: Can't find file '/Game/Models/crosshair'
[2017.12.01-05.58.02:091][347]LoadErrors: Failed to load /Game/Models/crosshair.crosshair Referenced by Crosshairs
[2017.12.01-05.58.02:091][347]LogLinker: Warning: Can't find file for asset '/Game/Models/crosshair' while loading NULL.
[2017.12.01-05.58.02:091][347]LogLinker: Warning: Can't find file '/Game/Blueprints/BP_MyCarProjectPawn'
[2017.12.01-05.58.02:091][347]LoadErrors: Failed to load /Game/Blueprints/BP_MyCarProjectPawn.BP_MyCarProjectPawn_C Referenced by K2Node_DynamicCast_1
[2017.12.01-05.58.02:091][347]LogLinker: Warning: Can't find file for asset '/Game/Blueprints/BP_MyCarProjectPawn' while loading NULL.
[2017.12.01-05.58.02:092][347]LogLinker: Warning: Can't find file '/Game/Blueprints/BP_MyCarProjectPawn'
[2017.12.01-05.58.02:092][347]LogLinker: Warning: Can't find file for asset '/Game/Blueprints/BP_MyCarProjectPawn' while loading NULL.
[2017.12.01-05.58.02:092][347]LogLinker: Warning: Can't find file '/Game/Blueprints/BP_MyCarProjectPawn'
[2017.12.01-05.58.02:092][347]LoadErrors: Failed to load /Game/Blueprints/BP_MyCarProjectPawn.BP_MyCarProjectPawn_C Referenced by K2Node_VariableSet_32
[2017.12.01-05.58.02:092][347]LogLinker: Warning: Can't find file for asset '/Game/Blueprints/BP_MyCarProjectPawn' while loading NULL.
[2017.12.01-05.58.02:092][347]LogLinker: Warning: Can't find file '/Game/Blueprints/BP_MyCarProjectPawn'
[2017.12.01-05.58.02:092][347]LogLinker: Warning: Can't find file for asset '/Game/Blueprints/BP_MyCarProjectPawn' while loading NULL.
[2017.12.01-05.58.02:093][347]LogLinker: Warning: Can't find file '/Game/Blueprints/BP_MyCarProjectPawn'
[2017.12.01-05.58.02:093][347]LoadErrors: Failed to load /Game/Blueprints/BP_MyCarProjectPawn.BP_MyCarProjectPawn_C Referenced by K2Node_DynamicCast_0
[2017.12.01-05.58.02:093][347]LogLinker: Warning: Can't find file for asset '/Game/Blueprints/BP_MyCarProjectPawn' while loading NULL.
[2017.12.01-05.58.02:094][347]LogLinker: Warning: Can't find file '/Game/Blueprints/BP_MyCarProjectPawn'
[2017.12.01-05.58.02:094][347]LogLinker: Warning: Can't find file for asset '/Game/Blueprints/BP_MyCarProjectPawn' while loading NULL.
[2017.12.01-05.58.02:095][347]LogLinker: Warning: Can't find file '/Script/CarProject'
[2017.12.01-05.58.02:095][347]LoadErrors: Failed to load /Script/CarProject.CarProjectPawn Referenced by K2Node_VariableGet_0
[2017.12.01-05.58.02:095][347]LogLinker: Warning: Can't find file for asset '/Script/CarProject' while loading NULL.
[2017.12.01-05.58.02:095][347]LogLinker: Warning: Can't find file '/Script/CarProject'
[2017.12.01-05.58.02:095][347]LogLinker: Warning: Can't find file for asset '/Script/CarProject' while loading NULL.
[2017.12.01-05.58.02:096][347]LogBlueprint: Warning: [HUD] 'Health' variable not found. Base class was probably changed.
[2017.12.01-05.58.02:097][347]LogBlueprint: Error: [Compiler HUD] In use pin  My Character  no longer exists on this node. Please refresh node or break links to remove pin.
[2017.12.01-05.58.02:097][347]LogBlueprint: Error: [Compiler HUD] Can't connect pins  Return Value  and  Object : This cast has an invalid target type (was the class deleted without a redirect?).
[2017.12.01-05.58.02:097][347]LogBlueprint: Error: [Compiler HUD] Can't connect pins  Object  and  Return Value : This cast has an invalid target type (was the class deleted without a redirect?).
[2017.12.01-05.58.02:097][347]LogBlueprint: Error: [Compiler HUD] In use pin  As BP My Car Project Pawn  no longer exists on this node. Please refresh node or break links to remove pin.
[2017.12.01-05.58.02:098][347]LogBlueprint: Error: [Compiler HUD] Can't connect pins  Object  and  Return Value : This cast has an invalid target type (was the class deleted without a redirect?).
[2017.12.01-05.58.02:098][347]LogBlueprint: Error: [Compiler HUD] In use pin  As BP My Car Project Pawn  no longer exists on this node. Please refresh node or break links to remove pin.
[2017.12.01-05.58.02:098][347]LogBlueprint: Warning: [Compiler HUD] Could not find a variable named "Health" in 'HUD'.
Make sure 'HUD' has been compiled for  Get Health
[2017.12.01-05.58.02:098][347]LogBlueprint: Error: [Compiler HUD] Can't connect pins  Return Value  and  Object : This cast has an invalid target type (was the class deleted without a redirect?).
[2017.12.01-05.58.02:099][347]LogBlueprint: Warning: [Compiler HUD] [0466.65] Compile of HUD failed. 7 Fatal Issue(s) 1 Warning(s) [in 3 ms] (/Game/VehicleAdvBP/Blueprints/HUD.HUD)
[2017.12.01-05.58.02:410][347]LogSlate: Took 0.000196 seconds to synchronously load lazily loaded font '../../../Engine/Content/Slate/Fonts/Roboto-Light.ttf' (159K)
[2017.12.01-06.01.35:536][626]LogBlueprint: Warning: [Compiler ] Pasted node  CustomEvent   conflicted with  Event BeginPlay  and was replaced as a Custom Event!
[2017.12.01-06.01.35:552][626]LogLinker: Can't find file '/Game/Blueprints/BP_MyCarProjectPawn'
[2017.12.01-06.01.35:553][626]LogLinker: Can't find file '/Game/Blueprints/MyCarProjectGameMode_Bp'
[2017.12.01-06.01.35:553][626]LogLinker: Can't find file '/Game/Blueprints/MyCarProjectGameMode_Bp'
[2017.12.01-06.01.35:553][626]LogProperty: Warning: ClassProperty /Script/BlueprintGraph.K2Node_DynamicCast:TargetType: unresolved reference to 'BlueprintGeneratedClass'/Game/Blueprints/MyCarProjectGameMode_Bp.MyCarProjectGameMode_Bp_C''
[2017.12.01-06.01.35:554][626]LogProperty: Warning: ObjectProperty /Script/Engine.MemberReference:MemberParent: unresolved reference to 'BlueprintGeneratedClass'/Game/Blueprints/MyCarProjectGameMode_Bp.MyCarProjectGameMode_Bp_C',MemberName="Spawn",MemberGuid=A44910664806E16FB981D5A998767E66)'
[2017.12.01-06.01.35:568][626]LogBlueprint: Warning: [VehicleBlueprint] 'HUD Reference' variable not found. Base class was probably changed.
[2017.12.01-06.01.35:568][626]LogBlueprint: Warning: [VehicleBlueprint] 'HUD Reference' variable not found. Base class was probably changed.
[2017.12.01-06.01.35:568][626]LogBlueprint: Warning: [VehicleBlueprint] 'Spawn' variable not found. Base class was probably changed.
[2017.12.01-06.01.35:568][626]LogBlueprint: Warning: [VehicleBlueprint] 'Spawn' variable not found. Base class was probably changed.
[2017.12.01-06.01.52:275][169]LogEditorTransaction: Undo Move Node
[2017.12.01-06.01.54:252][231]LogEditorTransaction: Undo Paste clipboard contents
[2017.12.01-06.06.41:772][461]BlueprintLog: New page: Compile VehicleBlueprint
[2017.12.01-06.06.41:863][461]LogBlueprint: Error: [Compiler VehicleBlueprint] Spawn node  Create Widget  must have a class specified.
[2017.12.01-06.06.41:865][461]LogBlueprint: Warning: [Compiler VehicleBlueprint] 'Vehicle Blueprint' does not inherit from 'Game Mode Base' ( Cast To VehicleBlueprint  would always fail).
[2017.12.01-06.06.41:865][461]LogBlueprint: Warning: [Compiler VehicleBlueprint] Could not find a variable named "Spawn" in 'VehicleBlueprint'.
Make sure 'VehicleBlueprint' has been compiled for  Set Spawn
[2017.12.01-06.06.41:865][461]LogBlueprint: Warning: [Compiler VehicleBlueprint] Could not find a variable named "HUD Reference" in 'VehicleBlueprint_C'.
Make sure 'VehicleBlueprint_C' has been compiled for  Set HUD Reference
[2017.12.01-06.06.41:865][461]LogBlueprint: Error: [Compiler VehicleBlueprint] In use pin  Return Value  no longer exists on this node. Please refresh node or break links to remove pin.
[2017.12.01-06.06.42:256][461]LogBlueprint: Warning: [Compiler VehicleBlueprint] [0986.81] Compile of VehicleBlueprint failed. 2 Fatal Issue(s) 3 Warning(s) [in 483 ms] (/Game/VehicleAdvBP/Blueprints/VehicleBlueprint.VehicleBlueprint)
[2017.12.01-06.06.44:169][512]LogSavePackage: Save=183.41ms
[2017.12.01-06.06.44:169][512]LogSavePackage: Moving '../../../../../../Users/agsch/Documents/Unreal Projects/CarBlueprints/Saved/VehicleBlueprint1EF2C73C4FDFFB8F1299399B97489008.tmp' to '../../../../../../Users/agsch/Documents/Unreal Projects/CarBlueprints/Content/VehicleAdvBP/Blueprints/VehicleBlueprint.uasset'
[2017.12.01-06.06.44:173][512]LogSavePackage: Display: Finished SavePackage ../../../../../../Users/agsch/Documents/Unreal Projects/CarBlueprints/Content/VehicleAdvBP/Blueprints/VehicleBlueprint.uasset
[2017.12.01-06.07.22:114][750]BlueprintLog: New page: Compile HUD
[2017.12.01-06.07.22:123][750]LogBlueprint: Error: [Compiler HUD] In use pin  My Character  no longer exists on this node. Please refresh node or break links to remove pin.
[2017.12.01-06.07.22:124][750]LogBlueprint: Error: [Compiler HUD] Can't connect pins  Return Value  and  Object : This cast has an invalid target type (was the class deleted without a redirect?).
[2017.12.01-06.07.22:124][750]LogBlueprint: Error: [Compiler HUD] Can't connect pins  Object  and  Return Value : This cast has an invalid target type (was the class deleted without a redirect?).
[2017.12.01-06.07.22:124][750]LogBlueprint: Error: [Compiler HUD] In use pin  As BP My Car Project Pawn  no longer exists on this node. Please refresh node or break links to remove pin.
[2017.12.01-06.07.22:124][750]LogBlueprint: Error: [Compiler HUD] Can't connect pins  Object  and  Return Value : This cast has an invalid target type (was the class deleted without a redirect?).
[2017.12.01-06.07.22:124][750]LogBlueprint: Error: [Compiler HUD] In use pin  As BP My Car Project Pawn  no longer exists on this node. Please refresh node or break links to remove pin.
[2017.12.01-06.07.22:124][750]LogBlueprint: Warning: [Compiler HUD] Could not find a variable named "Health" in 'HUD'.
Make sure 'HUD' has been compiled for  Get Health
[2017.12.01-06.07.22:124][750]LogBlueprint: Error: [Compiler HUD] Can't connect pins  Return Value  and  Object : This cast has an invalid target type (was the class deleted without a redirect?).
[2017.12.01-06.07.22:125][750]LogBlueprint: Error: [Compiler HUD] Binding: Property ' PercentDelegate ' on Widget ' ProgressBar_0 ': Binding: 'GetPercent_0' : 'GetPercent_0' was not found on 'HUD'.
[2017.12.01-06.07.22:149][750]LogBlueprint: Warning: [Compiler HUD] [1026.70] Compile of HUD failed. 8 Fatal Issue(s) 1 Warning(s) [in 34 ms] (/Game/VehicleAdvBP/Blueprints/HUD.HUD)
[2017.12.01-06.07.35:064][ 63]LogSlate: Took 0.083980 seconds to synchronously load lazily loaded font '../../../Engine/Content/Slate/Fonts/DroidSansFallback.ttf' (3848K)
[2017.12.01-06.08.23:785][159]BlueprintLog: New page: Compile HUD
[2017.12.01-06.08.23:793][159]LogBlueprint: Error: [Compiler HUD] In use pin  My Character  no longer exists on this node. Please refresh node or break links to remove pin.
[2017.12.01-06.08.23:793][159]LogBlueprint: Error: [Compiler HUD] Can't connect pins  Return Value  and  Object : This cast has an invalid target type (was the class deleted without a redirect?).
[2017.12.01-06.08.23:793][159]LogBlueprint: Error: [Compiler HUD] Can't connect pins  Object  and  Return Value : This cast has an invalid target type (was the class deleted without a redirect?).
[2017.12.01-06.08.23:794][159]LogBlueprint: Error: [Compiler HUD] In use pin  As BP My Car Project Pawn  no longer exists on this node. Please refresh node or break links to remove pin.
[2017.12.01-06.08.23:794][159]LogBlueprint: Error: [Compiler HUD] Can't connect pins  Object  and  Return Value : This cast has an invalid target type (was the class deleted without a redirect?).
[2017.12.01-06.08.23:794][159]LogBlueprint: Error: [Compiler HUD] In use pin  As BP My Car Project Pawn  no longer exists on this node. Please refresh node or break links to remove pin.
[2017.12.01-06.08.23:794][159]LogBlueprint: Warning: [Compiler HUD] Could not find a variable named "Health" in 'HUD'.
Make sure 'HUD' has been compiled for  Get Health
[2017.12.01-06.08.23:794][159]LogBlueprint: Error: [Compiler HUD] Can't connect pins  Return Value  and  Object : This cast has an invalid target type (was the class deleted without a redirect?).
[2017.12.01-06.08.23:795][159]LogBlueprint: Error: [Compiler HUD] Binding: Property ' PercentDelegate ' on Widget ' ProgressBar_0 ': Binding: 'GetPercent_0' : 'GetPercent_0' was not found on 'HUD'.
[2017.12.01-06.08.23:821][159]LogBlueprint: Warning: [Compiler HUD] [1088.37] Compile of HUD failed. 8 Fatal Issue(s) 1 Warning(s) [in 35 ms] (/Game/VehicleAdvBP/Blueprints/HUD.HUD)
[2017.12.01-06.09.46:318][472]BlueprintLog: New page: Compile HUD
[2017.12.01-06.09.46:326][472]LogBlueprint: Error: [Compiler HUD] Can't connect pins  Object  and  Return Value : This cast has an invalid target type (was the class deleted without a redirect?).
[2017.12.01-06.09.46:326][472]LogBlueprint: Error: [Compiler HUD] In use pin  As BP My Car Project Pawn  no longer exists on this node. Please refresh node or break links to remove pin.
[2017.12.01-06.09.46:326][472]LogBlueprint: Warning: [Compiler HUD] Could not find a variable named "Health" in 'HUD'.
Make sure 'HUD' has been compiled for  Get Health
[2017.12.01-06.09.46:327][472]LogBlueprint: Error: [Compiler HUD] Can't connect pins  Return Value  and  Object : This cast has an invalid target type (was the class deleted without a redirect?).
[2017.12.01-06.09.46:327][472]LogBlueprint: Error: [Compiler HUD] Binding: Property ' PercentDelegate ' on Widget ' ProgressBar_0 ': Binding: 'GetPercent_0' : 'GetPercent_0' was not found on 'HUD'.
[2017.12.01-06.09.46:351][472]LogBlueprint: Warning: [Compiler HUD] [1170.90] Compile of HUD failed. 4 Fatal Issue(s) 1 Warning(s) [in 33 ms] (/Game/VehicleAdvBP/Blueprints/HUD.HUD)
[2017.12.01-06.11.23:023][591]LogSavePackage: Save=373.47ms
[2017.12.01-06.11.23:023][591]LogSavePackage: Moving '../../../../../../Users/agsch/Documents/Unreal Projects/CarBlueprints/Saved/VehicleAdvExampleMap_Auto154C080E745275A01B39F3594ACCB1223.tmp' to '../../../../../../Users/agsch/Documents/Unreal Projects/CarBlueprints/Saved/Autosaves/Game/VehicleAdvBP/Maps/VehicleAdvExampleMap_Auto1.umap'
[2017.12.01-06.11.23:024][591]LogSavePackage: Display: Finished SavePackage ../../../../../../Users/agsch/Documents/Unreal Projects/CarBlueprints/Saved/Autosaves/Game/VehicleAdvBP/Maps/VehicleAdvExampleMap_Auto1.umap
[2017.12.01-06.11.23:030][591]LogFileHelpers: Editor autosave (incl. sublevels) for '/Game/VehicleAdvBP/Maps/VehicleAdvExampleMap' took 0.430
[2017.12.01-06.11.23:031][591]LogFileHelpers: Editor autosave (incl. sublevels) for all levels took 0.430
[2017.12.01-06.11.23:052][591]OBJ SavePackage: Generating thumbnails for [0] asset(s) in package [/Game/VehicleAdvBP/Blueprints/HUD] ([1] browsable assets)...
[2017.12.01-06.11.23:052][591]OBJ SavePackage: Finished generating thumbnails for package [/Game/VehicleAdvBP/Blueprints/HUD]
[2017.12.01-06.11.23:103][591]LogSavePackage: Save=38.08ms
[2017.12.01-06.11.23:103][591]LogSavePackage: Moving '../../../../../../Users/agsch/Documents/Unreal Projects/CarBlueprints/Saved/HUD_Auto1E9E1C43844E157BD21ACD3AC9760F7EE.tmp' to '../../../../../../Users/agsch/Documents/Unreal Projects/CarBlueprints/Saved/Autosaves/Game/VehicleAdvBP/Blueprints/HUD_Auto1.uasset'
[2017.12.01-06.11.23:105][591]LogSavePackage: Display: Finished SavePackage ../../../../../../Users/agsch/Documents/Unreal Projects/CarBlueprints/Saved/Autosaves/Game/VehicleAdvBP/Blueprints/HUD_Auto1.uasset
[2017.12.01-06.11.23:105][591]LogFileHelpers: Auto-saving content packages took 0.056
[2017.12.01-06.13.26:687][609]LogSlate: Took 0.031544 seconds to synchronously load lazily loaded font '../../../Engine/Content/Editor/Slate/Fonts/Roboto-BoldCondensedItalic.ttf' (160K)
[2017.12.01-06.15.22:834][764]LogEditorTransaction: Undo Move Node
[2017.12.01-06.15.38:809][297]LogSavePackage: Save=161.28ms
[2017.12.01-06.15.38:810][297]LogSavePackage: Moving '../../../../../../Users/agsch/Documents/Unreal Projects/CarBlueprints/Saved/VehicleBlueprint2B934866483927285595D8980B21547C.tmp' to '../../../../../../Users/agsch/Documents/Unreal Projects/CarBlueprints/Content/VehicleAdvBP/Blueprints/VehicleBlueprint.uasset'
[2017.12.01-06.15.38:816][297]LogSavePackage: Display: Finished SavePackage ../../../../../../Users/agsch/Documents/Unreal Projects/CarBlueprints/Content/VehicleAdvBP/Blueprints/VehicleBlueprint.uasset
[2017.12.01-06.16.27:198][316]LogSavePackage: Save=192.62ms
[2017.12.01-06.16.27:198][316]LogSavePackage: Moving '../../../../../../Users/agsch/Documents/Unreal Projects/CarBlueprints/Saved/VehicleBlueprint451A304947A34B17392F8DB1D9C3623D.tmp' to '../../../../../../Users/agsch/Documents/Unreal Projects/CarBlueprints/Content/VehicleAdvBP/Blueprints/VehicleBlueprint.uasset'
[2017.12.01-06.16.27:202][316]LogSavePackage: Display: Finished SavePackage ../../../../../../Users/agsch/Documents/Unreal Projects/CarBlueprints/Content/VehicleAdvBP/Blueprints/VehicleBlueprint.uasset
[2017.12.01-06.18.29:704][920]BlueprintLog: New page: Compile VehicleBlueprint
[2017.12.01-06.18.29:790][920]LogBlueprint: Warning: [Compiler HUD] Could not find a variable named "Health" in 'HUD'.
Make sure 'HUD' has been compiled for  Get Health
[2017.12.01-06.18.29:791][920]LogBlueprint: Error: [Compiler HUD] This blueprint (self) is not compatible with ' Target ', therefore that pin must have a connection.
[2017.12.01-06.18.29:793][920]LogBlueprint: Error: [Compiler VehicleBlueprint] Spawn node  Create Widget  must have a class specified.
[2017.12.01-06.18.29:794][920]LogBlueprint: Warning: [Compiler VehicleBlueprint] 'Vehicle Blueprint' does not inherit from 'Game Mode Base' ( Cast To VehicleBlueprint  would always fail).
[2017.12.01-06.18.29:794][920]LogBlueprint: Warning: [Compiler VehicleBlueprint] Could not find a variable named "Spawn" in 'VehicleBlueprint'.
Make sure 'VehicleBlueprint' has been compiled for  Set Spawn
[2017.12.01-06.18.29:794][920]LogBlueprint: Warning: [Compiler VehicleBlueprint] Could not find a variable named "HUD Reference" in 'VehicleBlueprint_C'.
Make sure 'VehicleBlueprint_C' has been compiled for  Set HUD Reference
[2017.12.01-06.18.29:794][920]LogBlueprint: Error: [Compiler VehicleBlueprint] In use pin  Return Value  no longer exists on this node. Please refresh node or break links to remove pin.
[2017.12.01-06.18.29:800][920]LogBlueprint: Error: [Compiler HUD] The property associated with  Health  could not be found
[2017.12.01-06.18.29:804][920]LogBlueprint: Warning: [Compiler HUD] [1694.35] Compile of HUD failed. 2 Fatal Issue(s) 1 Warning(s) [in 71 ms] (/Game/VehicleAdvBP/Blueprints/HUD.HUD)
[2017.12.01-06.18.30:137][920]LogBlueprint: Warning: [Compiler VehicleBlueprint] [1694.69] Compile of VehicleBlueprint failed. 2 Fatal Issue(s) 3 Warning(s) [in 432 ms] (/Game/VehicleAdvBP/Blueprints/VehicleBlueprint.VehicleBlueprint)
[2017.12.01-06.19.00:546][650]LogSavePackage: Save=552.34ms
[2017.12.01-06.19.00:547][650]LogSavePackage: Moving '../../../../../../Users/agsch/Documents/Unreal Projects/CarBlueprints/Saved/VehicleBlueprint3086A55B482FD5A2574BADBDAA9F3FB3.tmp' to '../../../../../../Users/agsch/Documents/Unreal Projects/CarBlueprints/Content/VehicleAdvBP/Blueprints/VehicleBlueprint.uasset'
[2017.12.01-06.19.00:556][650]LogSavePackage: Display: Finished SavePackage ../../../../../../Users/agsch/Documents/Unreal Projects/CarBlueprints/Content/VehicleAdvBP/Blueprints/VehicleBlueprint.uasset
[2017.12.01-06.20.01:092][518]BlueprintLog: New page: Compile HUD
[2017.12.01-06.20.02:217][554]Cmd: OBJ SAVEPACKAGE PACKAGE="/Game/VehicleAdvBP/Blueprints/HUD" FILE="../../../../../../Users/agsch/Documents/Unreal Projects/CarBlueprints/Content/VehicleAdvBP/Blueprints/HUD.uasset" SILENT=true
[2017.12.01-06.20.02:352][554]LogSavePackage: Save=109.59ms
[2017.12.01-06.20.02:353][554]LogSavePackage: Moving '../../../../../../Users/agsch/Documents/Unreal Projects/CarBlueprints/Saved/HUD2640D7A2412EC7C590AFFA821EF51C6B.tmp' to '../../../../../../Users/agsch/Documents/Unreal Projects/CarBlueprints/Content/VehicleAdvBP/Blueprints/HUD.uasset'
[2017.12.01-06.20.02:374][554]LogSavePackage: Display: Finished SavePackage ../../../../../../Users/agsch/Documents/Unreal Projects/CarBlueprints/Content/VehicleAdvBP/Blueprints/HUD.uasset
[2017.12.01-06.21.27:599][  1]LogSavePackage: Save=3781.79ms
[2017.12.01-06.21.27:599][  1]LogSavePackage: Moving '../../../../../../Users/agsch/Documents/Unreal Projects/CarBlueprints/Saved/VehicleAdvExampleMap_Auto20EEF032A4F8BAFD67ADF71BEFEF107A7.tmp' to '../../../../../../Users/agsch/Documents/Unreal Projects/CarBlueprints/Saved/Autosaves/Game/VehicleAdvBP/Maps/VehicleAdvExampleMap_Auto2.umap'
[2017.12.01-06.21.27:624][  1]LogSavePackage: Display: Finished SavePackage ../../../../../../Users/agsch/Documents/Unreal Projects/CarBlueprints/Saved/Autosaves/Game/VehicleAdvBP/Maps/VehicleAdvExampleMap_Auto2.umap
[2017.12.01-06.21.27:644][  1]LogFileHelpers: Editor autosave (incl. sublevels) for '/Game/VehicleAdvBP/Maps/VehicleAdvExampleMap' took 3.928
[2017.12.01-06.21.27:648][  1]LogFileHelpers: Editor autosave (incl. sublevels) for all levels took 3.928
[2017.12.01-06.21.59:598][292]LogSlate: Warning: Prevented a slow task dialog from being summoned while a context menu was open
[2017.12.01-06.23.07:616][292]BlueprintLog: New page: Compile VehicleBlueprint
[2017.12.01-06.23.08:431][292]LogBlueprint: Warning: [Compiler VehicleBlueprint] 'Vehicle Blueprint' does not inherit from 'Game Mode Base' ( Cast To VehicleBlueprint  would always fail).
[2017.12.01-06.23.08:432][292]LogBlueprint: Warning: [Compiler VehicleBlueprint] Could not find a variable named "Spawn" in 'VehicleBlueprint'.
Make sure 'VehicleBlueprint' has been compiled for  Set Spawn
[2017.12.01-06.23.08:432][292]LogBlueprint: Warning: [Compiler VehicleBlueprint] Could not find a variable named "HUD Reference" in 'VehicleBlueprint_C'.
Make sure 'VehicleBlueprint_C' has been compiled for  Set HUD Reference
[2017.12.01-06.23.08:470][292]LogBlueprint: Error: [Compiler VehicleBlueprint] This blueprint (self) is not compatible with ' Target ', therefore that pin must have a connection.
[2017.12.01-06.23.08:471][292]LogBlueprint: Error: [Compiler VehicleBlueprint] This blueprint (self) is not a UserWidget, therefore ' Target ' must have a connection.
[2017.12.01-06.23.08:495][292]LogBlueprint: Error: [Compiler VehicleBlueprint] Default value '' for  HUD Reference  is invalid: 'PinSubCategoryObject on pin 'HUD Reference' is NULL and PinSubCategory is '' not 'self''
[2017.12.01-06.23.08:496][292]LogBlueprint: Error: [Compiler VehicleBlueprint] The property associated with  Spawn  could not be found
[2017.12.01-06.23.10:628][292]LogBlueprint: Warning: [Compiler VehicleBlueprint] [1975.18] Compile of VehicleBlueprint failed. 4 Fatal Issue(s) 3 Warning(s) [in 3,011 ms] (/Game/VehicleAdvBP/Blueprints/VehicleBlueprint.VehicleBlueprint)
[2017.12.01-06.27.11:492][221]LogSavePackage: Save=1857.62ms
[2017.12.01-06.27.11:492][221]LogSavePackage: Moving '../../../../../../Users/agsch/Documents/Unreal Projects/CarBlueprints/Saved/VehicleBlueprint1D1A28BB4471663793C0E3A73BBF28DF.tmp' to '../../../../../../Users/agsch/Documents/Unreal Projects/CarBlueprints/Content/VehicleAdvBP/Blueprints/VehicleBlueprint.uasset'
[2017.12.01-06.27.11:529][221]LogSavePackage: Display: Finished SavePackage ../../../../../../Users/agsch/Documents/Unreal Projects/CarBlueprints/Content/VehicleAdvBP/Blueprints/VehicleBlueprint.uasset
[2017.12.01-06.28.14:836][784]LogSavePackage: Save=157.88ms
[2017.12.01-06.28.14:837][784]LogSavePackage: Moving '../../../../../../Users/agsch/Documents/Unreal Projects/CarBlueprints/Saved/VehicleBlueprintE05F2F104A3BC721584A9EA23FDE8212.tmp' to '../../../../../../Users/agsch/Documents/Unreal Projects/CarBlueprints/Content/VehicleAdvBP/Blueprints/VehicleBlueprint.uasset'
[2017.12.01-06.28.14:840][784]LogSavePackage: Display: Finished SavePackage ../../../../../../Users/agsch/Documents/Unreal Projects/CarBlueprints/Content/VehicleAdvBP/Blueprints/VehicleBlueprint.uasset
[2017.12.01-06.29.08:809][659]BlueprintLog: New page: Compile VehicleAdvGameMode
[2017.12.01-06.29.08:852][659]LogBlueprint: Warning: [Compiler VehicleBlueprint] Could not find a variable named "Spawn" in 'VehicleBlueprint'.
Make sure 'VehicleBlueprint' has been compiled for  Set Spawn
[2017.12.01-06.29.08:853][659]LogBlueprint: Error: [Compiler VehicleBlueprint] In use pin  <Unnamed>  no longer exists on this node. Please refresh node or break links to remove pin.
[2017.12.01-06.29.08:858][659]LogBlueprint: Error: [Compiler VehicleBlueprint] This blueprint (self) is not compatible with ' Target ', therefore that pin must have a connection.
[2017.12.01-06.29.08:860][659]LogBlueprint: Error: [Compiler VehicleBlueprint] The property associated with  Spawn  could not be found
[2017.12.01-06.29.08:865][659]LogBlueprint: Warning: [Compiler VehicleBlueprint] [2333.41] Compile of VehicleBlueprint failed. 3 Fatal Issue(s) 1 Warning(s) [in 55 ms] (/Game/VehicleAdvBP/Blueprints/VehicleBlueprint.VehicleBlueprint)
[2017.12.01-06.29.10:104][684]LogSavePackage: Save=14.56ms
[2017.12.01-06.29.10:104][684]LogSavePackage: Moving '../../../../../../Users/agsch/Documents/Unreal Projects/CarBlueprints/Saved/VehicleAdvGameModeB17D4308433ED03F33630DB30DD459F8.tmp' to '../../../../../../Users/agsch/Documents/Unreal Projects/CarBlueprints/Content/VehicleAdvBP/Blueprints/VehicleAdvGameMode.uasset'
[2017.12.01-06.29.10:107][684]LogSavePackage: Display: Finished SavePackage ../../../../../../Users/agsch/Documents/Unreal Projects/CarBlueprints/Content/VehicleAdvBP/Blueprints/VehicleAdvGameMode.uasset
[2017.12.01-06.30.26:659][695]BlueprintLog: New page: Compile VehicleBlueprint
[2017.12.01-06.30.26:763][695]LogBlueprint: Error: [Compiler VehicleBlueprint] This blueprint (self) is not a VehicleAdvGameMode_C, therefore ' Target ' must have a connection.
[2017.12.01-06.30.26:767][695]LogBlueprint: Error: [Compiler VehicleBlueprint] Variable node  Set Spawn  uses an invalid target.  It may depend on a node that is not connected to the execution chain, and got purged.
[2017.12.01-06.30.27:047][695]LogBlueprint: Warning: [Compiler VehicleBlueprint] [2411.60] Compile of VehicleBlueprint failed. 2 Fatal Issue(s) 0 Warning(s) [in 387 ms] (/Game/VehicleAdvBP/Blueprints/VehicleBlueprint.VehicleBlueprint)
[2017.12.01-06.30.43:939][272]BlueprintLog: New page: Compile VehicleBlueprint
[2017.12.01-06.30.49:810][447]LogSavePackage: Save=168.29ms
[2017.12.01-06.30.49:810][447]LogSavePackage: Moving '../../../../../../Users/agsch/Documents/Unreal Projects/CarBlueprints/Saved/VehicleBlueprintB8868C7448969A03731DF88AE3817940.tmp' to '../../../../../../Users/agsch/Documents/Unreal Projects/CarBlueprints/Content/VehicleAdvBP/Blueprints/VehicleBlueprint.uasset'
[2017.12.01-06.30.49:814][447]LogSavePackage: Display: Finished SavePackage ../../../../../../Users/agsch/Documents/Unreal Projects/CarBlueprints/Content/VehicleAdvBP/Blueprints/VehicleBlueprint.uasset
[2017.12.01-06.30.56:878][707]LogTemp: Repeating last play command: Selected Viewport
[2017.12.01-06.30.56:900][707]LogPlayLevel: PlayLevel: No blueprints needed recompiling
[2017.12.01-06.30.56:900][707]PIE: New page: PIE session: VehicleAdvExampleMap (Nov 30, 2017, 8:30:56 PM)
[2017.12.01-06.30.56:900][707]LogPlayLevel: Creating play world package: /Game/VehicleAdvBP/Maps/UEDPIE_0_VehicleAdvExampleMap
[2017.12.01-06.30.56:927][707]LogPlayLevel: PIE: StaticDuplicateObject took: (0.027224s)
[2017.12.01-06.30.56:928][707]LogAIModule: Creating AISystem for world VehicleAdvExampleMap
[2017.12.01-06.30.56:928][707]LogPlayLevel: PIE: World Init took: (0.000912s)
[2017.12.01-06.30.56:929][707]LogPlayLevel: PIE: Created PIE world by copying editor world from /Game/VehicleAdvBP/Maps/VehicleAdvExampleMap.VehicleAdvExampleMap to /Game/VehicleAdvBP/Maps/UEDPIE_0_VehicleAdvExampleMap.VehicleAdvExampleMap (0.028465s)
[2017.12.01-06.30.56:956][707]LogInit: XAudio2 using 'Speakers (Realtek High Definition Audio)' : 2 channels at 48 kHz using 32 bits per sample (channel mask 0x3)
[2017.12.01-06.30.56:985][707]LogInit: FAudioDevice initialized.
[2017.12.01-06.30.57:019][707]LogLoad: Game class is 'VehicleAdvGameMode_C'
[2017.12.01-06.30.57:028][707]LogWorld: Bringing World /Game/VehicleAdvBP/Maps/UEDPIE_0_VehicleAdvExampleMap.VehicleAdvExampleMap up for play (max tick rate 60) at 2017.12.01-01.30.57
[2017.12.01-06.30.57:029][707]LogWorld: Bringing up level for play took: 0.007452
[2017.12.01-06.30.57:035][707]PIE: Play in editor start time for /Game/VehicleAdvBP/Maps/UEDPIE_0_VehicleAdvExampleMap -0.035
[2017.12.01-06.31.09:919][318]LogSavePackage: Save=315.59ms
[2017.12.01-06.31.09:920][318]LogSavePackage: Moving '../../../../../../Users/agsch/Documents/Unreal Projects/CarBlueprints/Saved/VehicleAdvExampleMap93AD46BB4D265606F0EDDB9841A0F2BB.tmp' to '../../../../../../Users/agsch/Documents/Unreal Projects/CarBlueprints/Content/VehicleAdvBP/Maps/VehicleAdvExampleMap.umap'
[2017.12.01-06.31.09:924][318]LogSavePackage: Display: Finished SavePackage ../../../../../../Users/agsch/Documents/Unreal Projects/CarBlueprints/Content/VehicleAdvBP/Maps/VehicleAdvExampleMap.umap
[2017.12.01-06.31.09:946][318]LogFileHelpers: Saving map 'VehicleAdvExampleMap' took 0.429
[2017.12.01-06.31.24:835][728]Cmd: QUIT_EDITOR
[2017.12.01-06.31.25:850][728]LogWindowsTextInputMethodSystem: Display: IME system now deactivated.
[2017.12.01-06.31.25:964][728]LogExit: Preparing to exit.
[2017.12.01-06.31.28:173][728]LogDirectoryWatcher: A directory notification for 'C:/Users/agsch/Documents/Unreal Projects/CarBlueprints/Content/' was aborted.
[2017.12.01-06.31.29:234][728]LogExit: Editor shut down
[2017.12.01-06.31.29:523][728]LogExit: Transaction tracking system shut down
[2017.12.01-06.31.30:324][728]LogDirectoryWatcher: A directory notification for '../../../Engine/Content/' was aborted.
[2017.12.01-06.31.30:325][728]LogDirectoryWatcher: A directory notification for '../../../../../../Users/agsch/Documents/Unreal Projects/CarBlueprints/Content/' was aborted.
[2017.12.01-06.31.30:325][728]LogDirectoryWatcher: A directory notification for '../../../Engine/Plugins/2D/Paper2D/Content/' was aborted.
[2017.12.01-06.31.30:326][728]LogDirectoryWatcher: A directory notification for '../../../Engine/Plugins/Runtime/Oculus/OculusVR/Content/' was aborted.
[2017.12.01-06.31.30:326][728]LogDirectoryWatcher: A directory notification for '../../../Engine/Plugins/Runtime/Steam/SteamVR/Content/' was aborted.
[2017.12.01-06.31.31:423][728]LogExit: Object subsystem successfully closed.
[2017.12.01-06.31.31:591][728]LogD3D11RHI: Shutdown
[2017.12.01-06.31.31:592][728]LogD3D11RHI: CleanupD3DDevice
[2017.12.01-06.31.32:198][728]LogD3D11RHI: ~FD3D11DynamicRHI
[2017.12.01-06.31.32:353][728]LogModuleManager: Shutting down and abandoning module SequencerWidgets (540)
[2017.12.01-06.31.32:354][728]LogModuleManager: Shutting down and abandoning module BlueprintGraph (538)
[2017.12.01-06.31.32:354][728]LogModuleManager: Shutting down and abandoning module BlueprintProfiler (536)
[2017.12.01-06.31.32:354][728]LogModuleManager: Shutting down and abandoning module MovieSceneCapture (534)
[2017.12.01-06.31.32:354][728]LogModuleManager: Shutting down and abandoning module HierarchicalLODOutliner (532)
[2017.12.01-06.31.32:355][728]LogModuleManager: Shutting down and abandoning module SceneOutliner (530)
[2017.12.01-06.31.32:355][728]LogModuleManager: Shutting down and abandoning module AddContentDialog (528)
[2017.12.01-06.31.32:356][728]LogDirectoryWatcher: A directory notification for 'C:/Program Files/Epic Games/UE_4.17/FeaturePacks/' was aborted.
[2017.12.01-06.31.32:396][728]LogModuleManager: Shutting down and abandoning module WidgetCarousel (527)
[2017.12.01-06.31.32:396][728]LogModuleManager: Shutting down and abandoning module EditorWidgets (524)
[2017.12.01-06.31.32:396][728]LogModuleManager: Shutting down and abandoning module CollectionManager (522)
[2017.12.01-06.31.32:397][728]LogDirectoryWatcher: A directory notification for 'C:/Users/agsch/Documents/Unreal Projects/CarBlueprints/Content/Collections/' was aborted.
[2017.12.01-06.31.32:397][728]LogDirectoryWatcher: A directory notification for 'C:/Users/agsch/Documents/Unreal Projects/CarBlueprints/Content/Developers/agsch/Collections/' was aborted.
[2017.12.01-06.31.32:397][728]LogDirectoryWatcher: A directory notification for 'C:/Users/agsch/Documents/Unreal Projects/CarBlueprints/Saved/Collections/' was aborted.
[2017.12.01-06.31.32:398][728]LogModuleManager: Shutting down and abandoning module StatsViewer (520)
[2017.12.01-06.31.32:398][728]LogModuleManager: Shutting down and abandoning module FoliageEdit (518)
[2017.12.01-06.31.32:398][728]LogModuleManager: Shutting down and abandoning module LandscapeEditor (516)
[2017.12.01-06.31.32:399][728]LogModuleManager: Shutting down and abandoning module MeshPaintMode (514)
[2017.12.01-06.31.32:399][728]LogModuleManager: Shutting down and abandoning module SceneDepthPickerMode (512)
[2017.12.01-06.31.32:399][728]LogModuleManager: Shutting down and abandoning module ActorPickerMode (510)
[2017.12.01-06.31.32:399][728]LogModuleManager: Shutting down and abandoning module GeometryMode (508)
[2017.12.01-06.31.32:400][728]LogModuleManager: Shutting down and abandoning module TextureAlignMode (506)
[2017.12.01-06.31.32:400][728]LogModuleManager: Shutting down and abandoning module BspMode (504)
[2017.12.01-06.31.32:400][728]LogModuleManager: Shutting down and abandoning module PIEPreviewDeviceProfileSelector (502)
[2017.12.01-06.31.32:400][728]LogModuleManager: Shutting down and abandoning module HardwareSurvey (500)
[2017.12.01-06.31.32:400][728]LogModuleManager: Shutting down and abandoning module SequenceRecorderSections (498)
[2017.12.01-06.31.32:400][728]LogModuleManager: Shutting down and abandoning module AutomationWorker (496)
[2017.12.01-06.31.32:400][728]LogModuleManager: Shutting down and abandoning module MatineeToLevelSequence (494)
[2017.12.01-06.31.32:401][728]LogModuleManager: Shutting down and abandoning module LevelSequenceEditor (492)
[2017.12.01-06.31.32:401][728]LogModuleManager: Shutting down and abandoning module PlacementMode (491)
[2017.12.01-06.31.32:402][728]LogModuleManager: Shutting down and abandoning module WmfMediaFactory (488)
[2017.12.01-06.31.32:402][728]LogModuleManager: Shutting down and abandoning module WmfMediaEditor (486)
[2017.12.01-06.31.32:402][728]LogModuleManager: Shutting down and abandoning module AvfMediaFactory (484)
[2017.12.01-06.31.32:402][728]LogModuleManager: Shutting down and abandoning module AvfMediaEditor (482)
[2017.12.01-06.31.32:402][728]LogModuleManager: Shutting down and abandoning module AndroidMediaFactory (480)
[2017.12.01-06.31.32:403][728]LogModuleManager: Shutting down and abandoning module Media (479)
[2017.12.01-06.31.32:403][728]LogModuleManager: Shutting down and abandoning module AndroidMediaEditor (476)
[2017.12.01-06.31.32:403][728]LogModuleManager: Shutting down and abandoning module CharacterAI (474)
[2017.12.01-06.31.32:403][728]LogModuleManager: Shutting down and abandoning module AudioCapture (472)
[2017.12.01-06.31.32:403][728]LogModuleManager: Shutting down and abandoning module SequenceRecorder (471)
[2017.12.01-06.31.32:403][728]LogModuleManager: Shutting down and abandoning module SmartSnapping (468)
[2017.12.01-06.31.32:404][728]LogModuleManager: Shutting down and abandoning module SessionServices (466)
[2017.12.01-06.31.32:404][728]LogModuleManager: Shutting down and abandoning module ViewportSnapping (464)
[2017.12.01-06.31.32:404][728]LogModuleManager: Shutting down and abandoning module ViewportInteraction (462)
[2017.12.01-06.31.32:404][728]LogModuleManager: Shutting down and abandoning module ClothPainter (460)
[2017.12.01-06.31.32:404][728]LogModuleManager: Shutting down and abandoning module LogVisualizer (458)
[2017.12.01-06.31.32:405][728]LogModuleManager: Shutting down and abandoning module IntroTutorials (456)
[2017.12.01-06.31.32:406][728]LogModuleManager: Shutting down and abandoning module GameProjectGeneration (455)
[2017.12.01-06.31.32:406][728]LogModuleManager: Shutting down and abandoning module IOSPlatformEditor (452)
[2017.12.01-06.31.32:406][728]LogModuleManager: Shutting down and abandoning module HTML5PlatformEditor (450)
[2017.12.01-06.31.32:407][728]LogModuleManager: Shutting down and abandoning module AndroidPlatformEditor (448)
[2017.12.01-06.31.32:407][728]LogModuleManager: Shutting down and abandoning module AndroidDeviceDetection (447)
[2017.12.01-06.31.32:922][728]LogModuleManager: Shutting down and abandoning module WindowsPlatformEditor (444)
[2017.12.01-06.31.32:923][728]LogModuleManager: Shutting down and abandoning module IOSRuntimeSettings (442)
[2017.12.01-06.31.32:923][728]LogModuleManager: Shutting down and abandoning module AndroidRuntimeSettings (440)
[2017.12.01-06.31.32:923][728]LogModuleManager: Shutting down and abandoning module InputBindingEditor (438)
[2017.12.01-06.31.32:923][728]LogModuleManager: Shutting down and abandoning module MergeActors (436)
[2017.12.01-06.31.32:923][728]LogModuleManager: Shutting down and abandoning module SizeMap (434)
[2017.12.01-06.31.32:923][728]LogModuleManager: Shutting down and abandoning module TreeMap (432)
[2017.12.01-06.31.32:924][728]LogModuleManager: Shutting down and abandoning module ReferenceViewer (430)
[2017.12.01-06.31.32:924][728]LogModuleManager: Shutting down and abandoning module LocalizationDashboard (428)
[2017.12.01-06.31.32:924][728]LogModuleManager: Shutting down and abandoning module LocalizationService (427)
[2017.12.01-06.31.32:925][728]LogModuleManager: Shutting down and abandoning module HardwareTargeting (424)
[2017.12.01-06.31.32:925][728]LogModuleManager: Shutting down and abandoning module DeviceProfileEditor (422)
[2017.12.01-06.31.32:925][728]LogModuleManager: Shutting down and abandoning module UndoHistory (420)
[2017.12.01-06.31.32:925][728]LogModuleManager: Shutting down and abandoning module XmlParser (418)
[2017.12.01-06.31.32:925][728]LogModuleManager: Shutting down and abandoning module Blutility (416)
[2017.12.01-06.31.32:925][728]LogModuleManager: Shutting down and abandoning module ProjectSettingsViewer (414)
[2017.12.01-06.31.32:925][728]LogModuleManager: Shutting down and abandoning module ProjectTargetPlatformEditor (413)
[2017.12.01-06.31.32:927][728]LogModuleManager: Shutting down and abandoning module EditorSettingsViewer (410)
[2017.12.01-06.31.32:927][728]LogModuleManager: Shutting down and abandoning module SettingsEditor (408)
[2017.12.01-06.31.32:928][728]LogModuleManager: Shutting down and abandoning module ProjectLauncher (406)
[2017.12.01-06.31.32:928][728]LogModuleManager: Shutting down and abandoning module SessionFrontend (404)
[2017.12.01-06.31.32:928][728]LogModuleManager: Shutting down and abandoning module ProfilerClient (402)
[2017.12.01-06.31.32:928][728]LogModuleManager: Shutting down and abandoning module DeviceManager (400)
[2017.12.01-06.31.32:928][728]LogModuleManager: Shutting down and abandoning module TargetDeviceServices (399)
[2017.12.01-06.31.32:993][728]LogModuleManager: Shutting down and abandoning module AutomationController (396)
[2017.12.01-06.31.32:994][728]LogModuleManager: Shutting down and abandoning module AutomationWindow (394)
[2017.12.01-06.31.32:996][728]LogModuleManager: Shutting down and abandoning module Layers (392)
[2017.12.01-06.31.32:996][728]LogModuleManager: Shutting down and abandoning module ComponentVisualizers (390)
[2017.12.01-06.31.32:997][728]LogModuleManager: Shutting down and abandoning module DetailCustomizations (388)
[2017.12.01-06.31.33:004][728]LogModuleManager: Shutting down and abandoning module PackagesDialog (386)
[2017.12.01-06.31.33:005][728]LogModuleManager: Shutting down and abandoning module Persona (384)
[2017.12.01-06.31.33:006][728]LogModuleManager: Shutting down and abandoning module AdvancedPreviewScene (383)
[2017.12.01-06.31.33:006][728]LogModuleManager: Shutting down and abandoning module AnimGraph (381)
[2017.12.01-06.31.33:006][728]LogModuleManager: Shutting down and abandoning module Kismet (378)
[2017.12.01-06.31.33:070][728]LogModuleManager: Shutting down and abandoning module ClassViewer (376)
[2017.12.01-06.31.33:084][728]LogModuleManager: Shutting down and abandoning module Toolbox (374)
[2017.12.01-06.31.33:084][728]LogModuleManager: Shutting down and abandoning module ModuleUI (372)
[2017.12.01-06.31.33:085][728]LogModuleManager: Shutting down and abandoning module MovieSceneTools (370)
[2017.12.01-06.31.33:085][728]LogModuleManager: Shutting down and abandoning module OutputLog (368)
[2017.12.01-06.31.33:085][728]LogModuleManager: Shutting down and abandoning module GammaUI (366)
[2017.12.01-06.31.33:086][728]LogModuleManager: Shutting down and abandoning module Documentation (364)
[2017.12.01-06.31.33:086][728]LogModuleManager: Shutting down and abandoning module MovieSceneTracks (362)
[2017.12.01-06.31.33:086][728]LogModuleManager: Shutting down and abandoning module MovieScene (360)
[2017.12.01-06.31.33:087][728]LogModuleManager: Shutting down and abandoning module Niagara (358)
[2017.12.01-06.31.33:087][728]LogModuleManager: Shutting down and abandoning module NiagaraEditor (357)
[2017.12.01-06.31.33:088][728]LogModuleManager: Shutting down and abandoning module StreamingPauseRendering (354)
[2017.12.01-06.31.33:088][728]LogModuleManager: Shutting down and abandoning module LauncherPlatform (352)
[2017.12.01-06.31.33:088][728]LogModuleManager: Shutting down and abandoning module AnalyticsET (350)
[2017.12.01-06.31.33:088][728]LogModuleManager: Shutting down and abandoning module PortalServices (348)
[2017.12.01-06.31.33:089][728]LogModuleManager: Shutting down and abandoning module PortalRpc (346)
[2017.12.01-06.31.33:089][728]LogModuleManager: Shutting down and abandoning module MessagingRpc (344)
[2017.12.01-06.31.33:089][728]LogModuleManager: Shutting down and abandoning module AIModule (342)
[2017.12.01-06.31.33:089][728]LogModuleManager: Shutting down and abandoning module GameplayDebugger (341)
[2017.12.01-06.31.33:090][728]LogModuleManager: Shutting down and abandoning module AITestSuite (339)
[2017.12.01-06.31.33:090][728]LogModuleManager: Shutting down and abandoning module ProfilerService (336)
[2017.12.01-06.31.33:168][728]LogModuleManager: Shutting down and abandoning module TaskGraph (334)
[2017.12.01-06.31.33:169][728]LogModuleManager: Shutting down and abandoning module SteamVRController (332)
[2017.12.01-06.31.33:169][728]LogModuleManager: Shutting down and abandoning module ProceduralMeshComponentEditor (330)
[2017.12.01-06.31.33:170][728]LogModuleManager: Shutting down and abandoning module ProceduralMeshComponent (328)
[2017.12.01-06.31.33:170][728]LogModuleManager: Shutting down and abandoning module OculusInput (326)
[2017.12.01-06.31.33:171][728]LogModuleManager: Shutting down and abandoning module MobilePatchingUtils (324)
[2017.12.01-06.31.33:171][728]LogModuleManager: Shutting down and abandoning module CustomMeshComponent (322)
[2017.12.01-06.31.33:171][728]LogModuleManager: Shutting down and abandoning module CableComponent (320)
[2017.12.01-06.31.33:172][728]LogModuleManager: Shutting down and abandoning module ArchVisCharacter (318)
[2017.12.01-06.31.33:172][728]LogModuleManager: Shutting down and abandoning module AndroidPermission (316)
[2017.12.01-06.31.33:172][728]LogModuleManager: Shutting down and abandoning module MediaPlayerEditor (312)
[2017.12.01-06.31.33:173][728]LogModuleManager: Shutting down and abandoning module RawInput (310)
[2017.12.01-06.31.33:178][728]LogModuleManager: Shutting down and abandoning module HTML5Networking (308)
[2017.12.01-06.31.33:179][728]LogModuleManager: Shutting down and abandoning module AlembicImporter (306)
[2017.12.01-06.31.33:179][728]LogModuleManager: Shutting down and abandoning module AlembicLibrary (305)
[2017.12.01-06.31.33:184][728]LogModuleManager: Shutting down and abandoning module GeometryCache (304)
[2017.12.01-06.31.33:184][728]LogModuleManager: Shutting down and abandoning module GeometryCacheEd (303)
[2017.12.01-06.31.33:185][728]LogModuleManager: Shutting down and abandoning module SpeedTreeImporter (298)
[2017.12.01-06.31.33:186][728]LogModuleManager: Shutting down and abandoning module PluginBrowser (296)
[2017.12.01-06.31.33:186][728]LogModuleManager: Shutting down and abandoning module MobileLauncherProfileWizard (294)
[2017.12.01-06.31.33:186][728]LogModuleManager: Shutting down and abandoning module VisualStudioSourceCodeAccess (292)
[2017.12.01-06.31.33:187][728]LogModuleManager: Shutting down and abandoning module DesktopPlatform (291)
[2017.12.01-06.31.33:187][728]LogModuleManager: Shutting down and abandoning module UObjectPlugin (288)
[2017.12.01-06.31.33:187][728]LogModuleManager: Shutting down and abandoning module SubversionSourceControl (286)
[2017.12.01-06.31.33:187][728]LogModuleManager: Shutting down and abandoning module PerforceSourceControl (284)
[2017.12.01-06.31.33:188][728]LogModuleManager: Shutting down and abandoning module GitSourceControl (282)
[2017.12.01-06.31.33:188][728]LogModuleManager: Shutting down and abandoning module SourceControl (281)
[2017.12.01-06.31.33:188][728]LogModuleManager: Shutting down and abandoning module LightPropagationVolumeEditor (278)
[2017.12.01-06.31.33:189][728]LogModuleManager: Shutting down and abandoning module PaperTiledImporter (276)
[2017.12.01-06.31.33:189][728]LogModuleManager: Shutting down and abandoning module PaperSpriteSheetImporter (274)
[2017.12.01-06.31.33:195][728]LogModuleManager: Shutting down and abandoning module Paper2DEditor (272)
[2017.12.01-06.31.33:196][728]LogModuleManager: Shutting down and abandoning module MeshPaint (271)
[2017.12.01-06.31.33:196][728]LogModuleManager: Shutting down and abandoning module LevelEditor (269)
[2017.12.01-06.31.33:215][728]LogModuleManager: Shutting down and abandoning module PixelInspectorModule (268)
[2017.12.01-06.31.33:216][728]LogModuleManager: Shutting down and abandoning module MainFrame (266)
[2017.12.01-06.31.33:217][728]LogModuleManager: Shutting down and abandoning module HotReload (265)
[2017.12.01-06.31.33:221][728]LogModuleManager: Shutting down and abandoning module RuntimePhysXCooking (260)
[2017.12.01-06.31.33:221][728]LogModuleManager: Shutting down and abandoning module PhysXVehiclesEditor (258)
[2017.12.01-06.31.33:221][728]LogModuleManager: Shutting down and abandoning module PhysXVehicles (256)
[2017.12.01-06.31.33:221][728]LogModuleManager: Shutting down and abandoning module OculusEditor (254)
[2017.12.01-06.31.33:221][728]LogModuleManager: Shutting down and abandoning module LocationServicesBPLibrary (252)
[2017.12.01-06.31.33:222][728]LogModuleManager: Shutting down and abandoning module ImmediatePhysicsEditor (250)
[2017.12.01-06.31.33:222][728]LogModuleManager: Shutting down and abandoning module ImmediatePhysics (248)
[2017.12.01-06.31.33:222][728]LogModuleManager: Shutting down and abandoning module UdpMessaging (246)
[2017.12.01-06.31.33:323][728]LogModuleManager: Shutting down and abandoning module TcpMessaging (244)
[2017.12.01-06.31.33:425][728]LogModuleManager: Shutting down and abandoning module GameplayTagsEditor (242)
[2017.12.01-06.31.33:425][728]LogModuleManager: Shutting down and abandoning module FacialAnimationEditor (240)
[2017.12.01-06.31.33:426][728]LogModuleManager: Shutting down and abandoning module FacialAnimation (238)
[2017.12.01-06.31.33:426][728]LogModuleManager: Shutting down and abandoning module AssetManagerEditor (236)
[2017.12.01-06.31.33:427][728]LogModuleManager: Shutting down and abandoning module GraphEditor (235)
[2017.12.01-06.31.33:427][728]LogModuleManager: Shutting down and abandoning module ContentBrowser (233)
[2017.12.01-06.31.33:447][728]LogModuleManager: Shutting down and abandoning module LightPropagationVolumeRuntime (230)
[2017.12.01-06.31.33:447][728]LogModuleManager: Shutting down and abandoning module Paper2D (228)
[2017.12.01-06.31.33:447][728]LogModuleManager: Shutting down and abandoning module WindowsMoviePlayer (226)
[2017.12.01-06.31.33:447][728]LogModuleManager: Shutting down and abandoning module WmfMedia (224)
[2017.12.01-06.31.33:448][728]LogModuleManager: Shutting down and abandoning module PacketHandler (222)
[2017.12.01-06.31.33:448][728]LogModuleManager: Shutting down and abandoning module ClothingSystemEditor (220)
[2017.12.01-06.31.33:448][728]LogModuleManager: Shutting down and abandoning module ClothingSystemRuntime (218)
[2017.12.01-06.31.33:448][728]LogModuleManager: Shutting down and abandoning module Overlay (216)
[2017.12.01-06.31.33:449][728]LogModuleManager: Shutting down and abandoning module OverlayEditor (215)
[2017.12.01-06.31.33:449][728]LogModuleManager: Shutting down and abandoning module MediaAssets (212)
[2017.12.01-06.31.33:449][728]LogModuleManager: Shutting down and abandoning module VREditor (210)
[2017.12.01-06.31.33:450][728]LogModuleManager: Shutting down and abandoning module StringTableEditor (208)
[2017.12.01-06.31.33:450][728]LogModuleManager: Shutting down and abandoning module GameplayTasksEditor (206)
[2017.12.01-06.31.33:451][728]LogModuleManager: Shutting down and abandoning module BehaviorTreeEditor (204)
[2017.12.01-06.31.33:451][728]LogModuleManager: Shutting down and abandoning module FunctionalTesting (202)
[2017.12.01-06.31.33:451][728]LogModuleManager: Shutting down and abandoning module CollisionAnalyzer (200)
[2017.12.01-06.31.33:452][728]LogModuleManager: Shutting down and abandoning module WorkspaceMenuStructure (199)
[2017.12.01-06.31.33:452][728]LogModuleManager: Shutting down and abandoning module UMG (196)
[2017.12.01-06.31.33:452][728]LogModuleManager: Shutting down and abandoning module UMGEditor (195)
[2017.12.01-06.31.33:453][728]LogModuleManager: Shutting down and abandoning module Sequencer (194)
[2017.12.01-06.31.33:453][728]LogModuleManager: Shutting down and abandoning module MessageLog (191)
[2017.12.01-06.31.33:453][728]LogModuleManager: Shutting down and abandoning module SlateReflector (186)
[2017.12.01-06.31.33:453][728]LogModuleManager: Shutting down and abandoning module Slate (184)
[2017.12.01-06.31.33:454][728]LogModuleManager: Shutting down and abandoning module EditorStyle (182)
[2017.12.01-06.31.33:484][728]LogModuleManager: Shutting down and abandoning module MRMesh (180)
[2017.12.01-06.31.33:485][728]LogModuleManager: Shutting down and abandoning module SourceCodeAccess (178)
[2017.12.01-06.31.33:485][728]LogModuleManager: Shutting down and abandoning module HeadMountedDisplay (176)
[2017.12.01-06.31.33:486][728]LogModuleManager: Shutting down and abandoning module XAudio2 (174)
[2017.12.01-06.31.33:486][728]LogModuleManager: Shutting down and abandoning module Networking (172)
[2017.12.01-06.31.33:486][728]LogModuleManager: Shutting down and abandoning module Core (168)
[2017.12.01-06.31.33:486][728]LogModuleManager: Shutting down and abandoning module KismetCompiler (164)
[2017.12.01-06.31.33:486][728]LogModuleManager: Shutting down and abandoning module LevelSequence (162)
[2017.12.01-06.31.33:486][728]LogModuleManager: Shutting down and abandoning module MeshUtilities (160)
[2017.12.01-06.31.33:486][728]LogModuleManager: Shutting down and abandoning module MeshMergeUtilities (159)
[2017.12.01-06.31.33:487][728]LogModuleManager: Shutting down and abandoning module MeshReductionInterface (158)
[2017.12.01-06.31.33:487][728]LogModuleManager: Shutting down and abandoning module SimplygonSwarm (157)
[2017.12.01-06.31.33:487][728]LogModuleManager: Shutting down and abandoning module SimplygonMeshReduction (155)
[2017.12.01-06.31.33:487][728]LogModuleManager: Shutting down and abandoning module QuadricMeshReduction (153)
[2017.12.01-06.31.33:487][728]LogModuleManager: Shutting down and abandoning module MaterialBaking (149)
[2017.12.01-06.31.33:488][728]LogModuleManager: Shutting down and abandoning module DirectoryWatcher (146)
[2017.12.01-06.31.33:538][728]LogModuleManager: Shutting down and abandoning module DerivedDataCache (144)
[2017.12.01-06.31.33:590][728]LogDerivedDataCache: Shutdown
[2017.12.01-06.31.33:590][728]LogModuleManager: Shutting down and abandoning module TargetPlatform (142)
[2017.12.01-06.31.33:592][728]LogModuleManager: Shutting down and abandoning module VulkanShaderFormat (141)
[2017.12.01-06.31.33:592][728]LogModuleManager: Shutting down and abandoning module ShaderFormatVectorVM (139)
[2017.12.01-06.31.33:593][728]LogModuleManager: Shutting down and abandoning module ShaderFormatOpenGL (137)
[2017.12.01-06.31.33:593][728]LogModuleManager: Shutting down and abandoning module ShaderFormatD3D (135)
[2017.12.01-06.31.33:593][728]LogModuleManager: Shutting down and abandoning module MetalShaderFormat (133)
[2017.12.01-06.31.33:593][728]LogModuleManager: Shutting down and abandoning module TextureFormatUncompressed (131)
[2017.12.01-06.31.33:593][728]LogModuleManager: Shutting down and abandoning module TextureFormatPVR (129)
[2017.12.01-06.31.33:593][728]LogModuleManager: Shutting down and abandoning module TextureFormatDXT (127)
[2017.12.01-06.31.33:593][728]LogModuleManager: Shutting down and abandoning module TextureFormatIntelISPCTexComp (125)
[2017.12.01-06.31.33:594][728]LogModuleManager: Shutting down and abandoning module TextureFormatASTC (123)
[2017.12.01-06.31.33:594][728]LogModuleManager: Shutting down and abandoning module ImageWrapper (122)
[2017.12.01-06.31.33:594][728]LogModuleManager: Shutting down and abandoning module TextureFormatAndroid (119)
[2017.12.01-06.31.33:594][728]LogModuleManager: Shutting down and abandoning module AudioFormatOpus (117)
[2017.12.01-06.31.33:594][728]LogModuleManager: Shutting down and abandoning module AudioFormatOgg (115)
[2017.12.01-06.31.33:594][728]LogModuleManager: Shutting down and abandoning module AudioFormatADPCM (113)
[2017.12.01-06.31.33:594][728]LogModuleManager: Shutting down and abandoning module LinuxTargetPlatform (111)
[2017.12.01-06.31.33:596][728]LogModuleManager: Shutting down and abandoning module LinuxServerTargetPlatform (109)
[2017.12.01-06.31.33:597][728]LogModuleManager: Shutting down and abandoning module LinuxNoEditorTargetPlatform (107)
[2017.12.01-06.31.33:597][728]LogModuleManager: Shutting down and abandoning module LinuxClientTargetPlatform (105)
[2017.12.01-06.31.33:598][728]LogModuleManager: Shutting down and abandoning module TVOSTargetPlatform (103)
[2017.12.01-06.31.33:598][728]LogModuleManager: Shutting down and abandoning module Messaging (101)
[2017.12.01-06.31.33:599][728]LogModuleManager: Shutting down and abandoning module IOSTargetPlatform (99)
[2017.12.01-06.31.33:602][728]LogModuleManager: Shutting down and abandoning module HTML5TargetPlatform (97)
[2017.12.01-06.31.33:602][728]LogModuleManager: Shutting down and abandoning module Android_PVRTCTargetPlatform (95)
[2017.12.01-06.31.33:603][728]LogModuleManager: Shutting down and abandoning module Android_MultiTargetPlatform (93)
[2017.12.01-06.31.33:603][728]LogModuleManager: Shutting down and abandoning module Android_ETC2TargetPlatform (91)
[2017.12.01-06.31.33:603][728]LogModuleManager: Shutting down and abandoning module Android_ETC1TargetPlatform (89)
[2017.12.01-06.31.33:603][728]LogModuleManager: Shutting down and abandoning module Android_DXTTargetPlatform (87)
[2017.12.01-06.31.33:604][728]LogModuleManager: Shutting down and abandoning module Android_ATCTargetPlatform (85)
[2017.12.01-06.31.33:604][728]LogModuleManager: Shutting down and abandoning module Android_ASTCTargetPlatform (83)
[2017.12.01-06.31.33:604][728]LogModuleManager: Shutting down and abandoning module AndroidTargetPlatform (81)
[2017.12.01-06.31.33:604][728]LogModuleManager: Shutting down and abandoning module WindowsTargetPlatform (79)
[2017.12.01-06.31.33:605][728]LogModuleManager: Shutting down and abandoning module WindowsServerTargetPlatform (77)
[2017.12.01-06.31.33:605][728]LogModuleManager: Shutting down and abandoning module WindowsNoEditorTargetPlatform (75)
[2017.12.01-06.31.33:605][728]LogModuleManager: Shutting down and abandoning module WindowsClientTargetPlatform (73)
[2017.12.01-06.31.33:605][728]LogModuleManager: Shutting down and abandoning module MacTargetPlatform (71)
[2017.12.01-06.31.33:605][728]LogModuleManager: Shutting down and abandoning module MacServerTargetPlatform (69)
[2017.12.01-06.31.33:605][728]LogModuleManager: Shutting down and abandoning module MacNoEditorTargetPlatform (67)
[2017.12.01-06.31.33:606][728]LogModuleManager: Shutting down and abandoning module MacClientTargetPlatform (65)
[2017.12.01-06.31.33:606][728]LogModuleManager: Shutting down and abandoning module AllDesktopTargetPlatform (63)
[2017.12.01-06.31.33:606][728]LogModuleManager: Shutting down and abandoning module InputCore (60)
[2017.12.01-06.31.33:606][728]LogModuleManager: Shutting down and abandoning module Settings (58)
[2017.12.01-06.31.33:608][728]LogModuleManager: Shutting down and abandoning module PhysXCooking (56)
[2017.12.01-06.31.33:608][728]LogModuleManager: Shutting down and abandoning module SteamVR (54)
[2017.12.01-06.31.33:609][728]LogModuleManager: Shutting down and abandoning module OculusHMD (52)
[2017.12.01-06.31.33:609][728]LogModuleManager: Shutting down and abandoning module ExampleDeviceProfileSelector (50)
[2017.12.01-06.31.33:609][728]LogModuleManager: Shutting down and abandoning module OnlineBlueprintSupport (48)
[2017.12.01-06.31.33:609][728]LogModuleManager: Shutting down and abandoning module OnlineSubsystem (44)
[2017.12.01-06.31.33:609][728]LogOnline: Display: Unloading online subsystem: NULL
[2017.12.01-06.31.33:610][728]LogModuleManager: Shutting down and abandoning module XMPP (43)
[2017.12.01-06.31.33:610][728]LogModuleManager: Shutting down and abandoning module HTTP (41)
[2017.12.01-06.31.33:611][728]LogHttp: Display: Http module shutting down, but needs to wait on 1 outstanding Http requests:
[2017.12.01-06.31.33:611][728]LogHttp: Display: 	verb=[POST] url=[https://datarouter.ol.epicgames.com/datarouter/api/v1/public/data?SessionID=%7B65F706D5-452E-BFAF-3CF1-B8A5F015FEA7%7D&AppID=UEEditor.Rocket.Release&AppVersion=4.17.2-3658906%2B%2B%2BUE4%2BRelease-4.17&UserID=3510c6e543735aa3e674b69fdb575744%7C440761a65e4c452a836fb2d55bfae9e2%7C8d3b26cd-c041-4f7d-933f-4b935cb758fa&AppEnvironment=datacollector-binary&UploadType=eteventstream] status=Processing
[2017.12.01-06.31.33:643][728]LogModuleManager: Shutting down and abandoning module SSL (40)
[2017.12.01-06.31.33:661][728]LogModuleManager: Shutting down and abandoning module AnimationModifiers (36)
[2017.12.01-06.31.33:661][728]LogModuleManager: Shutting down and abandoning module PropertyEditor (35)
[2017.12.01-06.31.33:662][728]LogModuleManager: Shutting down and abandoning module AudioEditor (32)
[2017.12.01-06.31.33:662][728]LogModuleManager: Shutting down and abandoning module TextureCompressor (30)
[2017.12.01-06.31.33:663][728]LogModuleManager: Shutting down and abandoning module ShaderCore (28)
[2017.12.01-06.31.33:663][728]LogModuleManager: Shutting down and abandoning module Landscape (26)
[2017.12.01-06.31.33:663][728]LogModuleManager: Shutting down and abandoning module SlateRHIRenderer (24)
[2017.12.01-06.31.33:693][728]LogModuleManager: Shutting down and abandoning module OpenGLDrv (22)
[2017.12.01-06.31.33:693][728]LogModuleManager: Shutting down and abandoning module D3D11RHI (20)
[2017.12.01-06.31.33:693][728]LogModuleManager: Shutting down and abandoning module AnimGraphRuntime (18)
[2017.12.01-06.31.33:694][728]LogModuleManager: Shutting down and abandoning module Renderer (16)
[2017.12.01-06.31.33:694][728]LogModuleManager: Shutting down and abandoning module Engine (14)
[2017.12.01-06.31.33:694][728]LogModuleManager: Shutting down and abandoning module CoreUObject (12)
[2017.12.01-06.31.33:694][728]LogModuleManager: Shutting down and abandoning module NetworkFile (10)
[2017.12.01-06.31.33:694][728]LogModuleManager: Shutting down and abandoning module CookedIterativeFile (8)
[2017.12.01-06.31.33:694][728]LogModuleManager: Shutting down and abandoning module StreamingFile (6)
[2017.12.01-06.31.33:694][728]LogModuleManager: Shutting down and abandoning module SandboxFile (4)
[2017.12.01-06.31.33:694][728]LogModuleManager: Shutting down and abandoning module PakFile (2)
[2017.12.01-06.31.33:709][728]LogExit: Exiting.
[2017.12.01-06.31.33:870][728]Log file closed, 12/01/17 01:31:33
