Log file open, 12/26/17 10:00:43
LogWindows: Failed to load 'aqProf.dll' (GetLastError=126)
LogWindows: File 'aqProf.dll' does not exist
LogWindows: Failed to load 'VSPerf140.dll' (GetLastError=126)
LogWindows: File 'VSPerf140.dll' does not exist
LogWindows: Failed to load 'VtuneApi.dll' (GetLastError=126)
LogWindows: File 'VtuneApi.dll' does not exist
LogWindows: Failed to load 'VtuneApi32e.dll' (GetLastError=126)
LogWindows: File 'VtuneApi32e.dll' does not exist
LogInit: Display: Running engine for game: CarBlueprints
LogPlatformFile: Not using cached read wrapper
LogInit: Display: RandInit(124556995) SRandInit(124556995).
LogTaskGraph: Started task graph with 5 named threads and 8 total threads with 3 sets of task threads.
LogStats: Stats thread started at 0.099347
LogD3D11RHI: Aftermath initialized
LogPluginManager: Mounting plugin Paper2D
LogPluginManager: Mounting plugin LightPropagationVolume
LogPluginManager: Mounting plugin CodeLiteSourceCodeAccess
LogPluginManager: Mounting plugin GitSourceControl
LogPluginManager: Mounting plugin KDevelopSourceCodeAccess
LogPluginManager: Mounting plugin NullSourceCodeAccess
LogPluginManager: Mounting plugin PerforceSourceControl
LogPluginManager: Mounting plugin SubversionSourceControl
LogPluginManager: Mounting plugin UObjectPlugin
LogPluginManager: Mounting plugin VisualStudioSourceCodeAccess
LogPluginManager: Mounting plugin XCodeSourceCodeAccess
LogPluginManager: Mounting plugin AssetManagerEditor
LogPluginManager: Mounting plugin AudioCapture
LogPluginManager: Mounting plugin FacialAnimation
LogPluginManager: Mounting plugin GameplayTagsEditor
LogPluginManager: Mounting plugin MobileLauncherProfileWizard
LogPluginManager: Mounting plugin PluginBrowser
LogPluginManager: Mounting plugin SpeedTreeImporter
LogPluginManager: Mounting plugin AlembicImporter
LogPluginManager: Mounting plugin CharacterAI
LogPluginManager: Mounting plugin HTML5Networking
LogPluginManager: Mounting plugin RawInput
LogPluginManager: Mounting plugin AndroidMedia
LogPluginManager: Mounting plugin AvfMedia
LogPluginManager: Mounting plugin MediaPlayerEditor
LogPluginManager: Mounting plugin WmfMedia
LogPluginManager: Mounting plugin TcpMessaging
LogPluginManager: Mounting plugin UdpMessaging
LogPluginManager: Mounting plugin LevelSequenceEditor
LogPluginManager: Mounting plugin MatineeToLevelSequence
LogPluginManager: Mounting plugin OnlineSubsystemGooglePlay
LogPluginManager: Mounting plugin OnlineSubsystemIOS
LogPluginManager: Mounting plugin OnlineSubsystem
LogPluginManager: Mounting plugin OnlineSubsystemNull
LogPluginManager: Mounting plugin OnlineSubsystemUtils
LogPluginManager: Mounting plugin AndroidDeviceProfileSelector
LogPluginManager: Mounting plugin AndroidMoviePlayer
LogPluginManager: Mounting plugin AndroidPermission
LogPluginManager: Mounting plugin AppleMoviePlayer
LogPluginManager: Mounting plugin ArchVisCharacter
LogPluginManager: Mounting plugin CableComponent
LogPluginManager: Mounting plugin CustomMeshComponent
LogPluginManager: Mounting plugin ExampleDeviceProfileSelector
LogPluginManager: Mounting plugin GoogleCloudMessaging
LogPluginManager: Mounting plugin ImmediatePhysics
LogPluginManager: Mounting plugin IOSDeviceProfileSelector
LogPluginManager: Mounting plugin LinuxDeviceProfileSelector
LogPluginManager: Mounting plugin LocationServicesBPLibrary
LogPluginManager: Mounting plugin MobilePatchingUtils
LogPluginManager: Mounting plugin OculusVR
LogPluginManager: Mounting plugin PhysXVehicles
LogPluginManager: Mounting plugin ProceduralMeshComponent
LogPluginManager: Mounting plugin RuntimePhysXCooking
LogPluginManager: Mounting plugin SteamVR
LogPluginManager: Mounting plugin WindowsMoviePlayer
LogInit: Using libcurl 7.47.1
LogInit:  - built for x86_64-pc-win32
LogInit:  - supports SSL with OpenSSL/1.0.2g
LogInit:  - supports HTTP deflate (compression) using libz 1.2.8
LogInit:  - other features:
LogInit:      CURL_VERSION_SSL
LogInit:      CURL_VERSION_LIBZ
LogInit:      CURL_VERSION_IPV6
LogInit:      CURL_VERSION_ASYNCHDNS
LogInit:      CURL_VERSION_LARGEFILE
LogInit:      CURL_VERSION_IDN
LogInit:  CurlRequestOptions (configurable via config and command line):
LogInit:  - bVerifyPeer = false  - Libcurl will NOT verify peer certificate
LogInit:  - bUseHttpProxy = false  - Libcurl will NOT use HTTP proxy
LogInit:  - bDontReuseConnections = false  - Libcurl will reuse connections
LogInit:  - CertBundlePath = nullptr  - Libcurl will use whatever was configured at build time.
LogInit: Build: ++UE4+Release-4.17-CL-3658906
LogInit: Engine Version: 4.17.2-3658906+++UE4+Release-4.17
LogInit: Compatible Engine Version: 4.17.0-3573198+++UE4+Release-4.17
LogInit: Net CL: 3573198
LogDevObjectVersion: Number of dev versions registered: 16
LogDevObjectVersion:   Dev-Blueprints (B0D832E4-1F89-4F0D-ACCF-7EB736FD4AA2): 10
LogDevObjectVersion:   Dev-Build (E1C64328-A22C-4D53-A36C-8E866417BD8C): 0
LogDevObjectVersion:   Dev-Core (375EC13C-06E4-48FB-B500-84F0262A717E): 2
LogDevObjectVersion:   Dev-Editor (E4B068ED-F494-42E9-A231-DA0B2E46BB41): 20
LogDevObjectVersion:   Dev-Framework (CFFC743F-43B0-4480-9391-14DF171D2073): 28
LogDevObjectVersion:   Dev-Mobile (B02B49B5-BB20-44E9-A304-32B752E40360): 0
LogDevObjectVersion:   Dev-Networking (A4E4105C-59A1-49B5-A7C5-40C4547EDFEE): 0
LogDevObjectVersion:   Dev-Online (39C831C9-5AE6-47DC-9A44-9C173E1C8E7C): 0
LogDevObjectVersion:   Dev-Physics (78F01B33-EBEA-4F98-B9B4-84EACCB95AA2): 0
LogDevObjectVersion:   Dev-Platform (6631380F-2D4D-43E0-8009-CF276956A95A): 0
LogDevObjectVersion:   Dev-Rendering (12F88B9F-8875-4AFC-A67C-D90C383ABD29): 19
LogDevObjectVersion:   Dev-Sequencer (7B5AE74C-D270-4C10-A958-57980B212A5A): 4
LogDevObjectVersion:   Dev-VR (D7296918-1DD6-4BDD-9DE2-64A83CC13884): 0
LogDevObjectVersion:   Dev-LoadTimes (C2A15278-BFE7-4AFE-6C17-90FF531DF755): 1
LogDevObjectVersion:   Private-Geometry (6EACA3D4-40EC-4CC1-B786-8BED09428FC5): 1
LogDevObjectVersion:   Dev-AnimPhys (29E575DD-E0A3-4627-9D10-D276232CDCEA): 7
LogInit: Compiled (64-bit): Sep 22 2017 13:47:16
LogInit: Compiled with Visual C++: 19.00.24215.01
LogInit: Build Configuration: Development
LogInit: Branch Name: ++UE4+Release-4.17
LogInit: Command line: 
LogInit: Base directory: C:/Program Files/Epic Games/UE_4.17/Engine/Binaries/Win64/
LogInit: Installed Engine Build: 1
LogInit: Presizing for max 8388607 objects, including 0 objects not considered by GC, pre-allocating 0 bytes for permanent pool.
LogInit: Object subsystem initialized
[2017.12.26-15.00.43:955][  0]LogInit: Selected Device Profile: [Windows]
[2017.12.26-15.00.43:955][  0]LogInit: Applying CVar settings loaded from the selected device profile: [Windows]
[2017.12.26-15.00.43:990][  0]LogInit: Computer: LAPTOP-QGRD1O7A
[2017.12.26-15.00.43:990][  0]LogInit: User: agsch
[2017.12.26-15.00.43:990][  0]LogInit: CPU Page size=4096, Cores=2
[2017.12.26-15.00.43:990][  0]LogInit: High frequency timer resolution =2.835940 MHz
[2017.12.26-15.00.43:991][  0]LogMemory: Memory total: Physical=7.9GB (8GB approx)
[2017.12.26-15.00.43:991][  0]LogMemory: Platform Memory Stats for Windows
[2017.12.26-15.00.43:991][  0]LogMemory: Process Physical Memory: 277.90 MB used, 277.90 MB peak
[2017.12.26-15.00.43:991][  0]LogMemory: Process Virtual Memory: 273.82 MB used, 273.82 MB peak
[2017.12.26-15.00.43:991][  0]LogMemory: Physical Memory: 3596.86 MB used,  4475.68 MB free, 8072.54 MB total
[2017.12.26-15.00.43:991][  0]LogMemory: Virtual Memory: 664.66 MB used,  4475.68 MB free, 134217728.00 MB total
[2017.12.26-15.00.44:484][  0]LogInit: Using OS detected language (en-US).
[2017.12.26-15.00.44:484][  0]LogInit: Using OS detected locale (en-US).
[2017.12.26-15.00.44:537][  0]LogTextLocalizationManager: No specific localization for 'en-US' exists, so the 'en' localization will be used.
[2017.12.26-15.00.47:362][  0]LogD3D11RHI: D3D11 adapters:
[2017.12.26-15.00.47:796][  0]LogD3D11RHI:    0. 'NVIDIA GeForce 940MX' (Feature Level 11_0)
[2017.12.26-15.00.47:796][  0]LogD3D11RHI:       2019/0/4036 MB DedicatedVideo/DedicatedSystem/SharedSystem, Outputs:1, VendorId:0x10de
[2017.12.26-15.00.47:802][  0]LogD3D11RHI:    1. 'Intel(R) HD Graphics 620' (Feature Level 11_0)
[2017.12.26-15.00.47:803][  0]LogD3D11RHI:       128/0/4036 MB DedicatedVideo/DedicatedSystem/SharedSystem, Outputs:0, VendorId:0x8086
[2017.12.26-15.00.47:804][  0]LogD3D11RHI:    2. 'Microsoft Basic Render Driver' (Feature Level 11_0)
[2017.12.26-15.00.47:804][  0]LogD3D11RHI:       0/0/4036 MB DedicatedVideo/DedicatedSystem/SharedSystem, Outputs:0, VendorId:0x1414
[2017.12.26-15.00.47:804][  0]LogD3D11RHI: Chosen D3D11 Adapter: 0
[2017.12.26-15.00.47:812][  0]LogD3D11RHI: Creating new Direct3DDevice
[2017.12.26-15.00.47:813][  0]LogD3D11RHI:     GPU DeviceId: 0x134d (for the marketing name, search the web for "GPU Device Id")
[2017.12.26-15.00.47:813][  0]LogWindows: EnumDisplayDevices:
[2017.12.26-15.00.47:813][  0]LogWindows:    0. 'Intel(R) HD Graphics 620' (P:1 D:1)
[2017.12.26-15.00.47:813][  0]LogWindows:    1. 'Intel(R) HD Graphics 620' (P:0 D:0)
[2017.12.26-15.00.47:813][  0]LogWindows:    2. 'Intel(R) HD Graphics 620' (P:0 D:0)
[2017.12.26-15.00.47:813][  0]LogWindows: DebugString: PrimaryIsNotTheChoosenAdapter PrimaryIsNotTheChoosenAdapter PrimaryIsNotTheChoosenAdapter FoundDriverCount:0 
[2017.12.26-15.00.47:813][  0]LogD3D11RHI:     Adapter Name: NVIDIA GeForce 940MX
[2017.12.26-15.00.47:813][  0]LogD3D11RHI:   Driver Version: Unknown (internal:Unknown, unified:Unknown)
[2017.12.26-15.00.47:813][  0]LogD3D11RHI:      Driver Date: Unknown
[2017.12.26-15.00.47:813][  0]LogRHI: Texture pool is 1361 MB (70% of 1945 MB)
[2017.12.26-15.00.47:846][  0]LogD3D11RHI: Async texture creation enabled
[2017.12.26-15.00.47:930][  0]LogD3D11RHI: GPU Timing Frequency: 1000.000000 (Debug: 2 2)
[2017.12.26-15.00.47:948][  0]LogShaderCompilers: Guid format shader working directory is -23 characters bigger than the processId version (../../../../../../Users/agsch/Documents/Unreal Projects/CarBlueprints/Intermediate/Shaders/WorkingDirectory/8516/).
[2017.12.26-15.00.47:948][  0]LogShaderCompilers: Cleaned the shader compiler working directory 'C:/Users/agsch/AppData/Local/Temp/UnrealShaderWorkingDir/7D2D58F84F8D1F83ECB69690B793E484/'.
[2017.12.26-15.00.47:950][  0]LogShaderCompilers: Display: Using Local Shader Compiler.
[2017.12.26-15.00.49:865][  0]LogTemp: Display: Loaded TP AllDesktopTargetPlatform
[2017.12.26-15.00.49:905][  0]LogTemp: Display: Loaded TP MacClientTargetPlatform
[2017.12.26-15.00.49:946][  0]LogTemp: Display: Loaded TP MacNoEditorTargetPlatform
[2017.12.26-15.00.49:987][  0]LogTemp: Display: Loaded TP MacServerTargetPlatform
[2017.12.26-15.00.50:031][  0]LogTemp: Display: Loaded TP MacTargetPlatform
[2017.12.26-15.00.50:102][  0]LogTemp: Display: Loaded TP WindowsClientTargetPlatform
[2017.12.26-15.00.50:183][  0]LogTemp: Display: Loaded TP WindowsNoEditorTargetPlatform
[2017.12.26-15.00.50:226][  0]LogTemp: Display: Loaded TP WindowsServerTargetPlatform
[2017.12.26-15.00.50:263][  0]LogTemp: Display: Loaded TP WindowsTargetPlatform
[2017.12.26-15.00.50:305][  0]LogTemp: Display: Loaded TP AndroidTargetPlatform
[2017.12.26-15.00.50:349][  0]LogTemp: Display: Loaded TP Android_ASTCTargetPlatform
[2017.12.26-15.00.50:421][  0]LogTemp: Display: Loaded TP Android_ATCTargetPlatform
[2017.12.26-15.00.50:473][  0]LogTemp: Display: Loaded TP Android_DXTTargetPlatform
[2017.12.26-15.00.50:518][  0]LogTemp: Display: Loaded TP Android_ETC1TargetPlatform
[2017.12.26-15.00.50:565][  0]LogTemp: Display: Loaded TP Android_ETC2TargetPlatform
[2017.12.26-15.00.50:650][  0]LogTemp: Display: Loaded TP Android_MultiTargetPlatform
[2017.12.26-15.00.50:650][  0]LogTemp: Display: Loaded TP Android_PVRTCTargetPlatform
[2017.12.26-15.00.50:681][  0]LogTemp: Display: Loaded TP HTML5TargetPlatform
[2017.12.26-15.00.50:769][  0]LogTemp: Display: Loaded TP IOSTargetPlatform
[2017.12.26-15.00.50:793][  0]LogTemp: Display: Loaded TP TVOSTargetPlatform
[2017.12.26-15.00.50:833][  0]LogTemp: Display: Loaded TP LinuxClientTargetPlatform
[2017.12.26-15.00.50:872][  0]LogTemp: Display: Loaded TP LinuxNoEditorTargetPlatform
[2017.12.26-15.00.50:913][  0]LogTemp: Display: Loaded TP LinuxServerTargetPlatform
[2017.12.26-15.00.50:965][  0]LogTemp: Display: Loaded TP LinuxTargetPlatform
[2017.12.26-15.00.50:966][  0]LogTargetPlatformManager: Display: Building Assets For Windows
[2017.12.26-15.00.51:477][  0]LogDerivedDataCache: Display: Max Cache Size: 512 MB
[2017.12.26-15.00.51:861][  0]LogDerivedDataCache: Loaded boot cache 0.38s 93MB C:/Users/agsch/AppData/Local/UnrealEngine/4.17/DerivedDataCache/Boot.ddc.
[2017.12.26-15.00.51:861][  0]LogDerivedDataCache: Display: Loaded Boot cache: C:/Users/agsch/AppData/Local/UnrealEngine/4.17/DerivedDataCache/Boot.ddc
[2017.12.26-15.00.51:861][  0]LogDerivedDataCache: FDerivedDataBackendGraph:  Pak pak cache file ../../../../../../Users/agsch/Documents/Unreal Projects/CarBlueprints/DerivedDataCache/DDC.ddp not found, will not use a pak cache.
[2017.12.26-15.00.51:861][  0]LogDerivedDataCache: Unable to find inner node Pak for hierarchical cache Hierarchy.
[2017.12.26-15.00.51:861][  0]LogDerivedDataCache: FDerivedDataBackendGraph:  CompressedPak pak cache file ../../../../../../Users/agsch/Documents/Unreal Projects/CarBlueprints/DerivedDataCache/Compressed.ddp not found, will not use a pak cache.
[2017.12.26-15.00.51:861][  0]LogDerivedDataCache: Unable to find inner node CompressedPak for hierarchical cache Hierarchy.
[2017.12.26-15.00.51:886][  0]LogDerivedDataCache: Display: Pak cache opened for reading ../../../Engine/DerivedDataCache/Compressed.ddp.
[2017.12.26-15.00.51:899][  0]LogDerivedDataCache: Using Local data cache path C:/Users/agsch/AppData/Local/UnrealEngine/Common/DerivedDataCache: Writable
[2017.12.26-15.00.51:913][  0]LogMaterial: Verifying Global Shaders for PCD3D_SM5
[2017.12.26-15.00.51:919][  0]LogSlate: Using Freetype 2.6.0
[2017.12.26-15.00.51:934][  0]LogSlate: SlateFontCache - WITH_FREETYPE: 1, WITH_HARFBUZZ: 1
[2017.12.26-15.00.51:934][  0]LogSlate: SlateFontCache - WITH_FREETYPE: 1, WITH_HARFBUZZ: 1
[2017.12.26-15.00.53:587][  0]LogAssetRegistry: FAssetRegistry took 0.0332 seconds to start up
[2017.12.26-15.00.53:736][  0]LogInit: Selected Device Profile: [Windows]
[2017.12.26-15.00.54:303][  0]LogContentStreaming: Texture pool size is 0.00 MB
[2017.12.26-15.00.54:756][  0]LogSimplygon: Simplygon DLL not present - disabling.
[2017.12.26-15.00.54:796][  0]LogMeshReduction: Using SimplygonSwarm for distributed automatic mesh merging
[2017.12.26-15.00.54:797][  0]LogMeshReduction: Using QuadricMeshReduction for automatic static mesh reduction
[2017.12.26-15.00.54:797][  0]LogMeshReduction: No automatic skeletal mesh reduction module available
[2017.12.26-15.00.54:797][  0]LogMeshReduction: No automatic mesh merging module available
[2017.12.26-15.00.54:797][  0]LogMeshMerging: No automatic mesh merging module available
[2017.12.26-15.00.55:669][  0]LogNetVersion: CarBlueprints , NetCL: 3573198, EngineNetVer: 2, GameNetVer: 0 (Checksum: 3571599761)
[2017.12.26-15.00.56:239][  0]LogPackageLocalizationCache: Processed 5 localized package path(s) for 2 prioritized culture(s) in 0.057587 seconds
[2017.12.26-15.00.56:245][  0]LogUObjectArray: 35825 objects as part of root set at end of initial load.
[2017.12.26-15.00.56:245][  0]LogUObjectAllocator: 7529104 out of 0 bytes used by permanent object pool.
[2017.12.26-15.00.56:245][  0]LogUObjectArray: CloseDisregardForGC: 0/0 objects in disregard for GC pool
[2017.12.26-15.00.56:297][  0]LogInit: WinSock: version 1.1 (2.2), MaxSocks=32767, MaxUdp=65467
[2017.12.26-15.01.02:245][  0]LogTcpMessaging: Initializing TcpMessaging bridge
[2017.12.26-15.01.02:283][  0]LogUdpMessaging: Initializing bridge on interface 0.0.0.0:0 to multicast group 230.0.0.1:6666.
[2017.12.26-15.01.03:079][  0]LogMaterial: Uniform references updated for custom material expression Custom.
[2017.12.26-15.01.03:582][  0]SourceControl: Source control is disabled
[2017.12.26-15.01.03:582][  0]SourceControl: Source control is disabled
[2017.12.26-15.01.03:640][  0]SourceControl: Source control is disabled
[2017.12.26-15.01.03:685][  0]SourceControl: Source control is disabled
[2017.12.26-15.01.04:333][  0]LogAndroidPermission: UAndroidPermissionCallbackProxy::GetInstance
[2017.12.26-15.01.04:536][  0]LogOcInput: OculusInput pre-init called
[2017.12.26-15.01.04:846][  0]LogEngine: Initializing Engine...
[2017.12.26-15.01.04:851][  0]LogHMD: Failed to initialize OpenVR with code 110
[2017.12.26-15.01.05:259][  0]LogStats: UGameplayTagsManager::ConstructGameplayTagTree: Construct from data asset -  0.000 s
[2017.12.26-15.01.05:261][  0]LogStats: UGameplayTagsManager::ConstructGameplayTagTree: GameplayTagTreeChangedEvent.Broadcast -  0.000 s
[2017.12.26-15.01.05:411][  0]LogAIModule: Creating AISystem for world Untitled
[2017.12.26-15.01.05:430][  0]LogInit: XAudio2 using 'Speakers (Realtek High Definition Audio)' : 2 channels at 48 kHz using 32 bits per sample (channel mask 0x3)
[2017.12.26-15.01.05:503][  0]LogInit: FAudioDevice initialized.
[2017.12.26-15.01.05:608][  0]LogDerivedDataCache: Saved boot cache 0.10s 93MB C:/Users/agsch/AppData/Local/UnrealEngine/4.17/DerivedDataCache/Boot.ddc.
[2017.12.26-15.01.05:627][  0]LogInit: Texture streaming: Enabled
[2017.12.26-15.01.05:730][  0]LogEngineSessionManager: EngineSessionManager initialized
[2017.12.26-15.01.06:000][  0]LogInit: Transaction tracking system initialized
[2017.12.26-15.01.06:315][  0]BlueprintLog: New page: Editor Load
[2017.12.26-15.01.07:252][  0]LocalizationService: Localization service is disabled
[2017.12.26-15.01.07:913][  0]LogConsoleResponse: Display: 
[2017.12.26-15.01.08:341][  0]LogCook: Display: Max memory allowance for cook 16384mb min free memory 0mb
[2017.12.26-15.01.08:341][  0]LogCook: Display: Mobile HDR setting 1
[2017.12.26-15.01.08:343][  0]LogFileCache: Scanning file cache for directory 'C:/Users/agsch/Documents/Unreal Projects/CarBlueprints/Content/' took 0.02s
[2017.12.26-15.01.08:343][  0]LogGameplayTags: Display: UGameplayTagsManager::DoneAddingNativeTags. DelegateIsBound: 0
[2017.12.26-15.01.09:399][  0]SourceControl: Source control is disabled
[2017.12.26-15.01.09:405][  0]Cmd: MAP LOAD FILE="../../../../../../Users/agsch/Documents/Unreal Projects/CarBlueprints/Content/VehicleAdvBP/Maps/VehicleAdvExampleMap.umap" TEMPLATE=0 SHOWPROGRESS=1 FEATURELEVEL=3
[2017.12.26-15.01.09:408][  0]LightingResults: New page: Lighting Build
[2017.12.26-15.01.09:450][  0]MapCheck: New page: Map Check
[2017.12.26-15.01.09:450][  0]LightingResults: New page: Lighting Build
[2017.12.26-15.01.09:911][  0]LogLinker: Warning: Can't find file '/Game/FirstPerson/FPWeapon/Materials/MaterialLayers/ML_GlossyBlack_Latex_UE4'
[2017.12.26-15.01.09:912][  0]LoadErrors: Failed to load /Game/VehicleAdv/Materials/M_FPGun.M_FPGun Referenced by WeaponMesh_GEN_VARIABLE
[2017.12.26-15.01.09:912][  0]LogLinker: Warning: Can't find file for asset '/Game/FirstPerson/FPWeapon/Materials/MaterialLayers/ML_GlossyBlack_Latex_UE4' while loading ../../../../../../Users/agsch/Documents/Unreal Projects/CarBlueprints/Content/VehicleAdv/Materials/M_FPGun.uasset.
[2017.12.26-15.01.09:912][  0]LoadErrors: Failed to load /Game/VehicleAdv/Materials/M_FPGun.M_FPGun Referenced by WeaponMesh_GEN_VARIABLE
[2017.12.26-15.01.09:912][  0]LoadErrors: Error: /Game/VehicleAdv/Materials/M_FPGun : Can't find file for asset. /Game/FirstPerson/FPWeapon/Materials/MaterialLayers/ML_GlossyBlack_Latex_UE4
[2017.12.26-15.01.09:912][  0]LogLinker: Warning: Can't find file '/Game/FirstPerson/FPWeapon/Materials/MaterialLayers/ML_Plastic_Shiny_Beige'
[2017.12.26-15.01.09:912][  0]LoadErrors: Failed to load /Game/VehicleAdv/Materials/M_FPGun.M_FPGun Referenced by WeaponMesh_GEN_VARIABLE
[2017.12.26-15.01.09:912][  0]LogLinker: Warning: Can't find file for asset '/Game/FirstPerson/FPWeapon/Materials/MaterialLayers/ML_Plastic_Shiny_Beige' while loading ../../../../../../Users/agsch/Documents/Unreal Projects/CarBlueprints/Content/VehicleAdv/Materials/M_FPGun.uasset.
[2017.12.26-15.01.09:912][  0]LoadErrors: Failed to load /Game/VehicleAdv/Materials/M_FPGun.M_FPGun Referenced by WeaponMesh_GEN_VARIABLE
[2017.12.26-15.01.09:912][  0]LoadErrors: Error: /Game/VehicleAdv/Materials/M_FPGun : Can't find file for asset. /Game/FirstPerson/FPWeapon/Materials/MaterialLayers/ML_Plastic_Shiny_Beige
[2017.12.26-15.01.09:912][  0]LogLinker: Warning: Can't find file '/Game/FirstPerson/FPWeapon/Materials/MaterialLayers/ML_Screen'
[2017.12.26-15.01.09:912][  0]LoadErrors: Failed to load /Game/VehicleAdv/Materials/M_FPGun.M_FPGun Referenced by WeaponMesh_GEN_VARIABLE
[2017.12.26-15.01.09:912][  0]LogLinker: Warning: Can't find file for asset '/Game/FirstPerson/FPWeapon/Materials/MaterialLayers/ML_Screen' while loading ../../../../../../Users/agsch/Documents/Unreal Projects/CarBlueprints/Content/VehicleAdv/Materials/M_FPGun.uasset.
[2017.12.26-15.01.09:912][  0]LoadErrors: Failed to load /Game/VehicleAdv/Materials/M_FPGun.M_FPGun Referenced by WeaponMesh_GEN_VARIABLE
[2017.12.26-15.01.09:912][  0]LoadErrors: Error: /Game/VehicleAdv/Materials/M_FPGun : Can't find file for asset. /Game/FirstPerson/FPWeapon/Materials/MaterialLayers/ML_Screen
[2017.12.26-15.01.09:912][  0]LogLinker: Warning: Can't find file '/Game/FirstPerson/FPWeapon/Materials/MaterialLayers/ML_SoftMetal_UE4'
[2017.12.26-15.01.09:912][  0]LoadErrors: Failed to load /Game/VehicleAdv/Materials/M_FPGun.M_FPGun Referenced by WeaponMesh_GEN_VARIABLE
[2017.12.26-15.01.09:913][  0]LogLinker: Warning: Can't find file for asset '/Game/FirstPerson/FPWeapon/Materials/MaterialLayers/ML_SoftMetal_UE4' while loading ../../../../../../Users/agsch/Documents/Unreal Projects/CarBlueprints/Content/VehicleAdv/Materials/M_FPGun.uasset.
[2017.12.26-15.01.09:913][  0]LoadErrors: Failed to load /Game/VehicleAdv/Materials/M_FPGun.M_FPGun Referenced by WeaponMesh_GEN_VARIABLE
[2017.12.26-15.01.09:913][  0]LoadErrors: Error: /Game/VehicleAdv/Materials/M_FPGun : Can't find file for asset. /Game/FirstPerson/FPWeapon/Materials/MaterialLayers/ML_SoftMetal_UE4
[2017.12.26-15.01.09:914][  0]LogLinker: Warning: Can't find file '/Game/FirstPerson/FPWeapon/Materials/MaterialLayers/ML_GlossyBlack_Latex_UE4'
[2017.12.26-15.01.09:914][  0]LoadErrors: Failed to load /Game/VehicleAdv/Materials/M_FPGun.M_FPGun Referenced by WeaponMesh_GEN_VARIABLE
[2017.12.26-15.01.09:914][  0]LogLinker: Warning: Can't find file for asset '/Game/FirstPerson/FPWeapon/Materials/MaterialLayers/ML_GlossyBlack_Latex_UE4' while loading ../../../../../../Users/agsch/Documents/Unreal Projects/CarBlueprints/Content/VehicleAdv/Materials/M_FPGun.uasset.
[2017.12.26-15.01.09:914][  0]LoadErrors: Failed to load /Game/VehicleAdv/Materials/M_FPGun.M_FPGun Referenced by WeaponMesh_GEN_VARIABLE
[2017.12.26-15.01.09:914][  0]LoadErrors: Error: /Game/VehicleAdv/Materials/M_FPGun : Can't find file for asset. /Game/FirstPerson/FPWeapon/Materials/MaterialLayers/ML_GlossyBlack_Latex_UE4
[2017.12.26-15.01.09:914][  0]LogLinker: Warning: Can't find file '/Game/FirstPerson/FPWeapon/Materials/MaterialLayers/ML_Plastic_Shiny_Beige'
[2017.12.26-15.01.09:914][  0]LoadErrors: Failed to load /Game/VehicleAdv/Materials/M_FPGun.M_FPGun Referenced by WeaponMesh_GEN_VARIABLE
[2017.12.26-15.01.09:914][  0]LogLinker: Warning: Can't find file for asset '/Game/FirstPerson/FPWeapon/Materials/MaterialLayers/ML_Plastic_Shiny_Beige' while loading ../../../../../../Users/agsch/Documents/Unreal Projects/CarBlueprints/Content/VehicleAdv/Materials/M_FPGun.uasset.
[2017.12.26-15.01.09:914][  0]LoadErrors: Failed to load /Game/VehicleAdv/Materials/M_FPGun.M_FPGun Referenced by WeaponMesh_GEN_VARIABLE
[2017.12.26-15.01.09:914][  0]LoadErrors: Error: /Game/VehicleAdv/Materials/M_FPGun : Can't find file for asset. /Game/FirstPerson/FPWeapon/Materials/MaterialLayers/ML_Plastic_Shiny_Beige
[2017.12.26-15.01.09:914][  0]LogLinker: Warning: Can't find file '/Game/FirstPerson/FPWeapon/Materials/MaterialLayers/ML_Screen'
[2017.12.26-15.01.09:914][  0]LoadErrors: Failed to load /Game/VehicleAdv/Materials/M_FPGun.M_FPGun Referenced by WeaponMesh_GEN_VARIABLE
[2017.12.26-15.01.09:914][  0]LogLinker: Warning: Can't find file for asset '/Game/FirstPerson/FPWeapon/Materials/MaterialLayers/ML_Screen' while loading ../../../../../../Users/agsch/Documents/Unreal Projects/CarBlueprints/Content/VehicleAdv/Materials/M_FPGun.uasset.
[2017.12.26-15.01.09:914][  0]LoadErrors: Failed to load /Game/VehicleAdv/Materials/M_FPGun.M_FPGun Referenced by WeaponMesh_GEN_VARIABLE
[2017.12.26-15.01.09:914][  0]LoadErrors: Error: /Game/VehicleAdv/Materials/M_FPGun : Can't find file for asset. /Game/FirstPerson/FPWeapon/Materials/MaterialLayers/ML_Screen
[2017.12.26-15.01.09:915][  0]LogLinker: Warning: Can't find file '/Game/FirstPerson/FPWeapon/Materials/MaterialLayers/ML_SoftMetal_UE4'
[2017.12.26-15.01.09:915][  0]LoadErrors: Failed to load /Game/VehicleAdv/Materials/M_FPGun.M_FPGun Referenced by WeaponMesh_GEN_VARIABLE
[2017.12.26-15.01.09:915][  0]LogLinker: Warning: Can't find file for asset '/Game/FirstPerson/FPWeapon/Materials/MaterialLayers/ML_SoftMetal_UE4' while loading ../../../../../../Users/agsch/Documents/Unreal Projects/CarBlueprints/Content/VehicleAdv/Materials/M_FPGun.uasset.
[2017.12.26-15.01.09:915][  0]LoadErrors: Failed to load /Game/VehicleAdv/Materials/M_FPGun.M_FPGun Referenced by WeaponMesh_GEN_VARIABLE
[2017.12.26-15.01.09:915][  0]LoadErrors: Error: /Game/VehicleAdv/Materials/M_FPGun : Can't find file for asset. /Game/FirstPerson/FPWeapon/Materials/MaterialLayers/ML_SoftMetal_UE4
[2017.12.26-15.01.09:915][  0]LogLinker: Warning: Can't find file '/Game/FirstPerson/FPWeapon/Textures/T_FPGun_M'
[2017.12.26-15.01.09:915][  0]LoadErrors: Failed to load /Game/VehicleAdv/Materials/M_FPGun.M_FPGun Referenced by WeaponMesh_GEN_VARIABLE
[2017.12.26-15.01.09:915][  0]LogLinker: Warning: Can't find file for asset '/Game/FirstPerson/FPWeapon/Textures/T_FPGun_M' while loading ../../../../../../Users/agsch/Documents/Unreal Projects/CarBlueprints/Content/VehicleAdv/Materials/M_FPGun.uasset.
[2017.12.26-15.01.09:915][  0]LoadErrors: Failed to load /Game/VehicleAdv/Materials/M_FPGun.M_FPGun Referenced by WeaponMesh_GEN_VARIABLE
[2017.12.26-15.01.09:915][  0]LoadErrors: Error: /Game/VehicleAdv/Materials/M_FPGun : Can't find file for asset. /Game/FirstPerson/FPWeapon/Textures/T_FPGun_M
[2017.12.26-15.01.09:915][  0]LogLinker: Warning: Can't find file '/Game/FirstPerson/FPWeapon/Textures/T_FPGun_N'
[2017.12.26-15.01.09:915][  0]LoadErrors: Failed to load /Game/VehicleAdv/Materials/M_FPGun.M_FPGun Referenced by WeaponMesh_GEN_VARIABLE
[2017.12.26-15.01.09:915][  0]LogLinker: Warning: Can't find file for asset '/Game/FirstPerson/FPWeapon/Textures/T_FPGun_N' while loading ../../../../../../Users/agsch/Documents/Unreal Projects/CarBlueprints/Content/VehicleAdv/Materials/M_FPGun.uasset.
[2017.12.26-15.01.09:915][  0]LoadErrors: Failed to load /Game/VehicleAdv/Materials/M_FPGun.M_FPGun Referenced by WeaponMesh_GEN_VARIABLE
[2017.12.26-15.01.09:915][  0]LoadErrors: Error: /Game/VehicleAdv/Materials/M_FPGun : Can't find file for asset. /Game/FirstPerson/FPWeapon/Textures/T_FPGun_N
[2017.12.26-15.01.09:915][  0]LogLinker: Warning: Can't find file '/Game/FirstPerson/FPWeapon/Textures/T_FPGun_M'
[2017.12.26-15.01.09:915][  0]LoadErrors: Failed to load /Game/VehicleAdv/Materials/M_FPGun.M_FPGun Referenced by WeaponMesh_GEN_VARIABLE
[2017.12.26-15.01.09:915][  0]LogLinker: Warning: Can't find file for asset '/Game/FirstPerson/FPWeapon/Textures/T_FPGun_M' while loading ../../../../../../Users/agsch/Documents/Unreal Projects/CarBlueprints/Content/VehicleAdv/Materials/M_FPGun.uasset.
[2017.12.26-15.01.09:916][  0]LoadErrors: Failed to load /Game/VehicleAdv/Materials/M_FPGun.M_FPGun Referenced by WeaponMesh_GEN_VARIABLE
[2017.12.26-15.01.09:916][  0]LoadErrors: Error: /Game/VehicleAdv/Materials/M_FPGun : Can't find file for asset. /Game/FirstPerson/FPWeapon/Textures/T_FPGun_M
[2017.12.26-15.01.09:916][  0]LogLinker: Warning: Can't find file '/Game/FirstPerson/FPWeapon/Textures/T_FPGun_N'
[2017.12.26-15.01.09:916][  0]LoadErrors: Failed to load /Game/VehicleAdv/Materials/M_FPGun.M_FPGun Referenced by WeaponMesh_GEN_VARIABLE
[2017.12.26-15.01.09:916][  0]LogLinker: Warning: Can't find file for asset '/Game/FirstPerson/FPWeapon/Textures/T_FPGun_N' while loading ../../../../../../Users/agsch/Documents/Unreal Projects/CarBlueprints/Content/VehicleAdv/Materials/M_FPGun.uasset.
[2017.12.26-15.01.09:916][  0]LoadErrors: Failed to load /Game/VehicleAdv/Materials/M_FPGun.M_FPGun Referenced by WeaponMesh_GEN_VARIABLE
[2017.12.26-15.01.09:916][  0]LoadErrors: Error: /Game/VehicleAdv/Materials/M_FPGun : Can't find file for asset. /Game/FirstPerson/FPWeapon/Textures/T_FPGun_N
[2017.12.26-15.01.10:702][  0]LogLinker: Warning: Can't find file '/Game/FirstPerson/FPWeapon/Materials/MaterialLayers/ML_SoftMetal_UE4'
[2017.12.26-15.01.10:702][  0]LoadErrors: Failed to load /Game/FirstPerson/FPWeapon/Materials/MaterialLayers/ML_SoftMetal_UE4.ML_SoftMetal_UE4 Referenced by M_FPGun
[2017.12.26-15.01.10:703][  0]LogLinker: Warning: Can't find file for asset '/Game/FirstPerson/FPWeapon/Materials/MaterialLayers/ML_SoftMetal_UE4' while loading NULL.
[2017.12.26-15.01.10:703][  0]LoadErrors: Failed to load /Game/FirstPerson/FPWeapon/Materials/MaterialLayers/ML_SoftMetal_UE4.ML_SoftMetal_UE4 Referenced by M_FPGun
[2017.12.26-15.01.10:703][  0]LogLinker: Warning: Can't find file '/Game/FirstPerson/FPWeapon/Materials/MaterialLayers/ML_GlossyBlack_Latex_UE4'
[2017.12.26-15.01.10:703][  0]LoadErrors: Failed to load /Game/FirstPerson/FPWeapon/Materials/MaterialLayers/ML_GlossyBlack_Latex_UE4.ML_GlossyBlack_Latex_UE4 Referenced by M_FPGun
[2017.12.26-15.01.10:703][  0]LogLinker: Warning: Can't find file for asset '/Game/FirstPerson/FPWeapon/Materials/MaterialLayers/ML_GlossyBlack_Latex_UE4' while loading NULL.
[2017.12.26-15.01.10:703][  0]LoadErrors: Failed to load /Game/FirstPerson/FPWeapon/Materials/MaterialLayers/ML_GlossyBlack_Latex_UE4.ML_GlossyBlack_Latex_UE4 Referenced by M_FPGun
[2017.12.26-15.01.10:703][  0]LogLinker: Warning: Can't find file '/Game/FirstPerson/FPWeapon/Materials/MaterialLayers/ML_Plastic_Shiny_Beige'
[2017.12.26-15.01.10:703][  0]LoadErrors: Failed to load /Game/FirstPerson/FPWeapon/Materials/MaterialLayers/ML_Plastic_Shiny_Beige.ML_Plastic_Shiny_Beige Referenced by M_FPGun
[2017.12.26-15.01.10:703][  0]LogLinker: Warning: Can't find file for asset '/Game/FirstPerson/FPWeapon/Materials/MaterialLayers/ML_Plastic_Shiny_Beige' while loading NULL.
[2017.12.26-15.01.10:703][  0]LoadErrors: Failed to load /Game/FirstPerson/FPWeapon/Materials/MaterialLayers/ML_Plastic_Shiny_Beige.ML_Plastic_Shiny_Beige Referenced by M_FPGun
[2017.12.26-15.01.10:703][  0]LogLinker: Warning: Can't find file '/Game/FirstPerson/FPWeapon/Materials/MaterialLayers/ML_Screen'
[2017.12.26-15.01.10:703][  0]LoadErrors: Failed to load /Game/FirstPerson/FPWeapon/Materials/MaterialLayers/ML_Screen.ML_Screen Referenced by M_FPGun
[2017.12.26-15.01.10:703][  0]LogLinker: Warning: Can't find file for asset '/Game/FirstPerson/FPWeapon/Materials/MaterialLayers/ML_Screen' while loading NULL.
[2017.12.26-15.01.10:703][  0]LoadErrors: Failed to load /Game/FirstPerson/FPWeapon/Materials/MaterialLayers/ML_Screen.ML_Screen Referenced by M_FPGun
[2017.12.26-15.01.10:704][  0]LogLinker: Warning: Can't find file '/Game/FirstPerson/FPWeapon/Materials/MaterialLayers/ML_Plastic_Shiny_Beige'
[2017.12.26-15.01.10:704][  0]LoadErrors: Failed to load /Game/FirstPerson/FPWeapon/Materials/MaterialLayers/ML_Plastic_Shiny_Beige.ML_Plastic_Shiny_Beige Referenced by MaterialExpressionMaterialFunctionCall_13
[2017.12.26-15.01.10:704][  0]LogLinker: Warning: Can't find file for asset '/Game/FirstPerson/FPWeapon/Materials/MaterialLayers/ML_Plastic_Shiny_Beige' while loading NULL.
[2017.12.26-15.01.10:704][  0]LoadErrors: Failed to load /Game/FirstPerson/FPWeapon/Materials/MaterialLayers/ML_Plastic_Shiny_Beige.ML_Plastic_Shiny_Beige Referenced by MaterialExpressionMaterialFunctionCall_13
[2017.12.26-15.01.10:704][  0]LogLinker: Warning: Can't find file '/Game/FirstPerson/FPWeapon/Materials/MaterialLayers/ML_Screen'
[2017.12.26-15.01.10:704][  0]LoadErrors: Failed to load /Game/FirstPerson/FPWeapon/Materials/MaterialLayers/ML_Screen.ML_Screen Referenced by MaterialExpressionMaterialFunctionCall_4
[2017.12.26-15.01.10:704][  0]LogLinker: Warning: Can't find file for asset '/Game/FirstPerson/FPWeapon/Materials/MaterialLayers/ML_Screen' while loading NULL.
[2017.12.26-15.01.10:704][  0]LoadErrors: Failed to load /Game/FirstPerson/FPWeapon/Materials/MaterialLayers/ML_Screen.ML_Screen Referenced by MaterialExpressionMaterialFunctionCall_4
[2017.12.26-15.01.10:704][  0]LogLinker: Warning: Can't find file '/Game/FirstPerson/FPWeapon/Materials/MaterialLayers/ML_SoftMetal_UE4'
[2017.12.26-15.01.10:704][  0]LoadErrors: Failed to load /Game/FirstPerson/FPWeapon/Materials/MaterialLayers/ML_SoftMetal_UE4.ML_SoftMetal_UE4 Referenced by MaterialExpressionMaterialFunctionCall_8
[2017.12.26-15.01.10:704][  0]LogLinker: Warning: Can't find file for asset '/Game/FirstPerson/FPWeapon/Materials/MaterialLayers/ML_SoftMetal_UE4' while loading NULL.
[2017.12.26-15.01.10:704][  0]LoadErrors: Failed to load /Game/FirstPerson/FPWeapon/Materials/MaterialLayers/ML_SoftMetal_UE4.ML_SoftMetal_UE4 Referenced by MaterialExpressionMaterialFunctionCall_8
[2017.12.26-15.01.10:705][  0]LogLinker: Warning: Can't find file '/Game/FirstPerson/FPWeapon/Materials/MaterialLayers/ML_GlossyBlack_Latex_UE4'
[2017.12.26-15.01.10:705][  0]LoadErrors: Failed to load /Game/FirstPerson/FPWeapon/Materials/MaterialLayers/ML_GlossyBlack_Latex_UE4.ML_GlossyBlack_Latex_UE4 Referenced by MaterialExpressionMaterialFunctionCall_9
[2017.12.26-15.01.10:705][  0]LogLinker: Warning: Can't find file for asset '/Game/FirstPerson/FPWeapon/Materials/MaterialLayers/ML_GlossyBlack_Latex_UE4' while loading NULL.
[2017.12.26-15.01.10:705][  0]LoadErrors: Failed to load /Game/FirstPerson/FPWeapon/Materials/MaterialLayers/ML_GlossyBlack_Latex_UE4.ML_GlossyBlack_Latex_UE4 Referenced by MaterialExpressionMaterialFunctionCall_9
[2017.12.26-15.01.10:705][  0]LogLinker: Warning: Can't find file '/Game/FirstPerson/FPWeapon/Textures/T_FPGun_N'
[2017.12.26-15.01.10:705][  0]LoadErrors: Failed to load /Game/FirstPerson/FPWeapon/Textures/T_FPGun_N.T_FPGun_N Referenced by MaterialExpressionTextureSampleParameter2D_2
[2017.12.26-15.01.10:705][  0]LogLinker: Warning: Can't find file for asset '/Game/FirstPerson/FPWeapon/Textures/T_FPGun_N' while loading NULL.
[2017.12.26-15.01.10:705][  0]LoadErrors: Failed to load /Game/FirstPerson/FPWeapon/Textures/T_FPGun_N.T_FPGun_N Referenced by MaterialExpressionTextureSampleParameter2D_2
[2017.12.26-15.01.10:705][  0]LogLinker: Warning: Can't find file '/Game/FirstPerson/FPWeapon/Textures/T_FPGun_M'
[2017.12.26-15.01.10:705][  0]LoadErrors: Failed to load /Game/FirstPerson/FPWeapon/Textures/T_FPGun_M.T_FPGun_M Referenced by MaterialExpressionTextureSampleParameter2D_3
[2017.12.26-15.01.10:705][  0]LogLinker: Warning: Can't find file for asset '/Game/FirstPerson/FPWeapon/Textures/T_FPGun_M' while loading NULL.
[2017.12.26-15.01.10:705][  0]LoadErrors: Failed to load /Game/FirstPerson/FPWeapon/Textures/T_FPGun_M.T_FPGun_M Referenced by MaterialExpressionTextureSampleParameter2D_3
[2017.12.26-15.01.11:136][  0]LogMaterial: Missing cached shader map for material M_FPGun, compiling. 
[2017.12.26-15.01.11:141][  0]LogMaterial: Warning: Failed to compile Material /Game/VehicleAdv/Materials/M_FPGun.M_FPGun for platform PCD3D_SM5, Default Material will be used in game.
[2017.12.26-15.01.11:141][  0]LogMaterial: Warning: 	Missing Material Function
[2017.12.26-15.01.11:141][  0]LogMaterial: Warning: 	(Node TextureSampleParameter2D) Param2D> Requires Texture2D
[2017.12.26-15.01.11:141][  0]LogMaterial: Warning: 	Function MatLayerBlend_NormalBlend: (Node MakeMaterialAttributes) Error on property Normal
[2017.12.26-15.01.11:141][  0]LogMaterial: Warning: 	Function MatLayerBlend_Simple: (Node MakeMaterialAttributes) Error on property EmissiveColor
[2017.12.26-15.01.11:141][  0]LogMaterial: Warning: 	Function MatLayerBlend_Simple: (Node MakeMaterialAttributes) Error on property BaseColor
[2017.12.26-15.01.11:141][  0]LogMaterial: Warning: 	Function MatLayerBlend_Simple: (Node MakeMaterialAttributes) Error on property Metallic
[2017.12.26-15.01.11:141][  0]LogMaterial: Warning: 	Function MatLayerBlend_Simple: (Node MakeMaterialAttributes) Error on property Roughness
[2017.12.26-15.01.11:444][  0]LogAIModule: Creating AISystem for world VehicleAdvExampleMap
[2017.12.26-15.01.11:636][  0]LogEditorServer: Finished looking for orphan Actors (0.000 secs)
[2017.12.26-15.01.11:685][  0]Cmd: MAP CHECKDEP NOCLEARLOG
[2017.12.26-15.01.11:729][  0]MapCheck: Map check complete: 0 Error(s), 0 Warning(s), took 43.977ms to complete.
[2017.12.26-15.01.11:729][  0]LogFileHelpers: Loading map 'VehicleAdvExampleMap' took 2.327
[2017.12.26-15.01.12:012][  0]LogCollectionManager: Loaded 0 collections in 0.001321 seconds
[2017.12.26-15.01.12:130][  0]LogFileCache: Scanning file cache for directory 'C:/Users/agsch/Documents/Unreal Projects/CarBlueprints/Saved/Collections/' took 0.01s
[2017.12.26-15.01.12:130][  0]LogFileCache: Scanning file cache for directory 'C:/Users/agsch/Documents/Unreal Projects/CarBlueprints/Content/Developers/agsch/Collections/' took 0.01s
[2017.12.26-15.01.12:130][  0]LogFileCache: Scanning file cache for directory 'C:/Users/agsch/Documents/Unreal Projects/CarBlueprints/Content/Collections/' took 0.01s
[2017.12.26-15.01.12:130][  0]LogCollectionManager: Rebuilt the GUID cache for 0 collections in 0.000001 seconds
[2017.12.26-15.01.12:142][  0]LogContentBrowser: Native class hierarchy populated in 0.0087 seconds. Added 2388 classes and 503 folders.
[2017.12.26-15.01.12:204][  0]LogContentBrowser: Native class hierarchy updated for 'WidgetCarousel' in 0.0013 seconds. Added 0 classes and 0 folders.
[2017.12.26-15.01.12:609][  0]LogContentBrowser: Native class hierarchy updated for 'AddContentDialog' in 0.0006 seconds. Added 0 classes and 0 folders.
[2017.12.26-15.01.12:663][  0]LogContentBrowser: Native class hierarchy updated for 'SceneOutliner' in 0.0006 seconds. Added 1 classes and 2 folders.
[2017.12.26-15.01.12:807][  0]LogSlate: Took 0.007480 seconds to synchronously load lazily loaded font '../../../Engine/Content/Slate/Fonts/Roboto-Regular.ttf' (155K)
[2017.12.26-15.01.12:820][  0]LogSlate: Took 0.007382 seconds to synchronously load lazily loaded font '../../../Engine/Content/Slate/Fonts/Roboto-Bold.ttf' (160K)
[2017.12.26-15.01.12:833][  0]LogSlate: Took 0.005184 seconds to synchronously load lazily loaded font '../../../Engine/Content/Editor/Slate/Fonts/FontAwesome.ttf' (139K)
[2017.12.26-15.01.12:978][  0]LogRenderer: Reallocating scene render targets to support 964x436 Format 10 NumSamples 1 (Frame:1).
[2017.12.26-15.01.13:264][  0]LogContentBrowser: Native class hierarchy updated for 'HierarchicalLODOutliner' in 0.0006 seconds. Added 1 classes and 2 folders.
[2017.12.26-15.01.13:264][  0]LogLoad: (Engine Initialization) Total time: 31.68 seconds
[2017.12.26-15.01.13:264][  0]LogLoad: (Engine Initialization) Total Blueprint compile time: 0.00 seconds
[2017.12.26-15.01.13:266][  0]LogExternalProfiler: No external profilers were discovered.  External profiling features will not be available.
[2017.12.26-15.01.13:286][  0]LogRawInputWindows: Warning: Found device 0 devices
[2017.12.26-15.01.13:286][  0]LogRawInputWindows: Warning: Found device 0 devices
[2017.12.26-15.01.13:286][  0]LogRawInputWindows: Warning: Device was registered succesfully but not connected (Usage:4 UsagePage:1
[2017.12.26-15.01.13:286][  0]LogRawInputWindows: Warning: Found device 1 devices
[2017.12.26-15.01.13:286][  0]LogRawInputWindows: Warning: Device was registered succesfully but not connected (Usage:5 UsagePage:1
[2017.12.26-15.01.13:308][  0]LogContentStreaming: Texture pool size now 1000 MB
[2017.12.26-15.01.13:387][  0]LogSlate: Took 0.006993 seconds to synchronously load lazily loaded font '../../../Engine/Content/Slate/Fonts/Roboto-Light.ttf' (159K)
[2017.12.26-15.01.13:446][  1]LogAssetRegistry: Asset discovery search completed in 19.8829 seconds
[2017.12.26-15.01.13:449][  1]LogCollectionManager: Rebuilt the object cache for 0 collections in 0.000000 seconds (found 0 objects)
[2017.12.26-15.01.13:449][  1]LogCollectionManager: Fixed up redirectors for 0 collections in 0.000058 seconds (updated 0 objects)
[2017.12.26-15.03.18:878][459]LogWindowsTextInputMethodSystem: Display: IME system now deactivated.
[2017.12.26-15.03.19:083][460]Cmd: QUIT_EDITOR
[2017.12.26-15.03.19:128][460]LogExit: Preparing to exit.
[2017.12.26-15.03.20:258][460]LogDirectoryWatcher: A directory notification for 'C:/Users/agsch/Documents/Unreal Projects/CarBlueprints/Content/' was aborted.
[2017.12.26-15.03.20:281][460]LogExit: Editor shut down
[2017.12.26-15.03.20:285][460]LogExit: Transaction tracking system shut down
[2017.12.26-15.03.20:368][460]LogDirectoryWatcher: A directory notification for '../../../Engine/Content/' was aborted.
[2017.12.26-15.03.20:368][460]LogDirectoryWatcher: A directory notification for '../../../../../../Users/agsch/Documents/Unreal Projects/CarBlueprints/Content/' was aborted.
[2017.12.26-15.03.20:368][460]LogDirectoryWatcher: A directory notification for '../../../Engine/Plugins/2D/Paper2D/Content/' was aborted.
[2017.12.26-15.03.20:368][460]LogDirectoryWatcher: A directory notification for '../../../Engine/Plugins/Runtime/Oculus/OculusVR/Content/' was aborted.
[2017.12.26-15.03.20:368][460]LogDirectoryWatcher: A directory notification for '../../../Engine/Plugins/Runtime/Steam/SteamVR/Content/' was aborted.
[2017.12.26-15.03.20:442][460]LogExit: Object subsystem successfully closed.
[2017.12.26-15.03.20:459][460]LogD3D11RHI: Shutdown
[2017.12.26-15.03.20:459][460]LogD3D11RHI: CleanupD3DDevice
[2017.12.26-15.03.20:600][460]LogD3D11RHI: ~FD3D11DynamicRHI
[2017.12.26-15.03.20:621][460]LogModuleManager: Shutting down and abandoning module HierarchicalLODOutliner (532)
[2017.12.26-15.03.20:621][460]LogModuleManager: Shutting down and abandoning module SceneOutliner (530)
[2017.12.26-15.03.20:621][460]LogModuleManager: Shutting down and abandoning module AddContentDialog (528)
[2017.12.26-15.03.20:621][460]LogDirectoryWatcher: A directory notification for 'C:/Program Files/Epic Games/UE_4.17/FeaturePacks/' was aborted.
[2017.12.26-15.03.20:621][460]LogModuleManager: Shutting down and abandoning module WidgetCarousel (527)
[2017.12.26-15.03.20:621][460]LogModuleManager: Shutting down and abandoning module EditorWidgets (524)
[2017.12.26-15.03.20:621][460]LogModuleManager: Shutting down and abandoning module CollectionManager (522)
[2017.12.26-15.03.20:621][460]LogDirectoryWatcher: A directory notification for 'C:/Users/agsch/Documents/Unreal Projects/CarBlueprints/Content/Collections/' was aborted.
[2017.12.26-15.03.20:621][460]LogDirectoryWatcher: A directory notification for 'C:/Users/agsch/Documents/Unreal Projects/CarBlueprints/Content/Developers/agsch/Collections/' was aborted.
[2017.12.26-15.03.20:621][460]LogDirectoryWatcher: A directory notification for 'C:/Users/agsch/Documents/Unreal Projects/CarBlueprints/Saved/Collections/' was aborted.
[2017.12.26-15.03.20:622][460]LogModuleManager: Shutting down and abandoning module StatsViewer (520)
[2017.12.26-15.03.20:622][460]LogModuleManager: Shutting down and abandoning module FoliageEdit (518)
[2017.12.26-15.03.20:622][460]LogModuleManager: Shutting down and abandoning module LandscapeEditor (516)
[2017.12.26-15.03.20:623][460]LogModuleManager: Shutting down and abandoning module MeshPaintMode (514)
[2017.12.26-15.03.20:623][460]LogModuleManager: Shutting down and abandoning module SceneDepthPickerMode (512)
[2017.12.26-15.03.20:623][460]LogModuleManager: Shutting down and abandoning module ActorPickerMode (510)
[2017.12.26-15.03.20:623][460]LogModuleManager: Shutting down and abandoning module GeometryMode (508)
[2017.12.26-15.03.20:623][460]LogModuleManager: Shutting down and abandoning module TextureAlignMode (506)
[2017.12.26-15.03.20:623][460]LogModuleManager: Shutting down and abandoning module BspMode (504)
[2017.12.26-15.03.20:623][460]LogModuleManager: Shutting down and abandoning module PIEPreviewDeviceProfileSelector (502)
[2017.12.26-15.03.20:623][460]LogModuleManager: Shutting down and abandoning module HardwareSurvey (500)
[2017.12.26-15.03.20:623][460]LogModuleManager: Shutting down and abandoning module SequenceRecorderSections (498)
[2017.12.26-15.03.20:623][460]LogModuleManager: Shutting down and abandoning module AutomationWorker (496)
[2017.12.26-15.03.20:623][460]LogModuleManager: Shutting down and abandoning module MatineeToLevelSequence (494)
[2017.12.26-15.03.20:623][460]LogModuleManager: Shutting down and abandoning module LevelSequenceEditor (492)
[2017.12.26-15.03.20:624][460]LogModuleManager: Shutting down and abandoning module PlacementMode (491)
[2017.12.26-15.03.20:624][460]LogModuleManager: Shutting down and abandoning module WmfMediaFactory (488)
[2017.12.26-15.03.20:624][460]LogModuleManager: Shutting down and abandoning module WmfMediaEditor (486)
[2017.12.26-15.03.20:624][460]LogModuleManager: Shutting down and abandoning module AvfMediaFactory (484)
[2017.12.26-15.03.20:624][460]LogModuleManager: Shutting down and abandoning module AvfMediaEditor (482)
[2017.12.26-15.03.20:624][460]LogModuleManager: Shutting down and abandoning module AndroidMediaFactory (480)
[2017.12.26-15.03.20:624][460]LogModuleManager: Shutting down and abandoning module Media (479)
[2017.12.26-15.03.20:624][460]LogModuleManager: Shutting down and abandoning module AndroidMediaEditor (476)
[2017.12.26-15.03.20:624][460]LogModuleManager: Shutting down and abandoning module CharacterAI (474)
[2017.12.26-15.03.20:624][460]LogModuleManager: Shutting down and abandoning module AudioCapture (472)
[2017.12.26-15.03.20:624][460]LogModuleManager: Shutting down and abandoning module SequenceRecorder (471)
[2017.12.26-15.03.20:624][460]LogModuleManager: Shutting down and abandoning module SmartSnapping (468)
[2017.12.26-15.03.20:624][460]LogModuleManager: Shutting down and abandoning module SessionServices (466)
[2017.12.26-15.03.20:624][460]LogModuleManager: Shutting down and abandoning module ViewportSnapping (464)
[2017.12.26-15.03.20:624][460]LogModuleManager: Shutting down and abandoning module ViewportInteraction (462)
[2017.12.26-15.03.20:624][460]LogModuleManager: Shutting down and abandoning module ClothPainter (460)
[2017.12.26-15.03.20:624][460]LogModuleManager: Shutting down and abandoning module LogVisualizer (458)
[2017.12.26-15.03.20:624][460]LogModuleManager: Shutting down and abandoning module IntroTutorials (456)
[2017.12.26-15.03.20:624][460]LogModuleManager: Shutting down and abandoning module GameProjectGeneration (455)
[2017.12.26-15.03.20:625][460]LogModuleManager: Shutting down and abandoning module IOSPlatformEditor (452)
[2017.12.26-15.03.20:625][460]LogModuleManager: Shutting down and abandoning module HTML5PlatformEditor (450)
[2017.12.26-15.03.20:625][460]LogModuleManager: Shutting down and abandoning module AndroidPlatformEditor (448)
[2017.12.26-15.03.20:625][460]LogModuleManager: Shutting down and abandoning module AndroidDeviceDetection (447)
[2017.12.26-15.03.21:412][460]LogModuleManager: Shutting down and abandoning module WindowsPlatformEditor (444)
[2017.12.26-15.03.21:412][460]LogModuleManager: Shutting down and abandoning module IOSRuntimeSettings (442)
[2017.12.26-15.03.21:412][460]LogModuleManager: Shutting down and abandoning module AndroidRuntimeSettings (440)
[2017.12.26-15.03.21:412][460]LogModuleManager: Shutting down and abandoning module InputBindingEditor (438)
[2017.12.26-15.03.21:414][460]LogModuleManager: Shutting down and abandoning module MergeActors (436)
[2017.12.26-15.03.21:415][460]LogModuleManager: Shutting down and abandoning module SizeMap (434)
[2017.12.26-15.03.21:415][460]LogModuleManager: Shutting down and abandoning module TreeMap (432)
[2017.12.26-15.03.21:415][460]LogModuleManager: Shutting down and abandoning module ReferenceViewer (430)
[2017.12.26-15.03.21:415][460]LogModuleManager: Shutting down and abandoning module LocalizationDashboard (428)
[2017.12.26-15.03.21:415][460]LogModuleManager: Shutting down and abandoning module LocalizationService (427)
[2017.12.26-15.03.21:415][460]LogModuleManager: Shutting down and abandoning module HardwareTargeting (424)
[2017.12.26-15.03.21:415][460]LogModuleManager: Shutting down and abandoning module DeviceProfileEditor (422)
[2017.12.26-15.03.21:415][460]LogModuleManager: Shutting down and abandoning module UndoHistory (420)
[2017.12.26-15.03.21:416][460]LogModuleManager: Shutting down and abandoning module XmlParser (418)
[2017.12.26-15.03.21:416][460]LogModuleManager: Shutting down and abandoning module Blutility (416)
[2017.12.26-15.03.21:416][460]LogModuleManager: Shutting down and abandoning module ProjectSettingsViewer (414)
[2017.12.26-15.03.21:416][460]LogModuleManager: Shutting down and abandoning module ProjectTargetPlatformEditor (413)
[2017.12.26-15.03.21:416][460]LogModuleManager: Shutting down and abandoning module EditorSettingsViewer (410)
[2017.12.26-15.03.21:416][460]LogModuleManager: Shutting down and abandoning module SettingsEditor (408)
[2017.12.26-15.03.21:416][460]LogModuleManager: Shutting down and abandoning module ProjectLauncher (406)
[2017.12.26-15.03.21:417][460]LogModuleManager: Shutting down and abandoning module SessionFrontend (404)
[2017.12.26-15.03.21:417][460]LogModuleManager: Shutting down and abandoning module ProfilerClient (402)
[2017.12.26-15.03.21:417][460]LogModuleManager: Shutting down and abandoning module DeviceManager (400)
[2017.12.26-15.03.21:417][460]LogModuleManager: Shutting down and abandoning module TargetDeviceServices (399)
[2017.12.26-15.03.21:469][460]LogModuleManager: Shutting down and abandoning module AutomationController (396)
[2017.12.26-15.03.21:469][460]LogModuleManager: Shutting down and abandoning module AutomationWindow (394)
[2017.12.26-15.03.21:471][460]LogModuleManager: Shutting down and abandoning module Layers (392)
[2017.12.26-15.03.21:473][460]LogModuleManager: Shutting down and abandoning module ComponentVisualizers (390)
[2017.12.26-15.03.21:473][460]LogModuleManager: Shutting down and abandoning module DetailCustomizations (388)
[2017.12.26-15.03.21:474][460]LogModuleManager: Shutting down and abandoning module PackagesDialog (386)
[2017.12.26-15.03.21:474][460]LogModuleManager: Shutting down and abandoning module Persona (384)
[2017.12.26-15.03.21:476][460]LogModuleManager: Shutting down and abandoning module AdvancedPreviewScene (383)
[2017.12.26-15.03.21:477][460]LogModuleManager: Shutting down and abandoning module AnimGraph (381)
[2017.12.26-15.03.21:477][460]LogModuleManager: Shutting down and abandoning module Kismet (378)
[2017.12.26-15.03.21:479][460]LogModuleManager: Shutting down and abandoning module ClassViewer (376)
[2017.12.26-15.03.21:479][460]LogModuleManager: Shutting down and abandoning module Toolbox (374)
[2017.12.26-15.03.21:479][460]LogModuleManager: Shutting down and abandoning module ModuleUI (372)
[2017.12.26-15.03.21:480][460]LogModuleManager: Shutting down and abandoning module MovieSceneTools (370)
[2017.12.26-15.03.21:481][460]LogModuleManager: Shutting down and abandoning module OutputLog (368)
[2017.12.26-15.03.21:481][460]LogModuleManager: Shutting down and abandoning module GammaUI (366)
[2017.12.26-15.03.21:482][460]LogModuleManager: Shutting down and abandoning module Documentation (364)
[2017.12.26-15.03.21:482][460]LogModuleManager: Shutting down and abandoning module MovieSceneTracks (362)
[2017.12.26-15.03.21:482][460]LogModuleManager: Shutting down and abandoning module MovieScene (360)
[2017.12.26-15.03.21:482][460]LogModuleManager: Shutting down and abandoning module Niagara (358)
[2017.12.26-15.03.21:482][460]LogModuleManager: Shutting down and abandoning module NiagaraEditor (357)
[2017.12.26-15.03.21:483][460]LogModuleManager: Shutting down and abandoning module StreamingPauseRendering (354)
[2017.12.26-15.03.21:483][460]LogModuleManager: Shutting down and abandoning module LauncherPlatform (352)
[2017.12.26-15.03.21:483][460]LogModuleManager: Shutting down and abandoning module AnalyticsET (350)
[2017.12.26-15.03.21:483][460]LogModuleManager: Shutting down and abandoning module PortalServices (348)
[2017.12.26-15.03.21:483][460]LogModuleManager: Shutting down and abandoning module PortalRpc (346)
[2017.12.26-15.03.21:483][460]LogModuleManager: Shutting down and abandoning module MessagingRpc (344)
[2017.12.26-15.03.21:483][460]LogModuleManager: Shutting down and abandoning module AIModule (342)
[2017.12.26-15.03.21:483][460]LogModuleManager: Shutting down and abandoning module GameplayDebugger (341)
[2017.12.26-15.03.21:484][460]LogModuleManager: Shutting down and abandoning module AITestSuite (339)
[2017.12.26-15.03.21:484][460]LogModuleManager: Shutting down and abandoning module ProfilerService (336)
[2017.12.26-15.03.21:517][460]LogModuleManager: Shutting down and abandoning module TaskGraph (334)
[2017.12.26-15.03.21:518][460]LogModuleManager: Shutting down and abandoning module SteamVRController (332)
[2017.12.26-15.03.21:518][460]LogModuleManager: Shutting down and abandoning module ProceduralMeshComponentEditor (330)
[2017.12.26-15.03.21:518][460]LogModuleManager: Shutting down and abandoning module ProceduralMeshComponent (328)
[2017.12.26-15.03.21:518][460]LogModuleManager: Shutting down and abandoning module OculusInput (326)
[2017.12.26-15.03.21:518][460]LogModuleManager: Shutting down and abandoning module MobilePatchingUtils (324)
[2017.12.26-15.03.21:518][460]LogModuleManager: Shutting down and abandoning module CustomMeshComponent (322)
[2017.12.26-15.03.21:518][460]LogModuleManager: Shutting down and abandoning module CableComponent (320)
[2017.12.26-15.03.21:518][460]LogModuleManager: Shutting down and abandoning module ArchVisCharacter (318)
[2017.12.26-15.03.21:518][460]LogModuleManager: Shutting down and abandoning module AndroidPermission (316)
[2017.12.26-15.03.21:518][460]LogModuleManager: Shutting down and abandoning module MediaPlayerEditor (312)
[2017.12.26-15.03.21:519][460]LogModuleManager: Shutting down and abandoning module RawInput (310)
[2017.12.26-15.03.21:520][460]LogModuleManager: Shutting down and abandoning module HTML5Networking (308)
[2017.12.26-15.03.21:520][460]LogModuleManager: Shutting down and abandoning module AlembicImporter (306)
[2017.12.26-15.03.21:520][460]LogModuleManager: Shutting down and abandoning module AlembicLibrary (305)
[2017.12.26-15.03.21:520][460]LogModuleManager: Shutting down and abandoning module GeometryCache (304)
[2017.12.26-15.03.21:520][460]LogModuleManager: Shutting down and abandoning module GeometryCacheEd (303)
[2017.12.26-15.03.21:520][460]LogModuleManager: Shutting down and abandoning module SpeedTreeImporter (298)
[2017.12.26-15.03.21:520][460]LogModuleManager: Shutting down and abandoning module PluginBrowser (296)
[2017.12.26-15.03.21:521][460]LogModuleManager: Shutting down and abandoning module MobileLauncherProfileWizard (294)
[2017.12.26-15.03.21:521][460]LogModuleManager: Shutting down and abandoning module VisualStudioSourceCodeAccess (292)
[2017.12.26-15.03.21:522][460]LogModuleManager: Shutting down and abandoning module DesktopPlatform (291)
[2017.12.26-15.03.21:522][460]LogModuleManager: Shutting down and abandoning module UObjectPlugin (288)
[2017.12.26-15.03.21:522][460]LogModuleManager: Shutting down and abandoning module SubversionSourceControl (286)
[2017.12.26-15.03.21:522][460]LogModuleManager: Shutting down and abandoning module PerforceSourceControl (284)
[2017.12.26-15.03.21:522][460]LogModuleManager: Shutting down and abandoning module GitSourceControl (282)
[2017.12.26-15.03.21:522][460]LogModuleManager: Shutting down and abandoning module SourceControl (281)
[2017.12.26-15.03.21:523][460]LogModuleManager: Shutting down and abandoning module LightPropagationVolumeEditor (278)
[2017.12.26-15.03.21:523][460]LogModuleManager: Shutting down and abandoning module PaperTiledImporter (276)
[2017.12.26-15.03.21:523][460]LogModuleManager: Shutting down and abandoning module PaperSpriteSheetImporter (274)
[2017.12.26-15.03.21:523][460]LogModuleManager: Shutting down and abandoning module Paper2DEditor (272)
[2017.12.26-15.03.21:523][460]LogModuleManager: Shutting down and abandoning module MeshPaint (271)
[2017.12.26-15.03.21:523][460]LogModuleManager: Shutting down and abandoning module LevelEditor (269)
[2017.12.26-15.03.21:525][460]LogModuleManager: Shutting down and abandoning module PixelInspectorModule (268)
[2017.12.26-15.03.21:525][460]LogModuleManager: Shutting down and abandoning module MainFrame (266)
[2017.12.26-15.03.21:526][460]LogModuleManager: Shutting down and abandoning module HotReload (265)
[2017.12.26-15.03.21:527][460]LogModuleManager: Shutting down and abandoning module RuntimePhysXCooking (260)
[2017.12.26-15.03.21:527][460]LogModuleManager: Shutting down and abandoning module PhysXVehiclesEditor (258)
[2017.12.26-15.03.21:527][460]LogModuleManager: Shutting down and abandoning module PhysXVehicles (256)
[2017.12.26-15.03.21:527][460]LogModuleManager: Shutting down and abandoning module OculusEditor (254)
[2017.12.26-15.03.21:527][460]LogModuleManager: Shutting down and abandoning module LocationServicesBPLibrary (252)
[2017.12.26-15.03.21:527][460]LogModuleManager: Shutting down and abandoning module ImmediatePhysicsEditor (250)
[2017.12.26-15.03.21:527][460]LogModuleManager: Shutting down and abandoning module ImmediatePhysics (248)
[2017.12.26-15.03.21:527][460]LogModuleManager: Shutting down and abandoning module UdpMessaging (246)
[2017.12.26-15.03.21:629][460]LogModuleManager: Shutting down and abandoning module TcpMessaging (244)
[2017.12.26-15.03.21:730][460]LogModuleManager: Shutting down and abandoning module GameplayTagsEditor (242)
[2017.12.26-15.03.21:730][460]LogModuleManager: Shutting down and abandoning module FacialAnimationEditor (240)
[2017.12.26-15.03.21:730][460]LogModuleManager: Shutting down and abandoning module FacialAnimation (238)
[2017.12.26-15.03.21:730][460]LogModuleManager: Shutting down and abandoning module AssetManagerEditor (236)
[2017.12.26-15.03.21:731][460]LogModuleManager: Shutting down and abandoning module GraphEditor (235)
[2017.12.26-15.03.21:733][460]LogModuleManager: Shutting down and abandoning module ContentBrowser (233)
[2017.12.26-15.03.21:736][460]LogModuleManager: Shutting down and abandoning module LightPropagationVolumeRuntime (230)
[2017.12.26-15.03.21:736][460]LogModuleManager: Shutting down and abandoning module Paper2D (228)
[2017.12.26-15.03.21:736][460]LogModuleManager: Shutting down and abandoning module WindowsMoviePlayer (226)
[2017.12.26-15.03.21:736][460]LogModuleManager: Shutting down and abandoning module WmfMedia (224)
[2017.12.26-15.03.21:736][460]LogModuleManager: Shutting down and abandoning module PacketHandler (222)
[2017.12.26-15.03.21:736][460]LogModuleManager: Shutting down and abandoning module ClothingSystemEditor (220)
[2017.12.26-15.03.21:737][460]LogModuleManager: Shutting down and abandoning module ClothingSystemRuntime (218)
[2017.12.26-15.03.21:737][460]LogModuleManager: Shutting down and abandoning module Overlay (216)
[2017.12.26-15.03.21:737][460]LogModuleManager: Shutting down and abandoning module OverlayEditor (215)
[2017.12.26-15.03.21:737][460]LogModuleManager: Shutting down and abandoning module MediaAssets (212)
[2017.12.26-15.03.21:737][460]LogModuleManager: Shutting down and abandoning module VREditor (210)
[2017.12.26-15.03.21:737][460]LogModuleManager: Shutting down and abandoning module StringTableEditor (208)
[2017.12.26-15.03.21:738][460]LogModuleManager: Shutting down and abandoning module GameplayTasksEditor (206)
[2017.12.26-15.03.21:738][460]LogModuleManager: Shutting down and abandoning module BehaviorTreeEditor (204)
[2017.12.26-15.03.21:739][460]LogModuleManager: Shutting down and abandoning module FunctionalTesting (202)
[2017.12.26-15.03.21:739][460]LogModuleManager: Shutting down and abandoning module CollisionAnalyzer (200)
[2017.12.26-15.03.21:740][460]LogModuleManager: Shutting down and abandoning module WorkspaceMenuStructure (199)
[2017.12.26-15.03.21:740][460]LogModuleManager: Shutting down and abandoning module UMG (196)
[2017.12.26-15.03.21:740][460]LogModuleManager: Shutting down and abandoning module UMGEditor (195)
[2017.12.26-15.03.21:741][460]LogModuleManager: Shutting down and abandoning module Sequencer (194)
[2017.12.26-15.03.21:742][460]LogModuleManager: Shutting down and abandoning module MessageLog (191)
[2017.12.26-15.03.21:742][460]LogModuleManager: Shutting down and abandoning module SlateReflector (186)
[2017.12.26-15.03.21:744][460]LogModuleManager: Shutting down and abandoning module Slate (184)
[2017.12.26-15.03.21:744][460]LogModuleManager: Shutting down and abandoning module EditorStyle (182)
[2017.12.26-15.03.21:751][460]LogModuleManager: Shutting down and abandoning module MRMesh (180)
[2017.12.26-15.03.21:751][460]LogModuleManager: Shutting down and abandoning module SourceCodeAccess (178)
[2017.12.26-15.03.21:751][460]LogModuleManager: Shutting down and abandoning module HeadMountedDisplay (176)
[2017.12.26-15.03.21:751][460]LogModuleManager: Shutting down and abandoning module XAudio2 (174)
[2017.12.26-15.03.21:751][460]LogModuleManager: Shutting down and abandoning module Networking (172)
[2017.12.26-15.03.21:751][460]LogModuleManager: Shutting down and abandoning module Core (168)
[2017.12.26-15.03.21:751][460]LogModuleManager: Shutting down and abandoning module KismetCompiler (164)
[2017.12.26-15.03.21:751][460]LogModuleManager: Shutting down and abandoning module LevelSequence (162)
[2017.12.26-15.03.21:751][460]LogModuleManager: Shutting down and abandoning module MeshUtilities (160)
[2017.12.26-15.03.21:752][460]LogModuleManager: Shutting down and abandoning module MeshMergeUtilities (159)
[2017.12.26-15.03.21:752][460]LogModuleManager: Shutting down and abandoning module MeshReductionInterface (158)
[2017.12.26-15.03.21:752][460]LogModuleManager: Shutting down and abandoning module SimplygonSwarm (157)
[2017.12.26-15.03.21:754][460]LogModuleManager: Shutting down and abandoning module SimplygonMeshReduction (155)
[2017.12.26-15.03.21:754][460]LogModuleManager: Shutting down and abandoning module QuadricMeshReduction (153)
[2017.12.26-15.03.21:754][460]LogModuleManager: Shutting down and abandoning module MaterialBaking (149)
[2017.12.26-15.03.21:754][460]LogModuleManager: Shutting down and abandoning module DirectoryWatcher (146)
[2017.12.26-15.03.21:755][460]LogModuleManager: Shutting down and abandoning module DerivedDataCache (144)
[2017.12.26-15.03.21:853][460]LogDerivedDataCache: Shutdown
[2017.12.26-15.03.21:853][460]LogModuleManager: Shutting down and abandoning module TargetPlatform (142)
[2017.12.26-15.03.21:853][460]LogModuleManager: Shutting down and abandoning module VulkanShaderFormat (141)
[2017.12.26-15.03.21:853][460]LogModuleManager: Shutting down and abandoning module ShaderFormatVectorVM (139)
[2017.12.26-15.03.21:855][460]LogModuleManager: Shutting down and abandoning module ShaderFormatOpenGL (137)
[2017.12.26-15.03.21:855][460]LogModuleManager: Shutting down and abandoning module ShaderFormatD3D (135)
[2017.12.26-15.03.21:856][460]LogModuleManager: Shutting down and abandoning module MetalShaderFormat (133)
[2017.12.26-15.03.21:856][460]LogModuleManager: Shutting down and abandoning module TextureFormatUncompressed (131)
[2017.12.26-15.03.21:857][460]LogModuleManager: Shutting down and abandoning module TextureFormatPVR (129)
[2017.12.26-15.03.21:857][460]LogModuleManager: Shutting down and abandoning module TextureFormatDXT (127)
[2017.12.26-15.03.21:857][460]LogModuleManager: Shutting down and abandoning module TextureFormatIntelISPCTexComp (125)
[2017.12.26-15.03.21:857][460]LogModuleManager: Shutting down and abandoning module TextureFormatASTC (123)
[2017.12.26-15.03.21:857][460]LogModuleManager: Shutting down and abandoning module ImageWrapper (122)
[2017.12.26-15.03.21:857][460]LogModuleManager: Shutting down and abandoning module TextureFormatAndroid (119)
[2017.12.26-15.03.21:857][460]LogModuleManager: Shutting down and abandoning module AudioFormatOpus (117)
[2017.12.26-15.03.21:857][460]LogModuleManager: Shutting down and abandoning module AudioFormatOgg (115)
[2017.12.26-15.03.21:857][460]LogModuleManager: Shutting down and abandoning module AudioFormatADPCM (113)
[2017.12.26-15.03.21:857][460]LogModuleManager: Shutting down and abandoning module LinuxTargetPlatform (111)
[2017.12.26-15.03.21:857][460]LogModuleManager: Shutting down and abandoning module LinuxServerTargetPlatform (109)
[2017.12.26-15.03.21:858][460]LogModuleManager: Shutting down and abandoning module LinuxNoEditorTargetPlatform (107)
[2017.12.26-15.03.21:858][460]LogModuleManager: Shutting down and abandoning module LinuxClientTargetPlatform (105)
[2017.12.26-15.03.21:858][460]LogModuleManager: Shutting down and abandoning module TVOSTargetPlatform (103)
[2017.12.26-15.03.21:858][460]LogModuleManager: Shutting down and abandoning module Messaging (101)
[2017.12.26-15.03.21:858][460]LogModuleManager: Shutting down and abandoning module IOSTargetPlatform (99)
[2017.12.26-15.03.21:858][460]LogModuleManager: Shutting down and abandoning module HTML5TargetPlatform (97)
[2017.12.26-15.03.21:858][460]LogModuleManager: Shutting down and abandoning module Android_PVRTCTargetPlatform (95)
[2017.12.26-15.03.21:858][460]LogModuleManager: Shutting down and abandoning module Android_MultiTargetPlatform (93)
[2017.12.26-15.03.21:858][460]LogModuleManager: Shutting down and abandoning module Android_ETC2TargetPlatform (91)
[2017.12.26-15.03.21:858][460]LogModuleManager: Shutting down and abandoning module Android_ETC1TargetPlatform (89)
[2017.12.26-15.03.21:858][460]LogModuleManager: Shutting down and abandoning module Android_DXTTargetPlatform (87)
[2017.12.26-15.03.21:858][460]LogModuleManager: Shutting down and abandoning module Android_ATCTargetPlatform (85)
[2017.12.26-15.03.21:858][460]LogModuleManager: Shutting down and abandoning module Android_ASTCTargetPlatform (83)
[2017.12.26-15.03.21:858][460]LogModuleManager: Shutting down and abandoning module AndroidTargetPlatform (81)
[2017.12.26-15.03.21:858][460]LogModuleManager: Shutting down and abandoning module WindowsTargetPlatform (79)
[2017.12.26-15.03.21:859][460]LogModuleManager: Shutting down and abandoning module WindowsServerTargetPlatform (77)
[2017.12.26-15.03.21:859][460]LogModuleManager: Shutting down and abandoning module WindowsNoEditorTargetPlatform (75)
[2017.12.26-15.03.21:859][460]LogModuleManager: Shutting down and abandoning module WindowsClientTargetPlatform (73)
[2017.12.26-15.03.21:859][460]LogModuleManager: Shutting down and abandoning module MacTargetPlatform (71)
[2017.12.26-15.03.21:859][460]LogModuleManager: Shutting down and abandoning module MacServerTargetPlatform (69)
[2017.12.26-15.03.21:859][460]LogModuleManager: Shutting down and abandoning module MacNoEditorTargetPlatform (67)
[2017.12.26-15.03.21:859][460]LogModuleManager: Shutting down and abandoning module MacClientTargetPlatform (65)
[2017.12.26-15.03.21:859][460]LogModuleManager: Shutting down and abandoning module AllDesktopTargetPlatform (63)
[2017.12.26-15.03.21:859][460]LogModuleManager: Shutting down and abandoning module InputCore (60)
[2017.12.26-15.03.21:860][460]LogModuleManager: Shutting down and abandoning module Settings (58)
[2017.12.26-15.03.21:860][460]LogModuleManager: Shutting down and abandoning module PhysXCooking (56)
[2017.12.26-15.03.21:860][460]LogModuleManager: Shutting down and abandoning module SteamVR (54)
[2017.12.26-15.03.21:860][460]LogModuleManager: Shutting down and abandoning module OculusHMD (52)
[2017.12.26-15.03.21:860][460]LogModuleManager: Shutting down and abandoning module ExampleDeviceProfileSelector (50)
[2017.12.26-15.03.21:860][460]LogModuleManager: Shutting down and abandoning module OnlineBlueprintSupport (48)
[2017.12.26-15.03.21:860][460]LogModuleManager: Shutting down and abandoning module OnlineSubsystem (44)
[2017.12.26-15.03.21:860][460]LogOnline: Display: Unloading online subsystem: NULL
[2017.12.26-15.03.21:861][460]LogModuleManager: Shutting down and abandoning module XMPP (43)
[2017.12.26-15.03.21:862][460]LogModuleManager: Shutting down and abandoning module HTTP (41)
[2017.12.26-15.03.21:862][460]LogHttp: Display: Http module shutting down, but needs to wait on 1 outstanding Http requests:
[2017.12.26-15.03.21:863][460]LogHttp: Display: 	verb=[POST] url=[https://datarouter.ol.epicgames.com/datarouter/api/v1/public/data?SessionID=%7B3B6901E0-41DF-B334-03CD-3E8F3801593B%7D&AppID=UEEditor.Rocket.Release&AppVersion=4.17.2-3658906%2B%2B%2BUE4%2BRelease-4.17&UserID=3510c6e543735aa3e674b69fdb575744%7C440761a65e4c452a836fb2d55bfae9e2%7C8d3b26cd-c041-4f7d-933f-4b935cb758fa&AppEnvironment=datacollector-binary&UploadType=eteventstream] status=Processing
[2017.12.26-15.03.21:874][460]LogModuleManager: Shutting down and abandoning module SSL (40)
[2017.12.26-15.03.21:879][460]LogModuleManager: Shutting down and abandoning module AnimationModifiers (36)
[2017.12.26-15.03.21:879][460]LogModuleManager: Shutting down and abandoning module PropertyEditor (35)
[2017.12.26-15.03.21:879][460]LogModuleManager: Shutting down and abandoning module AudioEditor (32)
[2017.12.26-15.03.21:880][460]LogModuleManager: Shutting down and abandoning module TextureCompressor (30)
[2017.12.26-15.03.21:880][460]LogModuleManager: Shutting down and abandoning module ShaderCore (28)
[2017.12.26-15.03.21:880][460]LogModuleManager: Shutting down and abandoning module Landscape (26)
[2017.12.26-15.03.21:880][460]LogModuleManager: Shutting down and abandoning module SlateRHIRenderer (24)
[2017.12.26-15.03.21:882][460]LogModuleManager: Shutting down and abandoning module OpenGLDrv (22)
[2017.12.26-15.03.21:883][460]LogModuleManager: Shutting down and abandoning module D3D11RHI (20)
[2017.12.26-15.03.21:883][460]LogModuleManager: Shutting down and abandoning module AnimGraphRuntime (18)
[2017.12.26-15.03.21:883][460]LogModuleManager: Shutting down and abandoning module Renderer (16)
[2017.12.26-15.03.21:883][460]LogModuleManager: Shutting down and abandoning module Engine (14)
[2017.12.26-15.03.21:883][460]LogModuleManager: Shutting down and abandoning module CoreUObject (12)
[2017.12.26-15.03.21:883][460]LogModuleManager: Shutting down and abandoning module NetworkFile (10)
[2017.12.26-15.03.21:883][460]LogModuleManager: Shutting down and abandoning module CookedIterativeFile (8)
[2017.12.26-15.03.21:883][460]LogModuleManager: Shutting down and abandoning module StreamingFile (6)
[2017.12.26-15.03.21:883][460]LogModuleManager: Shutting down and abandoning module SandboxFile (4)
[2017.12.26-15.03.21:883][460]LogModuleManager: Shutting down and abandoning module PakFile (2)
[2017.12.26-15.03.21:887][460]LogExit: Exiting.
[2017.12.26-15.03.21:908][460]Log file closed, 12/26/17 10:03:21
