Log file open, 12/01/17 12:40:18
LogWindows: Failed to load 'aqProf.dll' (GetLastError=126)
LogWindows: File 'aqProf.dll' does not exist
LogWindows: Failed to load 'VSPerf140.dll' (GetLastError=126)
LogWindows: File 'VSPerf140.dll' does not exist
LogWindows: Failed to load 'VtuneApi.dll' (GetLastError=126)
LogWindows: File 'VtuneApi.dll' does not exist
LogWindows: Failed to load 'VtuneApi32e.dll' (GetLastError=126)
LogWindows: File 'VtuneApi32e.dll' does not exist
LogInit: Display: Running engine for game: CarBlueprints
LogPlatformFile: Not using cached read wrapper
LogInit: Display: RandInit(-1478957101) SRandInit(-1478957101).
LogTaskGraph: Started task graph with 5 named threads and 8 total threads with 3 sets of task threads.
LogStats: Stats thread started at 0.095977
LogD3D11RHI: Aftermath initialized
LogPluginManager: Mounting plugin Paper2D
LogPluginManager: Mounting plugin LightPropagationVolume
LogPluginManager: Mounting plugin CodeLiteSourceCodeAccess
LogPluginManager: Mounting plugin GitSourceControl
LogPluginManager: Mounting plugin KDevelopSourceCodeAccess
LogPluginManager: Mounting plugin NullSourceCodeAccess
LogPluginManager: Mounting plugin PerforceSourceControl
LogPluginManager: Mounting plugin SubversionSourceControl
LogPluginManager: Mounting plugin UObjectPlugin
LogPluginManager: Mounting plugin VisualStudioSourceCodeAccess
LogPluginManager: Mounting plugin XCodeSourceCodeAccess
LogPluginManager: Mounting plugin AssetManagerEditor
LogPluginManager: Mounting plugin AudioCapture
LogPluginManager: Mounting plugin FacialAnimation
LogPluginManager: Mounting plugin GameplayTagsEditor
LogPluginManager: Mounting plugin MobileLauncherProfileWizard
LogPluginManager: Mounting plugin PluginBrowser
LogPluginManager: Mounting plugin SpeedTreeImporter
LogPluginManager: Mounting plugin AlembicImporter
LogPluginManager: Mounting plugin CharacterAI
LogPluginManager: Mounting plugin HTML5Networking
LogPluginManager: Mounting plugin RawInput
LogPluginManager: Mounting plugin AndroidMedia
LogPluginManager: Mounting plugin AvfMedia
LogPluginManager: Mounting plugin MediaPlayerEditor
LogPluginManager: Mounting plugin WmfMedia
LogPluginManager: Mounting plugin TcpMessaging
LogPluginManager: Mounting plugin UdpMessaging
LogPluginManager: Mounting plugin LevelSequenceEditor
LogPluginManager: Mounting plugin MatineeToLevelSequence
LogPluginManager: Mounting plugin OnlineSubsystemGooglePlay
LogPluginManager: Mounting plugin OnlineSubsystemIOS
LogPluginManager: Mounting plugin OnlineSubsystem
LogPluginManager: Mounting plugin OnlineSubsystemNull
LogPluginManager: Mounting plugin OnlineSubsystemUtils
LogPluginManager: Mounting plugin AndroidDeviceProfileSelector
LogPluginManager: Mounting plugin AndroidMoviePlayer
LogPluginManager: Mounting plugin AndroidPermission
LogPluginManager: Mounting plugin AppleMoviePlayer
LogPluginManager: Mounting plugin ArchVisCharacter
LogPluginManager: Mounting plugin CableComponent
LogPluginManager: Mounting plugin CustomMeshComponent
LogPluginManager: Mounting plugin ExampleDeviceProfileSelector
LogPluginManager: Mounting plugin GoogleCloudMessaging
LogPluginManager: Mounting plugin ImmediatePhysics
LogPluginManager: Mounting plugin IOSDeviceProfileSelector
LogPluginManager: Mounting plugin LinuxDeviceProfileSelector
LogPluginManager: Mounting plugin LocationServicesBPLibrary
LogPluginManager: Mounting plugin MobilePatchingUtils
LogPluginManager: Mounting plugin OculusVR
LogPluginManager: Mounting plugin PhysXVehicles
LogPluginManager: Mounting plugin ProceduralMeshComponent
LogPluginManager: Mounting plugin RuntimePhysXCooking
LogPluginManager: Mounting plugin SteamVR
LogPluginManager: Mounting plugin WindowsMoviePlayer
LogInit: Using libcurl 7.47.1
LogInit:  - built for x86_64-pc-win32
LogInit:  - supports SSL with OpenSSL/1.0.2g
LogInit:  - supports HTTP deflate (compression) using libz 1.2.8
LogInit:  - other features:
LogInit:      CURL_VERSION_SSL
LogInit:      CURL_VERSION_LIBZ
LogInit:      CURL_VERSION_IPV6
LogInit:      CURL_VERSION_ASYNCHDNS
LogInit:      CURL_VERSION_LARGEFILE
LogInit:      CURL_VERSION_IDN
LogInit:  CurlRequestOptions (configurable via config and command line):
LogInit:  - bVerifyPeer = false  - Libcurl will NOT verify peer certificate
LogInit:  - bUseHttpProxy = false  - Libcurl will NOT use HTTP proxy
LogInit:  - bDontReuseConnections = false  - Libcurl will reuse connections
LogInit:  - CertBundlePath = nullptr  - Libcurl will use whatever was configured at build time.
LogInit: Build: ++UE4+Release-4.17-CL-3658906
LogInit: Engine Version: 4.17.2-3658906+++UE4+Release-4.17
LogInit: Compatible Engine Version: 4.17.0-3573198+++UE4+Release-4.17
LogInit: Net CL: 3573198
LogDevObjectVersion: Number of dev versions registered: 16
LogDevObjectVersion:   Dev-Blueprints (B0D832E4-1F89-4F0D-ACCF-7EB736FD4AA2): 10
LogDevObjectVersion:   Dev-Build (E1C64328-A22C-4D53-A36C-8E866417BD8C): 0
LogDevObjectVersion:   Dev-Core (375EC13C-06E4-48FB-B500-84F0262A717E): 2
LogDevObjectVersion:   Dev-Editor (E4B068ED-F494-42E9-A231-DA0B2E46BB41): 20
LogDevObjectVersion:   Dev-Framework (CFFC743F-43B0-4480-9391-14DF171D2073): 28
LogDevObjectVersion:   Dev-Mobile (B02B49B5-BB20-44E9-A304-32B752E40360): 0
LogDevObjectVersion:   Dev-Networking (A4E4105C-59A1-49B5-A7C5-40C4547EDFEE): 0
LogDevObjectVersion:   Dev-Online (39C831C9-5AE6-47DC-9A44-9C173E1C8E7C): 0
LogDevObjectVersion:   Dev-Physics (78F01B33-EBEA-4F98-B9B4-84EACCB95AA2): 0
LogDevObjectVersion:   Dev-Platform (6631380F-2D4D-43E0-8009-CF276956A95A): 0
LogDevObjectVersion:   Dev-Rendering (12F88B9F-8875-4AFC-A67C-D90C383ABD29): 19
LogDevObjectVersion:   Dev-Sequencer (7B5AE74C-D270-4C10-A958-57980B212A5A): 4
LogDevObjectVersion:   Dev-VR (D7296918-1DD6-4BDD-9DE2-64A83CC13884): 0
LogDevObjectVersion:   Dev-LoadTimes (C2A15278-BFE7-4AFE-6C17-90FF531DF755): 1
LogDevObjectVersion:   Private-Geometry (6EACA3D4-40EC-4CC1-B786-8BED09428FC5): 1
LogDevObjectVersion:   Dev-AnimPhys (29E575DD-E0A3-4627-9D10-D276232CDCEA): 7
LogInit: Compiled (64-bit): Sep 22 2017 13:47:16
LogInit: Compiled with Visual C++: 19.00.24215.01
LogInit: Build Configuration: Development
LogInit: Branch Name: ++UE4+Release-4.17
LogInit: Command line: 
LogInit: Base directory: C:/Program Files/Epic Games/UE_4.17/Engine/Binaries/Win64/
LogInit: Installed Engine Build: 1
LogInit: Presizing for max 8388607 objects, including 0 objects not considered by GC, pre-allocating 0 bytes for permanent pool.
LogInit: Object subsystem initialized
[2017.12.01-17.40.19:530][  0]LogInit: Selected Device Profile: [Windows]
[2017.12.01-17.40.19:530][  0]LogInit: Applying CVar settings loaded from the selected device profile: [Windows]
[2017.12.01-17.40.19:569][  0]LogInit: Computer: LAPTOP-QGRD1O7A
[2017.12.01-17.40.19:569][  0]LogInit: User: agsch
[2017.12.01-17.40.19:569][  0]LogInit: CPU Page size=4096, Cores=2
[2017.12.01-17.40.19:569][  0]LogInit: High frequency timer resolution =2.835941 MHz
[2017.12.01-17.40.19:570][  0]LogMemory: Memory total: Physical=7.9GB (8GB approx)
[2017.12.01-17.40.19:571][  0]LogMemory: Platform Memory Stats for Windows
[2017.12.01-17.40.19:571][  0]LogMemory: Process Physical Memory: 278.00 MB used, 278.00 MB peak
[2017.12.01-17.40.19:571][  0]LogMemory: Process Virtual Memory: 275.70 MB used, 275.70 MB peak
[2017.12.01-17.40.19:571][  0]LogMemory: Physical Memory: 3890.66 MB used,  4181.88 MB free, 8072.54 MB total
[2017.12.01-17.40.19:571][  0]LogMemory: Virtual Memory: 666.72 MB used,  4181.88 MB free, 134217728.00 MB total
[2017.12.01-17.40.20:424][  0]LogInit: Using OS detected language (en-US).
[2017.12.01-17.40.20:424][  0]LogInit: Using OS detected locale (en-US).
[2017.12.01-17.40.20:472][  0]LogTextLocalizationManager: No specific localization for 'en-US' exists, so the 'en' localization will be used.
[2017.12.01-17.40.23:082][  0]LogD3D11RHI: D3D11 adapters:
[2017.12.01-17.40.23:533][  0]LogD3D11RHI:    0. 'NVIDIA GeForce 940MX' (Feature Level 11_0)
[2017.12.01-17.40.23:533][  0]LogD3D11RHI:       2019/0/4036 MB DedicatedVideo/DedicatedSystem/SharedSystem, Outputs:1, VendorId:0x10de
[2017.12.01-17.40.23:539][  0]LogD3D11RHI:    1. 'Intel(R) HD Graphics 620' (Feature Level 11_0)
[2017.12.01-17.40.23:539][  0]LogD3D11RHI:       128/0/4036 MB DedicatedVideo/DedicatedSystem/SharedSystem, Outputs:0, VendorId:0x8086
[2017.12.01-17.40.23:540][  0]LogD3D11RHI:    2. 'Microsoft Basic Render Driver' (Feature Level 11_0)
[2017.12.01-17.40.23:540][  0]LogD3D11RHI:       0/0/4036 MB DedicatedVideo/DedicatedSystem/SharedSystem, Outputs:0, VendorId:0x1414
[2017.12.01-17.40.23:540][  0]LogD3D11RHI: Chosen D3D11 Adapter: 0
[2017.12.01-17.40.23:547][  0]LogD3D11RHI: Creating new Direct3DDevice
[2017.12.01-17.40.23:548][  0]LogD3D11RHI:     GPU DeviceId: 0x134d (for the marketing name, search the web for "GPU Device Id")
[2017.12.01-17.40.23:548][  0]LogWindows: EnumDisplayDevices:
[2017.12.01-17.40.23:548][  0]LogWindows:    0. 'Intel(R) HD Graphics 620' (P:1 D:1)
[2017.12.01-17.40.23:548][  0]LogWindows:    1. 'Intel(R) HD Graphics 620' (P:0 D:0)
[2017.12.01-17.40.23:548][  0]LogWindows:    2. 'Intel(R) HD Graphics 620' (P:0 D:0)
[2017.12.01-17.40.23:548][  0]LogWindows: DebugString: PrimaryIsNotTheChoosenAdapter PrimaryIsNotTheChoosenAdapter PrimaryIsNotTheChoosenAdapter FoundDriverCount:0 
[2017.12.01-17.40.23:548][  0]LogD3D11RHI:     Adapter Name: NVIDIA GeForce 940MX
[2017.12.01-17.40.23:548][  0]LogD3D11RHI:   Driver Version: Unknown (internal:Unknown, unified:Unknown)
[2017.12.01-17.40.23:548][  0]LogD3D11RHI:      Driver Date: Unknown
[2017.12.01-17.40.23:548][  0]LogRHI: Texture pool is 1361 MB (70% of 1945 MB)
[2017.12.01-17.40.23:575][  0]LogD3D11RHI: Async texture creation enabled
[2017.12.01-17.40.23:659][  0]LogD3D11RHI: GPU Timing Frequency: 1000.000000 (Debug: 2 2)
[2017.12.01-17.40.23:678][  0]LogShaderCompilers: Guid format shader working directory is -23 characters bigger than the processId version (../../../../../../Users/agsch/Documents/Unreal Projects/CarBlueprints/Intermediate/Shaders/WorkingDirectory/6092/).
[2017.12.01-17.40.23:678][  0]LogShaderCompilers: Cleaned the shader compiler working directory 'C:/Users/agsch/AppData/Local/Temp/UnrealShaderWorkingDir/AB1F6FE84794D1F6B6EECCAD69934AC4/'.
[2017.12.01-17.40.23:680][  0]LogShaderCompilers: Display: Using Local Shader Compiler.
[2017.12.01-17.40.25:750][  0]LogTemp: Display: Loaded TP AllDesktopTargetPlatform
[2017.12.01-17.40.25:790][  0]LogTemp: Display: Loaded TP MacClientTargetPlatform
[2017.12.01-17.40.25:830][  0]LogTemp: Display: Loaded TP MacNoEditorTargetPlatform
[2017.12.01-17.40.25:870][  0]LogTemp: Display: Loaded TP MacServerTargetPlatform
[2017.12.01-17.40.25:913][  0]LogTemp: Display: Loaded TP MacTargetPlatform
[2017.12.01-17.40.25:953][  0]LogTemp: Display: Loaded TP WindowsClientTargetPlatform
[2017.12.01-17.40.25:994][  0]LogTemp: Display: Loaded TP WindowsNoEditorTargetPlatform
[2017.12.01-17.40.26:036][  0]LogTemp: Display: Loaded TP WindowsServerTargetPlatform
[2017.12.01-17.40.26:073][  0]LogTemp: Display: Loaded TP WindowsTargetPlatform
[2017.12.01-17.40.26:116][  0]LogTemp: Display: Loaded TP AndroidTargetPlatform
[2017.12.01-17.40.26:157][  0]LogTemp: Display: Loaded TP Android_ASTCTargetPlatform
[2017.12.01-17.40.26:196][  0]LogTemp: Display: Loaded TP Android_ATCTargetPlatform
[2017.12.01-17.40.26:237][  0]LogTemp: Display: Loaded TP Android_DXTTargetPlatform
[2017.12.01-17.40.26:278][  0]LogTemp: Display: Loaded TP Android_ETC1TargetPlatform
[2017.12.01-17.40.26:320][  0]LogTemp: Display: Loaded TP Android_ETC2TargetPlatform
[2017.12.01-17.40.26:402][  0]LogTemp: Display: Loaded TP Android_MultiTargetPlatform
[2017.12.01-17.40.26:402][  0]LogTemp: Display: Loaded TP Android_PVRTCTargetPlatform
[2017.12.01-17.40.26:435][  0]LogTemp: Display: Loaded TP HTML5TargetPlatform
[2017.12.01-17.40.26:527][  0]LogTemp: Display: Loaded TP IOSTargetPlatform
[2017.12.01-17.40.26:552][  0]LogTemp: Display: Loaded TP TVOSTargetPlatform
[2017.12.01-17.40.26:598][  0]LogTemp: Display: Loaded TP LinuxClientTargetPlatform
[2017.12.01-17.40.26:642][  0]LogTemp: Display: Loaded TP LinuxNoEditorTargetPlatform
[2017.12.01-17.40.26:683][  0]LogTemp: Display: Loaded TP LinuxServerTargetPlatform
[2017.12.01-17.40.26:728][  0]LogTemp: Display: Loaded TP LinuxTargetPlatform
[2017.12.01-17.40.26:728][  0]LogTargetPlatformManager: Display: Building Assets For Windows
[2017.12.01-17.40.27:297][  0]LogDerivedDataCache: Display: Max Cache Size: 512 MB
[2017.12.01-17.40.27:724][  0]LogDerivedDataCache: Loaded boot cache 0.43s 93MB C:/Users/agsch/AppData/Local/UnrealEngine/4.17/DerivedDataCache/Boot.ddc.
[2017.12.01-17.40.27:724][  0]LogDerivedDataCache: Display: Loaded Boot cache: C:/Users/agsch/AppData/Local/UnrealEngine/4.17/DerivedDataCache/Boot.ddc
[2017.12.01-17.40.27:724][  0]LogDerivedDataCache: FDerivedDataBackendGraph:  Pak pak cache file ../../../../../../Users/agsch/Documents/Unreal Projects/CarBlueprints/DerivedDataCache/DDC.ddp not found, will not use a pak cache.
[2017.12.01-17.40.27:724][  0]LogDerivedDataCache: Unable to find inner node Pak for hierarchical cache Hierarchy.
[2017.12.01-17.40.27:724][  0]LogDerivedDataCache: FDerivedDataBackendGraph:  CompressedPak pak cache file ../../../../../../Users/agsch/Documents/Unreal Projects/CarBlueprints/DerivedDataCache/Compressed.ddp not found, will not use a pak cache.
[2017.12.01-17.40.27:724][  0]LogDerivedDataCache: Unable to find inner node CompressedPak for hierarchical cache Hierarchy.
[2017.12.01-17.40.27:753][  0]LogDerivedDataCache: Display: Pak cache opened for reading ../../../Engine/DerivedDataCache/Compressed.ddp.
[2017.12.01-17.40.27:764][  0]LogDerivedDataCache: Using Local data cache path C:/Users/agsch/AppData/Local/UnrealEngine/Common/DerivedDataCache: Writable
[2017.12.01-17.40.27:782][  0]LogMaterial: Verifying Global Shaders for PCD3D_SM5
[2017.12.01-17.40.27:795][  0]LogSlate: Using Freetype 2.6.0
[2017.12.01-17.40.27:813][  0]LogSlate: SlateFontCache - WITH_FREETYPE: 1, WITH_HARFBUZZ: 1
[2017.12.01-17.40.27:814][  0]LogSlate: SlateFontCache - WITH_FREETYPE: 1, WITH_HARFBUZZ: 1
[2017.12.01-17.40.29:508][  0]LogAssetRegistry: FAssetRegistry took 0.0338 seconds to start up
[2017.12.01-17.40.29:690][  0]LogInit: Selected Device Profile: [Windows]
[2017.12.01-17.40.30:255][  0]LogContentStreaming: Texture pool size is 0.00 MB
[2017.12.01-17.40.30:648][  0]LogSimplygon: Simplygon DLL not present - disabling.
[2017.12.01-17.40.30:684][  0]LogMeshReduction: Using SimplygonSwarm for distributed automatic mesh merging
[2017.12.01-17.40.30:684][  0]LogMeshReduction: Using QuadricMeshReduction for automatic static mesh reduction
[2017.12.01-17.40.30:685][  0]LogMeshReduction: No automatic skeletal mesh reduction module available
[2017.12.01-17.40.30:685][  0]LogMeshReduction: No automatic mesh merging module available
[2017.12.01-17.40.30:685][  0]LogMeshMerging: No automatic mesh merging module available
[2017.12.01-17.40.31:739][  0]LogNetVersion: CarBlueprints , NetCL: 3573198, EngineNetVer: 2, GameNetVer: 0 (Checksum: 3571599761)
[2017.12.01-17.40.32:325][  0]LogPackageLocalizationCache: Processed 5 localized package path(s) for 2 prioritized culture(s) in 0.060722 seconds
[2017.12.01-17.40.32:331][  0]LogUObjectArray: 35825 objects as part of root set at end of initial load.
[2017.12.01-17.40.32:331][  0]LogUObjectAllocator: 7529104 out of 0 bytes used by permanent object pool.
[2017.12.01-17.40.32:331][  0]LogUObjectArray: CloseDisregardForGC: 0/0 objects in disregard for GC pool
[2017.12.01-17.40.32:382][  0]LogInit: WinSock: version 1.1 (2.2), MaxSocks=32767, MaxUdp=65467
[2017.12.01-17.40.38:298][  0]LogTcpMessaging: Initializing TcpMessaging bridge
[2017.12.01-17.40.38:336][  0]LogUdpMessaging: Initializing bridge on interface 0.0.0.0:0 to multicast group 230.0.0.1:6666.
[2017.12.01-17.40.39:145][  0]LogMaterial: Uniform references updated for custom material expression Custom.
[2017.12.01-17.40.39:649][  0]SourceControl: Source control is disabled
[2017.12.01-17.40.39:650][  0]SourceControl: Source control is disabled
[2017.12.01-17.40.39:704][  0]SourceControl: Source control is disabled
[2017.12.01-17.40.39:750][  0]SourceControl: Source control is disabled
[2017.12.01-17.40.40:389][  0]LogAndroidPermission: UAndroidPermissionCallbackProxy::GetInstance
[2017.12.01-17.40.40:591][  0]LogOcInput: OculusInput pre-init called
[2017.12.01-17.40.40:904][  0]LogEngine: Initializing Engine...
[2017.12.01-17.40.40:909][  0]LogHMD: Failed to initialize OpenVR with code 110
[2017.12.01-17.40.41:380][  0]LogStats: UGameplayTagsManager::ConstructGameplayTagTree: Construct from data asset -  0.000 s
[2017.12.01-17.40.41:382][  0]LogStats: UGameplayTagsManager::ConstructGameplayTagTree: GameplayTagTreeChangedEvent.Broadcast -  0.001 s
[2017.12.01-17.40.41:560][  0]LogAIModule: Creating AISystem for world Untitled
[2017.12.01-17.40.41:581][  0]LogInit: XAudio2 using 'Speakers (Realtek High Definition Audio)' : 2 channels at 48 kHz using 32 bits per sample (channel mask 0x3)
[2017.12.01-17.40.41:613][  0]LogInit: FAudioDevice initialized.
[2017.12.01-17.40.41:712][  0]LogDerivedDataCache: Saved boot cache 0.10s 93MB C:/Users/agsch/AppData/Local/UnrealEngine/4.17/DerivedDataCache/Boot.ddc.
[2017.12.01-17.40.41:724][  0]LogInit: Texture streaming: Enabled
[2017.12.01-17.40.41:825][  0]LogEngineSessionManager: EngineSessionManager initialized
[2017.12.01-17.40.42:160][  0]LogInit: Transaction tracking system initialized
[2017.12.01-17.40.42:571][  0]BlueprintLog: New page: Editor Load
[2017.12.01-17.40.43:538][  0]LocalizationService: Localization service is disabled
[2017.12.01-17.40.44:228][  0]LogConsoleResponse: Display: 
[2017.12.01-17.40.44:712][  0]LogCook: Display: Max memory allowance for cook 16384mb min free memory 0mb
[2017.12.01-17.40.44:712][  0]LogCook: Display: Mobile HDR setting 1
[2017.12.01-17.40.44:714][  0]LogFileCache: Scanning file cache for directory 'C:/Users/agsch/Documents/Unreal Projects/CarBlueprints/Content/' took 0.02s
[2017.12.01-17.40.44:714][  0]LogGameplayTags: Display: UGameplayTagsManager::DoneAddingNativeTags. DelegateIsBound: 0
[2017.12.01-17.40.45:836][  0]SourceControl: Source control is disabled
[2017.12.01-17.40.45:839][  0]Cmd: MAP LOAD FILE="../../../../../../Users/agsch/Documents/Unreal Projects/CarBlueprints/Content/VehicleAdvBP/Maps/VehicleAdvExampleMap.umap" TEMPLATE=0 SHOWPROGRESS=1 FEATURELEVEL=3
[2017.12.01-17.40.45:841][  0]LightingResults: New page: Lighting Build
[2017.12.01-17.40.45:886][  0]MapCheck: New page: Map Check
[2017.12.01-17.40.45:886][  0]LightingResults: New page: Lighting Build
[2017.12.01-17.40.47:141][  0]LogAIModule: Creating AISystem for world VehicleAdvExampleMap
[2017.12.01-17.40.47:332][  0]LogEditorServer: Finished looking for orphan Actors (0.000 secs)
[2017.12.01-17.40.47:381][  0]Cmd: MAP CHECKDEP NOCLEARLOG
[2017.12.01-17.40.47:439][  0]MapCheck: Map check complete: 0 Error(s), 0 Warning(s), took 58.243ms to complete.
[2017.12.01-17.40.47:440][  0]LogFileHelpers: Loading map 'VehicleAdvExampleMap' took 1.602
[2017.12.01-17.40.47:706][  0]LogCollectionManager: Loaded 0 collections in 0.001972 seconds
[2017.12.01-17.40.47:815][  0]LogFileCache: Scanning file cache for directory 'C:/Users/agsch/Documents/Unreal Projects/CarBlueprints/Saved/Collections/' took 0.01s
[2017.12.01-17.40.47:815][  0]LogFileCache: Scanning file cache for directory 'C:/Users/agsch/Documents/Unreal Projects/CarBlueprints/Content/Developers/agsch/Collections/' took 0.01s
[2017.12.01-17.40.47:815][  0]LogFileCache: Scanning file cache for directory 'C:/Users/agsch/Documents/Unreal Projects/CarBlueprints/Content/Collections/' took 0.01s
[2017.12.01-17.40.47:815][  0]LogCollectionManager: Rebuilt the GUID cache for 0 collections in 0.000001 seconds
[2017.12.01-17.40.47:835][  0]LogContentBrowser: Native class hierarchy populated in 0.0173 seconds. Added 2388 classes and 503 folders.
[2017.12.01-17.40.47:899][  0]LogContentBrowser: Native class hierarchy updated for 'WidgetCarousel' in 0.0008 seconds. Added 0 classes and 0 folders.
[2017.12.01-17.40.48:283][  0]LogContentBrowser: Native class hierarchy updated for 'AddContentDialog' in 0.0005 seconds. Added 0 classes and 0 folders.
[2017.12.01-17.40.48:331][  0]LogContentBrowser: Native class hierarchy updated for 'SceneOutliner' in 0.0006 seconds. Added 1 classes and 2 folders.
[2017.12.01-17.40.48:455][  0]LogSlate: Took 0.009850 seconds to synchronously load lazily loaded font '../../../Engine/Content/Slate/Fonts/Roboto-Regular.ttf' (155K)
[2017.12.01-17.40.48:465][  0]LogSlate: Took 0.007210 seconds to synchronously load lazily loaded font '../../../Engine/Content/Slate/Fonts/Roboto-Bold.ttf' (160K)
[2017.12.01-17.40.48:478][  0]LogSlate: Took 0.005031 seconds to synchronously load lazily loaded font '../../../Engine/Content/Editor/Slate/Fonts/FontAwesome.ttf' (139K)
[2017.12.01-17.40.48:650][  0]LogRenderer: Reallocating scene render targets to support 1208x576 Format 10 NumSamples 1 (Frame:1).
[2017.12.01-17.40.49:076][  0]LogContentBrowser: Native class hierarchy updated for 'HierarchicalLODOutliner' in 0.0007 seconds. Added 1 classes and 2 folders.
[2017.12.01-17.40.49:077][  0]LogLoad: (Engine Initialization) Total time: 31.94 seconds
[2017.12.01-17.40.49:077][  0]LogLoad: (Engine Initialization) Total Blueprint compile time: 0.00 seconds
[2017.12.01-17.40.49:078][  0]LogExternalProfiler: No external profilers were discovered.  External profiling features will not be available.
[2017.12.01-17.40.49:097][  0]LogRawInputWindows: Warning: Found device 0 devices
[2017.12.01-17.40.49:098][  0]LogRawInputWindows: Warning: Found device 0 devices
[2017.12.01-17.40.49:098][  0]LogRawInputWindows: Warning: Device was registered succesfully but not connected (Usage:4 UsagePage:1
[2017.12.01-17.40.49:098][  0]LogRawInputWindows: Warning: Found device 1 devices
[2017.12.01-17.40.49:098][  0]LogRawInputWindows: Warning: Device was registered succesfully but not connected (Usage:5 UsagePage:1
[2017.12.01-17.40.49:122][  0]LogContentStreaming: Texture pool size now 1000 MB
[2017.12.01-17.40.49:167][  0]LogSlate: Took 0.008497 seconds to synchronously load lazily loaded font '../../../Engine/Content/Slate/Fonts/Roboto-Light.ttf' (159K)
[2017.12.01-17.40.49:201][  1]LogAssetRegistry: Asset discovery search completed in 19.7175 seconds
[2017.12.01-17.40.49:203][  1]LogCollectionManager: Rebuilt the object cache for 0 collections in 0.000001 seconds (found 0 objects)
[2017.12.01-17.40.49:203][  1]LogCollectionManager: Fixed up redirectors for 0 collections in 0.000101 seconds (updated 0 objects)
[2017.12.01-17.42.01:216][529]LogSlate: Took 0.000132 seconds to synchronously load lazily loaded font '../../../Engine/Content/Slate/Fonts/Roboto-Light.ttf' (159K)
[2017.12.01-17.42.01:707][529]LogContentBrowser: Native class hierarchy updated for 'BlueprintGraph' in 0.0009 seconds. Added 113 classes and 0 folders.
[2017.12.01-17.42.02:325][529]LogSlate: Took 0.000126 seconds to synchronously load lazily loaded font '../../../Engine/Content/Slate/Fonts/Roboto-Regular.ttf' (155K)
[2017.12.01-17.42.02:488][529]LogSlate: Took 0.004740 seconds to synchronously load lazily loaded font '../../../Engine/Content/Editor/Slate/Fonts/Roboto-BoldCondensed.ttf' (158K)
[2017.12.01-17.42.02:807][530]LogSlate: Took 0.006329 seconds to synchronously load lazily loaded font '../../../Engine/Content/Editor/Slate/Fonts/Roboto-Italic.ttf' (157K)
[2017.12.01-17.42.38:462][837]BlueprintLog: New page: Compile VehicleBlueprint
[2017.12.01-17.42.39:978][861]LogSavePackage: Save=174.71ms
[2017.12.01-17.42.39:978][861]LogSavePackage: Moving '../../../../../../Users/agsch/Documents/Unreal Projects/CarBlueprints/Saved/VehicleBlueprint4FB6A95E44D00E4D2950E5AFF66C27CA.tmp' to '../../../../../../Users/agsch/Documents/Unreal Projects/CarBlueprints/Content/VehicleAdvBP/Blueprints/VehicleBlueprint.uasset'
[2017.12.01-17.42.39:981][861]LogSavePackage: Display: Finished SavePackage ../../../../../../Users/agsch/Documents/Unreal Projects/CarBlueprints/Content/VehicleAdvBP/Blueprints/VehicleBlueprint.uasset
[2017.12.01-17.45.10:705][ 39]LogTemp: Repeating last play command: Selected Viewport
[2017.12.01-17.45.10:796][ 39]LogPlayLevel: PlayLevel: No blueprints needed recompiling
[2017.12.01-17.45.10:798][ 39]PIE: New page: PIE session: VehicleAdvExampleMap (Dec 1, 2017, 7:45:10 AM)
[2017.12.01-17.45.10:799][ 39]LogPlayLevel: Creating play world package: /Game/VehicleAdvBP/Maps/UEDPIE_0_VehicleAdvExampleMap
[2017.12.01-17.45.10:827][ 39]LogPlayLevel: PIE: StaticDuplicateObject took: (0.028079s)
[2017.12.01-17.45.10:827][ 39]LogAIModule: Creating AISystem for world VehicleAdvExampleMap
[2017.12.01-17.45.10:828][ 39]LogPlayLevel: PIE: World Init took: (0.000939s)
[2017.12.01-17.45.10:828][ 39]LogPlayLevel: PIE: Created PIE world by copying editor world from /Game/VehicleAdvBP/Maps/VehicleAdvExampleMap.VehicleAdvExampleMap to /Game/VehicleAdvBP/Maps/UEDPIE_0_VehicleAdvExampleMap.VehicleAdvExampleMap (0.029344s)
[2017.12.01-17.45.10:852][ 39]LogInit: XAudio2 using 'Speakers (Realtek High Definition Audio)' : 2 channels at 48 kHz using 32 bits per sample (channel mask 0x3)
[2017.12.01-17.45.10:876][ 39]LogInit: FAudioDevice initialized.
[2017.12.01-17.45.10:919][ 39]LogLoad: Game class is 'VehicleAdvGameMode_C'
[2017.12.01-17.45.10:928][ 39]LogWorld: Bringing World /Game/VehicleAdvBP/Maps/UEDPIE_0_VehicleAdvExampleMap.VehicleAdvExampleMap up for play (max tick rate 60) at 2017.12.01-12.45.10
[2017.12.01-17.45.10:932][ 39]LogWorld: Bringing up level for play took: 0.008863
[2017.12.01-17.45.10:969][ 39]LogContentBrowser: Native class hierarchy updated for 'MovieSceneCapture' in 0.0007 seconds. Added 11 classes and 0 folders.
[2017.12.01-17.45.10:981][ 39]PIE: Play in editor start time for /Game/VehicleAdvBP/Maps/UEDPIE_0_VehicleAdvExampleMap -0.648
[2017.12.01-17.52.22:039][999]BlueprintLog: New page: Compile VehicleBlueprint
[2017.12.01-17.52.23:454][ 18]LogSavePackage: Save=161.65ms
[2017.12.01-17.52.23:455][ 18]LogSavePackage: Moving '../../../../../../Users/agsch/Documents/Unreal Projects/CarBlueprints/Saved/VehicleBlueprintFDFD3633407D9DF778DBC5B11CCCBFDD.tmp' to '../../../../../../Users/agsch/Documents/Unreal Projects/CarBlueprints/Content/VehicleAdvBP/Blueprints/VehicleBlueprint.uasset'
[2017.12.01-17.52.23:459][ 18]LogSavePackage: Display: Finished SavePackage ../../../../../../Users/agsch/Documents/Unreal Projects/CarBlueprints/Content/VehicleAdvBP/Blueprints/VehicleBlueprint.uasset
[2017.12.01-17.52.26:259][104]LogTemp: Repeating last play command: Selected Viewport
[2017.12.01-17.52.26:382][104]LogPlayLevel: PlayLevel: No blueprints needed recompiling
[2017.12.01-17.52.26:383][104]PIE: New page: PIE session: VehicleAdvExampleMap (Dec 1, 2017, 7:52:26 AM)
[2017.12.01-17.52.26:384][104]LogPlayLevel: Creating play world package: /Game/VehicleAdvBP/Maps/UEDPIE_0_VehicleAdvExampleMap
[2017.12.01-17.52.26:615][104]LogPlayLevel: PIE: StaticDuplicateObject took: (0.230585s)
[2017.12.01-17.52.26:619][104]LogAIModule: Creating AISystem for world VehicleAdvExampleMap
[2017.12.01-17.52.26:620][104]LogPlayLevel: PIE: World Init took: (0.004833s)
[2017.12.01-17.52.26:621][104]LogPlayLevel: PIE: Created PIE world by copying editor world from /Game/VehicleAdvBP/Maps/VehicleAdvExampleMap.VehicleAdvExampleMap to /Game/VehicleAdvBP/Maps/UEDPIE_0_VehicleAdvExampleMap.VehicleAdvExampleMap (0.237187s)
[2017.12.01-17.52.26:789][104]LogInit: XAudio2 using 'Speakers (Realtek High Definition Audio)' : 2 channels at 48 kHz using 32 bits per sample (channel mask 0x3)
[2017.12.01-17.52.26:999][104]LogInit: FAudioDevice initialized.
[2017.12.01-17.52.27:074][104]LogLoad: Game class is 'VehicleAdvGameMode_C'
[2017.12.01-17.52.27:128][104]LogWorld: Bringing World /Game/VehicleAdvBP/Maps/UEDPIE_0_VehicleAdvExampleMap.VehicleAdvExampleMap up for play (max tick rate 60) at 2017.12.01-12.52.27
[2017.12.01-17.52.27:132][104]LogWorld: Bringing up level for play took: 0.046578
[2017.12.01-17.52.27:143][104]PIE: Play in editor start time for /Game/VehicleAdvBP/Maps/UEDPIE_0_VehicleAdvExampleMap 1.514
[2017.12.01-17.53.14:816][369]BlueprintLog: New page: Compile VehicleBlueprint
[2017.12.01-17.53.16:429][395]LogSavePackage: Save=162.62ms
[2017.12.01-17.53.16:429][395]LogSavePackage: Moving '../../../../../../Users/agsch/Documents/Unreal Projects/CarBlueprints/Saved/VehicleBlueprintA38E5A984D0EE3DC808AD896B8C3AF33.tmp' to '../../../../../../Users/agsch/Documents/Unreal Projects/CarBlueprints/Content/VehicleAdvBP/Blueprints/VehicleBlueprint.uasset'
[2017.12.01-17.53.16:432][395]LogSavePackage: Display: Finished SavePackage ../../../../../../Users/agsch/Documents/Unreal Projects/CarBlueprints/Content/VehicleAdvBP/Blueprints/VehicleBlueprint.uasset
[2017.12.01-17.53.19:360][511]LogTemp: Repeating last play command: Selected Viewport
[2017.12.01-17.53.19:375][511]LogPlayLevel: PlayLevel: No blueprints needed recompiling
[2017.12.01-17.53.19:376][511]PIE: New page: PIE session: VehicleAdvExampleMap (Dec 1, 2017, 7:53:19 AM)
[2017.12.01-17.53.19:376][511]LogPlayLevel: Creating play world package: /Game/VehicleAdvBP/Maps/UEDPIE_0_VehicleAdvExampleMap
[2017.12.01-17.53.19:402][511]LogPlayLevel: PIE: StaticDuplicateObject took: (0.025919s)
[2017.12.01-17.53.19:402][511]LogAIModule: Creating AISystem for world VehicleAdvExampleMap
[2017.12.01-17.53.19:403][511]LogPlayLevel: PIE: World Init took: (0.000823s)
[2017.12.01-17.53.19:403][511]LogPlayLevel: PIE: Created PIE world by copying editor world from /Game/VehicleAdvBP/Maps/VehicleAdvExampleMap.VehicleAdvExampleMap to /Game/VehicleAdvBP/Maps/UEDPIE_0_VehicleAdvExampleMap.VehicleAdvExampleMap (0.027037s)
[2017.12.01-17.53.19:426][511]LogInit: XAudio2 using 'Speakers (Realtek High Definition Audio)' : 2 channels at 48 kHz using 32 bits per sample (channel mask 0x3)
[2017.12.01-17.53.19:450][511]LogInit: FAudioDevice initialized.
[2017.12.01-17.53.19:486][511]LogLoad: Game class is 'VehicleAdvGameMode_C'
[2017.12.01-17.53.19:491][511]LogWorld: Bringing World /Game/VehicleAdvBP/Maps/UEDPIE_0_VehicleAdvExampleMap.VehicleAdvExampleMap up for play (max tick rate 60) at 2017.12.01-12.53.19
[2017.12.01-17.53.19:491][511]LogWorld: Bringing up level for play took: 0.004474
[2017.12.01-17.53.19:493][511]PIE: Play in editor start time for /Game/VehicleAdvBP/Maps/UEDPIE_0_VehicleAdvExampleMap -0.136
[2017.12.01-17.54.05:495][591]LogSlate: Took 0.001230 seconds to synchronously load lazily loaded font '../../../Engine/Content/Slate/Fonts/Roboto-Light.ttf' (159K)
[2017.12.01-17.54.15:504][839]LogSavePackage: Save=874.01ms
[2017.12.01-17.54.15:504][839]LogSavePackage: Moving '../../../../../../Users/agsch/Documents/Unreal Projects/CarBlueprints/Saved/VehicleAdvExampleMap_Auto17DDFE21A43A2DDFEFB23B0AEBBDDBE01.tmp' to '../../../../../../Users/agsch/Documents/Unreal Projects/CarBlueprints/Saved/Autosaves/Game/VehicleAdvBP/Maps/VehicleAdvExampleMap_Auto1.umap'
[2017.12.01-17.54.15:507][839]LogSavePackage: Display: Finished SavePackage ../../../../../../Users/agsch/Documents/Unreal Projects/CarBlueprints/Saved/Autosaves/Game/VehicleAdvBP/Maps/VehicleAdvExampleMap_Auto1.umap
[2017.12.01-17.54.15:512][839]LogFileHelpers: Editor autosave (incl. sublevels) for '/Game/VehicleAdvBP/Maps/VehicleAdvExampleMap' took 0.977
[2017.12.01-17.54.15:512][839]LogFileHelpers: Editor autosave (incl. sublevels) for all levels took 0.977
[2017.12.01-17.57.16:384][714]LogTemp: Executing iPhonePackager certificates Engine -bundlename com.YourCompany.CarBlueprints
[2017.12.01-17.57.16:384][714]LogTemp: CWD: C:\Program Files\Epic Games\UE_4.17\Engine\Binaries\DotNET\IOS
[2017.12.01-17.57.16:384][714]LogTemp: Initial Dir: C:\Program Files\Epic Games\UE_4.17
[2017.12.01-17.57.16:384][714]LogTemp: Env CWD: C:\Program Files\Epic Games\UE_4.17\Engine\Binaries\DotNET\IOS
[2017.12.01-17.57.16:388][714]LogTemp: BranchPath = LAPTOP-QGRD1O7A/C/Program Files/Epic Games/UE_4.17/Engine/Binaries --- GameBranchPath = LAPTOP-QGRD1O7A/C/Program Files/Epic Games/UE_4.17/Engine/Binaries
[2017.12.01-17.57.16:425][714]LogTemp: IPP ERROR: Could not find provision directory 'C:\Users\agsch\AppData\Local/Apple Computer/MobileDevice/Provisioning Profiles/'.
[2017.12.01-17.58.32:434][308]LogTemp: Repeating last play command: Selected Viewport
[2017.12.01-17.58.32:451][308]LogPlayLevel: PlayLevel: No blueprints needed recompiling
[2017.12.01-17.58.32:451][308]PIE: New page: PIE session: VehicleAdvExampleMap (Dec 1, 2017, 7:58:32 AM)
[2017.12.01-17.58.32:451][308]LogPlayLevel: Creating play world package: /Game/VehicleAdvBP/Maps/UEDPIE_0_VehicleAdvExampleMap
[2017.12.01-17.58.32:481][308]LogPlayLevel: PIE: StaticDuplicateObject took: (0.030353s)
[2017.12.01-17.58.32:482][308]LogAIModule: Creating AISystem for world VehicleAdvExampleMap
[2017.12.01-17.58.32:482][308]LogPlayLevel: PIE: World Init took: (0.000867s)
[2017.12.01-17.58.32:483][308]LogPlayLevel: PIE: Created PIE world by copying editor world from /Game/VehicleAdvBP/Maps/VehicleAdvExampleMap.VehicleAdvExampleMap to /Game/VehicleAdvBP/Maps/UEDPIE_0_VehicleAdvExampleMap.VehicleAdvExampleMap (0.031695s)
[2017.12.01-17.58.32:513][308]LogInit: XAudio2 using 'Speakers (Realtek High Definition Audio)' : 2 channels at 48 kHz using 32 bits per sample (channel mask 0x3)
[2017.12.01-17.58.32:537][308]LogInit: FAudioDevice initialized.
[2017.12.01-17.58.32:572][308]LogLoad: Game class is 'VehicleAdvGameMode_C'
[2017.12.01-17.58.32:577][308]LogWorld: Bringing World /Game/VehicleAdvBP/Maps/UEDPIE_0_VehicleAdvExampleMap.VehicleAdvExampleMap up for play (max tick rate 60) at 2017.12.01-12.58.32
[2017.12.01-17.58.32:578][308]LogWorld: Bringing up level for play took: 0.004580
[2017.12.01-17.58.32:579][308]PIE: Play in editor start time for /Game/VehicleAdvBP/Maps/UEDPIE_0_VehicleAdvExampleMap 0.951
[2017.12.01-18.04.33:000][335]LogSavePackage: Save=314.17ms
[2017.12.01-18.04.33:000][335]LogSavePackage: Moving '../../../../../../Users/agsch/Documents/Unreal Projects/CarBlueprints/Saved/VehicleAdvExampleMap_Auto2853257494656A52A482469808E904D34.tmp' to '../../../../../../Users/agsch/Documents/Unreal Projects/CarBlueprints/Saved/Autosaves/Game/VehicleAdvBP/Maps/VehicleAdvExampleMap_Auto2.umap'
[2017.12.01-18.04.33:002][335]LogSavePackage: Display: Finished SavePackage ../../../../../../Users/agsch/Documents/Unreal Projects/CarBlueprints/Saved/Autosaves/Game/VehicleAdvBP/Maps/VehicleAdvExampleMap_Auto2.umap
[2017.12.01-18.04.33:004][335]LogFileHelpers: Editor autosave (incl. sublevels) for '/Game/VehicleAdvBP/Maps/VehicleAdvExampleMap' took 0.356
[2017.12.01-18.04.33:004][335]LogFileHelpers: Editor autosave (incl. sublevels) for all levels took 0.356
[2017.12.01-18.04.33:007][335]OBJ SavePackage: Generating thumbnails for [1] asset(s) in package [/Game/VehicleAdvBP/Blueprints/VehicleBlueprint] ([1] browsable assets)...
[2017.12.01-18.04.33:076][335]OBJ SavePackage:     Rendered thumbnail for [Blueprint /Game/VehicleAdvBP/Blueprints/VehicleBlueprint.VehicleBlueprint]
[2017.12.01-18.04.33:076][335]OBJ SavePackage: Finished generating thumbnails for package [/Game/VehicleAdvBP/Blueprints/VehicleBlueprint]
[2017.12.01-18.04.33:245][335]LogSavePackage: Save=161.57ms
[2017.12.01-18.04.33:245][335]LogSavePackage: Moving '../../../../../../Users/agsch/Documents/Unreal Projects/CarBlueprints/Saved/VehicleBlueprint_Auto24A35363F414FD41671F63EB945879BCC.tmp' to '../../../../../../Users/agsch/Documents/Unreal Projects/CarBlueprints/Saved/Autosaves/Game/VehicleAdvBP/Blueprints/VehicleBlueprint_Auto2.uasset'
[2017.12.01-18.04.33:246][335]LogSavePackage: Display: Finished SavePackage ../../../../../../Users/agsch/Documents/Unreal Projects/CarBlueprints/Saved/Autosaves/Game/VehicleAdvBP/Blueprints/VehicleBlueprint_Auto2.uasset
[2017.12.01-18.04.33:246][335]LogFileHelpers: Auto-saving content packages took 0.240
[2017.12.01-18.06.22:394][559]BlueprintLog: New page: Compile VehicleBlueprint
[2017.12.01-18.06.27:006][690]LogSavePackage: Save=190.49ms
[2017.12.01-18.06.27:006][690]LogSavePackage: Moving '../../../../../../Users/agsch/Documents/Unreal Projects/CarBlueprints/Saved/VehicleBlueprintA3B699314AEBE9EF32F8DF813042D0A6.tmp' to '../../../../../../Users/agsch/Documents/Unreal Projects/CarBlueprints/Content/VehicleAdvBP/Blueprints/VehicleBlueprint.uasset'
[2017.12.01-18.06.27:012][690]LogSavePackage: Display: Finished SavePackage ../../../../../../Users/agsch/Documents/Unreal Projects/CarBlueprints/Content/VehicleAdvBP/Blueprints/VehicleBlueprint.uasset
[2017.12.01-18.06.31:965][873]LogTemp: Repeating last play command: Selected Viewport
[2017.12.01-18.06.31:981][873]LogPlayLevel: PlayLevel: No blueprints needed recompiling
[2017.12.01-18.06.31:981][873]PIE: New page: PIE session: VehicleAdvExampleMap (Dec 1, 2017, 8:06:31 AM)
[2017.12.01-18.06.31:981][873]LogPlayLevel: Creating play world package: /Game/VehicleAdvBP/Maps/UEDPIE_0_VehicleAdvExampleMap
[2017.12.01-18.06.32:010][873]LogPlayLevel: PIE: StaticDuplicateObject took: (0.029231s)
[2017.12.01-18.06.32:011][873]LogAIModule: Creating AISystem for world VehicleAdvExampleMap
[2017.12.01-18.06.32:011][873]LogPlayLevel: PIE: World Init took: (0.000985s)
[2017.12.01-18.06.32:011][873]LogPlayLevel: PIE: Created PIE world by copying editor world from /Game/VehicleAdvBP/Maps/VehicleAdvExampleMap.VehicleAdvExampleMap to /Game/VehicleAdvBP/Maps/UEDPIE_0_VehicleAdvExampleMap.VehicleAdvExampleMap (0.030532s)
[2017.12.01-18.06.32:034][873]LogInit: XAudio2 using 'Speakers (Realtek High Definition Audio)' : 2 channels at 48 kHz using 32 bits per sample (channel mask 0x3)
[2017.12.01-18.06.32:062][873]LogInit: FAudioDevice initialized.
[2017.12.01-18.06.32:097][873]LogLoad: Game class is 'VehicleAdvGameMode_C'
[2017.12.01-18.06.32:102][873]LogWorld: Bringing World /Game/VehicleAdvBP/Maps/UEDPIE_0_VehicleAdvExampleMap.VehicleAdvExampleMap up for play (max tick rate 60) at 2017.12.01-13.06.32
[2017.12.01-18.06.32:103][873]LogWorld: Bringing up level for play took: 0.004609
[2017.12.01-18.06.32:105][873]PIE: Play in editor start time for /Game/VehicleAdvBP/Maps/UEDPIE_0_VehicleAdvExampleMap 0.476
[2017.12.01-18.07.51:625][999]LogEditorTransaction: Undo Move Node
[2017.12.01-18.10.12:315][539]BlueprintLog: New page: Compile VehicleBlueprint
[2017.12.01-18.10.14:550][584]LogSavePackage: Save=179.49ms
[2017.12.01-18.10.14:550][584]LogSavePackage: Moving '../../../../../../Users/agsch/Documents/Unreal Projects/CarBlueprints/Saved/VehicleBlueprintB7D1C8B6429D73B863495383E20E0F35.tmp' to '../../../../../../Users/agsch/Documents/Unreal Projects/CarBlueprints/Content/VehicleAdvBP/Blueprints/VehicleBlueprint.uasset'
[2017.12.01-18.10.14:554][584]LogSavePackage: Display: Finished SavePackage ../../../../../../Users/agsch/Documents/Unreal Projects/CarBlueprints/Content/VehicleAdvBP/Blueprints/VehicleBlueprint.uasset
[2017.12.01-18.10.17:703][703]LogTemp: Repeating last play command: Selected Viewport
[2017.12.01-18.10.17:720][703]LogPlayLevel: PlayLevel: No blueprints needed recompiling
[2017.12.01-18.10.17:720][703]PIE: New page: PIE session: VehicleAdvExampleMap (Dec 1, 2017, 8:10:17 AM)
[2017.12.01-18.10.17:720][703]LogPlayLevel: Creating play world package: /Game/VehicleAdvBP/Maps/UEDPIE_0_VehicleAdvExampleMap
[2017.12.01-18.10.17:748][703]LogPlayLevel: PIE: StaticDuplicateObject took: (0.028202s)
[2017.12.01-18.10.17:749][703]LogAIModule: Creating AISystem for world VehicleAdvExampleMap
[2017.12.01-18.10.17:749][703]LogPlayLevel: PIE: World Init took: (0.000930s)
[2017.12.01-18.10.17:750][703]LogPlayLevel: PIE: Created PIE world by copying editor world from /Game/VehicleAdvBP/Maps/VehicleAdvExampleMap.VehicleAdvExampleMap to /Game/VehicleAdvBP/Maps/UEDPIE_0_VehicleAdvExampleMap.VehicleAdvExampleMap (0.029549s)
[2017.12.01-18.10.17:773][703]LogInit: XAudio2 using 'Speakers (Realtek High Definition Audio)' : 2 channels at 48 kHz using 32 bits per sample (channel mask 0x3)
[2017.12.01-18.10.17:797][703]LogInit: FAudioDevice initialized.
[2017.12.01-18.10.17:833][703]LogLoad: Game class is 'VehicleAdvGameMode_C'
[2017.12.01-18.10.17:838][703]LogWorld: Bringing World /Game/VehicleAdvBP/Maps/UEDPIE_0_VehicleAdvExampleMap.VehicleAdvExampleMap up for play (max tick rate 60) at 2017.12.01-13.10.17
[2017.12.01-18.10.17:839][703]LogWorld: Bringing up level for play took: 0.004588
[2017.12.01-18.10.17:840][703]PIE: Play in editor start time for /Game/VehicleAdvBP/Maps/UEDPIE_0_VehicleAdvExampleMap 0.212
[2017.12.01-18.14.48:003][472]LogSavePackage: Save=313.21ms
[2017.12.01-18.14.48:003][472]LogSavePackage: Moving '../../../../../../Users/agsch/Documents/Unreal Projects/CarBlueprints/Saved/VehicleAdvExampleMap_Auto364B5FDDE443733E86ADB6DAEC70D1087.tmp' to '../../../../../../Users/agsch/Documents/Unreal Projects/CarBlueprints/Saved/Autosaves/Game/VehicleAdvBP/Maps/VehicleAdvExampleMap_Auto3.umap'
[2017.12.01-18.14.48:006][472]LogSavePackage: Display: Finished SavePackage ../../../../../../Users/agsch/Documents/Unreal Projects/CarBlueprints/Saved/Autosaves/Game/VehicleAdvBP/Maps/VehicleAdvExampleMap_Auto3.umap
[2017.12.01-18.14.48:009][472]LogFileHelpers: Editor autosave (incl. sublevels) for '/Game/VehicleAdvBP/Maps/VehicleAdvExampleMap' took 0.356
[2017.12.01-18.14.48:009][472]LogFileHelpers: Editor autosave (incl. sublevels) for all levels took 0.356
[2017.12.01-18.25.21:434][ 49]LogLinker: Warning: Can't find file '/Script/CarProject'
[2017.12.01-18.25.21:435][ 49]LogLinker: Warning: Can't find file for asset '/Script/CarProject' while loading ../../../../../../Users/agsch/Documents/Unreal Projects/CarBlueprints/Content/VehicleAdvBP/Blueprints/BP_AProjectile.uasset.
[2017.12.01-18.25.21:435][ 49]LoadErrors: Error: /Game/VehicleAdvBP/Blueprints/BP_AProjectile : Can't find file for asset. /Script/CarProject
[2017.12.01-18.25.21:435][ 49]LogLinker: Warning: Can't find file '/Script/CarProject'
[2017.12.01-18.25.21:435][ 49]LogLinker: Warning: Can't find file for asset '/Script/CarProject' while loading ../../../../../../Users/agsch/Documents/Unreal Projects/CarBlueprints/Content/VehicleAdvBP/Blueprints/BP_AProjectile.uasset.
[2017.12.01-18.25.21:436][ 49]LogLinker: Warning: Can't find file '/Game/VehicleAdv/Sphere'
[2017.12.01-18.25.21:436][ 49]LogLinker: Warning: Can't find file for asset '/Game/VehicleAdv/Sphere' while loading ../../../../../../Users/agsch/Documents/Unreal Projects/CarBlueprints/Content/VehicleAdvBP/Blueprints/BP_AProjectile.uasset.
[2017.12.01-18.25.21:436][ 49]LoadErrors: Error: /Game/VehicleAdvBP/Blueprints/BP_AProjectile : Can't find file for asset. /Game/VehicleAdv/Sphere
[2017.12.01-18.25.21:436][ 49]LogLinker: Warning: Can't find file '/Script/CarProject'
[2017.12.01-18.25.21:436][ 49]LogLinker: Warning: Can't find file for asset '/Script/CarProject' while loading ../../../../../../Users/agsch/Documents/Unreal Projects/CarBlueprints/Content/VehicleAdvBP/Blueprints/BP_AProjectile.uasset.
[2017.12.01-18.25.21:436][ 49]LogLinker: Warning: Can't find file '/Script/CarProject'
[2017.12.01-18.25.21:436][ 49]LogLinker: Warning: Can't find file for asset '/Script/CarProject' while loading ../../../../../../Users/agsch/Documents/Unreal Projects/CarBlueprints/Content/VehicleAdvBP/Blueprints/BP_AProjectile.uasset.
[2017.12.01-18.25.21:436][ 49]LogLinker: Warning: Can't find file '/Script/CarProject'
[2017.12.01-18.25.21:436][ 49]LogLinker: Warning: Can't find file for asset '/Script/CarProject' while loading ../../../../../../Users/agsch/Documents/Unreal Projects/CarBlueprints/Content/VehicleAdvBP/Blueprints/BP_AProjectile.uasset.
[2017.12.01-18.25.21:436][ 49]LogLinker: Warning: Can't find file '/Game/VehicleAdv/Sphere'
[2017.12.01-18.25.21:436][ 49]LogLinker: Warning: Can't find file for asset '/Game/VehicleAdv/Sphere' while loading ../../../../../../Users/agsch/Documents/Unreal Projects/CarBlueprints/Content/VehicleAdvBP/Blueprints/BP_AProjectile.uasset.
[2017.12.01-18.25.21:437][ 49]LogLinker: Warning: Can't find file '/Script/CarProject'
[2017.12.01-18.25.21:437][ 49]LogLinker: Warning: Can't find file for asset '/Script/CarProject' while loading NULL.
[2017.12.01-18.25.21:437][ 49]LogLinker: Warning: CreateExport: Failed to load Parent for BlueprintGeneratedClass /Game/VehicleAdvBP/Blueprints/BP_AProjectile.BP_AProjectile_C
[2017.12.01-18.25.21:437][ 49]LogLinker: Warning: Can't find file '/Script/CarProject'
[2017.12.01-18.25.21:437][ 49]LogLinker: Warning: Can't find file for asset '/Script/CarProject' while loading NULL.
[2017.12.01-18.25.21:437][ 49]LogLinker: Warning: CreateExport: Failed to load Parent for BlueprintGeneratedClass /Game/VehicleAdvBP/Blueprints/BP_AProjectile.BP_AProjectile_C
[2017.12.01-18.25.21:438][ 49]LogLinker: Warning: Can't find file '/Script/CarProject'
[2017.12.01-18.25.21:438][ 49]LogLinker: Warning: Can't find file for asset '/Script/CarProject' while loading NULL.
[2017.12.01-18.25.21:438][ 49]LogLinker: Warning: CreateExport: Failed to load Parent for BlueprintGeneratedClass /Game/VehicleAdvBP/Blueprints/BP_AProjectile.BP_AProjectile_C
[2017.12.01-18.25.21:438][ 49]LogLinker: Warning: Can't find file '/Script/CarProject'
[2017.12.01-18.25.21:438][ 49]LogLinker: Warning: Can't find file for asset '/Script/CarProject' while loading NULL.
[2017.12.01-18.25.21:438][ 49]LogLinker: Warning: CreateExport: Failed to load Parent for BlueprintGeneratedClass /Game/VehicleAdvBP/Blueprints/BP_AProjectile.BP_AProjectile_C
[2017.12.01-18.25.21:438][ 49]LogLinker: Warning: Can't find file '/Script/CarProject'
[2017.12.01-18.25.21:438][ 49]LogLinker: Warning: Can't find file for asset '/Script/CarProject' while loading NULL.
[2017.12.01-18.25.21:438][ 49]LogLinker: Warning: CreateExport: Failed to load Parent for BlueprintGeneratedClass /Game/VehicleAdvBP/Blueprints/BP_AProjectile.BP_AProjectile_C
[2017.12.01-18.25.21:438][ 49]LogLinker: Warning: Can't find file '/Script/CarProject'
[2017.12.01-18.25.21:438][ 49]LogLinker: Warning: Can't find file for asset '/Script/CarProject' while loading NULL.
[2017.12.01-18.25.21:438][ 49]LogLinker: Warning: CreateExport: Failed to load Parent for BlueprintGeneratedClass /Game/VehicleAdvBP/Blueprints/BP_AProjectile.BP_AProjectile_C
[2017.12.01-18.25.21:438][ 49]LogLinker: Warning: Can't find file '/Script/CarProject'
[2017.12.01-18.25.21:438][ 49]LogLinker: Warning: Can't find file for asset '/Script/CarProject' while loading NULL.
[2017.12.01-18.25.21:438][ 49]LogLinker: Warning: CreateExport: Failed to load Parent for BlueprintGeneratedClass /Game/VehicleAdvBP/Blueprints/BP_AProjectile.BP_AProjectile_C
[2017.12.01-18.25.21:438][ 49]LogLinker: Warning: Can't find file '/Script/CarProject'
[2017.12.01-18.25.21:439][ 49]LogLinker: Warning: Can't find file for asset '/Script/CarProject' while loading NULL.
[2017.12.01-18.25.21:439][ 49]LogLinker: Warning: CreateExport: Failed to load Parent for BlueprintGeneratedClass /Game/VehicleAdvBP/Blueprints/BP_AProjectile.BP_AProjectile_C
[2017.12.01-18.25.21:439][ 49]LogLinker: Warning: Can't find file '/Script/CarProject'
[2017.12.01-18.25.21:439][ 49]LogLinker: Warning: Can't find file for asset '/Script/CarProject' while loading NULL.
[2017.12.01-18.25.21:439][ 49]LogLinker: Warning: CreateExport: Failed to load Parent for BlueprintGeneratedClass /Game/VehicleAdvBP/Blueprints/BP_AProjectile.BP_AProjectile_C
[2017.12.01-18.25.21:439][ 49]LogLinker: Warning: Can't find file '/Script/CarProject'
[2017.12.01-18.25.21:439][ 49]LoadErrors: Failed to load /Script/CarProject.AProjectile Referenced by BP_AProjectile
[2017.12.01-18.25.21:439][ 49]LogLinker: Warning: Can't find file for asset '/Script/CarProject' while loading NULL.
[2017.12.01-18.25.21:439][ 49]LogLinker: Warning: Can't find file '/Script/CarProject'
[2017.12.01-18.25.21:439][ 49]LogLinker: Warning: Can't find file for asset '/Script/CarProject' while loading NULL.
[2017.12.01-18.25.21:439][ 49]LogLinker: Warning: CreateExport: Failed to load Parent for BlueprintGeneratedClass /Game/VehicleAdvBP/Blueprints/BP_AProjectile.BP_AProjectile_C
[2017.12.01-18.25.21:439][ 49]LogLinker: Warning: Can't find file '/Script/CarProject'
[2017.12.01-18.25.21:439][ 49]LoadErrors: Failed to load /Script/CarProject.AProjectile Referenced by PackageMetaData
[2017.12.01-18.25.21:439][ 49]LogLinker: Warning: Can't find file for asset '/Script/CarProject' while loading NULL.
[2017.12.01-18.25.21:440][ 49]LogLinker: Warning: CreateExport: Failed to load Parent for BlueprintGeneratedClass /Game/VehicleAdvBP/Blueprints/BP_AProjectile.BP_AProjectile_C
[2017.12.01-18.25.28:159][ 49]LoadErrors: Warning: CreateExport: Failed to load Outer for resource 'SphereMesh': BlueprintGeneratedClass /Game/VehicleAdvBP/Blueprints/BP_AProjectile.BP_AProjectile_C
[2017.12.01-18.25.28:159][ 49]LoadErrors: Warning: CreateExport: Failed to load Outer for resource 'UserConstructionScript': BlueprintGeneratedClass /Game/VehicleAdvBP/Blueprints/BP_AProjectile.BP_AProjectile_C
[2017.12.01-18.25.28:159][ 49]LoadErrors: Warning: CreateExport: Failed to load Outer for resource 'ProjectileMovementComponent': BP_AProjectile_C /Game/VehicleAdvBP/Blueprints/BP_AProjectile.Default__BP_AProjectile_C
[2017.12.01-18.25.28:159][ 49]LoadErrors: Warning: CreateExport: Failed to load Outer for resource 'DefaultSceneRoot_GEN_VARIABLE': BlueprintGeneratedClass /Game/VehicleAdvBP/Blueprints/BP_AProjectile.BP_AProjectile_C
[2017.12.01-18.25.28:159][ 49]LoadErrors: Warning: CreateExport: Failed to load Outer for resource 'SimpleConstructionScript_0': BlueprintGeneratedClass /Game/VehicleAdvBP/Blueprints/BP_AProjectile.BP_AProjectile_C
[2017.12.01-18.25.28:159][ 49]LoadErrors: Warning: CreateExport: Failed to load Outer for resource 'SCS_Node_0': SimpleConstructionScript /Game/VehicleAdvBP/Blueprints/BP_AProjectile.BP_AProjectile_C:SimpleConstructionScript_0
[2017.12.01-18.25.28:159][ 49]LoadErrors: Warning: CreateExport: Failed to load Outer for resource 'SCS_Node_1': SimpleConstructionScript /Game/VehicleAdvBP/Blueprints/BP_AProjectile.BP_AProjectile_C:SimpleConstructionScript_0
[2017.12.01-18.25.28:159][ 49]LoadErrors: Warning: CreateExport: Failed to load Outer for resource 'SphereComponent': BP_AProjectile_C /Game/VehicleAdvBP/Blueprints/BP_AProjectile.Default__BP_AProjectile_C
[2017.12.01-18.25.28:159][ 49]LoadErrors: Warning: CreateExport: Failed to load Outer for resource 'SphereMesh_GEN_VARIABLE': BlueprintGeneratedClass /Game/VehicleAdvBP/Blueprints/BP_AProjectile.BP_AProjectile_C
[2017.12.01-18.27.58:389][441]LogSavePackage: Save=318.26ms
[2017.12.01-18.27.58:389][441]LogSavePackage: Moving '../../../../../../Users/agsch/Documents/Unreal Projects/CarBlueprints/Saved/VehicleAdvExampleMap39DE08514017C6999E23FCB13AF451DC.tmp' to '../../../../../../Users/agsch/Documents/Unreal Projects/CarBlueprints/Content/VehicleAdvBP/Maps/VehicleAdvExampleMap.umap'
[2017.12.01-18.27.58:393][441]LogSavePackage: Display: Finished SavePackage ../../../../../../Users/agsch/Documents/Unreal Projects/CarBlueprints/Content/VehicleAdvBP/Maps/VehicleAdvExampleMap.umap
[2017.12.01-18.27.58:425][441]LogFileHelpers: Saving map 'VehicleAdvExampleMap' took 0.437
[2017.12.01-18.28.00:044][493]Cmd: QUIT_EDITOR
[2017.12.01-18.28.00:514][493]LogWindowsTextInputMethodSystem: Display: IME system now deactivated.
[2017.12.01-18.28.00:588][493]LogExit: Preparing to exit.
[2017.12.01-18.28.03:123][493]LogDirectoryWatcher: A directory notification for 'C:/Users/agsch/Documents/Unreal Projects/CarBlueprints/Content/' was aborted.
[2017.12.01-18.28.04:325][493]LogExit: Editor shut down
[2017.12.01-18.28.04:652][493]LogExit: Transaction tracking system shut down
[2017.12.01-18.28.05:344][493]LogDirectoryWatcher: A directory notification for '../../../Engine/Content/' was aborted.
[2017.12.01-18.28.05:344][493]LogDirectoryWatcher: A directory notification for '../../../../../../Users/agsch/Documents/Unreal Projects/CarBlueprints/Content/' was aborted.
[2017.12.01-18.28.05:345][493]LogDirectoryWatcher: A directory notification for '../../../Engine/Plugins/2D/Paper2D/Content/' was aborted.
[2017.12.01-18.28.05:345][493]LogDirectoryWatcher: A directory notification for '../../../Engine/Plugins/Runtime/Oculus/OculusVR/Content/' was aborted.
[2017.12.01-18.28.05:345][493]LogDirectoryWatcher: A directory notification for '../../../Engine/Plugins/Runtime/Steam/SteamVR/Content/' was aborted.
[2017.12.01-18.28.06:765][493]LogExit: Object subsystem successfully closed.
[2017.12.01-18.28.06:937][493]LogD3D11RHI: Shutdown
[2017.12.01-18.28.06:939][493]LogD3D11RHI: CleanupD3DDevice
[2017.12.01-18.28.07:802][493]LogD3D11RHI: ~FD3D11DynamicRHI
[2017.12.01-18.28.07:971][493]LogModuleManager: Shutting down and abandoning module ExternalImagePicker (540)
[2017.12.01-18.28.07:971][493]LogModuleManager: Shutting down and abandoning module MovieSceneCapture (538)
[2017.12.01-18.28.07:972][493]LogModuleManager: Shutting down and abandoning module BlueprintGraph (536)
[2017.12.01-18.28.07:972][493]LogModuleManager: Shutting down and abandoning module BlueprintProfiler (534)
[2017.12.01-18.28.07:973][493]LogModuleManager: Shutting down and abandoning module HierarchicalLODOutliner (532)
[2017.12.01-18.28.07:973][493]LogModuleManager: Shutting down and abandoning module SceneOutliner (530)
[2017.12.01-18.28.07:974][493]LogModuleManager: Shutting down and abandoning module AddContentDialog (528)
[2017.12.01-18.28.07:975][493]LogDirectoryWatcher: A directory notification for 'C:/Program Files/Epic Games/UE_4.17/FeaturePacks/' was aborted.
[2017.12.01-18.28.08:025][493]LogModuleManager: Shutting down and abandoning module WidgetCarousel (527)
[2017.12.01-18.28.08:026][493]LogModuleManager: Shutting down and abandoning module EditorWidgets (524)
[2017.12.01-18.28.08:026][493]LogModuleManager: Shutting down and abandoning module CollectionManager (522)
[2017.12.01-18.28.08:026][493]LogDirectoryWatcher: A directory notification for 'C:/Users/agsch/Documents/Unreal Projects/CarBlueprints/Content/Collections/' was aborted.
[2017.12.01-18.28.08:027][493]LogDirectoryWatcher: A directory notification for 'C:/Users/agsch/Documents/Unreal Projects/CarBlueprints/Content/Developers/agsch/Collections/' was aborted.
[2017.12.01-18.28.08:027][493]LogDirectoryWatcher: A directory notification for 'C:/Users/agsch/Documents/Unreal Projects/CarBlueprints/Saved/Collections/' was aborted.
[2017.12.01-18.28.08:028][493]LogModuleManager: Shutting down and abandoning module StatsViewer (520)
[2017.12.01-18.28.08:029][493]LogModuleManager: Shutting down and abandoning module FoliageEdit (518)
[2017.12.01-18.28.08:029][493]LogModuleManager: Shutting down and abandoning module LandscapeEditor (516)
[2017.12.01-18.28.08:031][493]LogModuleManager: Shutting down and abandoning module MeshPaintMode (514)
[2017.12.01-18.28.08:031][493]LogModuleManager: Shutting down and abandoning module SceneDepthPickerMode (512)
[2017.12.01-18.28.08:032][493]LogModuleManager: Shutting down and abandoning module ActorPickerMode (510)
[2017.12.01-18.28.08:032][493]LogModuleManager: Shutting down and abandoning module GeometryMode (508)
[2017.12.01-18.28.08:032][493]LogModuleManager: Shutting down and abandoning module TextureAlignMode (506)
[2017.12.01-18.28.08:032][493]LogModuleManager: Shutting down and abandoning module BspMode (504)
[2017.12.01-18.28.08:032][493]LogModuleManager: Shutting down and abandoning module PIEPreviewDeviceProfileSelector (502)
[2017.12.01-18.28.08:033][493]LogModuleManager: Shutting down and abandoning module HardwareSurvey (500)
[2017.12.01-18.28.08:033][493]LogModuleManager: Shutting down and abandoning module SequenceRecorderSections (498)
[2017.12.01-18.28.08:034][493]LogModuleManager: Shutting down and abandoning module AutomationWorker (496)
[2017.12.01-18.28.08:034][493]LogModuleManager: Shutting down and abandoning module MatineeToLevelSequence (494)
[2017.12.01-18.28.08:034][493]LogModuleManager: Shutting down and abandoning module LevelSequenceEditor (492)
[2017.12.01-18.28.08:036][493]LogModuleManager: Shutting down and abandoning module PlacementMode (491)
[2017.12.01-18.28.08:037][493]LogModuleManager: Shutting down and abandoning module WmfMediaFactory (488)
[2017.12.01-18.28.08:037][493]LogModuleManager: Shutting down and abandoning module WmfMediaEditor (486)
[2017.12.01-18.28.08:037][493]LogModuleManager: Shutting down and abandoning module AvfMediaFactory (484)
[2017.12.01-18.28.08:038][493]LogModuleManager: Shutting down and abandoning module AvfMediaEditor (482)
[2017.12.01-18.28.08:038][493]LogModuleManager: Shutting down and abandoning module AndroidMediaFactory (480)
[2017.12.01-18.28.08:038][493]LogModuleManager: Shutting down and abandoning module Media (479)
[2017.12.01-18.28.08:038][493]LogModuleManager: Shutting down and abandoning module AndroidMediaEditor (476)
[2017.12.01-18.28.08:038][493]LogModuleManager: Shutting down and abandoning module CharacterAI (474)
[2017.12.01-18.28.08:039][493]LogModuleManager: Shutting down and abandoning module AudioCapture (472)
[2017.12.01-18.28.08:039][493]LogModuleManager: Shutting down and abandoning module SequenceRecorder (471)
[2017.12.01-18.28.08:039][493]LogModuleManager: Shutting down and abandoning module SmartSnapping (468)
[2017.12.01-18.28.08:039][493]LogModuleManager: Shutting down and abandoning module SessionServices (466)
[2017.12.01-18.28.08:040][493]LogModuleManager: Shutting down and abandoning module ViewportSnapping (464)
[2017.12.01-18.28.08:040][493]LogModuleManager: Shutting down and abandoning module ViewportInteraction (462)
[2017.12.01-18.28.08:040][493]LogModuleManager: Shutting down and abandoning module ClothPainter (460)
[2017.12.01-18.28.08:041][493]LogModuleManager: Shutting down and abandoning module LogVisualizer (458)
[2017.12.01-18.28.08:042][493]LogModuleManager: Shutting down and abandoning module IntroTutorials (456)
[2017.12.01-18.28.08:043][493]LogModuleManager: Shutting down and abandoning module GameProjectGeneration (455)
[2017.12.01-18.28.08:044][493]LogModuleManager: Shutting down and abandoning module IOSPlatformEditor (452)
[2017.12.01-18.28.08:044][493]LogModuleManager: Shutting down and abandoning module HTML5PlatformEditor (450)
[2017.12.01-18.28.08:044][493]LogModuleManager: Shutting down and abandoning module AndroidPlatformEditor (448)
[2017.12.01-18.28.08:045][493]LogModuleManager: Shutting down and abandoning module AndroidDeviceDetection (447)
[2017.12.01-18.28.08:140][493]LogModuleManager: Shutting down and abandoning module WindowsPlatformEditor (444)
[2017.12.01-18.28.08:141][493]LogModuleManager: Shutting down and abandoning module IOSRuntimeSettings (442)
[2017.12.01-18.28.08:141][493]LogModuleManager: Shutting down and abandoning module AndroidRuntimeSettings (440)
[2017.12.01-18.28.08:141][493]LogModuleManager: Shutting down and abandoning module InputBindingEditor (438)
[2017.12.01-18.28.08:143][493]LogModuleManager: Shutting down and abandoning module MergeActors (436)
[2017.12.01-18.28.08:144][493]LogModuleManager: Shutting down and abandoning module SizeMap (434)
[2017.12.01-18.28.08:145][493]LogModuleManager: Shutting down and abandoning module TreeMap (432)
[2017.12.01-18.28.08:145][493]LogModuleManager: Shutting down and abandoning module ReferenceViewer (430)
[2017.12.01-18.28.08:145][493]LogModuleManager: Shutting down and abandoning module LocalizationDashboard (428)
[2017.12.01-18.28.08:147][493]LogModuleManager: Shutting down and abandoning module LocalizationService (427)
[2017.12.01-18.28.08:147][493]LogModuleManager: Shutting down and abandoning module HardwareTargeting (424)
[2017.12.01-18.28.08:147][493]LogModuleManager: Shutting down and abandoning module DeviceProfileEditor (422)
[2017.12.01-18.28.08:148][493]LogModuleManager: Shutting down and abandoning module UndoHistory (420)
[2017.12.01-18.28.08:148][493]LogModuleManager: Shutting down and abandoning module XmlParser (418)
[2017.12.01-18.28.08:149][493]LogModuleManager: Shutting down and abandoning module Blutility (416)
[2017.12.01-18.28.08:149][493]LogModuleManager: Shutting down and abandoning module ProjectSettingsViewer (414)
[2017.12.01-18.28.08:149][493]LogModuleManager: Shutting down and abandoning module ProjectTargetPlatformEditor (413)
[2017.12.01-18.28.08:152][493]LogModuleManager: Shutting down and abandoning module EditorSettingsViewer (410)
[2017.12.01-18.28.08:153][493]LogModuleManager: Shutting down and abandoning module SettingsEditor (408)
[2017.12.01-18.28.08:154][493]LogModuleManager: Shutting down and abandoning module ProjectLauncher (406)
[2017.12.01-18.28.08:155][493]LogModuleManager: Shutting down and abandoning module SessionFrontend (404)
[2017.12.01-18.28.08:156][493]LogModuleManager: Shutting down and abandoning module ProfilerClient (402)
[2017.12.01-18.28.08:156][493]LogModuleManager: Shutting down and abandoning module DeviceManager (400)
[2017.12.01-18.28.08:157][493]LogModuleManager: Shutting down and abandoning module TargetDeviceServices (399)
[2017.12.01-18.28.08:210][493]LogModuleManager: Shutting down and abandoning module AutomationController (396)
[2017.12.01-18.28.08:211][493]LogModuleManager: Shutting down and abandoning module AutomationWindow (394)
[2017.12.01-18.28.08:212][493]LogModuleManager: Shutting down and abandoning module Layers (392)
[2017.12.01-18.28.08:214][493]LogModuleManager: Shutting down and abandoning module ComponentVisualizers (390)
[2017.12.01-18.28.08:214][493]LogModuleManager: Shutting down and abandoning module DetailCustomizations (388)
[2017.12.01-18.28.08:215][493]LogModuleManager: Shutting down and abandoning module PackagesDialog (386)
[2017.12.01-18.28.08:215][493]LogModuleManager: Shutting down and abandoning module Persona (384)
[2017.12.01-18.28.08:217][493]LogModuleManager: Shutting down and abandoning module AdvancedPreviewScene (383)
[2017.12.01-18.28.08:217][493]LogModuleManager: Shutting down and abandoning module AnimGraph (381)
[2017.12.01-18.28.08:217][493]LogModuleManager: Shutting down and abandoning module Kismet (378)
[2017.12.01-18.28.08:273][493]LogModuleManager: Shutting down and abandoning module ClassViewer (376)
[2017.12.01-18.28.08:274][493]LogModuleManager: Shutting down and abandoning module Toolbox (374)
[2017.12.01-18.28.08:274][493]LogModuleManager: Shutting down and abandoning module ModuleUI (372)
[2017.12.01-18.28.08:275][493]LogModuleManager: Shutting down and abandoning module MovieSceneTools (370)
[2017.12.01-18.28.08:277][493]LogModuleManager: Shutting down and abandoning module OutputLog (368)
[2017.12.01-18.28.08:277][493]LogModuleManager: Shutting down and abandoning module GammaUI (366)
[2017.12.01-18.28.08:278][493]LogModuleManager: Shutting down and abandoning module Documentation (364)
[2017.12.01-18.28.08:278][493]LogModuleManager: Shutting down and abandoning module MovieSceneTracks (362)
[2017.12.01-18.28.08:278][493]LogModuleManager: Shutting down and abandoning module MovieScene (360)
[2017.12.01-18.28.08:278][493]LogModuleManager: Shutting down and abandoning module Niagara (358)
[2017.12.01-18.28.08:279][493]LogModuleManager: Shutting down and abandoning module NiagaraEditor (357)
[2017.12.01-18.28.08:280][493]LogModuleManager: Shutting down and abandoning module StreamingPauseRendering (354)
[2017.12.01-18.28.08:280][493]LogModuleManager: Shutting down and abandoning module LauncherPlatform (352)
[2017.12.01-18.28.08:281][493]LogModuleManager: Shutting down and abandoning module AnalyticsET (350)
[2017.12.01-18.28.08:281][493]LogModuleManager: Shutting down and abandoning module PortalServices (348)
[2017.12.01-18.28.08:281][493]LogModuleManager: Shutting down and abandoning module PortalRpc (346)
[2017.12.01-18.28.08:281][493]LogModuleManager: Shutting down and abandoning module MessagingRpc (344)
[2017.12.01-18.28.08:281][493]LogModuleManager: Shutting down and abandoning module AIModule (342)
[2017.12.01-18.28.08:281][493]LogModuleManager: Shutting down and abandoning module GameplayDebugger (341)
[2017.12.01-18.28.08:281][493]LogModuleManager: Shutting down and abandoning module AITestSuite (339)
[2017.12.01-18.28.08:282][493]LogModuleManager: Shutting down and abandoning module ProfilerService (336)
[2017.12.01-18.28.08:436][493]LogModuleManager: Shutting down and abandoning module TaskGraph (334)
[2017.12.01-18.28.08:437][493]LogModuleManager: Shutting down and abandoning module SteamVRController (332)
[2017.12.01-18.28.08:438][493]LogModuleManager: Shutting down and abandoning module ProceduralMeshComponentEditor (330)
[2017.12.01-18.28.08:438][493]LogModuleManager: Shutting down and abandoning module ProceduralMeshComponent (328)
[2017.12.01-18.28.08:438][493]LogModuleManager: Shutting down and abandoning module OculusInput (326)
[2017.12.01-18.28.08:438][493]LogModuleManager: Shutting down and abandoning module MobilePatchingUtils (324)
[2017.12.01-18.28.08:439][493]LogModuleManager: Shutting down and abandoning module CustomMeshComponent (322)
[2017.12.01-18.28.08:439][493]LogModuleManager: Shutting down and abandoning module CableComponent (320)
[2017.12.01-18.28.08:439][493]LogModuleManager: Shutting down and abandoning module ArchVisCharacter (318)
[2017.12.01-18.28.08:439][493]LogModuleManager: Shutting down and abandoning module AndroidPermission (316)
[2017.12.01-18.28.08:439][493]LogModuleManager: Shutting down and abandoning module MediaPlayerEditor (312)
[2017.12.01-18.28.08:441][493]LogModuleManager: Shutting down and abandoning module RawInput (310)
[2017.12.01-18.28.08:447][493]LogModuleManager: Shutting down and abandoning module HTML5Networking (308)
[2017.12.01-18.28.08:448][493]LogModuleManager: Shutting down and abandoning module AlembicImporter (306)
[2017.12.01-18.28.08:449][493]LogModuleManager: Shutting down and abandoning module AlembicLibrary (305)
[2017.12.01-18.28.08:450][493]LogModuleManager: Shutting down and abandoning module GeometryCache (304)
[2017.12.01-18.28.08:450][493]LogModuleManager: Shutting down and abandoning module GeometryCacheEd (303)
[2017.12.01-18.28.08:450][493]LogModuleManager: Shutting down and abandoning module SpeedTreeImporter (298)
[2017.12.01-18.28.08:451][493]LogModuleManager: Shutting down and abandoning module PluginBrowser (296)
[2017.12.01-18.28.08:452][493]LogModuleManager: Shutting down and abandoning module MobileLauncherProfileWizard (294)
[2017.12.01-18.28.08:454][493]LogModuleManager: Shutting down and abandoning module VisualStudioSourceCodeAccess (292)
[2017.12.01-18.28.08:454][493]LogModuleManager: Shutting down and abandoning module DesktopPlatform (291)
[2017.12.01-18.28.08:455][493]LogModuleManager: Shutting down and abandoning module UObjectPlugin (288)
[2017.12.01-18.28.08:455][493]LogModuleManager: Shutting down and abandoning module SubversionSourceControl (286)
[2017.12.01-18.28.08:455][493]LogModuleManager: Shutting down and abandoning module PerforceSourceControl (284)
[2017.12.01-18.28.08:456][493]LogModuleManager: Shutting down and abandoning module GitSourceControl (282)
[2017.12.01-18.28.08:456][493]LogModuleManager: Shutting down and abandoning module SourceControl (281)
[2017.12.01-18.28.08:457][493]LogModuleManager: Shutting down and abandoning module LightPropagationVolumeEditor (278)
[2017.12.01-18.28.08:458][493]LogModuleManager: Shutting down and abandoning module PaperTiledImporter (276)
[2017.12.01-18.28.08:458][493]LogModuleManager: Shutting down and abandoning module PaperSpriteSheetImporter (274)
[2017.12.01-18.28.08:458][493]LogModuleManager: Shutting down and abandoning module Paper2DEditor (272)
[2017.12.01-18.28.08:459][493]LogModuleManager: Shutting down and abandoning module MeshPaint (271)
[2017.12.01-18.28.08:459][493]LogModuleManager: Shutting down and abandoning module LevelEditor (269)
[2017.12.01-18.28.08:479][493]LogModuleManager: Shutting down and abandoning module PixelInspectorModule (268)
[2017.12.01-18.28.08:480][493]LogModuleManager: Shutting down and abandoning module MainFrame (266)
[2017.12.01-18.28.08:482][493]LogModuleManager: Shutting down and abandoning module HotReload (265)
[2017.12.01-18.28.08:489][493]LogModuleManager: Shutting down and abandoning module RuntimePhysXCooking (260)
[2017.12.01-18.28.08:489][493]LogModuleManager: Shutting down and abandoning module PhysXVehiclesEditor (258)
[2017.12.01-18.28.08:490][493]LogModuleManager: Shutting down and abandoning module PhysXVehicles (256)
[2017.12.01-18.28.08:490][493]LogModuleManager: Shutting down and abandoning module OculusEditor (254)
[2017.12.01-18.28.08:490][493]LogModuleManager: Shutting down and abandoning module LocationServicesBPLibrary (252)
[2017.12.01-18.28.08:491][493]LogModuleManager: Shutting down and abandoning module ImmediatePhysicsEditor (250)
[2017.12.01-18.28.08:491][493]LogModuleManager: Shutting down and abandoning module ImmediatePhysics (248)
[2017.12.01-18.28.08:491][493]LogModuleManager: Shutting down and abandoning module UdpMessaging (246)
[2017.12.01-18.28.08:593][493]LogModuleManager: Shutting down and abandoning module TcpMessaging (244)
[2017.12.01-18.28.08:694][493]LogModuleManager: Shutting down and abandoning module GameplayTagsEditor (242)
[2017.12.01-18.28.08:694][493]LogModuleManager: Shutting down and abandoning module FacialAnimationEditor (240)
[2017.12.01-18.28.08:695][493]LogModuleManager: Shutting down and abandoning module FacialAnimation (238)
[2017.12.01-18.28.08:695][493]LogModuleManager: Shutting down and abandoning module AssetManagerEditor (236)
[2017.12.01-18.28.08:696][493]LogModuleManager: Shutting down and abandoning module GraphEditor (235)
[2017.12.01-18.28.08:696][493]LogModuleManager: Shutting down and abandoning module ContentBrowser (233)
[2017.12.01-18.28.08:717][493]LogModuleManager: Shutting down and abandoning module LightPropagationVolumeRuntime (230)
[2017.12.01-18.28.08:717][493]LogModuleManager: Shutting down and abandoning module Paper2D (228)
[2017.12.01-18.28.08:717][493]LogModuleManager: Shutting down and abandoning module WindowsMoviePlayer (226)
[2017.12.01-18.28.08:718][493]LogModuleManager: Shutting down and abandoning module WmfMedia (224)
[2017.12.01-18.28.08:719][493]LogModuleManager: Shutting down and abandoning module PacketHandler (222)
[2017.12.01-18.28.08:719][493]LogModuleManager: Shutting down and abandoning module ClothingSystemEditor (220)
[2017.12.01-18.28.08:719][493]LogModuleManager: Shutting down and abandoning module ClothingSystemRuntime (218)
[2017.12.01-18.28.08:720][493]LogModuleManager: Shutting down and abandoning module Overlay (216)
[2017.12.01-18.28.08:720][493]LogModuleManager: Shutting down and abandoning module OverlayEditor (215)
[2017.12.01-18.28.08:720][493]LogModuleManager: Shutting down and abandoning module MediaAssets (212)
[2017.12.01-18.28.08:721][493]LogModuleManager: Shutting down and abandoning module VREditor (210)
[2017.12.01-18.28.08:721][493]LogModuleManager: Shutting down and abandoning module StringTableEditor (208)
[2017.12.01-18.28.08:722][493]LogModuleManager: Shutting down and abandoning module GameplayTasksEditor (206)
[2017.12.01-18.28.08:722][493]LogModuleManager: Shutting down and abandoning module BehaviorTreeEditor (204)
[2017.12.01-18.28.08:724][493]LogModuleManager: Shutting down and abandoning module FunctionalTesting (202)
[2017.12.01-18.28.08:725][493]LogModuleManager: Shutting down and abandoning module CollisionAnalyzer (200)
[2017.12.01-18.28.08:725][493]LogModuleManager: Shutting down and abandoning module WorkspaceMenuStructure (199)
[2017.12.01-18.28.08:725][493]LogModuleManager: Shutting down and abandoning module UMG (196)
[2017.12.01-18.28.08:725][493]LogModuleManager: Shutting down and abandoning module UMGEditor (195)
[2017.12.01-18.28.08:726][493]LogModuleManager: Shutting down and abandoning module Sequencer (194)
[2017.12.01-18.28.08:728][493]LogModuleManager: Shutting down and abandoning module MessageLog (191)
[2017.12.01-18.28.08:728][493]LogModuleManager: Shutting down and abandoning module SlateReflector (186)
[2017.12.01-18.28.08:729][493]LogModuleManager: Shutting down and abandoning module Slate (184)
[2017.12.01-18.28.08:730][493]LogModuleManager: Shutting down and abandoning module EditorStyle (182)
[2017.12.01-18.28.08:761][493]LogModuleManager: Shutting down and abandoning module MRMesh (180)
[2017.12.01-18.28.08:762][493]LogModuleManager: Shutting down and abandoning module SourceCodeAccess (178)
[2017.12.01-18.28.08:762][493]LogModuleManager: Shutting down and abandoning module HeadMountedDisplay (176)
[2017.12.01-18.28.08:762][493]LogModuleManager: Shutting down and abandoning module XAudio2 (174)
[2017.12.01-18.28.08:762][493]LogModuleManager: Shutting down and abandoning module Networking (172)
[2017.12.01-18.28.08:763][493]LogModuleManager: Shutting down and abandoning module Core (168)
[2017.12.01-18.28.08:763][493]LogModuleManager: Shutting down and abandoning module KismetCompiler (164)
[2017.12.01-18.28.08:763][493]LogModuleManager: Shutting down and abandoning module LevelSequence (162)
[2017.12.01-18.28.08:763][493]LogModuleManager: Shutting down and abandoning module MeshUtilities (160)
[2017.12.01-18.28.08:764][493]LogModuleManager: Shutting down and abandoning module MeshMergeUtilities (159)
[2017.12.01-18.28.08:765][493]LogModuleManager: Shutting down and abandoning module MeshReductionInterface (158)
[2017.12.01-18.28.08:766][493]LogModuleManager: Shutting down and abandoning module SimplygonSwarm (157)
[2017.12.01-18.28.08:767][493]LogModuleManager: Shutting down and abandoning module SimplygonMeshReduction (155)
[2017.12.01-18.28.08:767][493]LogModuleManager: Shutting down and abandoning module QuadricMeshReduction (153)
[2017.12.01-18.28.08:767][493]LogModuleManager: Shutting down and abandoning module MaterialBaking (149)
[2017.12.01-18.28.08:768][493]LogModuleManager: Shutting down and abandoning module DirectoryWatcher (146)
[2017.12.01-18.28.08:815][493]LogModuleManager: Shutting down and abandoning module DerivedDataCache (144)
[2017.12.01-18.28.08:848][493]LogDerivedDataCache: Shutdown
[2017.12.01-18.28.08:848][493]LogModuleManager: Shutting down and abandoning module TargetPlatform (142)
[2017.12.01-18.28.08:848][493]LogModuleManager: Shutting down and abandoning module VulkanShaderFormat (141)
[2017.12.01-18.28.08:849][493]LogModuleManager: Shutting down and abandoning module ShaderFormatVectorVM (139)
[2017.12.01-18.28.08:852][493]LogModuleManager: Shutting down and abandoning module ShaderFormatOpenGL (137)
[2017.12.01-18.28.08:853][493]LogModuleManager: Shutting down and abandoning module ShaderFormatD3D (135)
[2017.12.01-18.28.08:854][493]LogModuleManager: Shutting down and abandoning module MetalShaderFormat (133)
[2017.12.01-18.28.08:855][493]LogModuleManager: Shutting down and abandoning module TextureFormatUncompressed (131)
[2017.12.01-18.28.08:855][493]LogModuleManager: Shutting down and abandoning module TextureFormatPVR (129)
[2017.12.01-18.28.08:856][493]LogModuleManager: Shutting down and abandoning module TextureFormatDXT (127)
[2017.12.01-18.28.08:857][493]LogModuleManager: Shutting down and abandoning module TextureFormatIntelISPCTexComp (125)
[2017.12.01-18.28.08:858][493]LogModuleManager: Shutting down and abandoning module TextureFormatASTC (123)
[2017.12.01-18.28.08:858][493]LogModuleManager: Shutting down and abandoning module ImageWrapper (122)
[2017.12.01-18.28.08:859][493]LogModuleManager: Shutting down and abandoning module TextureFormatAndroid (119)
[2017.12.01-18.28.08:859][493]LogModuleManager: Shutting down and abandoning module AudioFormatOpus (117)
[2017.12.01-18.28.08:860][493]LogModuleManager: Shutting down and abandoning module AudioFormatOgg (115)
[2017.12.01-18.28.08:860][493]LogModuleManager: Shutting down and abandoning module AudioFormatADPCM (113)
[2017.12.01-18.28.08:861][493]LogModuleManager: Shutting down and abandoning module LinuxTargetPlatform (111)
[2017.12.01-18.28.08:861][493]LogModuleManager: Shutting down and abandoning module LinuxServerTargetPlatform (109)
[2017.12.01-18.28.08:861][493]LogModuleManager: Shutting down and abandoning module LinuxNoEditorTargetPlatform (107)
[2017.12.01-18.28.08:861][493]LogModuleManager: Shutting down and abandoning module LinuxClientTargetPlatform (105)
[2017.12.01-18.28.08:862][493]LogModuleManager: Shutting down and abandoning module TVOSTargetPlatform (103)
[2017.12.01-18.28.08:862][493]LogModuleManager: Shutting down and abandoning module Messaging (101)
[2017.12.01-18.28.08:863][493]LogModuleManager: Shutting down and abandoning module IOSTargetPlatform (99)
[2017.12.01-18.28.08:863][493]LogModuleManager: Shutting down and abandoning module HTML5TargetPlatform (97)
[2017.12.01-18.28.08:863][493]LogModuleManager: Shutting down and abandoning module Android_PVRTCTargetPlatform (95)
[2017.12.01-18.28.08:863][493]LogModuleManager: Shutting down and abandoning module Android_MultiTargetPlatform (93)
[2017.12.01-18.28.08:864][493]LogModuleManager: Shutting down and abandoning module Android_ETC2TargetPlatform (91)
[2017.12.01-18.28.08:864][493]LogModuleManager: Shutting down and abandoning module Android_ETC1TargetPlatform (89)
[2017.12.01-18.28.08:864][493]LogModuleManager: Shutting down and abandoning module Android_DXTTargetPlatform (87)
[2017.12.01-18.28.08:864][493]LogModuleManager: Shutting down and abandoning module Android_ATCTargetPlatform (85)
[2017.12.01-18.28.08:864][493]LogModuleManager: Shutting down and abandoning module Android_ASTCTargetPlatform (83)
[2017.12.01-18.28.08:864][493]LogModuleManager: Shutting down and abandoning module AndroidTargetPlatform (81)
[2017.12.01-18.28.08:865][493]LogModuleManager: Shutting down and abandoning module WindowsTargetPlatform (79)
[2017.12.01-18.28.08:865][493]LogModuleManager: Shutting down and abandoning module WindowsServerTargetPlatform (77)
[2017.12.01-18.28.08:865][493]LogModuleManager: Shutting down and abandoning module WindowsNoEditorTargetPlatform (75)
[2017.12.01-18.28.08:866][493]LogModuleManager: Shutting down and abandoning module WindowsClientTargetPlatform (73)
[2017.12.01-18.28.08:866][493]LogModuleManager: Shutting down and abandoning module MacTargetPlatform (71)
[2017.12.01-18.28.08:866][493]LogModuleManager: Shutting down and abandoning module MacServerTargetPlatform (69)
[2017.12.01-18.28.08:867][493]LogModuleManager: Shutting down and abandoning module MacNoEditorTargetPlatform (67)
[2017.12.01-18.28.08:867][493]LogModuleManager: Shutting down and abandoning module MacClientTargetPlatform (65)
[2017.12.01-18.28.08:867][493]LogModuleManager: Shutting down and abandoning module AllDesktopTargetPlatform (63)
[2017.12.01-18.28.08:868][493]LogModuleManager: Shutting down and abandoning module InputCore (60)
[2017.12.01-18.28.08:868][493]LogModuleManager: Shutting down and abandoning module Settings (58)
[2017.12.01-18.28.08:868][493]LogModuleManager: Shutting down and abandoning module PhysXCooking (56)
[2017.12.01-18.28.08:869][493]LogModuleManager: Shutting down and abandoning module SteamVR (54)
[2017.12.01-18.28.08:869][493]LogModuleManager: Shutting down and abandoning module OculusHMD (52)
[2017.12.01-18.28.08:869][493]LogModuleManager: Shutting down and abandoning module ExampleDeviceProfileSelector (50)
[2017.12.01-18.28.08:869][493]LogModuleManager: Shutting down and abandoning module OnlineBlueprintSupport (48)
[2017.12.01-18.28.08:870][493]LogModuleManager: Shutting down and abandoning module OnlineSubsystem (44)
[2017.12.01-18.28.08:870][493]LogOnline: Display: Unloading online subsystem: NULL
[2017.12.01-18.28.08:872][493]LogModuleManager: Shutting down and abandoning module XMPP (43)
[2017.12.01-18.28.08:873][493]LogModuleManager: Shutting down and abandoning module HTTP (41)
[2017.12.01-18.28.08:873][493]LogHttp: Display: Http module shutting down, but needs to wait on 1 outstanding Http requests:
[2017.12.01-18.28.08:873][493]LogHttp: Display: 	verb=[POST] url=[https://datarouter.ol.epicgames.com/datarouter/api/v1/public/data?SessionID=%7BA0C1B616-4D17-3E9B-DB0F-6EBBE0D014E6%7D&AppID=UEEditor.Rocket.Release&AppVersion=4.17.2-3658906%2B%2B%2BUE4%2BRelease-4.17&UserID=3510c6e543735aa3e674b69fdb575744%7C440761a65e4c452a836fb2d55bfae9e2%7C8d3b26cd-c041-4f7d-933f-4b935cb758fa&AppEnvironment=datacollector-binary&UploadType=eteventstream] status=Processing
[2017.12.01-18.28.08:889][493]LogModuleManager: Shutting down and abandoning module SSL (40)
[2017.12.01-18.28.08:909][493]LogModuleManager: Shutting down and abandoning module AnimationModifiers (36)
[2017.12.01-18.28.08:910][493]LogModuleManager: Shutting down and abandoning module PropertyEditor (35)
[2017.12.01-18.28.08:910][493]LogModuleManager: Shutting down and abandoning module AudioEditor (32)
[2017.12.01-18.28.08:911][493]LogModuleManager: Shutting down and abandoning module TextureCompressor (30)
[2017.12.01-18.28.08:912][493]LogModuleManager: Shutting down and abandoning module ShaderCore (28)
[2017.12.01-18.28.08:912][493]LogModuleManager: Shutting down and abandoning module Landscape (26)
[2017.12.01-18.28.08:913][493]LogModuleManager: Shutting down and abandoning module SlateRHIRenderer (24)
[2017.12.01-18.28.08:953][493]LogModuleManager: Shutting down and abandoning module OpenGLDrv (22)
[2017.12.01-18.28.08:954][493]LogModuleManager: Shutting down and abandoning module D3D11RHI (20)
[2017.12.01-18.28.08:954][493]LogModuleManager: Shutting down and abandoning module AnimGraphRuntime (18)
[2017.12.01-18.28.08:954][493]LogModuleManager: Shutting down and abandoning module Renderer (16)
[2017.12.01-18.28.08:954][493]LogModuleManager: Shutting down and abandoning module Engine (14)
[2017.12.01-18.28.08:954][493]LogModuleManager: Shutting down and abandoning module CoreUObject (12)
[2017.12.01-18.28.08:954][493]LogModuleManager: Shutting down and abandoning module NetworkFile (10)
[2017.12.01-18.28.08:955][493]LogModuleManager: Shutting down and abandoning module CookedIterativeFile (8)
[2017.12.01-18.28.08:955][493]LogModuleManager: Shutting down and abandoning module StreamingFile (6)
[2017.12.01-18.28.08:955][493]LogModuleManager: Shutting down and abandoning module SandboxFile (4)
[2017.12.01-18.28.08:955][493]LogModuleManager: Shutting down and abandoning module PakFile (2)
[2017.12.01-18.28.08:965][493]LogExit: Exiting.
[2017.12.01-18.28.09:107][493]Log file closed, 12/01/17 13:28:09
