Log file open, 12/22/17 17:34:15
LogWindows: Failed to load 'aqProf.dll' (GetLastError=126)
LogWindows: File 'aqProf.dll' does not exist
LogWindows: Failed to load 'VtuneApi.dll' (GetLastError=126)
LogWindows: File 'VtuneApi.dll' does not exist
LogWindows: Failed to load 'VtuneApi32e.dll' (GetLastError=126)
LogWindows: File 'VtuneApi32e.dll' does not exist
LogInit: Display: Running engine for game: CarBlueprints
LogPlatformFile: Not using cached read wrapper
LogInit: Display: RandInit(-837649892) SRandInit(-837649892).
LogTaskGraph: Started task graph with 5 named threads and 14 total threads with 3 sets of task threads.
LogStats: Stats thread started at 0.177507
LogD3D11RHI: Aftermath initialized
LogPluginManager: Mounting plugin Paper2D
LogPluginManager: Mounting plugin LightPropagationVolume
LogPluginManager: Mounting plugin CodeLiteSourceCodeAccess
LogPluginManager: Mounting plugin GitSourceControl
LogPluginManager: Mounting plugin KDevelopSourceCodeAccess
LogPluginManager: Mounting plugin NullSourceCodeAccess
LogPluginManager: Mounting plugin PerforceSourceControl
LogPluginManager: Mounting plugin SubversionSourceControl
LogPluginManager: Mounting plugin UObjectPlugin
LogPluginManager: Mounting plugin VisualStudioSourceCodeAccess
LogPluginManager: Mounting plugin XCodeSourceCodeAccess
LogPluginManager: Mounting plugin AssetManagerEditor
LogPluginManager: Mounting plugin AudioCapture
LogPluginManager: Mounting plugin FacialAnimation
LogPluginManager: Mounting plugin GameplayTagsEditor
LogPluginManager: Mounting plugin MobileLauncherProfileWizard
LogPluginManager: Mounting plugin PluginBrowser
LogPluginManager: Mounting plugin SpeedTreeImporter
LogPluginManager: Mounting plugin AlembicImporter
LogPluginManager: Mounting plugin CharacterAI
LogPluginManager: Mounting plugin HTML5Networking
LogPluginManager: Mounting plugin RawInput
LogPluginManager: Mounting plugin AndroidMedia
LogPluginManager: Mounting plugin AvfMedia
LogPluginManager: Mounting plugin MediaPlayerEditor
LogPluginManager: Mounting plugin WmfMedia
LogPluginManager: Mounting plugin TcpMessaging
LogPluginManager: Mounting plugin UdpMessaging
LogPluginManager: Mounting plugin LevelSequenceEditor
LogPluginManager: Mounting plugin MatineeToLevelSequence
LogPluginManager: Mounting plugin OnlineSubsystemGooglePlay
LogPluginManager: Mounting plugin OnlineSubsystemIOS
LogPluginManager: Mounting plugin OnlineSubsystem
LogPluginManager: Mounting plugin OnlineSubsystemNull
LogPluginManager: Mounting plugin OnlineSubsystemUtils
LogPluginManager: Mounting plugin AndroidDeviceProfileSelector
LogPluginManager: Mounting plugin AndroidMoviePlayer
LogPluginManager: Mounting plugin AndroidPermission
LogPluginManager: Mounting plugin AppleMoviePlayer
LogPluginManager: Mounting plugin ArchVisCharacter
LogPluginManager: Mounting plugin CableComponent
LogPluginManager: Mounting plugin CustomMeshComponent
LogPluginManager: Mounting plugin ExampleDeviceProfileSelector
LogPluginManager: Mounting plugin GoogleCloudMessaging
LogPluginManager: Mounting plugin ImmediatePhysics
LogPluginManager: Mounting plugin IOSDeviceProfileSelector
LogPluginManager: Mounting plugin LinuxDeviceProfileSelector
LogPluginManager: Mounting plugin LocationServicesBPLibrary
LogPluginManager: Mounting plugin MobilePatchingUtils
LogPluginManager: Mounting plugin OculusVR
LogPluginManager: Mounting plugin PhysXVehicles
LogPluginManager: Mounting plugin ProceduralMeshComponent
LogPluginManager: Mounting plugin RuntimePhysXCooking
LogPluginManager: Mounting plugin SteamVR
LogPluginManager: Mounting plugin WindowsMoviePlayer
LogInit: Using libcurl 7.47.1
LogInit:  - built for x86_64-pc-win32
LogInit:  - supports SSL with OpenSSL/1.0.2g
LogInit:  - supports HTTP deflate (compression) using libz 1.2.8
LogInit:  - other features:
LogInit:      CURL_VERSION_SSL
LogInit:      CURL_VERSION_LIBZ
LogInit:      CURL_VERSION_IPV6
LogInit:      CURL_VERSION_ASYNCHDNS
LogInit:      CURL_VERSION_LARGEFILE
LogInit:      CURL_VERSION_IDN
LogInit:  CurlRequestOptions (configurable via config and command line):
LogInit:  - bVerifyPeer = false  - Libcurl will NOT verify peer certificate
LogInit:  - bUseHttpProxy = false  - Libcurl will NOT use HTTP proxy
LogInit:  - bDontReuseConnections = false  - Libcurl will reuse connections
LogInit:  - CertBundlePath = nullptr  - Libcurl will use whatever was configured at build time.
LogInit: Build: ++UE4+Release-4.17-CL-3658906
LogInit: Engine Version: 4.17.2-3658906+++UE4+Release-4.17
LogInit: Compatible Engine Version: 4.17.0-3573198+++UE4+Release-4.17
LogInit: Net CL: 3573198
LogDevObjectVersion: Number of dev versions registered: 16
LogDevObjectVersion:   Dev-Blueprints (B0D832E4-1F89-4F0D-ACCF-7EB736FD4AA2): 10
LogDevObjectVersion:   Dev-Build (E1C64328-A22C-4D53-A36C-8E866417BD8C): 0
LogDevObjectVersion:   Dev-Core (375EC13C-06E4-48FB-B500-84F0262A717E): 2
LogDevObjectVersion:   Dev-Editor (E4B068ED-F494-42E9-A231-DA0B2E46BB41): 20
LogDevObjectVersion:   Dev-Framework (CFFC743F-43B0-4480-9391-14DF171D2073): 28
LogDevObjectVersion:   Dev-Mobile (B02B49B5-BB20-44E9-A304-32B752E40360): 0
LogDevObjectVersion:   Dev-Networking (A4E4105C-59A1-49B5-A7C5-40C4547EDFEE): 0
LogDevObjectVersion:   Dev-Online (39C831C9-5AE6-47DC-9A44-9C173E1C8E7C): 0
LogDevObjectVersion:   Dev-Physics (78F01B33-EBEA-4F98-B9B4-84EACCB95AA2): 0
LogDevObjectVersion:   Dev-Platform (6631380F-2D4D-43E0-8009-CF276956A95A): 0
LogDevObjectVersion:   Dev-Rendering (12F88B9F-8875-4AFC-A67C-D90C383ABD29): 19
LogDevObjectVersion:   Dev-Sequencer (7B5AE74C-D270-4C10-A958-57980B212A5A): 4
LogDevObjectVersion:   Dev-VR (D7296918-1DD6-4BDD-9DE2-64A83CC13884): 0
LogDevObjectVersion:   Dev-LoadTimes (C2A15278-BFE7-4AFE-6C17-90FF531DF755): 1
LogDevObjectVersion:   Private-Geometry (6EACA3D4-40EC-4CC1-B786-8BED09428FC5): 1
LogDevObjectVersion:   Dev-AnimPhys (29E575DD-E0A3-4627-9D10-D276232CDCEA): 7
LogInit: Compiled (64-bit): Sep 22 2017 13:47:16
LogInit: Compiled with Visual C++: 19.00.24215.01
LogInit: Build Configuration: Development
LogInit: Branch Name: ++UE4+Release-4.17
LogInit: Command line:  
LogInit: Base directory: C:/Program Files/Epic Games/UE_4.17/Engine/Binaries/Win64/
LogInit: Installed Engine Build: 1
LogInit: Presizing for max 8388607 objects, including 0 objects not considered by GC, pre-allocating 0 bytes for permanent pool.
LogInit: Object subsystem initialized
[2017.12.22-22.34.16:360][  0]LogInit: Selected Device Profile: [Windows]
[2017.12.22-22.34.16:360][  0]LogInit: Applying CVar settings loaded from the selected device profile: [Windows]
[2017.12.22-22.34.16:370][  0]LogInit: Computer: DESKTOP-I9SMP4L
[2017.12.22-22.34.16:370][  0]LogInit: User: AricsPC
[2017.12.22-22.34.16:370][  0]LogInit: CPU Page size=4096, Cores=4
[2017.12.22-22.34.16:370][  0]LogInit: High frequency timer resolution =2.250003 MHz
[2017.12.22-22.34.16:370][  0]LogMemory: Memory total: Physical=7.9GB (8GB approx)
[2017.12.22-22.34.16:370][  0]LogMemory: Platform Memory Stats for Windows
[2017.12.22-22.34.16:370][  0]LogMemory: Process Physical Memory: 278.31 MB used, 278.31 MB peak
[2017.12.22-22.34.16:370][  0]LogMemory: Process Virtual Memory: 276.20 MB used, 276.20 MB peak
[2017.12.22-22.34.16:370][  0]LogMemory: Physical Memory: 4217.02 MB used,  3848.23 MB free, 8065.26 MB total
[2017.12.22-22.34.16:370][  0]LogMemory: Virtual Memory: 708.40 MB used,  3848.23 MB free, 134217728.00 MB total
[2017.12.22-22.34.17:489][  0]LogInit: Using OS detected language (en-US).
[2017.12.22-22.34.17:489][  0]LogInit: Using OS detected locale (en-US).
[2017.12.22-22.34.17:493][  0]LogTextLocalizationManager: No specific localization for 'en-US' exists, so the 'en' localization will be used.
[2017.12.22-22.34.18:312][  0]LogD3D11RHI: D3D11 adapters:
[2017.12.22-22.34.18:365][  0]LogD3D11RHI:    0. 'NVIDIA GeForce GTX 960M' (Feature Level 11_0)
[2017.12.22-22.34.18:365][  0]LogD3D11RHI:       4065/0/4032 MB DedicatedVideo/DedicatedSystem/SharedSystem, Outputs:1, VendorId:0x10de
[2017.12.22-22.34.18:373][  0]LogD3D11RHI:    1. 'Intel(R) HD Graphics 530' (Feature Level 11_0)
[2017.12.22-22.34.18:373][  0]LogD3D11RHI:       128/0/4032 MB DedicatedVideo/DedicatedSystem/SharedSystem, Outputs:0, VendorId:0x8086
[2017.12.22-22.34.18:376][  0]LogD3D11RHI:    2. 'Microsoft Basic Render Driver' (Feature Level 11_0)
[2017.12.22-22.34.18:376][  0]LogD3D11RHI:       0/0/4032 MB DedicatedVideo/DedicatedSystem/SharedSystem, Outputs:0, VendorId:0x1414
[2017.12.22-22.34.18:376][  0]LogD3D11RHI: Chosen D3D11 Adapter: 0
[2017.12.22-22.34.18:383][  0]LogD3D11RHI: Creating new Direct3DDevice
[2017.12.22-22.34.18:383][  0]LogD3D11RHI:     GPU DeviceId: 0x139b (for the marketing name, search the web for "GPU Device Id")
[2017.12.22-22.34.18:383][  0]LogWindows: EnumDisplayDevices:
[2017.12.22-22.34.18:383][  0]LogWindows:    0. 'Intel(R) HD Graphics 530' (P:1 D:1)
[2017.12.22-22.34.18:383][  0]LogWindows:    1. 'Intel(R) HD Graphics 530' (P:0 D:0)
[2017.12.22-22.34.18:383][  0]LogWindows:    2. 'Intel(R) HD Graphics 530' (P:0 D:0)
[2017.12.22-22.34.18:383][  0]LogWindows: DebugString: GetVideoDriverDetailsInvalid PrimaryIsNotTheChoosenAdapter GetVideoDriverDetailsInvalid PrimaryIsNotTheChoosenAdapter GetVideoDriverDetailsInvalid PrimaryIsNotTheChoosenAdapter FoundDriverCount:0 
[2017.12.22-22.34.18:383][  0]LogD3D11RHI:     Adapter Name: NVIDIA GeForce GTX 960M
[2017.12.22-22.34.18:383][  0]LogD3D11RHI:   Driver Version: Unknown (internal:Unknown, unified:Unknown)
[2017.12.22-22.34.18:383][  0]LogD3D11RHI:      Driver Date: Unknown
[2017.12.22-22.34.18:383][  0]LogRHI: Texture pool is 1361 MB (70% of 1945 MB)
[2017.12.22-22.34.18:414][  0]LogD3D11RHI: Async texture creation enabled
[2017.12.22-22.34.18:427][  0]LogD3D11RHI: GPU Timing Frequency: 1000.000000 (Debug: 2 1)
[2017.12.22-22.34.18:427][  0]LogShaderCompilers: Guid format shader working directory is -23 characters bigger than the processId version (../../../../../../Users/Aric's PC/Documents/Unreal Projects/CarBlueprints/Intermediate/Shaders/WorkingDirectory/9496/).
[2017.12.22-22.34.18:428][  0]LogShaderCompilers: Cleaned the shader compiler working directory 'C:/Users/Aric's PC/AppData/Local/Temp/UnrealShaderWorkingDir/9013A71F4E2169F6B0F8DCA6F86EE462/'.
[2017.12.22-22.34.18:428][  0]LogShaderCompilers: Display: Using Local Shader Compiler.
[2017.12.22-22.34.19:563][  0]LogTemp: Display: Loaded TP AllDesktopTargetPlatform
[2017.12.22-22.34.19:656][  0]LogTemp: Display: Loaded TP MacClientTargetPlatform
[2017.12.22-22.34.19:749][  0]LogTemp: Display: Loaded TP MacNoEditorTargetPlatform
[2017.12.22-22.34.19:845][  0]LogTemp: Display: Loaded TP MacServerTargetPlatform
[2017.12.22-22.34.19:946][  0]LogTemp: Display: Loaded TP MacTargetPlatform
[2017.12.22-22.34.20:042][  0]LogTemp: Display: Loaded TP WindowsClientTargetPlatform
[2017.12.22-22.34.20:134][  0]LogTemp: Display: Loaded TP WindowsNoEditorTargetPlatform
[2017.12.22-22.34.20:222][  0]LogTemp: Display: Loaded TP WindowsServerTargetPlatform
[2017.12.22-22.34.20:304][  0]LogTemp: Display: Loaded TP WindowsTargetPlatform
[2017.12.22-22.34.20:390][  0]LogTemp: Display: Loaded TP AndroidTargetPlatform
[2017.12.22-22.34.20:473][  0]LogTemp: Display: Loaded TP Android_ASTCTargetPlatform
[2017.12.22-22.34.20:558][  0]LogTemp: Display: Loaded TP Android_ATCTargetPlatform
[2017.12.22-22.34.20:640][  0]LogTemp: Display: Loaded TP Android_DXTTargetPlatform
[2017.12.22-22.34.20:722][  0]LogTemp: Display: Loaded TP Android_ETC1TargetPlatform
[2017.12.22-22.34.20:802][  0]LogTemp: Display: Loaded TP Android_ETC2TargetPlatform
[2017.12.22-22.34.20:968][  0]LogTemp: Display: Loaded TP Android_MultiTargetPlatform
[2017.12.22-22.34.20:968][  0]LogTemp: Display: Loaded TP Android_PVRTCTargetPlatform
[2017.12.22-22.34.21:042][  0]LogTemp: Display: Loaded TP HTML5TargetPlatform
[2017.12.22-22.34.21:188][  0]LogTemp: Display: Loaded TP IOSTargetPlatform
[2017.12.22-22.34.21:237][  0]LogTemp: Display: Loaded TP TVOSTargetPlatform
[2017.12.22-22.34.21:322][  0]LogTemp: Display: Loaded TP LinuxClientTargetPlatform
[2017.12.22-22.34.21:404][  0]LogTemp: Display: Loaded TP LinuxNoEditorTargetPlatform
[2017.12.22-22.34.21:485][  0]LogTemp: Display: Loaded TP LinuxServerTargetPlatform
[2017.12.22-22.34.21:571][  0]LogTemp: Display: Loaded TP LinuxTargetPlatform
[2017.12.22-22.34.21:571][  0]LogTargetPlatformManager: Display: Building Assets For Windows
[2017.12.22-22.34.22:496][  0]LogDerivedDataCache: Display: Max Cache Size: 512 MB
[2017.12.22-22.34.22:595][  0]LogDerivedDataCache: Loaded boot cache 0.10s 93MB C:/Users/Aric's PC/AppData/Local/UnrealEngine/4.17/DerivedDataCache/Boot.ddc.
[2017.12.22-22.34.22:595][  0]LogDerivedDataCache: Display: Loaded Boot cache: C:/Users/Aric's PC/AppData/Local/UnrealEngine/4.17/DerivedDataCache/Boot.ddc
[2017.12.22-22.34.22:595][  0]LogDerivedDataCache: FDerivedDataBackendGraph:  Pak pak cache file ../../../../../../Users/Aric's PC/Documents/Unreal Projects/CarBlueprints/DerivedDataCache/DDC.ddp not found, will not use a pak cache.
[2017.12.22-22.34.22:595][  0]LogDerivedDataCache: Unable to find inner node Pak for hierarchical cache Hierarchy.
[2017.12.22-22.34.22:595][  0]LogDerivedDataCache: FDerivedDataBackendGraph:  CompressedPak pak cache file ../../../../../../Users/Aric's PC/Documents/Unreal Projects/CarBlueprints/DerivedDataCache/Compressed.ddp not found, will not use a pak cache.
[2017.12.22-22.34.22:595][  0]LogDerivedDataCache: Unable to find inner node CompressedPak for hierarchical cache Hierarchy.
[2017.12.22-22.34.22:612][  0]LogDerivedDataCache: Display: Pak cache opened for reading ../../../Engine/DerivedDataCache/Compressed.ddp.
[2017.12.22-22.34.22:625][  0]LogDerivedDataCache: Using Local data cache path C:/Users/Aric's PC/AppData/Local/UnrealEngine/Common/DerivedDataCache: Writable
[2017.12.22-22.34.22:637][  0]LogMaterial: Verifying Global Shaders for PCD3D_SM5
[2017.12.22-22.34.22:637][  0]LogSlate: Using Freetype 2.6.0
[2017.12.22-22.34.22:638][  0]LogSlate: SlateFontCache - WITH_FREETYPE: 1, WITH_HARFBUZZ: 1
[2017.12.22-22.34.22:638][  0]LogSlate: SlateFontCache - WITH_FREETYPE: 1, WITH_HARFBUZZ: 1
[2017.12.22-22.34.22:931][  0]LogAssetRegistry: FAssetRegistry took 0.0268 seconds to start up
[2017.12.22-22.34.23:098][  0]LogInit: Selected Device Profile: [Windows]
[2017.12.22-22.34.23:716][  0]LogSimplygon: Simplygon DLL not present - disabling.
[2017.12.22-22.34.23:792][  0]LogMeshReduction: Using SimplygonSwarm for distributed automatic mesh merging
[2017.12.22-22.34.23:792][  0]LogMeshReduction: Using QuadricMeshReduction for automatic static mesh reduction
[2017.12.22-22.34.23:792][  0]LogMeshReduction: No automatic skeletal mesh reduction module available
[2017.12.22-22.34.23:792][  0]LogMeshReduction: No automatic mesh merging module available
[2017.12.22-22.34.23:792][  0]LogMeshMerging: No automatic mesh merging module available
[2017.12.22-22.34.23:793][  0]LogContentStreaming: Texture pool size is 0.00 MB
[2017.12.22-22.34.24:347][  0]LogNetVersion: CarBlueprints , NetCL: 3573198, EngineNetVer: 2, GameNetVer: 0 (Checksum: 3571599761)
[2017.12.22-22.34.24:654][  0]LogPackageLocalizationCache: Processed 5 localized package path(s) for 2 prioritized culture(s) in 0.049011 seconds
[2017.12.22-22.34.24:660][  0]LogUObjectArray: 35825 objects as part of root set at end of initial load.
[2017.12.22-22.34.24:660][  0]LogUObjectAllocator: 7529112 out of 0 bytes used by permanent object pool.
[2017.12.22-22.34.24:660][  0]LogUObjectArray: CloseDisregardForGC: 0/0 objects in disregard for GC pool
[2017.12.22-22.34.24:775][  0]LogInit: WinSock: version 1.1 (2.2), MaxSocks=32767, MaxUdp=65467
[2017.12.22-22.34.28:656][  0]LogTcpMessaging: Initializing TcpMessaging bridge
[2017.12.22-22.34.28:721][  0]LogUdpMessaging: Initializing bridge on interface 0.0.0.0:0 to multicast group 230.0.0.1:6666.
[2017.12.22-22.34.29:837][  0]LogMaterial: Uniform references updated for custom material expression Custom.
[2017.12.22-22.34.30:523][  0]SourceControl: Source control is disabled
[2017.12.22-22.34.30:523][  0]SourceControl: Source control is disabled
[2017.12.22-22.34.30:610][  0]SourceControl: Source control is disabled
[2017.12.22-22.34.30:698][  0]SourceControl: Source control is disabled
[2017.12.22-22.34.31:847][  0]LogAndroidPermission: UAndroidPermissionCallbackProxy::GetInstance
[2017.12.22-22.34.32:296][  0]LogOcInput: OculusInput pre-init called
[2017.12.22-22.34.32:728][  0]LogEngine: Initializing Engine...
[2017.12.22-22.34.32:730][  0]LogHMD: Failed to initialize OpenVR with code 110
[2017.12.22-22.34.32:982][  0]LogStats: UGameplayTagsManager::ConstructGameplayTagTree: Construct from data asset -  0.000 s
[2017.12.22-22.34.32:982][  0]LogStats: UGameplayTagsManager::ConstructGameplayTagTree: GameplayTagTreeChangedEvent.Broadcast -  0.000 s
[2017.12.22-22.34.33:217][  0]LogAIModule: Creating AISystem for world Untitled
[2017.12.22-22.34.33:228][  0]LogInit: XAudio2 using 'Speakers / Headphones (Realtek Audio)' : 2 channels at 48 kHz using 32 bits per sample (channel mask 0x3)
[2017.12.22-22.34.33:540][  0]LogInit: FAudioDevice initialized.
[2017.12.22-22.34.33:844][  0]LogDerivedDataCache: Saved boot cache 0.30s 93MB C:/Users/Aric's PC/AppData/Local/UnrealEngine/4.17/DerivedDataCache/Boot.ddc.
[2017.12.22-22.34.33:865][  0]LogInit: Texture streaming: Enabled
[2017.12.22-22.34.34:093][  0]LogEngineSessionManager: EngineSessionManager initialized
[2017.12.22-22.34.34:485][  0]LogInit: Transaction tracking system initialized
[2017.12.22-22.34.35:069][  0]BlueprintLog: New page: Editor Load
[2017.12.22-22.34.36:728][  0]LocalizationService: Localization service is disabled
[2017.12.22-22.34.38:066][  0]LogConsoleResponse: Display: 
[2017.12.22-22.34.38:326][  0]LogCook: Display: Max memory allowance for cook 16384mb min free memory 0mb
[2017.12.22-22.34.38:326][  0]LogCook: Display: Mobile HDR setting 1
[2017.12.22-22.34.38:326][  0]LogGameplayTags: Display: UGameplayTagsManager::DoneAddingNativeTags. DelegateIsBound: 0
[2017.12.22-22.34.39:104][  0]LogFileCache: Scanning file cache for directory 'C:/Users/Aric's PC/Documents/Unreal Projects/CarBlueprints/Content/' took 0.02s
[2017.12.22-22.34.40:311][  0]SourceControl: Source control is disabled
[2017.12.22-22.34.40:311][  0]Cmd: MAP LOAD FILE="../../../../../../Users/Aric's PC/Documents/Unreal Projects/CarBlueprints/Content/VehicleAdvBP/Maps/VehicleAdvExampleMap.umap" TEMPLATE=0 SHOWPROGRESS=1 FEATURELEVEL=3
[2017.12.22-22.34.40:311][  0]LightingResults: New page: Lighting Build
[2017.12.22-22.34.40:392][  0]MapCheck: New page: Map Check
[2017.12.22-22.34.40:392][  0]LightingResults: New page: Lighting Build
[2017.12.22-22.34.40:583][  0]LogLinker: Warning: Can't find file '/Game/FirstPerson/FPWeapon/Materials/MaterialLayers/ML_GlossyBlack_Latex_UE4'
[2017.12.22-22.34.40:583][  0]LoadErrors: Failed to load /Game/VehicleAdv/Materials/M_FPGun.M_FPGun Referenced by WeaponMesh_GEN_VARIABLE
[2017.12.22-22.34.40:583][  0]LogLinker: Warning: Can't find file for asset '/Game/FirstPerson/FPWeapon/Materials/MaterialLayers/ML_GlossyBlack_Latex_UE4' while loading ../../../../../../Users/Aric's PC/Documents/Unreal Projects/CarBlueprints/Content/VehicleAdv/Materials/M_FPGun.uasset.
[2017.12.22-22.34.40:583][  0]LoadErrors: Failed to load /Game/VehicleAdv/Materials/M_FPGun.M_FPGun Referenced by WeaponMesh_GEN_VARIABLE
[2017.12.22-22.34.40:583][  0]LoadErrors: Error: /Game/VehicleAdv/Materials/M_FPGun : Can't find file for asset. /Game/FirstPerson/FPWeapon/Materials/MaterialLayers/ML_GlossyBlack_Latex_UE4
[2017.12.22-22.34.40:583][  0]LogLinker: Warning: Can't find file '/Game/FirstPerson/FPWeapon/Materials/MaterialLayers/ML_Plastic_Shiny_Beige'
[2017.12.22-22.34.40:583][  0]LoadErrors: Failed to load /Game/VehicleAdv/Materials/M_FPGun.M_FPGun Referenced by WeaponMesh_GEN_VARIABLE
[2017.12.22-22.34.40:583][  0]LogLinker: Warning: Can't find file for asset '/Game/FirstPerson/FPWeapon/Materials/MaterialLayers/ML_Plastic_Shiny_Beige' while loading ../../../../../../Users/Aric's PC/Documents/Unreal Projects/CarBlueprints/Content/VehicleAdv/Materials/M_FPGun.uasset.
[2017.12.22-22.34.40:583][  0]LoadErrors: Failed to load /Game/VehicleAdv/Materials/M_FPGun.M_FPGun Referenced by WeaponMesh_GEN_VARIABLE
[2017.12.22-22.34.40:583][  0]LoadErrors: Error: /Game/VehicleAdv/Materials/M_FPGun : Can't find file for asset. /Game/FirstPerson/FPWeapon/Materials/MaterialLayers/ML_Plastic_Shiny_Beige
[2017.12.22-22.34.40:583][  0]LogLinker: Warning: Can't find file '/Game/FirstPerson/FPWeapon/Materials/MaterialLayers/ML_Screen'
[2017.12.22-22.34.40:584][  0]LoadErrors: Failed to load /Game/VehicleAdv/Materials/M_FPGun.M_FPGun Referenced by WeaponMesh_GEN_VARIABLE
[2017.12.22-22.34.40:584][  0]LogLinker: Warning: Can't find file for asset '/Game/FirstPerson/FPWeapon/Materials/MaterialLayers/ML_Screen' while loading ../../../../../../Users/Aric's PC/Documents/Unreal Projects/CarBlueprints/Content/VehicleAdv/Materials/M_FPGun.uasset.
[2017.12.22-22.34.40:584][  0]LoadErrors: Failed to load /Game/VehicleAdv/Materials/M_FPGun.M_FPGun Referenced by WeaponMesh_GEN_VARIABLE
[2017.12.22-22.34.40:584][  0]LoadErrors: Error: /Game/VehicleAdv/Materials/M_FPGun : Can't find file for asset. /Game/FirstPerson/FPWeapon/Materials/MaterialLayers/ML_Screen
[2017.12.22-22.34.40:584][  0]LogLinker: Warning: Can't find file '/Game/FirstPerson/FPWeapon/Materials/MaterialLayers/ML_SoftMetal_UE4'
[2017.12.22-22.34.40:584][  0]LoadErrors: Failed to load /Game/VehicleAdv/Materials/M_FPGun.M_FPGun Referenced by WeaponMesh_GEN_VARIABLE
[2017.12.22-22.34.40:584][  0]LogLinker: Warning: Can't find file for asset '/Game/FirstPerson/FPWeapon/Materials/MaterialLayers/ML_SoftMetal_UE4' while loading ../../../../../../Users/Aric's PC/Documents/Unreal Projects/CarBlueprints/Content/VehicleAdv/Materials/M_FPGun.uasset.
[2017.12.22-22.34.40:584][  0]LoadErrors: Failed to load /Game/VehicleAdv/Materials/M_FPGun.M_FPGun Referenced by WeaponMesh_GEN_VARIABLE
[2017.12.22-22.34.40:584][  0]LoadErrors: Error: /Game/VehicleAdv/Materials/M_FPGun : Can't find file for asset. /Game/FirstPerson/FPWeapon/Materials/MaterialLayers/ML_SoftMetal_UE4
[2017.12.22-22.34.40:587][  0]LogLinker: Warning: Can't find file '/Game/FirstPerson/FPWeapon/Materials/MaterialLayers/ML_GlossyBlack_Latex_UE4'
[2017.12.22-22.34.40:587][  0]LoadErrors: Failed to load /Game/VehicleAdv/Materials/M_FPGun.M_FPGun Referenced by WeaponMesh_GEN_VARIABLE
[2017.12.22-22.34.40:587][  0]LogLinker: Warning: Can't find file for asset '/Game/FirstPerson/FPWeapon/Materials/MaterialLayers/ML_GlossyBlack_Latex_UE4' while loading ../../../../../../Users/Aric's PC/Documents/Unreal Projects/CarBlueprints/Content/VehicleAdv/Materials/M_FPGun.uasset.
[2017.12.22-22.34.40:587][  0]LoadErrors: Failed to load /Game/VehicleAdv/Materials/M_FPGun.M_FPGun Referenced by WeaponMesh_GEN_VARIABLE
[2017.12.22-22.34.40:587][  0]LoadErrors: Error: /Game/VehicleAdv/Materials/M_FPGun : Can't find file for asset. /Game/FirstPerson/FPWeapon/Materials/MaterialLayers/ML_GlossyBlack_Latex_UE4
[2017.12.22-22.34.40:587][  0]LogLinker: Warning: Can't find file '/Game/FirstPerson/FPWeapon/Materials/MaterialLayers/ML_Plastic_Shiny_Beige'
[2017.12.22-22.34.40:587][  0]LoadErrors: Failed to load /Game/VehicleAdv/Materials/M_FPGun.M_FPGun Referenced by WeaponMesh_GEN_VARIABLE
[2017.12.22-22.34.40:587][  0]LogLinker: Warning: Can't find file for asset '/Game/FirstPerson/FPWeapon/Materials/MaterialLayers/ML_Plastic_Shiny_Beige' while loading ../../../../../../Users/Aric's PC/Documents/Unreal Projects/CarBlueprints/Content/VehicleAdv/Materials/M_FPGun.uasset.
[2017.12.22-22.34.40:587][  0]LoadErrors: Failed to load /Game/VehicleAdv/Materials/M_FPGun.M_FPGun Referenced by WeaponMesh_GEN_VARIABLE
[2017.12.22-22.34.40:587][  0]LoadErrors: Error: /Game/VehicleAdv/Materials/M_FPGun : Can't find file for asset. /Game/FirstPerson/FPWeapon/Materials/MaterialLayers/ML_Plastic_Shiny_Beige
[2017.12.22-22.34.40:587][  0]LogLinker: Warning: Can't find file '/Game/FirstPerson/FPWeapon/Materials/MaterialLayers/ML_Screen'
[2017.12.22-22.34.40:587][  0]LoadErrors: Failed to load /Game/VehicleAdv/Materials/M_FPGun.M_FPGun Referenced by WeaponMesh_GEN_VARIABLE
[2017.12.22-22.34.40:588][  0]LogLinker: Warning: Can't find file for asset '/Game/FirstPerson/FPWeapon/Materials/MaterialLayers/ML_Screen' while loading ../../../../../../Users/Aric's PC/Documents/Unreal Projects/CarBlueprints/Content/VehicleAdv/Materials/M_FPGun.uasset.
[2017.12.22-22.34.40:588][  0]LoadErrors: Failed to load /Game/VehicleAdv/Materials/M_FPGun.M_FPGun Referenced by WeaponMesh_GEN_VARIABLE
[2017.12.22-22.34.40:588][  0]LoadErrors: Error: /Game/VehicleAdv/Materials/M_FPGun : Can't find file for asset. /Game/FirstPerson/FPWeapon/Materials/MaterialLayers/ML_Screen
[2017.12.22-22.34.40:588][  0]LogLinker: Warning: Can't find file '/Game/FirstPerson/FPWeapon/Materials/MaterialLayers/ML_SoftMetal_UE4'
[2017.12.22-22.34.40:588][  0]LoadErrors: Failed to load /Game/VehicleAdv/Materials/M_FPGun.M_FPGun Referenced by WeaponMesh_GEN_VARIABLE
[2017.12.22-22.34.40:588][  0]LogLinker: Warning: Can't find file for asset '/Game/FirstPerson/FPWeapon/Materials/MaterialLayers/ML_SoftMetal_UE4' while loading ../../../../../../Users/Aric's PC/Documents/Unreal Projects/CarBlueprints/Content/VehicleAdv/Materials/M_FPGun.uasset.
[2017.12.22-22.34.40:588][  0]LoadErrors: Failed to load /Game/VehicleAdv/Materials/M_FPGun.M_FPGun Referenced by WeaponMesh_GEN_VARIABLE
[2017.12.22-22.34.40:588][  0]LoadErrors: Error: /Game/VehicleAdv/Materials/M_FPGun : Can't find file for asset. /Game/FirstPerson/FPWeapon/Materials/MaterialLayers/ML_SoftMetal_UE4
[2017.12.22-22.34.40:588][  0]LogLinker: Warning: Can't find file '/Game/FirstPerson/FPWeapon/Textures/T_FPGun_M'
[2017.12.22-22.34.40:588][  0]LoadErrors: Failed to load /Game/VehicleAdv/Materials/M_FPGun.M_FPGun Referenced by WeaponMesh_GEN_VARIABLE
[2017.12.22-22.34.40:588][  0]LogLinker: Warning: Can't find file for asset '/Game/FirstPerson/FPWeapon/Textures/T_FPGun_M' while loading ../../../../../../Users/Aric's PC/Documents/Unreal Projects/CarBlueprints/Content/VehicleAdv/Materials/M_FPGun.uasset.
[2017.12.22-22.34.40:588][  0]LoadErrors: Failed to load /Game/VehicleAdv/Materials/M_FPGun.M_FPGun Referenced by WeaponMesh_GEN_VARIABLE
[2017.12.22-22.34.40:589][  0]LoadErrors: Error: /Game/VehicleAdv/Materials/M_FPGun : Can't find file for asset. /Game/FirstPerson/FPWeapon/Textures/T_FPGun_M
[2017.12.22-22.34.40:589][  0]LogLinker: Warning: Can't find file '/Game/FirstPerson/FPWeapon/Textures/T_FPGun_N'
[2017.12.22-22.34.40:589][  0]LoadErrors: Failed to load /Game/VehicleAdv/Materials/M_FPGun.M_FPGun Referenced by WeaponMesh_GEN_VARIABLE
[2017.12.22-22.34.40:589][  0]LogLinker: Warning: Can't find file for asset '/Game/FirstPerson/FPWeapon/Textures/T_FPGun_N' while loading ../../../../../../Users/Aric's PC/Documents/Unreal Projects/CarBlueprints/Content/VehicleAdv/Materials/M_FPGun.uasset.
[2017.12.22-22.34.40:589][  0]LoadErrors: Failed to load /Game/VehicleAdv/Materials/M_FPGun.M_FPGun Referenced by WeaponMesh_GEN_VARIABLE
[2017.12.22-22.34.40:589][  0]LoadErrors: Error: /Game/VehicleAdv/Materials/M_FPGun : Can't find file for asset. /Game/FirstPerson/FPWeapon/Textures/T_FPGun_N
[2017.12.22-22.34.40:589][  0]LogLinker: Warning: Can't find file '/Game/FirstPerson/FPWeapon/Textures/T_FPGun_M'
[2017.12.22-22.34.40:589][  0]LoadErrors: Failed to load /Game/VehicleAdv/Materials/M_FPGun.M_FPGun Referenced by WeaponMesh_GEN_VARIABLE
[2017.12.22-22.34.40:589][  0]LogLinker: Warning: Can't find file for asset '/Game/FirstPerson/FPWeapon/Textures/T_FPGun_M' while loading ../../../../../../Users/Aric's PC/Documents/Unreal Projects/CarBlueprints/Content/VehicleAdv/Materials/M_FPGun.uasset.
[2017.12.22-22.34.40:589][  0]LoadErrors: Failed to load /Game/VehicleAdv/Materials/M_FPGun.M_FPGun Referenced by WeaponMesh_GEN_VARIABLE
[2017.12.22-22.34.40:589][  0]LoadErrors: Error: /Game/VehicleAdv/Materials/M_FPGun : Can't find file for asset. /Game/FirstPerson/FPWeapon/Textures/T_FPGun_M
[2017.12.22-22.34.40:590][  0]LogLinker: Warning: Can't find file '/Game/FirstPerson/FPWeapon/Textures/T_FPGun_N'
[2017.12.22-22.34.40:590][  0]LoadErrors: Failed to load /Game/VehicleAdv/Materials/M_FPGun.M_FPGun Referenced by WeaponMesh_GEN_VARIABLE
[2017.12.22-22.34.40:590][  0]LogLinker: Warning: Can't find file for asset '/Game/FirstPerson/FPWeapon/Textures/T_FPGun_N' while loading ../../../../../../Users/Aric's PC/Documents/Unreal Projects/CarBlueprints/Content/VehicleAdv/Materials/M_FPGun.uasset.
[2017.12.22-22.34.40:590][  0]LoadErrors: Failed to load /Game/VehicleAdv/Materials/M_FPGun.M_FPGun Referenced by WeaponMesh_GEN_VARIABLE
[2017.12.22-22.34.40:590][  0]LoadErrors: Error: /Game/VehicleAdv/Materials/M_FPGun : Can't find file for asset. /Game/FirstPerson/FPWeapon/Textures/T_FPGun_N
[2017.12.22-22.34.40:996][  0]LogLinker: Warning: Can't find file '/Game/FirstPerson/FPWeapon/Materials/MaterialLayers/ML_SoftMetal_UE4'
[2017.12.22-22.34.40:996][  0]LoadErrors: Failed to load /Game/FirstPerson/FPWeapon/Materials/MaterialLayers/ML_SoftMetal_UE4.ML_SoftMetal_UE4 Referenced by M_FPGun
[2017.12.22-22.34.40:996][  0]LogLinker: Warning: Can't find file for asset '/Game/FirstPerson/FPWeapon/Materials/MaterialLayers/ML_SoftMetal_UE4' while loading NULL.
[2017.12.22-22.34.40:996][  0]LoadErrors: Failed to load /Game/FirstPerson/FPWeapon/Materials/MaterialLayers/ML_SoftMetal_UE4.ML_SoftMetal_UE4 Referenced by M_FPGun
[2017.12.22-22.34.40:996][  0]LogLinker: Warning: Can't find file '/Game/FirstPerson/FPWeapon/Materials/MaterialLayers/ML_GlossyBlack_Latex_UE4'
[2017.12.22-22.34.40:996][  0]LoadErrors: Failed to load /Game/FirstPerson/FPWeapon/Materials/MaterialLayers/ML_GlossyBlack_Latex_UE4.ML_GlossyBlack_Latex_UE4 Referenced by M_FPGun
[2017.12.22-22.34.40:996][  0]LogLinker: Warning: Can't find file for asset '/Game/FirstPerson/FPWeapon/Materials/MaterialLayers/ML_GlossyBlack_Latex_UE4' while loading NULL.
[2017.12.22-22.34.40:996][  0]LoadErrors: Failed to load /Game/FirstPerson/FPWeapon/Materials/MaterialLayers/ML_GlossyBlack_Latex_UE4.ML_GlossyBlack_Latex_UE4 Referenced by M_FPGun
[2017.12.22-22.34.40:996][  0]LogLinker: Warning: Can't find file '/Game/FirstPerson/FPWeapon/Materials/MaterialLayers/ML_Plastic_Shiny_Beige'
[2017.12.22-22.34.40:997][  0]LoadErrors: Failed to load /Game/FirstPerson/FPWeapon/Materials/MaterialLayers/ML_Plastic_Shiny_Beige.ML_Plastic_Shiny_Beige Referenced by M_FPGun
[2017.12.22-22.34.40:997][  0]LogLinker: Warning: Can't find file for asset '/Game/FirstPerson/FPWeapon/Materials/MaterialLayers/ML_Plastic_Shiny_Beige' while loading NULL.
[2017.12.22-22.34.40:997][  0]LoadErrors: Failed to load /Game/FirstPerson/FPWeapon/Materials/MaterialLayers/ML_Plastic_Shiny_Beige.ML_Plastic_Shiny_Beige Referenced by M_FPGun
[2017.12.22-22.34.40:997][  0]LogLinker: Warning: Can't find file '/Game/FirstPerson/FPWeapon/Materials/MaterialLayers/ML_Screen'
[2017.12.22-22.34.40:997][  0]LoadErrors: Failed to load /Game/FirstPerson/FPWeapon/Materials/MaterialLayers/ML_Screen.ML_Screen Referenced by M_FPGun
[2017.12.22-22.34.40:997][  0]LogLinker: Warning: Can't find file for asset '/Game/FirstPerson/FPWeapon/Materials/MaterialLayers/ML_Screen' while loading NULL.
[2017.12.22-22.34.40:997][  0]LoadErrors: Failed to load /Game/FirstPerson/FPWeapon/Materials/MaterialLayers/ML_Screen.ML_Screen Referenced by M_FPGun
[2017.12.22-22.34.40:997][  0]LogLinker: Warning: Can't find file '/Game/FirstPerson/FPWeapon/Materials/MaterialLayers/ML_Plastic_Shiny_Beige'
[2017.12.22-22.34.40:997][  0]LoadErrors: Failed to load /Game/FirstPerson/FPWeapon/Materials/MaterialLayers/ML_Plastic_Shiny_Beige.ML_Plastic_Shiny_Beige Referenced by MaterialExpressionMaterialFunctionCall_13
[2017.12.22-22.34.40:998][  0]LogLinker: Warning: Can't find file for asset '/Game/FirstPerson/FPWeapon/Materials/MaterialLayers/ML_Plastic_Shiny_Beige' while loading NULL.
[2017.12.22-22.34.40:998][  0]LoadErrors: Failed to load /Game/FirstPerson/FPWeapon/Materials/MaterialLayers/ML_Plastic_Shiny_Beige.ML_Plastic_Shiny_Beige Referenced by MaterialExpressionMaterialFunctionCall_13
[2017.12.22-22.34.40:998][  0]LogLinker: Warning: Can't find file '/Game/FirstPerson/FPWeapon/Materials/MaterialLayers/ML_Screen'
[2017.12.22-22.34.40:998][  0]LoadErrors: Failed to load /Game/FirstPerson/FPWeapon/Materials/MaterialLayers/ML_Screen.ML_Screen Referenced by MaterialExpressionMaterialFunctionCall_4
[2017.12.22-22.34.40:998][  0]LogLinker: Warning: Can't find file for asset '/Game/FirstPerson/FPWeapon/Materials/MaterialLayers/ML_Screen' while loading NULL.
[2017.12.22-22.34.40:998][  0]LoadErrors: Failed to load /Game/FirstPerson/FPWeapon/Materials/MaterialLayers/ML_Screen.ML_Screen Referenced by MaterialExpressionMaterialFunctionCall_4
[2017.12.22-22.34.40:998][  0]LogLinker: Warning: Can't find file '/Game/FirstPerson/FPWeapon/Materials/MaterialLayers/ML_SoftMetal_UE4'
[2017.12.22-22.34.40:998][  0]LoadErrors: Failed to load /Game/FirstPerson/FPWeapon/Materials/MaterialLayers/ML_SoftMetal_UE4.ML_SoftMetal_UE4 Referenced by MaterialExpressionMaterialFunctionCall_8
[2017.12.22-22.34.40:999][  0]LogLinker: Warning: Can't find file for asset '/Game/FirstPerson/FPWeapon/Materials/MaterialLayers/ML_SoftMetal_UE4' while loading NULL.
[2017.12.22-22.34.40:999][  0]LoadErrors: Failed to load /Game/FirstPerson/FPWeapon/Materials/MaterialLayers/ML_SoftMetal_UE4.ML_SoftMetal_UE4 Referenced by MaterialExpressionMaterialFunctionCall_8
[2017.12.22-22.34.40:999][  0]LogLinker: Warning: Can't find file '/Game/FirstPerson/FPWeapon/Materials/MaterialLayers/ML_GlossyBlack_Latex_UE4'
[2017.12.22-22.34.40:999][  0]LoadErrors: Failed to load /Game/FirstPerson/FPWeapon/Materials/MaterialLayers/ML_GlossyBlack_Latex_UE4.ML_GlossyBlack_Latex_UE4 Referenced by MaterialExpressionMaterialFunctionCall_9
[2017.12.22-22.34.40:999][  0]LogLinker: Warning: Can't find file for asset '/Game/FirstPerson/FPWeapon/Materials/MaterialLayers/ML_GlossyBlack_Latex_UE4' while loading NULL.
[2017.12.22-22.34.40:999][  0]LoadErrors: Failed to load /Game/FirstPerson/FPWeapon/Materials/MaterialLayers/ML_GlossyBlack_Latex_UE4.ML_GlossyBlack_Latex_UE4 Referenced by MaterialExpressionMaterialFunctionCall_9
[2017.12.22-22.34.40:999][  0]LogLinker: Warning: Can't find file '/Game/FirstPerson/FPWeapon/Textures/T_FPGun_N'
[2017.12.22-22.34.40:999][  0]LoadErrors: Failed to load /Game/FirstPerson/FPWeapon/Textures/T_FPGun_N.T_FPGun_N Referenced by MaterialExpressionTextureSampleParameter2D_2
[2017.12.22-22.34.41:000][  0]LogLinker: Warning: Can't find file for asset '/Game/FirstPerson/FPWeapon/Textures/T_FPGun_N' while loading NULL.
[2017.12.22-22.34.41:000][  0]LoadErrors: Failed to load /Game/FirstPerson/FPWeapon/Textures/T_FPGun_N.T_FPGun_N Referenced by MaterialExpressionTextureSampleParameter2D_2
[2017.12.22-22.34.41:000][  0]LogLinker: Warning: Can't find file '/Game/FirstPerson/FPWeapon/Textures/T_FPGun_M'
[2017.12.22-22.34.41:000][  0]LoadErrors: Failed to load /Game/FirstPerson/FPWeapon/Textures/T_FPGun_M.T_FPGun_M Referenced by MaterialExpressionTextureSampleParameter2D_3
[2017.12.22-22.34.41:000][  0]LogLinker: Warning: Can't find file for asset '/Game/FirstPerson/FPWeapon/Textures/T_FPGun_M' while loading NULL.
[2017.12.22-22.34.41:000][  0]LoadErrors: Failed to load /Game/FirstPerson/FPWeapon/Textures/T_FPGun_M.T_FPGun_M Referenced by MaterialExpressionTextureSampleParameter2D_3
[2017.12.22-22.34.41:286][  0]LogMaterial: Missing cached shader map for material M_FPGun, compiling. 
[2017.12.22-22.34.41:289][  0]LogMaterial: Warning: Failed to compile Material /Game/VehicleAdv/Materials/M_FPGun.M_FPGun for platform PCD3D_SM5, Default Material will be used in game.
[2017.12.22-22.34.41:289][  0]LogMaterial: Warning: 	Missing Material Function
[2017.12.22-22.34.41:289][  0]LogMaterial: Warning: 	(Node TextureSampleParameter2D) Param2D> Requires Texture2D
[2017.12.22-22.34.41:289][  0]LogMaterial: Warning: 	Function MatLayerBlend_NormalBlend: (Node MakeMaterialAttributes) Error on property Normal
[2017.12.22-22.34.41:289][  0]LogMaterial: Warning: 	Function MatLayerBlend_Simple: (Node MakeMaterialAttributes) Error on property EmissiveColor
[2017.12.22-22.34.41:289][  0]LogMaterial: Warning: 	Function MatLayerBlend_Simple: (Node MakeMaterialAttributes) Error on property BaseColor
[2017.12.22-22.34.41:289][  0]LogMaterial: Warning: 	Function MatLayerBlend_Simple: (Node MakeMaterialAttributes) Error on property Metallic
[2017.12.22-22.34.41:289][  0]LogMaterial: Warning: 	Function MatLayerBlend_Simple: (Node MakeMaterialAttributes) Error on property Roughness
[2017.12.22-22.34.41:468][  0]LogAIModule: Creating AISystem for world VehicleAdvExampleMap
[2017.12.22-22.34.41:508][  0]LogEditorServer: Finished looking for orphan Actors (0.000 secs)
[2017.12.22-22.34.41:546][  0]Cmd: MAP CHECKDEP NOCLEARLOG
[2017.12.22-22.34.41:641][  0]MapCheck: Map check complete: 0 Error(s), 0 Warning(s), took 94.839ms to complete.
[2017.12.22-22.34.41:641][  0]LogFileHelpers: Loading map 'VehicleAdvExampleMap' took 1.330
[2017.12.22-22.34.41:833][  0]LogCollectionManager: Loaded 0 collections in 0.002187 seconds
[2017.12.22-22.34.41:953][  0]LogFileCache: Scanning file cache for directory 'C:/Users/Aric's PC/Documents/Unreal Projects/CarBlueprints/Saved/Collections/' took 0.01s
[2017.12.22-22.34.41:953][  0]LogFileCache: Scanning file cache for directory 'C:/Users/Aric's PC/Documents/Unreal Projects/CarBlueprints/Content/Developers/AricsPC/Collections/' took 0.01s
[2017.12.22-22.34.41:954][  0]LogFileCache: Scanning file cache for directory 'C:/Users/Aric's PC/Documents/Unreal Projects/CarBlueprints/Content/Collections/' took 0.01s
[2017.12.22-22.34.41:954][  0]LogCollectionManager: Rebuilt the GUID cache for 0 collections in 0.000000 seconds
[2017.12.22-22.34.41:963][  0]LogContentBrowser: Native class hierarchy populated in 0.0093 seconds. Added 2388 classes and 503 folders.
[2017.12.22-22.34.42:090][  0]LogContentBrowser: Native class hierarchy updated for 'WidgetCarousel' in 0.0007 seconds. Added 0 classes and 0 folders.
[2017.12.22-22.34.42:153][  0]LogContentBrowser: Native class hierarchy updated for 'AddContentDialog' in 0.0010 seconds. Added 0 classes and 0 folders.
[2017.12.22-22.34.42:234][  0]LogContentBrowser: Native class hierarchy updated for 'SceneOutliner' in 0.0007 seconds. Added 1 classes and 2 folders.
[2017.12.22-22.34.42:329][  0]LogSlate: Took 0.000261 seconds to synchronously load lazily loaded font '../../../Engine/Content/Slate/Fonts/Roboto-Regular.ttf' (155K)
[2017.12.22-22.34.42:332][  0]LogSlate: Took 0.000237 seconds to synchronously load lazily loaded font '../../../Engine/Content/Slate/Fonts/Roboto-Bold.ttf' (160K)
[2017.12.22-22.34.42:341][  0]LogSlate: Took 0.000949 seconds to synchronously load lazily loaded font '../../../Engine/Content/Editor/Slate/Fonts/FontAwesome.ttf' (139K)
[2017.12.22-22.34.42:456][  0]LogRenderer: Reallocating scene render targets to support 932x436 Format 10 NumSamples 1 (Frame:1).
[2017.12.22-22.34.42:775][  0]LogContentBrowser: Native class hierarchy updated for 'HierarchicalLODOutliner' in 0.0012 seconds. Added 1 classes and 2 folders.
[2017.12.22-22.34.42:776][  0]LogLoad: (Engine Initialization) Total time: 28.70 seconds
[2017.12.22-22.34.42:776][  0]LogLoad: (Engine Initialization) Total Blueprint compile time: 0.00 seconds
[2017.12.22-22.34.42:776][  0]LogExternalProfiler: Found external profiler: VSPerf
[2017.12.22-22.34.42:776][  0]LogExternalProfiler: Using external profiler: VSPerf
[2017.12.22-22.34.42:794][  0]LogWindowsTextInputMethodSystem: Display: IME system now deactivated.
[2017.12.22-22.34.42:796][  0]LogRawInputWindows: Warning: Found device 0 devices
[2017.12.22-22.34.42:796][  0]LogRawInputWindows: Warning: Found device 0 devices
[2017.12.22-22.34.42:796][  0]LogRawInputWindows: Warning: Device was registered succesfully but not connected (Usage:4 UsagePage:1
[2017.12.22-22.34.42:796][  0]LogRawInputWindows: Warning: Found device 1 devices
[2017.12.22-22.34.42:796][  0]LogRawInputWindows: Warning: Device was registered succesfully but not connected (Usage:5 UsagePage:1
[2017.12.22-22.34.42:819][  0]LogContentStreaming: Texture pool size now 1000 MB
[2017.12.22-22.34.42:876][  0]LogSlate: Took 0.000248 seconds to synchronously load lazily loaded font '../../../Engine/Content/Slate/Fonts/Roboto-Light.ttf' (159K)
[2017.12.22-22.34.42:934][  1]LogAssetRegistry: Asset discovery search completed in 20.0252 seconds
[2017.12.22-22.34.42:940][  1]LogCollectionManager: Rebuilt the object cache for 0 collections in 0.000000 seconds (found 0 objects)
[2017.12.22-22.34.42:940][  1]LogCollectionManager: Fixed up redirectors for 0 collections in 0.000078 seconds (updated 0 objects)
[2017.12.22-22.37.38:739][293]LogSlate: Took 0.000207 seconds to synchronously load lazily loaded font '../../../Engine/Content/Slate/Fonts/Roboto-Light.ttf' (159K)
[2017.12.22-22.37.39:225][293]LogContentBrowser: Native class hierarchy updated for 'BlueprintGraph' in 0.0012 seconds. Added 113 classes and 0 folders.
[2017.12.22-22.37.39:904][293]LogSlate: Took 0.000201 seconds to synchronously load lazily loaded font '../../../Engine/Content/Slate/Fonts/Roboto-Regular.ttf' (155K)
[2017.12.22-22.37.42:472][410]LogSlate: Took 0.000292 seconds to synchronously load lazily loaded font '../../../Engine/Content/Editor/Slate/Fonts/Roboto-BoldCondensed.ttf' (158K)
[2017.12.22-22.38.07:194][860]LogSlate: Took 0.000237 seconds to synchronously load lazily loaded font '../../../Engine/Content/Slate/Fonts/Roboto-Light.ttf' (159K)
[2017.12.22-22.38.32:505][302]LogSlate: Took 0.000513 seconds to synchronously load lazily loaded font '../../../Engine/Content/Editor/Slate/Fonts/Roboto-Italic.ttf' (157K)
[2017.12.22-22.38.52:371][490]BlueprintLog: New page: Compile RocketProjectile
[2017.12.22-22.38.58:426][824]LogTemp: Repeating last play command: Selected Viewport
[2017.12.22-22.38.58:785][824]LogBlueprintUserMessages: Early PlayInEditor Detection: Level '/Game/VehicleAdvBP/Maps/VehicleAdvExampleMap.VehicleAdvExampleMap:PersistentLevel' has LevelScriptBlueprint '/Game/VehicleAdvBP/Maps/VehicleAdvExampleMap.VehicleAdvExampleMap:PersistentLevel.VehicleAdvExampleMap' with GeneratedClass '/Game/VehicleAdvBP/Maps/VehicleAdvExampleMap.VehicleAdvExampleMap_C' with ClassGeneratedBy '/Game/VehicleAdvBP/Maps/VehicleAdvExampleMap.VehicleAdvExampleMap:PersistentLevel.VehicleAdvExampleMap'
[2017.12.22-22.38.58:786][824]LogPlayLevel: PlayLevel: No blueprints needed recompiling
[2017.12.22-22.38.58:787][824]PIE: New page: PIE session: VehicleAdvExampleMap (Dec 22, 2017, 12:38:58 PM)
[2017.12.22-22.38.58:787][824]LogPlayLevel: Creating play world package: /Game/VehicleAdvBP/Maps/UEDPIE_0_VehicleAdvExampleMap
[2017.12.22-22.38.58:848][824]LogPlayLevel: PIE: StaticDuplicateObject took: (0.060655s)
[2017.12.22-22.38.58:849][824]LogAIModule: Creating AISystem for world VehicleAdvExampleMap
[2017.12.22-22.38.58:849][824]LogPlayLevel: PIE: World Init took: (0.001227s)
[2017.12.22-22.38.58:850][824]LogPlayLevel: PIE: Created PIE world by copying editor world from /Game/VehicleAdvBP/Maps/VehicleAdvExampleMap.VehicleAdvExampleMap to /Game/VehicleAdvBP/Maps/UEDPIE_0_VehicleAdvExampleMap.VehicleAdvExampleMap (0.062520s)
[2017.12.22-22.38.58:873][824]LogInit: XAudio2 using 'Speakers / Headphones (Realtek Audio)' : 2 channels at 48 kHz using 32 bits per sample (channel mask 0x3)
[2017.12.22-22.38.58:890][824]LogInit: FAudioDevice initialized.
[2017.12.22-22.38.58:932][824]LogLoad: Game class is 'VehicleAdvGameMode_C'
[2017.12.22-22.38.58:946][824]LogWorld: Bringing World /Game/VehicleAdvBP/Maps/UEDPIE_0_VehicleAdvExampleMap.VehicleAdvExampleMap up for play (max tick rate 60) at 2017.12.22-17.38.58
[2017.12.22-22.38.58:947][824]LogWorld: Bringing up level for play took: 0.007938
[2017.12.22-22.38.59:031][824]LogContentBrowser: Native class hierarchy updated for 'MovieSceneCapture' in 0.0008 seconds. Added 11 classes and 0 folders.
[2017.12.22-22.38.59:034][824]PIE: Play in editor start time for /Game/VehicleAdvBP/Maps/UEDPIE_0_VehicleAdvExampleMap 1.065
[2017.12.22-22.38.59:035][824]LogBlueprintUserMessages: Late PlayInEditor Detection: Level '/Game/VehicleAdvBP/Maps/VehicleAdvExampleMap.VehicleAdvExampleMap:PersistentLevel' has LevelScriptBlueprint '/Game/VehicleAdvBP/Maps/VehicleAdvExampleMap.VehicleAdvExampleMap:PersistentLevel.VehicleAdvExampleMap' with GeneratedClass '/Game/VehicleAdvBP/Maps/VehicleAdvExampleMap.VehicleAdvExampleMap_C' with ClassGeneratedBy '/Game/VehicleAdvBP/Maps/VehicleAdvExampleMap.VehicleAdvExampleMap:PersistentLevel.VehicleAdvExampleMap'
[2017.12.22-22.39.02:071][993]LogBlueprintUserMessages: [BP_Weapon_Pickup2_68] Seocndary Added
[2017.12.22-22.39.11:385][551]LogBlueprintUserMessages: [VehicleBlueprint2_698] 75
[2017.12.22-22.39.12:051][591]LogBlueprintUserMessages: [VehicleBlueprint2_698] 50
[2017.12.22-22.39.16:786][875]LogBlueprintUserMessages: [VehicleBlueprint2_698] 25
[2017.12.22-22.39.17:169][898]LogBlueprintUserMessages: [VehicleBlueprint2_698] 0
[2017.12.22-22.39.35:474][996]LogBlueprintUserMessages: Early EndPlayMap Detection: Level '/Game/VehicleAdvBP/Maps/VehicleAdvExampleMap.VehicleAdvExampleMap:PersistentLevel' has LevelScriptBlueprint '/Game/VehicleAdvBP/Maps/VehicleAdvExampleMap.VehicleAdvExampleMap:PersistentLevel.VehicleAdvExampleMap' with GeneratedClass '/Game/VehicleAdvBP/Maps/VehicleAdvExampleMap.VehicleAdvExampleMap_C' with ClassGeneratedBy '/Game/VehicleAdvBP/Maps/VehicleAdvExampleMap.VehicleAdvExampleMap:PersistentLevel.VehicleAdvExampleMap'
[2017.12.22-22.39.35:513][996]LogBlueprintUserMessages: Late EndPlayMap Detection: Level '/Game/VehicleAdvBP/Maps/VehicleAdvExampleMap.VehicleAdvExampleMap:PersistentLevel' has LevelScriptBlueprint '/Game/VehicleAdvBP/Maps/VehicleAdvExampleMap.VehicleAdvExampleMap:PersistentLevel.VehicleAdvExampleMap' with GeneratedClass '/Game/VehicleAdvBP/Maps/VehicleAdvExampleMap.VehicleAdvExampleMap_C' with ClassGeneratedBy '/Game/VehicleAdvBP/Maps/VehicleAdvExampleMap.VehicleAdvExampleMap:PersistentLevel.VehicleAdvExampleMap'
[2017.12.22-22.40.27:891][974]BlueprintLog: New page: Compile BP_Projectile
[2017.12.22-22.40.31:290][104]LogTemp: Repeating last play command: Selected Viewport
[2017.12.22-22.40.31:315][104]LogBlueprintUserMessages: Early PlayInEditor Detection: Level '/Game/VehicleAdvBP/Maps/VehicleAdvExampleMap.VehicleAdvExampleMap:PersistentLevel' has LevelScriptBlueprint '/Game/VehicleAdvBP/Maps/VehicleAdvExampleMap.VehicleAdvExampleMap:PersistentLevel.VehicleAdvExampleMap' with GeneratedClass '/Game/VehicleAdvBP/Maps/VehicleAdvExampleMap.VehicleAdvExampleMap_C' with ClassGeneratedBy '/Game/VehicleAdvBP/Maps/VehicleAdvExampleMap.VehicleAdvExampleMap:PersistentLevel.VehicleAdvExampleMap'
[2017.12.22-22.40.31:316][104]LogPlayLevel: PlayLevel: No blueprints needed recompiling
[2017.12.22-22.40.31:316][104]PIE: New page: PIE session: VehicleAdvExampleMap (Dec 22, 2017, 12:40:31 PM)
[2017.12.22-22.40.31:316][104]LogPlayLevel: Creating play world package: /Game/VehicleAdvBP/Maps/UEDPIE_0_VehicleAdvExampleMap
[2017.12.22-22.40.31:351][104]LogPlayLevel: PIE: StaticDuplicateObject took: (0.034560s)
[2017.12.22-22.40.31:351][104]LogAIModule: Creating AISystem for world VehicleAdvExampleMap
[2017.12.22-22.40.31:352][104]LogPlayLevel: PIE: World Init took: (0.000942s)
[2017.12.22-22.40.31:352][104]LogPlayLevel: PIE: Created PIE world by copying editor world from /Game/VehicleAdvBP/Maps/VehicleAdvExampleMap.VehicleAdvExampleMap to /Game/VehicleAdvBP/Maps/UEDPIE_0_VehicleAdvExampleMap.VehicleAdvExampleMap (0.036060s)
[2017.12.22-22.40.31:376][104]LogInit: XAudio2 using 'Speakers / Headphones (Realtek Audio)' : 2 channels at 48 kHz using 32 bits per sample (channel mask 0x3)
[2017.12.22-22.40.31:392][104]LogInit: FAudioDevice initialized.
[2017.12.22-22.40.31:424][104]LogLoad: Game class is 'VehicleAdvGameMode_C'
[2017.12.22-22.40.31:435][104]LogWorld: Bringing World /Game/VehicleAdvBP/Maps/UEDPIE_0_VehicleAdvExampleMap.VehicleAdvExampleMap up for play (max tick rate 60) at 2017.12.22-17.40.31
[2017.12.22-22.40.31:436][104]LogWorld: Bringing up level for play took: 0.007118
[2017.12.22-22.40.31:439][104]PIE: Play in editor start time for /Game/VehicleAdvBP/Maps/UEDPIE_0_VehicleAdvExampleMap -0.53
[2017.12.22-22.40.31:440][104]LogBlueprintUserMessages: Late PlayInEditor Detection: Level '/Game/VehicleAdvBP/Maps/VehicleAdvExampleMap.VehicleAdvExampleMap:PersistentLevel' has LevelScriptBlueprint '/Game/VehicleAdvBP/Maps/VehicleAdvExampleMap.VehicleAdvExampleMap:PersistentLevel.VehicleAdvExampleMap' with GeneratedClass '/Game/VehicleAdvBP/Maps/VehicleAdvExampleMap.VehicleAdvExampleMap_C' with ClassGeneratedBy '/Game/VehicleAdvBP/Maps/VehicleAdvExampleMap.VehicleAdvExampleMap:PersistentLevel.VehicleAdvExampleMap'
[2017.12.22-22.40.40:087][620]LogBlueprintUserMessages: [VehicleBlueprint2_698] 99
[2017.12.22-22.40.40:404][639]LogBlueprintUserMessages: [VehicleBlueprint2_698] 98
[2017.12.22-22.40.40:770][661]LogBlueprintUserMessages: [VehicleBlueprint2_698] 97
[2017.12.22-22.40.40:920][670]LogBlueprintUserMessages: [VehicleBlueprint2_698] 96
[2017.12.22-22.40.41:070][679]LogBlueprintUserMessages: [VehicleBlueprint2_698] 95
[2017.12.22-22.40.45:305][933]LogBlueprintUserMessages: [BP_Weapon_Pickup2_68] Seocndary Added
[2017.12.22-22.40.59:954][812]LogBlueprintUserMessages: [VehicleBlueprint2_698] 70
[2017.12.22-22.41.02:288][952]LogBlueprintUserMessages: [VehicleBlueprint2_698] 45
[2017.12.22-22.41.11:707][517]LogBlueprintUserMessages: Early EndPlayMap Detection: Level '/Game/VehicleAdvBP/Maps/VehicleAdvExampleMap.VehicleAdvExampleMap:PersistentLevel' has LevelScriptBlueprint '/Game/VehicleAdvBP/Maps/VehicleAdvExampleMap.VehicleAdvExampleMap:PersistentLevel.VehicleAdvExampleMap' with GeneratedClass '/Game/VehicleAdvBP/Maps/VehicleAdvExampleMap.VehicleAdvExampleMap_C' with ClassGeneratedBy '/Game/VehicleAdvBP/Maps/VehicleAdvExampleMap.VehicleAdvExampleMap:PersistentLevel.VehicleAdvExampleMap'
[2017.12.22-22.41.11:744][517]LogBlueprintUserMessages: Late EndPlayMap Detection: Level '/Game/VehicleAdvBP/Maps/VehicleAdvExampleMap.VehicleAdvExampleMap:PersistentLevel' has LevelScriptBlueprint '/Game/VehicleAdvBP/Maps/VehicleAdvExampleMap.VehicleAdvExampleMap:PersistentLevel.VehicleAdvExampleMap' with GeneratedClass '/Game/VehicleAdvBP/Maps/VehicleAdvExampleMap.VehicleAdvExampleMap_C' with ClassGeneratedBy '/Game/VehicleAdvBP/Maps/VehicleAdvExampleMap.VehicleAdvExampleMap:PersistentLevel.VehicleAdvExampleMap'
[2017.12.22-22.41.26:277][287]BlueprintLog: New page: Compile RocketProjectile
[2017.12.22-22.41.28:675][405]LogTemp: Repeating last play command: Selected Viewport
[2017.12.22-22.41.28:701][405]LogBlueprintUserMessages: Early PlayInEditor Detection: Level '/Game/VehicleAdvBP/Maps/VehicleAdvExampleMap.VehicleAdvExampleMap:PersistentLevel' has LevelScriptBlueprint '/Game/VehicleAdvBP/Maps/VehicleAdvExampleMap.VehicleAdvExampleMap:PersistentLevel.VehicleAdvExampleMap' with GeneratedClass '/Game/VehicleAdvBP/Maps/VehicleAdvExampleMap.VehicleAdvExampleMap_C' with ClassGeneratedBy '/Game/VehicleAdvBP/Maps/VehicleAdvExampleMap.VehicleAdvExampleMap:PersistentLevel.VehicleAdvExampleMap'
[2017.12.22-22.41.28:701][405]LogPlayLevel: PlayLevel: No blueprints needed recompiling
[2017.12.22-22.41.28:701][405]PIE: New page: PIE session: VehicleAdvExampleMap (Dec 22, 2017, 12:41:28 PM)
[2017.12.22-22.41.28:701][405]LogPlayLevel: Creating play world package: /Game/VehicleAdvBP/Maps/UEDPIE_0_VehicleAdvExampleMap
[2017.12.22-22.41.28:733][405]LogPlayLevel: PIE: StaticDuplicateObject took: (0.032059s)
[2017.12.22-22.41.28:734][405]LogAIModule: Creating AISystem for world VehicleAdvExampleMap
[2017.12.22-22.41.28:734][405]LogPlayLevel: PIE: World Init took: (0.000839s)
[2017.12.22-22.41.28:734][405]LogPlayLevel: PIE: Created PIE world by copying editor world from /Game/VehicleAdvBP/Maps/VehicleAdvExampleMap.VehicleAdvExampleMap to /Game/VehicleAdvBP/Maps/UEDPIE_0_VehicleAdvExampleMap.VehicleAdvExampleMap (0.033336s)
[2017.12.22-22.41.28:755][405]LogInit: XAudio2 using 'Speakers / Headphones (Realtek Audio)' : 2 channels at 48 kHz using 32 bits per sample (channel mask 0x3)
[2017.12.22-22.41.28:772][405]LogInit: FAudioDevice initialized.
[2017.12.22-22.41.28:805][405]LogLoad: Game class is 'VehicleAdvGameMode_C'
[2017.12.22-22.41.28:817][405]LogWorld: Bringing World /Game/VehicleAdvBP/Maps/UEDPIE_0_VehicleAdvExampleMap.VehicleAdvExampleMap up for play (max tick rate 60) at 2017.12.22-17.41.28
[2017.12.22-22.41.28:819][405]LogWorld: Bringing up level for play took: 0.008651
[2017.12.22-22.41.28:822][405]PIE: Play in editor start time for /Game/VehicleAdvBP/Maps/UEDPIE_0_VehicleAdvExampleMap 0.853
[2017.12.22-22.41.28:822][405]LogBlueprintUserMessages: Late PlayInEditor Detection: Level '/Game/VehicleAdvBP/Maps/VehicleAdvExampleMap.VehicleAdvExampleMap:PersistentLevel' has LevelScriptBlueprint '/Game/VehicleAdvBP/Maps/VehicleAdvExampleMap.VehicleAdvExampleMap:PersistentLevel.VehicleAdvExampleMap' with GeneratedClass '/Game/VehicleAdvBP/Maps/VehicleAdvExampleMap.VehicleAdvExampleMap_C' with ClassGeneratedBy '/Game/VehicleAdvBP/Maps/VehicleAdvExampleMap.VehicleAdvExampleMap:PersistentLevel.VehicleAdvExampleMap'
[2017.12.22-22.41.33:401][677]LogBlueprintUserMessages: [VehicleBlueprint2_698] 99
[2017.12.22-22.41.33:917][708]LogBlueprintUserMessages: [VehicleBlueprint2_698] 98
[2017.12.22-22.41.35:735][817]LogBlueprintUserMessages: [VehicleBlueprint2_698] 97
[2017.12.22-22.41.37:386][916]LogBlueprintUserMessages: [BP_Weapon_Pickup2_68] Seocndary Added
[2017.12.22-22.41.42:220][206]LogBlueprintUserMessages: [RocketProjectile_C_0] Hello
[2017.12.22-22.41.43:853][304]LogBlueprintUserMessages: [RocketProjectile_C_1] Hello
[2017.12.22-22.41.43:919][308]LogBlueprintUserMessages: [RocketProjectile_C_1] Hello
[2017.12.22-22.41.44:719][356]LogBlueprintUserMessages: [RocketProjectile_C_1] Hello
[2017.12.22-22.41.44:887][366]LogBlueprintUserMessages: [RocketProjectile_C_2] Hello
[2017.12.22-22.41.45:636][411]LogBlueprintUserMessages: [RocketProjectile_C_3] Hello
[2017.12.22-22.41.45:686][414]LogBlueprintUserMessages: [RocketProjectile_C_3] Hello
[2017.12.22-22.41.45:686][414]LogBlueprintUserMessages: [VehicleBlueprint2_698] 72
[2017.12.22-22.41.46:187][444]LogBlueprintUserMessages: [RocketProjectile_C_4] Hello
[2017.12.22-22.41.46:219][446]LogBlueprintUserMessages: [RocketProjectile_C_4] Hello
[2017.12.22-22.41.46:219][446]LogBlueprintUserMessages: [VehicleBlueprint2_698] 47
[2017.12.22-22.41.46:804][481]LogBlueprintUserMessages: [RocketProjectile_C_5] Hello
[2017.12.22-22.41.47:320][512]LogBlueprintUserMessages: [RocketProjectile_C_6] Hello
[2017.12.22-22.41.48:004][553]LogBlueprintUserMessages: [RocketProjectile_C_7] Hello
[2017.12.22-22.41.48:086][558]LogBlueprintUserMessages: [RocketProjectile_C_7] Hello
[2017.12.22-22.41.48:086][558]LogBlueprintUserMessages: [VehicleBlueprint2_698] 22
[2017.12.22-22.41.48:387][576]LogBlueprintUserMessages: [RocketProjectile_C_8] Hello
[2017.12.22-22.41.48:469][581]LogBlueprintUserMessages: [RocketProjectile_C_8] Hello
[2017.12.22-22.41.48:469][581]LogBlueprintUserMessages: [VehicleBlueprint2_698] -3
[2017.12.22-22.41.50:687][714]LogBlueprintUserMessages: Early EndPlayMap Detection: Level '/Game/VehicleAdvBP/Maps/VehicleAdvExampleMap.VehicleAdvExampleMap:PersistentLevel' has LevelScriptBlueprint '/Game/VehicleAdvBP/Maps/VehicleAdvExampleMap.VehicleAdvExampleMap:PersistentLevel.VehicleAdvExampleMap' with GeneratedClass '/Game/VehicleAdvBP/Maps/VehicleAdvExampleMap.VehicleAdvExampleMap_C' with ClassGeneratedBy '/Game/VehicleAdvBP/Maps/VehicleAdvExampleMap.VehicleAdvExampleMap:PersistentLevel.VehicleAdvExampleMap'
[2017.12.22-22.41.50:724][714]LogBlueprintUserMessages: Late EndPlayMap Detection: Level '/Game/VehicleAdvBP/Maps/VehicleAdvExampleMap.VehicleAdvExampleMap:PersistentLevel' has LevelScriptBlueprint '/Game/VehicleAdvBP/Maps/VehicleAdvExampleMap.VehicleAdvExampleMap:PersistentLevel.VehicleAdvExampleMap' with GeneratedClass '/Game/VehicleAdvBP/Maps/VehicleAdvExampleMap.VehicleAdvExampleMap_C' with ClassGeneratedBy '/Game/VehicleAdvBP/Maps/VehicleAdvExampleMap.VehicleAdvExampleMap:PersistentLevel.VehicleAdvExampleMap'
[2017.12.22-22.42.48:442][117]BlueprintLog: New page: Compile RocketProjectile
[2017.12.22-22.42.55:007][484]LogTemp: Repeating last play command: Selected Viewport
[2017.12.22-22.42.55:031][484]LogBlueprintUserMessages: Early PlayInEditor Detection: Level '/Game/VehicleAdvBP/Maps/VehicleAdvExampleMap.VehicleAdvExampleMap:PersistentLevel' has LevelScriptBlueprint '/Game/VehicleAdvBP/Maps/VehicleAdvExampleMap.VehicleAdvExampleMap:PersistentLevel.VehicleAdvExampleMap' with GeneratedClass '/Game/VehicleAdvBP/Maps/VehicleAdvExampleMap.VehicleAdvExampleMap_C' with ClassGeneratedBy '/Game/VehicleAdvBP/Maps/VehicleAdvExampleMap.VehicleAdvExampleMap:PersistentLevel.VehicleAdvExampleMap'
[2017.12.22-22.42.55:031][484]LogPlayLevel: PlayLevel: No blueprints needed recompiling
[2017.12.22-22.42.55:032][484]PIE: New page: PIE session: VehicleAdvExampleMap (Dec 22, 2017, 12:42:55 PM)
[2017.12.22-22.42.55:032][484]LogPlayLevel: Creating play world package: /Game/VehicleAdvBP/Maps/UEDPIE_0_VehicleAdvExampleMap
[2017.12.22-22.42.55:065][484]LogPlayLevel: PIE: StaticDuplicateObject took: (0.033410s)
[2017.12.22-22.42.55:066][484]LogAIModule: Creating AISystem for world VehicleAdvExampleMap
[2017.12.22-22.42.55:066][484]LogPlayLevel: PIE: World Init took: (0.001085s)
[2017.12.22-22.42.55:067][484]LogPlayLevel: PIE: Created PIE world by copying editor world from /Game/VehicleAdvBP/Maps/VehicleAdvExampleMap.VehicleAdvExampleMap to /Game/VehicleAdvBP/Maps/UEDPIE_0_VehicleAdvExampleMap.VehicleAdvExampleMap (0.034949s)
[2017.12.22-22.42.55:089][484]LogInit: XAudio2 using 'Speakers / Headphones (Realtek Audio)' : 2 channels at 48 kHz using 32 bits per sample (channel mask 0x3)
[2017.12.22-22.42.55:105][484]LogInit: FAudioDevice initialized.
[2017.12.22-22.42.55:137][484]LogLoad: Game class is 'VehicleAdvGameMode_C'
[2017.12.22-22.42.55:150][484]LogWorld: Bringing World /Game/VehicleAdvBP/Maps/UEDPIE_0_VehicleAdvExampleMap.VehicleAdvExampleMap up for play (max tick rate 60) at 2017.12.22-17.42.55
[2017.12.22-22.42.55:151][484]LogWorld: Bringing up level for play took: 0.008364
[2017.12.22-22.42.55:154][484]PIE: Play in editor start time for /Game/VehicleAdvBP/Maps/UEDPIE_0_VehicleAdvExampleMap -0.816
[2017.12.22-22.42.55:154][484]LogBlueprintUserMessages: Late PlayInEditor Detection: Level '/Game/VehicleAdvBP/Maps/VehicleAdvExampleMap.VehicleAdvExampleMap:PersistentLevel' has LevelScriptBlueprint '/Game/VehicleAdvBP/Maps/VehicleAdvExampleMap.VehicleAdvExampleMap:PersistentLevel.VehicleAdvExampleMap' with GeneratedClass '/Game/VehicleAdvBP/Maps/VehicleAdvExampleMap.VehicleAdvExampleMap_C' with ClassGeneratedBy '/Game/VehicleAdvBP/Maps/VehicleAdvExampleMap.VehicleAdvExampleMap:PersistentLevel.VehicleAdvExampleMap'
[2017.12.22-22.42.58:054][655]LogBlueprintUserMessages: [BP_Weapon_Pickup2_68] Seocndary Added
[2017.12.22-22.43.02:354][913]LogBlueprintUserMessages: [RocketProjectile_C_0] Hello
[2017.12.22-22.43.02:453][919]LogBlueprintUserMessages: [RocketProjectile_C_0] Hello
[2017.12.22-22.43.02:453][919]LogBlueprintUserMessages: [VehicleBlueprint2_698] 75
[2017.12.22-22.43.03:204][964]LogBlueprintUserMessages: [RocketProjectile_C_1] Hello
[2017.12.22-22.43.03:936][  8]LogBlueprintUserMessages: [RocketProjectile_C_2] Hello
[2017.12.22-22.43.05:854][123]LogBlueprintUserMessages: [RocketProjectile_C_3] Hello
[2017.12.22-22.43.06:002][132]LogBlueprintUserMessages: [RocketProjectile_C_3] Hello
[2017.12.22-22.43.06:002][132]LogBlueprintUserMessages: [VehicleBlueprint2_698] 50
[2017.12.22-22.43.06:871][184]LogBlueprintUserMessages: [RocketProjectile_C_4] Hello
[2017.12.22-22.43.07:537][224]LogBlueprintUserMessages: [RocketProjectile_C_5] Hello
[2017.12.22-22.43.07:636][230]LogBlueprintUserMessages: [RocketProjectile_C_5] Hello
[2017.12.22-22.43.07:636][230]LogBlueprintUserMessages: [VehicleBlueprint2_698] 25
[2017.12.22-22.43.08:021][253]LogBlueprintUserMessages: [RocketProjectile_C_6] Hello
[2017.12.22-22.43.08:136][260]LogBlueprintUserMessages: [RocketProjectile_C_6] Hello
[2017.12.22-22.43.08:136][260]LogBlueprintUserMessages: [VehicleBlueprint2_698] 0
[2017.12.22-22.43.08:654][291]LogBlueprintUserMessages: [RocketProjectile_C_7] Hello
[2017.12.22-22.43.09:070][316]LogBlueprintUserMessages: [RocketProjectile_C_8] Hello
[2017.12.22-22.43.09:487][341]LogBlueprintUserMessages: [RocketProjectile_C_9] Hello
[2017.12.22-22.43.09:904][366]LogBlueprintUserMessages: [RocketProjectile_C_10] Hello
[2017.12.22-22.43.10:954][429]LogBlueprintUserMessages: [RocketProjectile_C_11] Hello
[2017.12.22-22.43.12:054][495]LogBlueprintUserMessages: [RocketProjectile_C_12] Hello
[2017.12.22-22.43.15:103][678]LogBlueprintUserMessages: [RocketProjectile_C_12] Hello
[2017.12.22-22.43.16:171][742]LogBlueprintUserMessages: [RocketProjectile_C_13] Hello
[2017.12.22-22.43.19:220][925]LogBlueprintUserMessages: [RocketProjectile_C_13] Hello
[2017.12.22-22.43.19:304][930]LogBlueprintUserMessages: [RocketProjectile_C_14] Hello
[2017.12.22-22.43.20:354][993]LogBlueprintUserMessages: [RocketProjectile_C_15] Hello
[2017.12.22-22.43.20:921][ 27]LogBlueprintUserMessages: [RocketProjectile_C_16] Hello
[2017.12.22-22.43.21:504][ 62]LogBlueprintUserMessages: [RocketProjectile_C_17] Hello
[2017.12.22-22.43.22:237][106]LogBlueprintUserMessages: [RocketProjectile_C_18] Hello
[2017.12.22-22.43.22:353][113]LogBlueprintUserMessages: [RocketProjectile_C_14] Hello
[2017.12.22-22.43.23:403][176]LogBlueprintUserMessages: [RocketProjectile_C_15] Hello
[2017.12.22-22.43.23:970][210]LogBlueprintUserMessages: [RocketProjectile_C_16] Hello
[2017.12.22-22.43.24:553][245]LogBlueprintUserMessages: [RocketProjectile_C_17] Hello
[2017.12.22-22.43.25:287][289]LogBlueprintUserMessages: [RocketProjectile_C_18] Hello
[2017.12.22-22.43.28:338][472]LogBlueprintUserMessages: [RocketProjectile_C_19] Hello
[2017.12.22-22.43.31:387][655]LogBlueprintUserMessages: [RocketProjectile_C_19] Hello
[2017.12.22-22.43.33:040][754]LogBlueprintUserMessages: [RocketProjectile_C_20] Hello
[2017.12.22-22.43.33:573][786]LogBlueprintUserMessages: [RocketProjectile_C_21] Hello
[2017.12.22-22.43.36:090][937]LogBlueprintUserMessages: [RocketProjectile_C_20] Hello
[2017.12.22-22.43.36:424][957]LogBlueprintUserMessages: [RocketProjectile_C_22] Hello
[2017.12.22-22.43.36:622][969]LogBlueprintUserMessages: [RocketProjectile_C_21] Hello
[2017.12.22-22.43.38:457][ 79]LogBlueprintUserMessages: [RocketProjectile_C_23] Hello
[2017.12.22-22.43.40:940][228]LogBlueprintUserMessages: [RocketProjectile_C_24] Hello
[2017.12.22-22.43.50:990][831]LogBlueprintUserMessages: [RocketProjectile_C_25] Hello
[2017.12.22-22.43.52:607][928]LogBlueprintUserMessages: [RocketProjectile_C_26] Hello
[2017.12.22-22.43.53:923][  7]LogBlueprintUserMessages: [RocketProjectile_C_25] Hello
[2017.12.22-22.43.55:555][104]LogBlueprintUserMessages: [RocketProjectile_C_26] Hello
[2017.12.22-22.43.58:024][252]LogBlueprintUserMessages: [RocketProjectile_C_27] Hello
[2017.12.22-22.43.58:024][252]LogBlueprintUserMessages: [RocketProjectile_C_27] Hello
[2017.12.22-22.44.01:940][487]LogBlueprintUserMessages: [RocketProjectile_C_28] Hello
[2017.12.22-22.44.01:942][487]LogBlueprintUserMessages: [RocketProjectile_C_28] Hello
[2017.12.22-22.44.05:056][674]LogBlueprintUserMessages: [RocketProjectile_C_28] Hello
[2017.12.22-22.44.11:708][ 73]LogBlueprintUserMessages: [RocketProjectile_C_29] Hello
[2017.12.22-22.44.14:445][237]LogBlueprintUserMessages: [RocketProjectile_C_30] Hello
[2017.12.22-22.44.14:774][257]LogBlueprintUserMessages: [RocketProjectile_C_29] Hello
[2017.12.22-22.44.16:945][387]LogBlueprintUserMessages: Early EndPlayMap Detection: Level '/Game/VehicleAdvBP/Maps/VehicleAdvExampleMap.VehicleAdvExampleMap:PersistentLevel' has LevelScriptBlueprint '/Game/VehicleAdvBP/Maps/VehicleAdvExampleMap.VehicleAdvExampleMap:PersistentLevel.VehicleAdvExampleMap' with GeneratedClass '/Game/VehicleAdvBP/Maps/VehicleAdvExampleMap.VehicleAdvExampleMap_C' with ClassGeneratedBy '/Game/VehicleAdvBP/Maps/VehicleAdvExampleMap.VehicleAdvExampleMap:PersistentLevel.VehicleAdvExampleMap'
[2017.12.22-22.44.16:983][387]LogBlueprintUserMessages: Late EndPlayMap Detection: Level '/Game/VehicleAdvBP/Maps/VehicleAdvExampleMap.VehicleAdvExampleMap:PersistentLevel' has LevelScriptBlueprint '/Game/VehicleAdvBP/Maps/VehicleAdvExampleMap.VehicleAdvExampleMap:PersistentLevel.VehicleAdvExampleMap' with GeneratedClass '/Game/VehicleAdvBP/Maps/VehicleAdvExampleMap.VehicleAdvExampleMap_C' with ClassGeneratedBy '/Game/VehicleAdvBP/Maps/VehicleAdvExampleMap.VehicleAdvExampleMap:PersistentLevel.VehicleAdvExampleMap'
[2017.12.22-22.44.48:982][304]Cmd: SELECT NONE
[2017.12.22-22.46.53:065][695]LogActorComponent: UnregisterComponent: (/Engine/Transient.EditorFloorComp) Not registered. Aborting.
[2017.12.22-22.46.55:455][736]Cmd: QUIT_EDITOR
[2017.12.22-22.46.56:022][736]LogWindowsTextInputMethodSystem: Display: IME system now deactivated.
[2017.12.22-22.46.56:056][736]LogExit: Preparing to exit.
[2017.12.22-22.46.57:236][736]LogDirectoryWatcher: A directory notification for 'C:/Users/Aric's PC/Documents/Unreal Projects/CarBlueprints/Content/' was aborted.
[2017.12.22-22.46.57:287][736]LogExit: Editor shut down
[2017.12.22-22.46.57:295][736]LogExit: Transaction tracking system shut down
[2017.12.22-22.46.57:479][736]LogDirectoryWatcher: A directory notification for '../../../Engine/Content/' was aborted.
[2017.12.22-22.46.57:479][736]LogDirectoryWatcher: A directory notification for '../../../../../../Users/Aric's PC/Documents/Unreal Projects/CarBlueprints/Content/' was aborted.
[2017.12.22-22.46.57:479][736]LogDirectoryWatcher: A directory notification for '../../../Engine/Plugins/2D/Paper2D/Content/' was aborted.
[2017.12.22-22.46.57:479][736]LogDirectoryWatcher: A directory notification for '../../../Engine/Plugins/Runtime/Oculus/OculusVR/Content/' was aborted.
[2017.12.22-22.46.57:480][736]LogDirectoryWatcher: A directory notification for '../../../Engine/Plugins/Runtime/Steam/SteamVR/Content/' was aborted.
[2017.12.22-22.46.57:575][736]LogExit: Object subsystem successfully closed.
[2017.12.22-22.46.57:595][736]LogD3D11RHI: Shutdown
[2017.12.22-22.46.57:595][736]LogD3D11RHI: CleanupD3DDevice
[2017.12.22-22.46.57:707][736]LogD3D11RHI: ~FD3D11DynamicRHI
[2017.12.22-22.46.57:735][736]LogModuleManager: Shutting down and abandoning module MovieSceneCapture (538)
[2017.12.22-22.46.57:735][736]LogModuleManager: Shutting down and abandoning module BlueprintGraph (536)
[2017.12.22-22.46.57:735][736]LogModuleManager: Shutting down and abandoning module BlueprintProfiler (534)
[2017.12.22-22.46.57:735][736]LogModuleManager: Shutting down and abandoning module HierarchicalLODOutliner (532)
[2017.12.22-22.46.57:735][736]LogModuleManager: Shutting down and abandoning module SceneOutliner (530)
[2017.12.22-22.46.57:735][736]LogModuleManager: Shutting down and abandoning module AddContentDialog (528)
[2017.12.22-22.46.57:735][736]LogDirectoryWatcher: A directory notification for 'C:/Program Files/Epic Games/UE_4.17/FeaturePacks/' was aborted.
[2017.12.22-22.46.57:736][736]LogModuleManager: Shutting down and abandoning module WidgetCarousel (527)
[2017.12.22-22.46.57:736][736]LogModuleManager: Shutting down and abandoning module EditorWidgets (524)
[2017.12.22-22.46.57:736][736]LogModuleManager: Shutting down and abandoning module CollectionManager (522)
[2017.12.22-22.46.57:736][736]LogDirectoryWatcher: A directory notification for 'C:/Users/Aric's PC/Documents/Unreal Projects/CarBlueprints/Content/Collections/' was aborted.
[2017.12.22-22.46.57:736][736]LogDirectoryWatcher: A directory notification for 'C:/Users/Aric's PC/Documents/Unreal Projects/CarBlueprints/Content/Developers/AricsPC/Collections/' was aborted.
[2017.12.22-22.46.57:736][736]LogDirectoryWatcher: A directory notification for 'C:/Users/Aric's PC/Documents/Unreal Projects/CarBlueprints/Saved/Collections/' was aborted.
[2017.12.22-22.46.57:736][736]LogModuleManager: Shutting down and abandoning module StatsViewer (520)
[2017.12.22-22.46.57:736][736]LogModuleManager: Shutting down and abandoning module FoliageEdit (518)
[2017.12.22-22.46.57:736][736]LogModuleManager: Shutting down and abandoning module LandscapeEditor (516)
[2017.12.22-22.46.57:736][736]LogModuleManager: Shutting down and abandoning module MeshPaintMode (514)
[2017.12.22-22.46.57:736][736]LogModuleManager: Shutting down and abandoning module SceneDepthPickerMode (512)
[2017.12.22-22.46.57:736][736]LogModuleManager: Shutting down and abandoning module ActorPickerMode (510)
[2017.12.22-22.46.57:736][736]LogModuleManager: Shutting down and abandoning module GeometryMode (508)
[2017.12.22-22.46.57:736][736]LogModuleManager: Shutting down and abandoning module TextureAlignMode (506)
[2017.12.22-22.46.57:736][736]LogModuleManager: Shutting down and abandoning module BspMode (504)
[2017.12.22-22.46.57:736][736]LogModuleManager: Shutting down and abandoning module PIEPreviewDeviceProfileSelector (502)
[2017.12.22-22.46.57:736][736]LogModuleManager: Shutting down and abandoning module HardwareSurvey (500)
[2017.12.22-22.46.57:736][736]LogModuleManager: Shutting down and abandoning module SequenceRecorderSections (498)
[2017.12.22-22.46.57:736][736]LogModuleManager: Shutting down and abandoning module AutomationWorker (496)
[2017.12.22-22.46.57:736][736]LogModuleManager: Shutting down and abandoning module MatineeToLevelSequence (494)
[2017.12.22-22.46.57:736][736]LogModuleManager: Shutting down and abandoning module LevelSequenceEditor (492)
[2017.12.22-22.46.57:737][736]LogModuleManager: Shutting down and abandoning module PlacementMode (491)
[2017.12.22-22.46.57:737][736]LogModuleManager: Shutting down and abandoning module WmfMediaFactory (488)
[2017.12.22-22.46.57:737][736]LogModuleManager: Shutting down and abandoning module WmfMediaEditor (486)
[2017.12.22-22.46.57:737][736]LogModuleManager: Shutting down and abandoning module AvfMediaFactory (484)
[2017.12.22-22.46.57:737][736]LogModuleManager: Shutting down and abandoning module AvfMediaEditor (482)
[2017.12.22-22.46.57:737][736]LogModuleManager: Shutting down and abandoning module AndroidMediaFactory (480)
[2017.12.22-22.46.57:737][736]LogModuleManager: Shutting down and abandoning module Media (479)
[2017.12.22-22.46.57:737][736]LogModuleManager: Shutting down and abandoning module AndroidMediaEditor (476)
[2017.12.22-22.46.57:737][736]LogModuleManager: Shutting down and abandoning module CharacterAI (474)
[2017.12.22-22.46.57:737][736]LogModuleManager: Shutting down and abandoning module AudioCapture (472)
[2017.12.22-22.46.57:737][736]LogModuleManager: Shutting down and abandoning module SequenceRecorder (471)
[2017.12.22-22.46.57:737][736]LogModuleManager: Shutting down and abandoning module SmartSnapping (468)
[2017.12.22-22.46.57:737][736]LogModuleManager: Shutting down and abandoning module SessionServices (466)
[2017.12.22-22.46.57:737][736]LogModuleManager: Shutting down and abandoning module ViewportSnapping (464)
[2017.12.22-22.46.57:737][736]LogModuleManager: Shutting down and abandoning module ViewportInteraction (462)
[2017.12.22-22.46.57:737][736]LogModuleManager: Shutting down and abandoning module ClothPainter (460)
[2017.12.22-22.46.57:737][736]LogModuleManager: Shutting down and abandoning module LogVisualizer (458)
[2017.12.22-22.46.57:737][736]LogModuleManager: Shutting down and abandoning module IntroTutorials (456)
[2017.12.22-22.46.57:737][736]LogModuleManager: Shutting down and abandoning module GameProjectGeneration (455)
[2017.12.22-22.46.57:737][736]LogModuleManager: Shutting down and abandoning module IOSPlatformEditor (452)
[2017.12.22-22.46.57:737][736]LogModuleManager: Shutting down and abandoning module HTML5PlatformEditor (450)
[2017.12.22-22.46.57:737][736]LogModuleManager: Shutting down and abandoning module AndroidPlatformEditor (448)
[2017.12.22-22.46.57:737][736]LogModuleManager: Shutting down and abandoning module AndroidDeviceDetection (447)
[2017.12.22-22.46.58:691][736]LogModuleManager: Shutting down and abandoning module WindowsPlatformEditor (444)
[2017.12.22-22.46.58:691][736]LogModuleManager: Shutting down and abandoning module IOSRuntimeSettings (442)
[2017.12.22-22.46.58:691][736]LogModuleManager: Shutting down and abandoning module AndroidRuntimeSettings (440)
[2017.12.22-22.46.58:691][736]LogModuleManager: Shutting down and abandoning module InputBindingEditor (438)
[2017.12.22-22.46.58:691][736]LogModuleManager: Shutting down and abandoning module MergeActors (436)
[2017.12.22-22.46.58:691][736]LogModuleManager: Shutting down and abandoning module SizeMap (434)
[2017.12.22-22.46.58:691][736]LogModuleManager: Shutting down and abandoning module TreeMap (432)
[2017.12.22-22.46.58:691][736]LogModuleManager: Shutting down and abandoning module ReferenceViewer (430)
[2017.12.22-22.46.58:691][736]LogModuleManager: Shutting down and abandoning module LocalizationDashboard (428)
[2017.12.22-22.46.58:691][736]LogModuleManager: Shutting down and abandoning module LocalizationService (427)
[2017.12.22-22.46.58:691][736]LogModuleManager: Shutting down and abandoning module HardwareTargeting (424)
[2017.12.22-22.46.58:691][736]LogModuleManager: Shutting down and abandoning module DeviceProfileEditor (422)
[2017.12.22-22.46.58:691][736]LogModuleManager: Shutting down and abandoning module UndoHistory (420)
[2017.12.22-22.46.58:691][736]LogModuleManager: Shutting down and abandoning module XmlParser (418)
[2017.12.22-22.46.58:691][736]LogModuleManager: Shutting down and abandoning module Blutility (416)
[2017.12.22-22.46.58:691][736]LogModuleManager: Shutting down and abandoning module ProjectSettingsViewer (414)
[2017.12.22-22.46.58:691][736]LogModuleManager: Shutting down and abandoning module ProjectTargetPlatformEditor (413)
[2017.12.22-22.46.58:691][736]LogModuleManager: Shutting down and abandoning module EditorSettingsViewer (410)
[2017.12.22-22.46.58:691][736]LogModuleManager: Shutting down and abandoning module SettingsEditor (408)
[2017.12.22-22.46.58:691][736]LogModuleManager: Shutting down and abandoning module ProjectLauncher (406)
[2017.12.22-22.46.58:691][736]LogModuleManager: Shutting down and abandoning module SessionFrontend (404)
[2017.12.22-22.46.58:691][736]LogModuleManager: Shutting down and abandoning module ProfilerClient (402)
[2017.12.22-22.46.58:691][736]LogModuleManager: Shutting down and abandoning module DeviceManager (400)
[2017.12.22-22.46.58:691][736]LogModuleManager: Shutting down and abandoning module TargetDeviceServices (399)
[2017.12.22-22.46.58:747][736]LogModuleManager: Shutting down and abandoning module AutomationController (396)
[2017.12.22-22.46.58:747][736]LogModuleManager: Shutting down and abandoning module AutomationWindow (394)
[2017.12.22-22.46.58:747][736]LogModuleManager: Shutting down and abandoning module Layers (392)
[2017.12.22-22.46.58:747][736]LogModuleManager: Shutting down and abandoning module ComponentVisualizers (390)
[2017.12.22-22.46.58:747][736]LogModuleManager: Shutting down and abandoning module DetailCustomizations (388)
[2017.12.22-22.46.58:747][736]LogModuleManager: Shutting down and abandoning module PackagesDialog (386)
[2017.12.22-22.46.58:747][736]LogModuleManager: Shutting down and abandoning module Persona (384)
[2017.12.22-22.46.58:748][736]LogModuleManager: Shutting down and abandoning module AdvancedPreviewScene (383)
[2017.12.22-22.46.58:748][736]LogModuleManager: Shutting down and abandoning module AnimGraph (381)
[2017.12.22-22.46.58:748][736]LogModuleManager: Shutting down and abandoning module Kismet (378)
[2017.12.22-22.46.58:758][736]LogModuleManager: Shutting down and abandoning module ClassViewer (376)
[2017.12.22-22.46.58:758][736]LogModuleManager: Shutting down and abandoning module Toolbox (374)
[2017.12.22-22.46.58:758][736]LogModuleManager: Shutting down and abandoning module ModuleUI (372)
[2017.12.22-22.46.58:758][736]LogModuleManager: Shutting down and abandoning module MovieSceneTools (370)
[2017.12.22-22.46.58:759][736]LogModuleManager: Shutting down and abandoning module OutputLog (368)
[2017.12.22-22.46.58:759][736]LogModuleManager: Shutting down and abandoning module GammaUI (366)
[2017.12.22-22.46.58:759][736]LogModuleManager: Shutting down and abandoning module Documentation (364)
[2017.12.22-22.46.58:759][736]LogModuleManager: Shutting down and abandoning module MovieSceneTracks (362)
[2017.12.22-22.46.58:759][736]LogModuleManager: Shutting down and abandoning module MovieScene (360)
[2017.12.22-22.46.58:759][736]LogModuleManager: Shutting down and abandoning module Niagara (358)
[2017.12.22-22.46.58:759][736]LogModuleManager: Shutting down and abandoning module NiagaraEditor (357)
[2017.12.22-22.46.58:759][736]LogModuleManager: Shutting down and abandoning module StreamingPauseRendering (354)
[2017.12.22-22.46.58:759][736]LogModuleManager: Shutting down and abandoning module LauncherPlatform (352)
[2017.12.22-22.46.58:759][736]LogModuleManager: Shutting down and abandoning module AnalyticsET (350)
[2017.12.22-22.46.58:759][736]LogModuleManager: Shutting down and abandoning module PortalServices (348)
[2017.12.22-22.46.58:759][736]LogModuleManager: Shutting down and abandoning module PortalRpc (346)
[2017.12.22-22.46.58:759][736]LogModuleManager: Shutting down and abandoning module MessagingRpc (344)
[2017.12.22-22.46.58:759][736]LogModuleManager: Shutting down and abandoning module AIModule (342)
[2017.12.22-22.46.58:759][736]LogModuleManager: Shutting down and abandoning module GameplayDebugger (341)
[2017.12.22-22.46.58:759][736]LogModuleManager: Shutting down and abandoning module AITestSuite (339)
[2017.12.22-22.46.58:759][736]LogModuleManager: Shutting down and abandoning module ProfilerService (336)
[2017.12.22-22.46.58:816][736]LogModuleManager: Shutting down and abandoning module TaskGraph (334)
[2017.12.22-22.46.58:816][736]LogModuleManager: Shutting down and abandoning module SteamVRController (332)
[2017.12.22-22.46.58:816][736]LogModuleManager: Shutting down and abandoning module ProceduralMeshComponentEditor (330)
[2017.12.22-22.46.58:817][736]LogModuleManager: Shutting down and abandoning module ProceduralMeshComponent (328)
[2017.12.22-22.46.58:817][736]LogModuleManager: Shutting down and abandoning module OculusInput (326)
[2017.12.22-22.46.58:817][736]LogModuleManager: Shutting down and abandoning module MobilePatchingUtils (324)
[2017.12.22-22.46.58:817][736]LogModuleManager: Shutting down and abandoning module CustomMeshComponent (322)
[2017.12.22-22.46.58:817][736]LogModuleManager: Shutting down and abandoning module CableComponent (320)
[2017.12.22-22.46.58:817][736]LogModuleManager: Shutting down and abandoning module ArchVisCharacter (318)
[2017.12.22-22.46.58:817][736]LogModuleManager: Shutting down and abandoning module AndroidPermission (316)
[2017.12.22-22.46.58:817][736]LogModuleManager: Shutting down and abandoning module MediaPlayerEditor (312)
[2017.12.22-22.46.58:817][736]LogModuleManager: Shutting down and abandoning module RawInput (310)
[2017.12.22-22.46.58:817][736]LogModuleManager: Shutting down and abandoning module HTML5Networking (308)
[2017.12.22-22.46.58:817][736]LogModuleManager: Shutting down and abandoning module AlembicImporter (306)
[2017.12.22-22.46.58:817][736]LogModuleManager: Shutting down and abandoning module AlembicLibrary (305)
[2017.12.22-22.46.58:817][736]LogModuleManager: Shutting down and abandoning module GeometryCache (304)
[2017.12.22-22.46.58:817][736]LogModuleManager: Shutting down and abandoning module GeometryCacheEd (303)
[2017.12.22-22.46.58:817][736]LogModuleManager: Shutting down and abandoning module SpeedTreeImporter (298)
[2017.12.22-22.46.58:817][736]LogModuleManager: Shutting down and abandoning module PluginBrowser (296)
[2017.12.22-22.46.58:817][736]LogModuleManager: Shutting down and abandoning module MobileLauncherProfileWizard (294)
[2017.12.22-22.46.58:817][736]LogModuleManager: Shutting down and abandoning module VisualStudioSourceCodeAccess (292)
[2017.12.22-22.46.58:817][736]LogModuleManager: Shutting down and abandoning module DesktopPlatform (291)
[2017.12.22-22.46.58:817][736]LogModuleManager: Shutting down and abandoning module UObjectPlugin (288)
[2017.12.22-22.46.58:817][736]LogModuleManager: Shutting down and abandoning module SubversionSourceControl (286)
[2017.12.22-22.46.58:817][736]LogModuleManager: Shutting down and abandoning module PerforceSourceControl (284)
[2017.12.22-22.46.58:817][736]LogModuleManager: Shutting down and abandoning module GitSourceControl (282)
[2017.12.22-22.46.58:817][736]LogModuleManager: Shutting down and abandoning module SourceControl (281)
[2017.12.22-22.46.58:817][736]LogModuleManager: Shutting down and abandoning module LightPropagationVolumeEditor (278)
[2017.12.22-22.46.58:817][736]LogModuleManager: Shutting down and abandoning module PaperTiledImporter (276)
[2017.12.22-22.46.58:817][736]LogModuleManager: Shutting down and abandoning module PaperSpriteSheetImporter (274)
[2017.12.22-22.46.58:817][736]LogModuleManager: Shutting down and abandoning module Paper2DEditor (272)
[2017.12.22-22.46.58:817][736]LogModuleManager: Shutting down and abandoning module MeshPaint (271)
[2017.12.22-22.46.58:818][736]LogModuleManager: Shutting down and abandoning module LevelEditor (269)
[2017.12.22-22.46.58:820][736]LogModuleManager: Shutting down and abandoning module PixelInspectorModule (268)
[2017.12.22-22.46.58:821][736]LogModuleManager: Shutting down and abandoning module MainFrame (266)
[2017.12.22-22.46.58:821][736]LogModuleManager: Shutting down and abandoning module HotReload (265)
[2017.12.22-22.46.58:821][736]LogModuleManager: Shutting down and abandoning module RuntimePhysXCooking (260)
[2017.12.22-22.46.58:821][736]LogModuleManager: Shutting down and abandoning module PhysXVehiclesEditor (258)
[2017.12.22-22.46.58:821][736]LogModuleManager: Shutting down and abandoning module PhysXVehicles (256)
[2017.12.22-22.46.58:821][736]LogModuleManager: Shutting down and abandoning module OculusEditor (254)
[2017.12.22-22.46.58:821][736]LogModuleManager: Shutting down and abandoning module LocationServicesBPLibrary (252)
[2017.12.22-22.46.58:821][736]LogModuleManager: Shutting down and abandoning module ImmediatePhysicsEditor (250)
[2017.12.22-22.46.58:821][736]LogModuleManager: Shutting down and abandoning module ImmediatePhysics (248)
[2017.12.22-22.46.58:821][736]LogModuleManager: Shutting down and abandoning module UdpMessaging (246)
[2017.12.22-22.46.58:922][736]LogModuleManager: Shutting down and abandoning module TcpMessaging (244)
[2017.12.22-22.46.59:023][736]LogModuleManager: Shutting down and abandoning module GameplayTagsEditor (242)
[2017.12.22-22.46.59:023][736]LogModuleManager: Shutting down and abandoning module FacialAnimationEditor (240)
[2017.12.22-22.46.59:023][736]LogModuleManager: Shutting down and abandoning module FacialAnimation (238)
[2017.12.22-22.46.59:023][736]LogModuleManager: Shutting down and abandoning module AssetManagerEditor (236)
[2017.12.22-22.46.59:023][736]LogModuleManager: Shutting down and abandoning module GraphEditor (235)
[2017.12.22-22.46.59:023][736]LogModuleManager: Shutting down and abandoning module ContentBrowser (233)
[2017.12.22-22.46.59:027][736]LogModuleManager: Shutting down and abandoning module LightPropagationVolumeRuntime (230)
[2017.12.22-22.46.59:027][736]LogModuleManager: Shutting down and abandoning module Paper2D (228)
[2017.12.22-22.46.59:027][736]LogModuleManager: Shutting down and abandoning module WindowsMoviePlayer (226)
[2017.12.22-22.46.59:027][736]LogModuleManager: Shutting down and abandoning module WmfMedia (224)
[2017.12.22-22.46.59:033][736]LogModuleManager: Shutting down and abandoning module PacketHandler (222)
[2017.12.22-22.46.59:033][736]LogModuleManager: Shutting down and abandoning module ClothingSystemEditor (220)
[2017.12.22-22.46.59:033][736]LogModuleManager: Shutting down and abandoning module ClothingSystemRuntime (218)
[2017.12.22-22.46.59:033][736]LogModuleManager: Shutting down and abandoning module Overlay (216)
[2017.12.22-22.46.59:034][736]LogModuleManager: Shutting down and abandoning module OverlayEditor (215)
[2017.12.22-22.46.59:034][736]LogModuleManager: Shutting down and abandoning module MediaAssets (212)
[2017.12.22-22.46.59:034][736]LogModuleManager: Shutting down and abandoning module VREditor (210)
[2017.12.22-22.46.59:034][736]LogModuleManager: Shutting down and abandoning module StringTableEditor (208)
[2017.12.22-22.46.59:034][736]LogModuleManager: Shutting down and abandoning module GameplayTasksEditor (206)
[2017.12.22-22.46.59:034][736]LogModuleManager: Shutting down and abandoning module BehaviorTreeEditor (204)
[2017.12.22-22.46.59:034][736]LogModuleManager: Shutting down and abandoning module FunctionalTesting (202)
[2017.12.22-22.46.59:034][736]LogModuleManager: Shutting down and abandoning module CollisionAnalyzer (200)
[2017.12.22-22.46.59:034][736]LogModuleManager: Shutting down and abandoning module WorkspaceMenuStructure (199)
[2017.12.22-22.46.59:034][736]LogModuleManager: Shutting down and abandoning module UMG (196)
[2017.12.22-22.46.59:034][736]LogModuleManager: Shutting down and abandoning module UMGEditor (195)
[2017.12.22-22.46.59:034][736]LogModuleManager: Shutting down and abandoning module Sequencer (194)
[2017.12.22-22.46.59:034][736]LogModuleManager: Shutting down and abandoning module MessageLog (191)
[2017.12.22-22.46.59:034][736]LogModuleManager: Shutting down and abandoning module SlateReflector (186)
[2017.12.22-22.46.59:034][736]LogModuleManager: Shutting down and abandoning module Slate (184)
[2017.12.22-22.46.59:034][736]LogModuleManager: Shutting down and abandoning module EditorStyle (182)
[2017.12.22-22.46.59:039][736]LogModuleManager: Shutting down and abandoning module MRMesh (180)
[2017.12.22-22.46.59:039][736]LogModuleManager: Shutting down and abandoning module SourceCodeAccess (178)
[2017.12.22-22.46.59:039][736]LogModuleManager: Shutting down and abandoning module HeadMountedDisplay (176)
[2017.12.22-22.46.59:039][736]LogModuleManager: Shutting down and abandoning module XAudio2 (174)
[2017.12.22-22.46.59:039][736]LogModuleManager: Shutting down and abandoning module Networking (172)
[2017.12.22-22.46.59:039][736]LogModuleManager: Shutting down and abandoning module Core (168)
[2017.12.22-22.46.59:039][736]LogModuleManager: Shutting down and abandoning module KismetCompiler (164)
[2017.12.22-22.46.59:039][736]LogModuleManager: Shutting down and abandoning module LevelSequence (162)
[2017.12.22-22.46.59:039][736]LogModuleManager: Shutting down and abandoning module MeshUtilities (160)
[2017.12.22-22.46.59:039][736]LogModuleManager: Shutting down and abandoning module MeshMergeUtilities (159)
[2017.12.22-22.46.59:039][736]LogModuleManager: Shutting down and abandoning module MeshReductionInterface (158)
[2017.12.22-22.46.59:039][736]LogModuleManager: Shutting down and abandoning module SimplygonSwarm (157)
[2017.12.22-22.46.59:039][736]LogModuleManager: Shutting down and abandoning module SimplygonMeshReduction (155)
[2017.12.22-22.46.59:039][736]LogModuleManager: Shutting down and abandoning module QuadricMeshReduction (153)
[2017.12.22-22.46.59:039][736]LogModuleManager: Shutting down and abandoning module MaterialBaking (149)
[2017.12.22-22.46.59:039][736]LogModuleManager: Shutting down and abandoning module DirectoryWatcher (146)
[2017.12.22-22.46.59:040][736]LogModuleManager: Shutting down and abandoning module DerivedDataCache (144)
[2017.12.22-22.46.59:099][736]LogDerivedDataCache: Shutdown
[2017.12.22-22.46.59:099][736]LogModuleManager: Shutting down and abandoning module TargetPlatform (142)
[2017.12.22-22.46.59:099][736]LogModuleManager: Shutting down and abandoning module VulkanShaderFormat (141)
[2017.12.22-22.46.59:099][736]LogModuleManager: Shutting down and abandoning module ShaderFormatVectorVM (139)
[2017.12.22-22.46.59:099][736]LogModuleManager: Shutting down and abandoning module ShaderFormatOpenGL (137)
[2017.12.22-22.46.59:099][736]LogModuleManager: Shutting down and abandoning module ShaderFormatD3D (135)
[2017.12.22-22.46.59:099][736]LogModuleManager: Shutting down and abandoning module MetalShaderFormat (133)
[2017.12.22-22.46.59:099][736]LogModuleManager: Shutting down and abandoning module TextureFormatUncompressed (131)
[2017.12.22-22.46.59:099][736]LogModuleManager: Shutting down and abandoning module TextureFormatPVR (129)
[2017.12.22-22.46.59:100][736]LogModuleManager: Shutting down and abandoning module TextureFormatDXT (127)
[2017.12.22-22.46.59:100][736]LogModuleManager: Shutting down and abandoning module TextureFormatIntelISPCTexComp (125)
[2017.12.22-22.46.59:100][736]LogModuleManager: Shutting down and abandoning module TextureFormatASTC (123)
[2017.12.22-22.46.59:100][736]LogModuleManager: Shutting down and abandoning module ImageWrapper (122)
[2017.12.22-22.46.59:100][736]LogModuleManager: Shutting down and abandoning module TextureFormatAndroid (119)
[2017.12.22-22.46.59:100][736]LogModuleManager: Shutting down and abandoning module AudioFormatOpus (117)
[2017.12.22-22.46.59:100][736]LogModuleManager: Shutting down and abandoning module AudioFormatOgg (115)
[2017.12.22-22.46.59:100][736]LogModuleManager: Shutting down and abandoning module AudioFormatADPCM (113)
[2017.12.22-22.46.59:100][736]LogModuleManager: Shutting down and abandoning module LinuxTargetPlatform (111)
[2017.12.22-22.46.59:100][736]LogModuleManager: Shutting down and abandoning module LinuxServerTargetPlatform (109)
[2017.12.22-22.46.59:100][736]LogModuleManager: Shutting down and abandoning module LinuxNoEditorTargetPlatform (107)
[2017.12.22-22.46.59:100][736]LogModuleManager: Shutting down and abandoning module LinuxClientTargetPlatform (105)
[2017.12.22-22.46.59:101][736]LogModuleManager: Shutting down and abandoning module TVOSTargetPlatform (103)
[2017.12.22-22.46.59:101][736]LogModuleManager: Shutting down and abandoning module Messaging (101)
[2017.12.22-22.46.59:101][736]LogModuleManager: Shutting down and abandoning module IOSTargetPlatform (99)
[2017.12.22-22.46.59:101][736]LogModuleManager: Shutting down and abandoning module HTML5TargetPlatform (97)
[2017.12.22-22.46.59:101][736]LogModuleManager: Shutting down and abandoning module Android_PVRTCTargetPlatform (95)
[2017.12.22-22.46.59:101][736]LogModuleManager: Shutting down and abandoning module Android_MultiTargetPlatform (93)
[2017.12.22-22.46.59:101][736]LogModuleManager: Shutting down and abandoning module Android_ETC2TargetPlatform (91)
[2017.12.22-22.46.59:101][736]LogModuleManager: Shutting down and abandoning module Android_ETC1TargetPlatform (89)
[2017.12.22-22.46.59:101][736]LogModuleManager: Shutting down and abandoning module Android_DXTTargetPlatform (87)
[2017.12.22-22.46.59:101][736]LogModuleManager: Shutting down and abandoning module Android_ATCTargetPlatform (85)
[2017.12.22-22.46.59:101][736]LogModuleManager: Shutting down and abandoning module Android_ASTCTargetPlatform (83)
[2017.12.22-22.46.59:101][736]LogModuleManager: Shutting down and abandoning module AndroidTargetPlatform (81)
[2017.12.22-22.46.59:101][736]LogModuleManager: Shutting down and abandoning module WindowsTargetPlatform (79)
[2017.12.22-22.46.59:101][736]LogModuleManager: Shutting down and abandoning module WindowsServerTargetPlatform (77)
[2017.12.22-22.46.59:102][736]LogModuleManager: Shutting down and abandoning module WindowsNoEditorTargetPlatform (75)
[2017.12.22-22.46.59:102][736]LogModuleManager: Shutting down and abandoning module WindowsClientTargetPlatform (73)
[2017.12.22-22.46.59:102][736]LogModuleManager: Shutting down and abandoning module MacTargetPlatform (71)
[2017.12.22-22.46.59:102][736]LogModuleManager: Shutting down and abandoning module MacServerTargetPlatform (69)
[2017.12.22-22.46.59:102][736]LogModuleManager: Shutting down and abandoning module MacNoEditorTargetPlatform (67)
[2017.12.22-22.46.59:102][736]LogModuleManager: Shutting down and abandoning module MacClientTargetPlatform (65)
[2017.12.22-22.46.59:102][736]LogModuleManager: Shutting down and abandoning module AllDesktopTargetPlatform (63)
[2017.12.22-22.46.59:102][736]LogModuleManager: Shutting down and abandoning module InputCore (60)
[2017.12.22-22.46.59:102][736]LogModuleManager: Shutting down and abandoning module Settings (58)
[2017.12.22-22.46.59:103][736]LogModuleManager: Shutting down and abandoning module PhysXCooking (56)
[2017.12.22-22.46.59:103][736]LogModuleManager: Shutting down and abandoning module SteamVR (54)
[2017.12.22-22.46.59:103][736]LogModuleManager: Shutting down and abandoning module OculusHMD (52)
[2017.12.22-22.46.59:103][736]LogModuleManager: Shutting down and abandoning module ExampleDeviceProfileSelector (50)
[2017.12.22-22.46.59:103][736]LogModuleManager: Shutting down and abandoning module OnlineBlueprintSupport (48)
[2017.12.22-22.46.59:103][736]LogModuleManager: Shutting down and abandoning module OnlineSubsystem (44)
[2017.12.22-22.46.59:103][736]LogOnline: Display: Unloading online subsystem: NULL
[2017.12.22-22.46.59:103][736]LogModuleManager: Shutting down and abandoning module XMPP (43)
[2017.12.22-22.46.59:103][736]LogModuleManager: Shutting down and abandoning module HTTP (41)
[2017.12.22-22.46.59:103][736]LogHttp: Display: Http module shutting down, but needs to wait on 1 outstanding Http requests:
[2017.12.22-22.46.59:104][736]LogHttp: Display: 	verb=[POST] url=[https://datarouter.ol.epicgames.com/datarouter/api/v1/public/data?SessionID=%7BFEB31B06-46AC-4B50-7F0D-01A6F52F1E89%7D&AppID=UEEditor.Rocket.Release&AppVersion=4.17.2-3658906%2B%2B%2BUE4%2BRelease-4.17&UserID=cd1f60b7479b32bd24c174b1375c1b70%7C4ba7aa541e964517b0d99766beec29d1%7Cb30741d6-520e-4fea-be44-def22d0e3946&AppEnvironment=datacollector-binary&UploadType=eteventstream] status=Processing
[2017.12.22-22.46.59:111][736]LogModuleManager: Shutting down and abandoning module SSL (40)
[2017.12.22-22.46.59:115][736]LogModuleManager: Shutting down and abandoning module AnimationModifiers (36)
[2017.12.22-22.46.59:115][736]LogModuleManager: Shutting down and abandoning module PropertyEditor (35)
[2017.12.22-22.46.59:115][736]LogModuleManager: Shutting down and abandoning module AudioEditor (32)
[2017.12.22-22.46.59:115][736]LogModuleManager: Shutting down and abandoning module TextureCompressor (30)
[2017.12.22-22.46.59:116][736]LogModuleManager: Shutting down and abandoning module ShaderCore (28)
[2017.12.22-22.46.59:116][736]LogModuleManager: Shutting down and abandoning module Landscape (26)
[2017.12.22-22.46.59:116][736]LogModuleManager: Shutting down and abandoning module SlateRHIRenderer (24)
[2017.12.22-22.46.59:119][736]LogModuleManager: Shutting down and abandoning module OpenGLDrv (22)
[2017.12.22-22.46.59:120][736]LogModuleManager: Shutting down and abandoning module D3D11RHI (20)
[2017.12.22-22.46.59:120][736]LogModuleManager: Shutting down and abandoning module AnimGraphRuntime (18)
[2017.12.22-22.46.59:120][736]LogModuleManager: Shutting down and abandoning module Renderer (16)
[2017.12.22-22.46.59:120][736]LogModuleManager: Shutting down and abandoning module Engine (14)
[2017.12.22-22.46.59:120][736]LogModuleManager: Shutting down and abandoning module CoreUObject (12)
[2017.12.22-22.46.59:120][736]LogModuleManager: Shutting down and abandoning module NetworkFile (10)
[2017.12.22-22.46.59:120][736]LogModuleManager: Shutting down and abandoning module CookedIterativeFile (8)
[2017.12.22-22.46.59:120][736]LogModuleManager: Shutting down and abandoning module StreamingFile (6)
[2017.12.22-22.46.59:120][736]LogModuleManager: Shutting down and abandoning module SandboxFile (4)
[2017.12.22-22.46.59:120][736]LogModuleManager: Shutting down and abandoning module PakFile (2)
[2017.12.22-22.46.59:127][736]LogExit: Exiting.
[2017.12.22-22.46.59:154][736]Log file closed, 12/22/17 17:46:59
