Log file open, 01/21/18 10:23:47
LogWindows: Failed to load 'aqProf.dll' (GetLastError=126)
LogWindows: File 'aqProf.dll' does not exist
LogWindows: Failed to load 'VtuneApi.dll' (GetLastError=126)
LogWindows: File 'VtuneApi.dll' does not exist
LogWindows: Failed to load 'VtuneApi32e.dll' (GetLastError=126)
LogWindows: File 'VtuneApi32e.dll' does not exist
LogInit: Display: Running engine for game: CarBlueprints
LogPlatformFile: Not using cached read wrapper
LogInit: Display: RandInit(1118074155) SRandInit(1118074155).
LogTaskGraph: Started task graph with 5 named threads and 14 total threads with 3 sets of task threads.
LogStats: Stats thread started at 0.675992
LogD3D11RHI: Aftermath initialized
LogPluginManager: Mounting plugin Paper2D
LogPluginManager: Mounting plugin LightPropagationVolume
LogPluginManager: Mounting plugin CodeLiteSourceCodeAccess
LogPluginManager: Mounting plugin GitSourceControl
LogPluginManager: Mounting plugin KDevelopSourceCodeAccess
LogPluginManager: Mounting plugin NullSourceCodeAccess
LogPluginManager: Mounting plugin PerforceSourceControl
LogPluginManager: Mounting plugin SubversionSourceControl
LogPluginManager: Mounting plugin UObjectPlugin
LogPluginManager: Mounting plugin VisualStudioSourceCodeAccess
LogPluginManager: Mounting plugin XCodeSourceCodeAccess
LogPluginManager: Mounting plugin AssetManagerEditor
LogPluginManager: Mounting plugin AudioCapture
LogPluginManager: Mounting plugin FacialAnimation
LogPluginManager: Mounting plugin GameplayTagsEditor
LogPluginManager: Mounting plugin MobileLauncherProfileWizard
LogPluginManager: Mounting plugin PluginBrowser
LogPluginManager: Mounting plugin SpeedTreeImporter
LogPluginManager: Mounting plugin AlembicImporter
LogPluginManager: Mounting plugin CharacterAI
LogPluginManager: Mounting plugin HTML5Networking
LogPluginManager: Mounting plugin RawInput
LogPluginManager: Mounting plugin AndroidMedia
LogPluginManager: Mounting plugin AvfMedia
LogPluginManager: Mounting plugin MediaPlayerEditor
LogPluginManager: Mounting plugin WmfMedia
LogPluginManager: Mounting plugin TcpMessaging
LogPluginManager: Mounting plugin UdpMessaging
LogPluginManager: Mounting plugin LevelSequenceEditor
LogPluginManager: Mounting plugin MatineeToLevelSequence
LogPluginManager: Mounting plugin OnlineSubsystemGooglePlay
LogPluginManager: Mounting plugin OnlineSubsystemIOS
LogPluginManager: Mounting plugin OnlineSubsystem
LogPluginManager: Mounting plugin OnlineSubsystemNull
LogPluginManager: Mounting plugin OnlineSubsystemUtils
LogPluginManager: Mounting plugin AndroidDeviceProfileSelector
LogPluginManager: Mounting plugin AndroidMoviePlayer
LogPluginManager: Mounting plugin AndroidPermission
LogPluginManager: Mounting plugin AppleMoviePlayer
LogPluginManager: Mounting plugin ArchVisCharacter
LogPluginManager: Mounting plugin CableComponent
LogPluginManager: Mounting plugin CustomMeshComponent
LogPluginManager: Mounting plugin ExampleDeviceProfileSelector
LogPluginManager: Mounting plugin GoogleCloudMessaging
LogPluginManager: Mounting plugin ImmediatePhysics
LogPluginManager: Mounting plugin IOSDeviceProfileSelector
LogPluginManager: Mounting plugin LinuxDeviceProfileSelector
LogPluginManager: Mounting plugin LocationServicesBPLibrary
LogPluginManager: Mounting plugin MobilePatchingUtils
LogPluginManager: Mounting plugin OculusVR
LogPluginManager: Mounting plugin PhysXVehicles
LogPluginManager: Mounting plugin ProceduralMeshComponent
LogPluginManager: Mounting plugin RuntimePhysXCooking
LogPluginManager: Mounting plugin SteamVR
LogPluginManager: Mounting plugin WindowsMoviePlayer
LogInit: Using libcurl 7.47.1
LogInit:  - built for x86_64-pc-win32
LogInit:  - supports SSL with OpenSSL/1.0.2g
LogInit:  - supports HTTP deflate (compression) using libz 1.2.8
LogInit:  - other features:
LogInit:      CURL_VERSION_SSL
LogInit:      CURL_VERSION_LIBZ
LogInit:      CURL_VERSION_IPV6
LogInit:      CURL_VERSION_ASYNCHDNS
LogInit:      CURL_VERSION_LARGEFILE
LogInit:      CURL_VERSION_IDN
LogInit:  CurlRequestOptions (configurable via config and command line):
LogInit:  - bVerifyPeer = false  - Libcurl will NOT verify peer certificate
LogInit:  - bUseHttpProxy = false  - Libcurl will NOT use HTTP proxy
LogInit:  - bDontReuseConnections = false  - Libcurl will reuse connections
LogInit:  - CertBundlePath = nullptr  - Libcurl will use whatever was configured at build time.
LogInit: WinSock: version 1.1 (2.2), MaxSocks=32767, MaxUdp=65467
LogInit: Build: ++UE4+Release-4.17-CL-3658906
LogInit: Engine Version: 4.17.2-3658906+++UE4+Release-4.17
LogInit: Compatible Engine Version: 4.17.0-3573198+++UE4+Release-4.17
LogInit: Net CL: 3573198
LogDevObjectVersion: Number of dev versions registered: 16
LogDevObjectVersion:   Dev-Blueprints (B0D832E4-1F89-4F0D-ACCF-7EB736FD4AA2): 10
LogDevObjectVersion:   Dev-Build (E1C64328-A22C-4D53-A36C-8E866417BD8C): 0
LogDevObjectVersion:   Dev-Core (375EC13C-06E4-48FB-B500-84F0262A717E): 2
LogDevObjectVersion:   Dev-Editor (E4B068ED-F494-42E9-A231-DA0B2E46BB41): 20
LogDevObjectVersion:   Dev-Framework (CFFC743F-43B0-4480-9391-14DF171D2073): 28
LogDevObjectVersion:   Dev-Mobile (B02B49B5-BB20-44E9-A304-32B752E40360): 0
LogDevObjectVersion:   Dev-Networking (A4E4105C-59A1-49B5-A7C5-40C4547EDFEE): 0
LogDevObjectVersion:   Dev-Online (39C831C9-5AE6-47DC-9A44-9C173E1C8E7C): 0
LogDevObjectVersion:   Dev-Physics (78F01B33-EBEA-4F98-B9B4-84EACCB95AA2): 0
LogDevObjectVersion:   Dev-Platform (6631380F-2D4D-43E0-8009-CF276956A95A): 0
LogDevObjectVersion:   Dev-Rendering (12F88B9F-8875-4AFC-A67C-D90C383ABD29): 19
LogDevObjectVersion:   Dev-Sequencer (7B5AE74C-D270-4C10-A958-57980B212A5A): 4
LogDevObjectVersion:   Dev-VR (D7296918-1DD6-4BDD-9DE2-64A83CC13884): 0
LogDevObjectVersion:   Dev-LoadTimes (C2A15278-BFE7-4AFE-6C17-90FF531DF755): 1
LogDevObjectVersion:   Private-Geometry (6EACA3D4-40EC-4CC1-B786-8BED09428FC5): 1
LogDevObjectVersion:   Dev-AnimPhys (29E575DD-E0A3-4627-9D10-D276232CDCEA): 7
LogInit: Compiled (64-bit): Sep 22 2017 13:47:16
LogInit: Compiled with Visual C++: 19.00.24215.01
LogInit: Build Configuration: Development
LogInit: Branch Name: ++UE4+Release-4.17
LogInit: Command line:  
LogInit: Base directory: C:/Program Files/Epic Games/UE_4.17/Engine/Binaries/Win64/
LogInit: Installed Engine Build: 1
LogInit: Presizing for max 8388607 objects, including 0 objects not considered by GC, pre-allocating 0 bytes for permanent pool.
LogInit: Object subsystem initialized
[2018.01.21-15.23.52:344][  0]LogInit: Selected Device Profile: [Windows]
[2018.01.21-15.23.52:344][  0]LogInit: Applying CVar settings loaded from the selected device profile: [Windows]
[2018.01.21-15.23.52:429][  0]LogInit: Computer: DESKTOP-I9SMP4L
[2018.01.21-15.23.52:430][  0]LogInit: User: AricsPC
[2018.01.21-15.23.52:430][  0]LogInit: CPU Page size=4096, Cores=4
[2018.01.21-15.23.52:430][  0]LogInit: High frequency timer resolution =2.250002 MHz
[2018.01.21-15.23.52:430][  0]LogMemory: Memory total: Physical=7.9GB (8GB approx)
[2018.01.21-15.23.52:431][  0]LogMemory: Platform Memory Stats for Windows
[2018.01.21-15.23.52:431][  0]LogMemory: Process Physical Memory: 280.60 MB used, 280.60 MB peak
[2018.01.21-15.23.52:431][  0]LogMemory: Process Virtual Memory: 286.40 MB used, 286.40 MB peak
[2018.01.21-15.23.52:431][  0]LogMemory: Physical Memory: 4111.09 MB used,  3954.16 MB free, 8065.26 MB total
[2018.01.21-15.23.52:431][  0]LogMemory: Virtual Memory: 720.58 MB used,  3954.16 MB free, 134217728.00 MB total
[2018.01.21-15.23.55:209][  0]LogInit: Using OS detected language (en-US).
[2018.01.21-15.23.55:209][  0]LogInit: Using OS detected locale (en-US).
[2018.01.21-15.23.55:381][  0]LogTextLocalizationManager: No specific localization for 'en-US' exists, so the 'en' localization will be used.
[2018.01.21-15.24.01:776][  0]LogD3D11RHI: D3D11 adapters:
[2018.01.21-15.24.02:029][  0]LogD3D11RHI:    0. 'NVIDIA GeForce GTX 960M' (Feature Level 11_0)
[2018.01.21-15.24.02:029][  0]LogD3D11RHI:       4065/0/4032 MB DedicatedVideo/DedicatedSystem/SharedSystem, Outputs:1, VendorId:0x10de
[2018.01.21-15.24.02:052][  0]LogD3D11RHI:    1. 'Intel(R) HD Graphics 530' (Feature Level 11_0)
[2018.01.21-15.24.02:053][  0]LogD3D11RHI:       128/0/4032 MB DedicatedVideo/DedicatedSystem/SharedSystem, Outputs:0, VendorId:0x8086
[2018.01.21-15.24.02:060][  0]LogD3D11RHI:    2. 'Microsoft Basic Render Driver' (Feature Level 11_0)
[2018.01.21-15.24.02:060][  0]LogD3D11RHI:       0/0/4032 MB DedicatedVideo/DedicatedSystem/SharedSystem, Outputs:0, VendorId:0x1414
[2018.01.21-15.24.02:060][  0]LogD3D11RHI: Chosen D3D11 Adapter: 0
[2018.01.21-15.24.02:099][  0]LogD3D11RHI: Creating new Direct3DDevice
[2018.01.21-15.24.02:099][  0]LogD3D11RHI:     GPU DeviceId: 0x139b (for the marketing name, search the web for "GPU Device Id")
[2018.01.21-15.24.02:099][  0]LogWindows: EnumDisplayDevices:
[2018.01.21-15.24.02:100][  0]LogWindows:    0. 'Intel(R) HD Graphics 530' (P:1 D:1)
[2018.01.21-15.24.02:100][  0]LogWindows:    1. 'Intel(R) HD Graphics 530' (P:0 D:0)
[2018.01.21-15.24.02:101][  0]LogWindows:    2. 'Intel(R) HD Graphics 530' (P:0 D:0)
[2018.01.21-15.24.02:101][  0]LogWindows: DebugString: GetVideoDriverDetailsInvalid PrimaryIsNotTheChoosenAdapter GetVideoDriverDetailsInvalid PrimaryIsNotTheChoosenAdapter GetVideoDriverDetailsInvalid PrimaryIsNotTheChoosenAdapter FoundDriverCount:0 
[2018.01.21-15.24.02:101][  0]LogD3D11RHI:     Adapter Name: NVIDIA GeForce GTX 960M
[2018.01.21-15.24.02:101][  0]LogD3D11RHI:   Driver Version: Unknown (internal:Unknown, unified:Unknown)
[2018.01.21-15.24.02:101][  0]LogD3D11RHI:      Driver Date: Unknown
[2018.01.21-15.24.02:101][  0]LogRHI: Texture pool is 1361 MB (70% of 1945 MB)
[2018.01.21-15.24.02:235][  0]LogD3D11RHI: Async texture creation enabled
[2018.01.21-15.24.02:307][  0]LogD3D11RHI: GPU Timing Frequency: 1000.000000 (Debug: 2 1)
[2018.01.21-15.24.02:317][  0]LogShaderCompilers: Guid format shader working directory is -30 characters bigger than the processId version (../../../../../../Users/Aric's PC/Documents/Unreal Projects/CarBlueprintsForReal/Intermediate/Shaders/WorkingDirectory/9288/).
[2018.01.21-15.24.02:318][  0]LogShaderCompilers: Cleaned the shader compiler working directory 'C:/Users/Aric's PC/AppData/Local/Temp/UnrealShaderWorkingDir/84B17ACA405094B007CDFF838A71B574/'.
[2018.01.21-15.24.02:318][  0]LogShaderCompilers: Display: Using Local Shader Compiler.
[2018.01.21-15.24.07:121][  0]LogTemp: Display: Loaded TP AllDesktopTargetPlatform
[2018.01.21-15.24.07:412][  0]LogTemp: Display: Loaded TP MacClientTargetPlatform
[2018.01.21-15.24.07:719][  0]LogTemp: Display: Loaded TP MacNoEditorTargetPlatform
[2018.01.21-15.24.08:030][  0]LogTemp: Display: Loaded TP MacServerTargetPlatform
[2018.01.21-15.24.08:325][  0]LogTemp: Display: Loaded TP MacTargetPlatform
[2018.01.21-15.24.08:618][  0]LogTemp: Display: Loaded TP WindowsClientTargetPlatform
[2018.01.21-15.24.08:926][  0]LogTemp: Display: Loaded TP WindowsNoEditorTargetPlatform
[2018.01.21-15.24.09:219][  0]LogTemp: Display: Loaded TP WindowsServerTargetPlatform
[2018.01.21-15.24.09:491][  0]LogTemp: Display: Loaded TP WindowsTargetPlatform
[2018.01.21-15.24.09:778][  0]LogTemp: Display: Loaded TP AndroidTargetPlatform
[2018.01.21-15.24.10:064][  0]LogTemp: Display: Loaded TP Android_ASTCTargetPlatform
[2018.01.21-15.24.10:365][  0]LogTemp: Display: Loaded TP Android_ATCTargetPlatform
[2018.01.21-15.24.10:647][  0]LogTemp: Display: Loaded TP Android_DXTTargetPlatform
[2018.01.21-15.24.10:928][  0]LogTemp: Display: Loaded TP Android_ETC1TargetPlatform
[2018.01.21-15.24.11:229][  0]LogTemp: Display: Loaded TP Android_ETC2TargetPlatform
[2018.01.21-15.24.11:914][  0]LogTemp: Display: Loaded TP Android_MultiTargetPlatform
[2018.01.21-15.24.11:914][  0]LogTemp: Display: Loaded TP Android_PVRTCTargetPlatform
[2018.01.21-15.24.12:278][  0]LogTemp: Display: Loaded TP HTML5TargetPlatform
[2018.01.21-15.24.12:784][  0]LogTemp: Display: Loaded TP IOSTargetPlatform
[2018.01.21-15.24.12:969][  0]LogTemp: Display: Loaded TP TVOSTargetPlatform
[2018.01.21-15.24.13:259][  0]LogTemp: Display: Loaded TP LinuxClientTargetPlatform
[2018.01.21-15.24.13:556][  0]LogTemp: Display: Loaded TP LinuxNoEditorTargetPlatform
[2018.01.21-15.24.13:865][  0]LogTemp: Display: Loaded TP LinuxServerTargetPlatform
[2018.01.21-15.24.14:176][  0]LogTemp: Display: Loaded TP LinuxTargetPlatform
[2018.01.21-15.24.14:176][  0]LogTargetPlatformManager: Display: Building Assets For Windows
[2018.01.21-15.24.17:863][  0]LogDerivedDataCache: Display: Max Cache Size: 512 MB
[2018.01.21-15.24.18:920][  0]LogDerivedDataCache: Loaded boot cache 1.06s 93MB C:/Users/Aric's PC/AppData/Local/UnrealEngine/4.17/DerivedDataCache/Boot.ddc.
[2018.01.21-15.24.18:920][  0]LogDerivedDataCache: Display: Loaded Boot cache: C:/Users/Aric's PC/AppData/Local/UnrealEngine/4.17/DerivedDataCache/Boot.ddc
[2018.01.21-15.24.18:920][  0]LogDerivedDataCache: FDerivedDataBackendGraph:  Pak pak cache file ../../../../../../Users/Aric's PC/Documents/Unreal Projects/CarBlueprintsForReal/DerivedDataCache/DDC.ddp not found, will not use a pak cache.
[2018.01.21-15.24.18:920][  0]LogDerivedDataCache: Unable to find inner node Pak for hierarchical cache Hierarchy.
[2018.01.21-15.24.18:921][  0]LogDerivedDataCache: FDerivedDataBackendGraph:  CompressedPak pak cache file ../../../../../../Users/Aric's PC/Documents/Unreal Projects/CarBlueprintsForReal/DerivedDataCache/Compressed.ddp not found, will not use a pak cache.
[2018.01.21-15.24.18:921][  0]LogDerivedDataCache: Unable to find inner node CompressedPak for hierarchical cache Hierarchy.
[2018.01.21-15.24.19:020][  0]LogDerivedDataCache: Display: Pak cache opened for reading ../../../Engine/DerivedDataCache/Compressed.ddp.
[2018.01.21-15.24.19:037][  0]LogDerivedDataCache: Using Local data cache path C:/Users/Aric's PC/AppData/Local/UnrealEngine/Common/DerivedDataCache: Writable
[2018.01.21-15.24.19:078][  0]LogMaterial: Verifying Global Shaders for PCD3D_SM5
[2018.01.21-15.24.19:098][  0]LogSlate: Using Freetype 2.6.0
[2018.01.21-15.24.19:107][  0]LogSlate: SlateFontCache - WITH_FREETYPE: 1, WITH_HARFBUZZ: 1
[2018.01.21-15.24.19:108][  0]LogSlate: SlateFontCache - WITH_FREETYPE: 1, WITH_HARFBUZZ: 1
[2018.01.21-15.24.24:331][  0]LogAssetRegistry: FAssetRegistry took 0.0701 seconds to start up
[2018.01.21-15.24.24:998][  0]LogInit: Selected Device Profile: [Windows]
[2018.01.21-15.24.27:702][  0]LogSimplygon: Simplygon DLL not present - disabling.
[2018.01.21-15.24.27:987][  0]LogMeshReduction: Using SimplygonSwarm for distributed automatic mesh merging
[2018.01.21-15.24.27:988][  0]LogMeshReduction: Using QuadricMeshReduction for automatic static mesh reduction
[2018.01.21-15.24.27:988][  0]LogMeshReduction: No automatic skeletal mesh reduction module available
[2018.01.21-15.24.27:988][  0]LogMeshReduction: No automatic mesh merging module available
[2018.01.21-15.24.27:988][  0]LogMeshMerging: No automatic mesh merging module available
[2018.01.21-15.24.28:013][  0]LogContentStreaming: Texture pool size is 0.00 MB
[2018.01.21-15.24.30:284][  0]LogNetVersion: CarBlueprints , NetCL: 3573198, EngineNetVer: 2, GameNetVer: 0 (Checksum: 3571599761)
[2018.01.21-15.24.31:502][  0]LogPackageLocalizationCache: Processed 5 localized package path(s) for 2 prioritized culture(s) in 0.143326 seconds
[2018.01.21-15.24.31:519][  0]LogUObjectArray: 35825 objects as part of root set at end of initial load.
[2018.01.21-15.24.31:520][  0]LogUObjectAllocator: 7529104 out of 0 bytes used by permanent object pool.
[2018.01.21-15.24.31:520][  0]LogUObjectArray: CloseDisregardForGC: 0/0 objects in disregard for GC pool
[2018.01.21-15.24.55:446][  0]LogTcpMessaging: Initializing TcpMessaging bridge
[2018.01.21-15.24.55:644][  0]LogUdpMessaging: Initializing bridge on interface 0.0.0.0:0 to multicast group 230.0.0.1:6666.
[2018.01.21-15.24.59:513][  0]LogMaterial: Uniform references updated for custom material expression Custom.
[2018.01.21-15.25.01:916][  0]SourceControl: Source control is disabled
[2018.01.21-15.25.01:916][  0]SourceControl: Source control is disabled
[2018.01.21-15.25.02:280][  0]SourceControl: Source control is disabled
[2018.01.21-15.25.02:582][  0]SourceControl: Source control is disabled
[2018.01.21-15.25.06:823][  0]LogAndroidPermission: UAndroidPermissionCallbackProxy::GetInstance
[2018.01.21-15.25.08:490][  0]LogOcInput: OculusInput pre-init called
[2018.01.21-15.25.09:974][  0]LogEngine: Initializing Engine...
[2018.01.21-15.25.09:982][  0]LogHMD: Failed to initialize OpenVR with code 110
[2018.01.21-15.25.10:821][  0]LogStats: UGameplayTagsManager::ConstructGameplayTagTree: Construct from data asset -  0.000 s
[2018.01.21-15.25.10:821][  0]LogStats: UGameplayTagsManager::ConstructGameplayTagTree: GameplayTagTreeChangedEvent.Broadcast -  0.000 s
[2018.01.21-15.25.11:602][  0]LogAIModule: Creating AISystem for world Untitled
[2018.01.21-15.25.11:669][  0]LogInit: XAudio2 using 'Speakers / Headphones (Realtek Audio)' : 2 channels at 48 kHz using 32 bits per sample (channel mask 0x3)
[2018.01.21-15.25.12:146][  0]LogInit: FAudioDevice initialized.
[2018.01.21-15.25.12:442][  0]LogDerivedDataCache: Saved boot cache 0.30s 93MB C:/Users/Aric's PC/AppData/Local/UnrealEngine/4.17/DerivedDataCache/Boot.ddc.
[2018.01.21-15.25.12:481][  0]LogInit: Texture streaming: Enabled
[2018.01.21-15.25.13:334][  0]LogEngineSessionManager: EngineSessionManager initialized
[2018.01.21-15.25.14:855][  0]LogInit: Transaction tracking system initialized
[2018.01.21-15.25.16:993][  0]BlueprintLog: New page: Editor Load
[2018.01.21-15.25.22:828][  0]LocalizationService: Localization service is disabled
[2018.01.21-15.25.27:593][  0]LogConsoleResponse: Display: 
[2018.01.21-15.25.29:254][  0]LogCook: Display: Max memory allowance for cook 16384mb min free memory 0mb
[2018.01.21-15.25.29:255][  0]LogCook: Display: Mobile HDR setting 1
[2018.01.21-15.25.29:258][  0]LogGameplayTags: Display: UGameplayTagsManager::DoneAddingNativeTags. DelegateIsBound: 0
[2018.01.21-15.25.30:134][  0]LogFileCache: Scanning file cache for directory 'C:/Users/Aric's PC/Documents/Unreal Projects/CarBlueprintsForReal/Content/' took 0.03s
[2018.01.21-15.25.36:482][  0]SourceControl: Source control is disabled
[2018.01.21-15.25.36:487][  0]Cmd: MAP LOAD FILE="../../../../../../Users/Aric's PC/Documents/Unreal Projects/CarBlueprintsForReal/Content/VehicleAdvBP/Maps/MainMenu.umap" TEMPLATE=0 SHOWPROGRESS=1 FEATURELEVEL=3
[2018.01.21-15.25.36:491][  0]LightingResults: New page: Lighting Build
[2018.01.21-15.25.36:809][  0]MapCheck: New page: Map Check
[2018.01.21-15.25.36:809][  0]LightingResults: New page: Lighting Build
[2018.01.21-15.25.37:757][  0]LogAIModule: Creating AISystem for world MainMenu
[2018.01.21-15.25.37:765][  0]LogEditorServer: Finished looking for orphan Actors (0.000 secs)
[2018.01.21-15.25.37:817][  0]Cmd: MAP CHECKDEP NOCLEARLOG
[2018.01.21-15.25.38:055][  0]MapCheck: Map check complete: 0 Error(s), 0 Warning(s), took 237.806ms to complete.
[2018.01.21-15.25.38:055][  0]LogFileHelpers: Loading map 'MainMenu' took 1.570
[2018.01.21-15.25.38:664][  0]LogCollectionManager: Loaded 0 collections in 0.007062 seconds
[2018.01.21-15.25.38:996][  0]LogFileCache: Scanning file cache for directory 'C:/Users/Aric's PC/Documents/Unreal Projects/CarBlueprintsForReal/Saved/Collections/' took 0.01s
[2018.01.21-15.25.38:996][  0]LogFileCache: Scanning file cache for directory 'C:/Users/Aric's PC/Documents/Unreal Projects/CarBlueprintsForReal/Content/Developers/AricsPC/Collections/' took 0.01s
[2018.01.21-15.25.38:996][  0]LogFileCache: Scanning file cache for directory 'C:/Users/Aric's PC/Documents/Unreal Projects/CarBlueprintsForReal/Content/Collections/' took 0.01s
[2018.01.21-15.25.38:996][  0]LogCollectionManager: Rebuilt the GUID cache for 0 collections in 0.000001 seconds
[2018.01.21-15.25.39:031][  0]LogContentBrowser: Native class hierarchy populated in 0.0327 seconds. Added 2388 classes and 503 folders.
[2018.01.21-15.25.39:449][  0]LogContentBrowser: Native class hierarchy updated for 'WidgetCarousel' in 0.0027 seconds. Added 0 classes and 0 folders.
[2018.01.21-15.25.40:972][  0]LogContentBrowser: Native class hierarchy updated for 'AddContentDialog' in 0.0023 seconds. Added 0 classes and 0 folders.
[2018.01.21-15.25.41:239][  0]LogContentBrowser: Native class hierarchy updated for 'SceneOutliner' in 0.0023 seconds. Added 1 classes and 2 folders.
[2018.01.21-15.25.41:561][  0]LogSlate: Took 0.030996 seconds to synchronously load lazily loaded font '../../../Engine/Content/Slate/Fonts/Roboto-Regular.ttf' (155K)
[2018.01.21-15.25.41:571][  0]LogSlate: Took 0.002877 seconds to synchronously load lazily loaded font '../../../Engine/Content/Slate/Fonts/Roboto-Bold.ttf' (160K)
[2018.01.21-15.25.41:608][  0]LogSlate: Took 0.015187 seconds to synchronously load lazily loaded font '../../../Engine/Content/Editor/Slate/Fonts/FontAwesome.ttf' (139K)
[2018.01.21-15.25.42:050][  0]LogRenderer: Reallocating scene render targets to support 932x436 Format 10 NumSamples 1 (Frame:1).
[2018.01.21-15.25.42:701][  0]LogContentBrowser: Native class hierarchy updated for 'HierarchicalLODOutliner' in 0.0024 seconds. Added 1 classes and 2 folders.
[2018.01.21-15.25.42:701][  0]LogLoad: (Engine Initialization) Total time: 121.22 seconds
[2018.01.21-15.25.42:701][  0]LogLoad: (Engine Initialization) Total Blueprint compile time: 0.00 seconds
[2018.01.21-15.25.42:708][  0]LogExternalProfiler: Found external profiler: VSPerf
[2018.01.21-15.25.42:708][  0]LogExternalProfiler: Using external profiler: VSPerf
[2018.01.21-15.25.42:728][  0]LogWindowsTextInputMethodSystem: Display: IME system now deactivated.
[2018.01.21-15.25.42:731][  0]LogRawInputWindows: Warning: Found device 0 devices
[2018.01.21-15.25.42:732][  0]LogRawInputWindows: Warning: Found device 0 devices
[2018.01.21-15.25.42:732][  0]LogRawInputWindows: Warning: Device was registered succesfully but not connected (Usage:4 UsagePage:1
[2018.01.21-15.25.42:732][  0]LogRawInputWindows: Warning: Found device 1 devices
[2018.01.21-15.25.42:732][  0]LogRawInputWindows: Warning: Device was registered succesfully but not connected (Usage:5 UsagePage:1
[2018.01.21-15.25.42:762][  0]LogContentStreaming: Texture pool size now 1000 MB
[2018.01.21-15.25.42:899][  0]LogSlate: Took 0.002802 seconds to synchronously load lazily loaded font '../../../Engine/Content/Slate/Fonts/Roboto-Light.ttf' (159K)
[2018.01.21-15.25.43:094][  4]LogAssetRegistry: Asset discovery search completed in 78.8153 seconds
[2018.01.21-15.25.43:101][  4]LogCollectionManager: Rebuilt the object cache for 0 collections in 0.000001 seconds (found 0 objects)
[2018.01.21-15.25.43:101][  4]LogCollectionManager: Fixed up redirectors for 0 collections in 0.000182 seconds (updated 0 objects)
[2018.01.21-15.25.43:817][ 37]LogSlate: Took 0.000636 seconds to synchronously load lazily loaded font '../../../Engine/Content/Slate/Fonts/Roboto-Light.ttf' (159K)
[2018.01.21-15.27.29:513][266]LogSlate: Took 0.000834 seconds to synchronously load lazily loaded font '../../../Engine/Content/Slate/Fonts/Roboto-Light.ttf' (159K)
[2018.01.21-15.27.30:574][266]LogSlate: Took 0.000514 seconds to synchronously load lazily loaded font '../../../Engine/Content/Slate/Fonts/Roboto-Regular.ttf' (155K)
[2018.01.21-15.27.30:655][266]LogLinker: Warning: Can't find file '/Game/FirstPerson/FPWeapon/Materials/MaterialLayers/ML_GlossyBlack_Latex_UE4'
[2018.01.21-15.27.30:655][266]LoadErrors: Failed to load /Game/VehicleAdv/Materials/M_FPGun.M_FPGun Referenced by WeaponMesh_GEN_VARIABLE
[2018.01.21-15.27.30:656][266]LogLinker: Warning: Can't find file for asset '/Game/FirstPerson/FPWeapon/Materials/MaterialLayers/ML_GlossyBlack_Latex_UE4' while loading ../../../../../../Users/Aric's PC/Documents/Unreal Projects/CarBlueprintsForReal/Content/VehicleAdv/Materials/M_FPGun.uasset.
[2018.01.21-15.27.30:656][266]LoadErrors: Error: /Game/VehicleAdv/Materials/M_FPGun : Can't find file for asset. /Game/FirstPerson/FPWeapon/Materials/MaterialLayers/ML_GlossyBlack_Latex_UE4
[2018.01.21-15.27.30:657][266]LogLinker: Warning: Can't find file '/Game/FirstPerson/FPWeapon/Materials/MaterialLayers/ML_Plastic_Shiny_Beige'
[2018.01.21-15.27.30:657][266]LogLinker: Warning: Can't find file for asset '/Game/FirstPerson/FPWeapon/Materials/MaterialLayers/ML_Plastic_Shiny_Beige' while loading ../../../../../../Users/Aric's PC/Documents/Unreal Projects/CarBlueprintsForReal/Content/VehicleAdv/Materials/M_FPGun.uasset.
[2018.01.21-15.27.30:658][266]LoadErrors: Error: /Game/VehicleAdv/Materials/M_FPGun : Can't find file for asset. /Game/FirstPerson/FPWeapon/Materials/MaterialLayers/ML_Plastic_Shiny_Beige
[2018.01.21-15.27.30:658][266]LogLinker: Warning: Can't find file '/Game/FirstPerson/FPWeapon/Materials/MaterialLayers/ML_Screen'
[2018.01.21-15.27.30:659][266]LogLinker: Warning: Can't find file for asset '/Game/FirstPerson/FPWeapon/Materials/MaterialLayers/ML_Screen' while loading ../../../../../../Users/Aric's PC/Documents/Unreal Projects/CarBlueprintsForReal/Content/VehicleAdv/Materials/M_FPGun.uasset.
[2018.01.21-15.27.30:659][266]LoadErrors: Error: /Game/VehicleAdv/Materials/M_FPGun : Can't find file for asset. /Game/FirstPerson/FPWeapon/Materials/MaterialLayers/ML_Screen
[2018.01.21-15.27.30:660][266]LogLinker: Warning: Can't find file '/Game/FirstPerson/FPWeapon/Materials/MaterialLayers/ML_SoftMetal_UE4'
[2018.01.21-15.27.30:660][266]LogLinker: Warning: Can't find file for asset '/Game/FirstPerson/FPWeapon/Materials/MaterialLayers/ML_SoftMetal_UE4' while loading ../../../../../../Users/Aric's PC/Documents/Unreal Projects/CarBlueprintsForReal/Content/VehicleAdv/Materials/M_FPGun.uasset.
[2018.01.21-15.27.30:661][266]LoadErrors: Error: /Game/VehicleAdv/Materials/M_FPGun : Can't find file for asset. /Game/FirstPerson/FPWeapon/Materials/MaterialLayers/ML_SoftMetal_UE4
[2018.01.21-15.27.30:668][266]LogLinker: Warning: Can't find file '/Game/FirstPerson/FPWeapon/Materials/MaterialLayers/ML_GlossyBlack_Latex_UE4'
[2018.01.21-15.27.30:668][266]LogLinker: Warning: Can't find file for asset '/Game/FirstPerson/FPWeapon/Materials/MaterialLayers/ML_GlossyBlack_Latex_UE4' while loading ../../../../../../Users/Aric's PC/Documents/Unreal Projects/CarBlueprintsForReal/Content/VehicleAdv/Materials/M_FPGun.uasset.
[2018.01.21-15.27.30:669][266]LogLinker: Warning: Can't find file '/Game/FirstPerson/FPWeapon/Materials/MaterialLayers/ML_Plastic_Shiny_Beige'
[2018.01.21-15.27.30:670][266]LogLinker: Warning: Can't find file for asset '/Game/FirstPerson/FPWeapon/Materials/MaterialLayers/ML_Plastic_Shiny_Beige' while loading ../../../../../../Users/Aric's PC/Documents/Unreal Projects/CarBlueprintsForReal/Content/VehicleAdv/Materials/M_FPGun.uasset.
[2018.01.21-15.27.30:670][266]LogLinker: Warning: Can't find file '/Game/FirstPerson/FPWeapon/Materials/MaterialLayers/ML_Screen'
[2018.01.21-15.27.30:671][266]LogLinker: Warning: Can't find file for asset '/Game/FirstPerson/FPWeapon/Materials/MaterialLayers/ML_Screen' while loading ../../../../../../Users/Aric's PC/Documents/Unreal Projects/CarBlueprintsForReal/Content/VehicleAdv/Materials/M_FPGun.uasset.
[2018.01.21-15.27.30:672][266]LogLinker: Warning: Can't find file '/Game/FirstPerson/FPWeapon/Materials/MaterialLayers/ML_SoftMetal_UE4'
[2018.01.21-15.27.30:672][266]LogLinker: Warning: Can't find file for asset '/Game/FirstPerson/FPWeapon/Materials/MaterialLayers/ML_SoftMetal_UE4' while loading ../../../../../../Users/Aric's PC/Documents/Unreal Projects/CarBlueprintsForReal/Content/VehicleAdv/Materials/M_FPGun.uasset.
[2018.01.21-15.27.30:673][266]LogLinker: Warning: Can't find file '/Game/FirstPerson/FPWeapon/Textures/T_FPGun_M'
[2018.01.21-15.27.30:674][266]LogLinker: Warning: Can't find file for asset '/Game/FirstPerson/FPWeapon/Textures/T_FPGun_M' while loading ../../../../../../Users/Aric's PC/Documents/Unreal Projects/CarBlueprintsForReal/Content/VehicleAdv/Materials/M_FPGun.uasset.
[2018.01.21-15.27.30:674][266]LoadErrors: Error: /Game/VehicleAdv/Materials/M_FPGun : Can't find file for asset. /Game/FirstPerson/FPWeapon/Textures/T_FPGun_M
[2018.01.21-15.27.30:674][266]LogLinker: Warning: Can't find file '/Game/FirstPerson/FPWeapon/Textures/T_FPGun_N'
[2018.01.21-15.27.30:675][266]LogLinker: Warning: Can't find file for asset '/Game/FirstPerson/FPWeapon/Textures/T_FPGun_N' while loading ../../../../../../Users/Aric's PC/Documents/Unreal Projects/CarBlueprintsForReal/Content/VehicleAdv/Materials/M_FPGun.uasset.
[2018.01.21-15.27.30:675][266]LoadErrors: Error: /Game/VehicleAdv/Materials/M_FPGun : Can't find file for asset. /Game/FirstPerson/FPWeapon/Textures/T_FPGun_N
[2018.01.21-15.27.30:676][266]LogLinker: Warning: Can't find file '/Game/FirstPerson/FPWeapon/Textures/T_FPGun_M'
[2018.01.21-15.27.30:677][266]LogLinker: Warning: Can't find file for asset '/Game/FirstPerson/FPWeapon/Textures/T_FPGun_M' while loading ../../../../../../Users/Aric's PC/Documents/Unreal Projects/CarBlueprintsForReal/Content/VehicleAdv/Materials/M_FPGun.uasset.
[2018.01.21-15.27.30:677][266]LogLinker: Warning: Can't find file '/Game/FirstPerson/FPWeapon/Textures/T_FPGun_N'
[2018.01.21-15.27.30:678][266]LogLinker: Warning: Can't find file for asset '/Game/FirstPerson/FPWeapon/Textures/T_FPGun_N' while loading ../../../../../../Users/Aric's PC/Documents/Unreal Projects/CarBlueprintsForReal/Content/VehicleAdv/Materials/M_FPGun.uasset.
[2018.01.21-15.27.31:315][266]LogBlueprint: Warning: [VehicleAdvGameMode] 'Player1' variable not found. Base class was probably changed.
[2018.01.21-15.27.31:316][266]LogBlueprint: Warning: [VehicleAdvGameMode] 'Player2' variable not found. Base class was probably changed.
[2018.01.21-15.27.31:316][266]LogBlueprint: Warning: [VehicleAdvGameMode] 'Player1' variable not found. Base class was probably changed.
[2018.01.21-15.27.31:316][266]LogBlueprint: Warning: [VehicleAdvGameMode] 'Player2' variable not found. Base class was probably changed.
[2018.01.21-15.27.33:966][266]LogLinker: Warning: Can't find file '/Game/FirstPerson/FPWeapon/Materials/MaterialLayers/ML_SoftMetal_UE4'
[2018.01.21-15.27.33:967][266]LoadErrors: Failed to load /Game/FirstPerson/FPWeapon/Materials/MaterialLayers/ML_SoftMetal_UE4.ML_SoftMetal_UE4 Referenced by M_FPGun
[2018.01.21-15.27.33:968][266]LogLinker: Warning: Can't find file for asset '/Game/FirstPerson/FPWeapon/Materials/MaterialLayers/ML_SoftMetal_UE4' while loading NULL.
[2018.01.21-15.27.33:968][266]LogLinker: Warning: Can't find file '/Game/FirstPerson/FPWeapon/Materials/MaterialLayers/ML_GlossyBlack_Latex_UE4'
[2018.01.21-15.27.33:969][266]LoadErrors: Failed to load /Game/FirstPerson/FPWeapon/Materials/MaterialLayers/ML_GlossyBlack_Latex_UE4.ML_GlossyBlack_Latex_UE4 Referenced by M_FPGun
[2018.01.21-15.27.33:969][266]LogLinker: Warning: Can't find file for asset '/Game/FirstPerson/FPWeapon/Materials/MaterialLayers/ML_GlossyBlack_Latex_UE4' while loading NULL.
[2018.01.21-15.27.33:970][266]LogLinker: Warning: Can't find file '/Game/FirstPerson/FPWeapon/Materials/MaterialLayers/ML_Plastic_Shiny_Beige'
[2018.01.21-15.27.33:970][266]LoadErrors: Failed to load /Game/FirstPerson/FPWeapon/Materials/MaterialLayers/ML_Plastic_Shiny_Beige.ML_Plastic_Shiny_Beige Referenced by M_FPGun
[2018.01.21-15.27.33:970][266]LogLinker: Warning: Can't find file for asset '/Game/FirstPerson/FPWeapon/Materials/MaterialLayers/ML_Plastic_Shiny_Beige' while loading NULL.
[2018.01.21-15.27.33:971][266]LogLinker: Warning: Can't find file '/Game/FirstPerson/FPWeapon/Materials/MaterialLayers/ML_Screen'
[2018.01.21-15.27.33:971][266]LoadErrors: Failed to load /Game/FirstPerson/FPWeapon/Materials/MaterialLayers/ML_Screen.ML_Screen Referenced by M_FPGun
[2018.01.21-15.27.33:972][266]LogLinker: Warning: Can't find file for asset '/Game/FirstPerson/FPWeapon/Materials/MaterialLayers/ML_Screen' while loading NULL.
[2018.01.21-15.27.33:973][266]LogLinker: Warning: Can't find file '/Game/FirstPerson/FPWeapon/Materials/MaterialLayers/ML_Plastic_Shiny_Beige'
[2018.01.21-15.27.33:973][266]LoadErrors: Failed to load /Game/FirstPerson/FPWeapon/Materials/MaterialLayers/ML_Plastic_Shiny_Beige.ML_Plastic_Shiny_Beige Referenced by MaterialExpressionMaterialFunctionCall_13
[2018.01.21-15.27.33:974][266]LogLinker: Warning: Can't find file for asset '/Game/FirstPerson/FPWeapon/Materials/MaterialLayers/ML_Plastic_Shiny_Beige' while loading NULL.
[2018.01.21-15.27.33:975][266]LogLinker: Warning: Can't find file '/Game/FirstPerson/FPWeapon/Materials/MaterialLayers/ML_Screen'
[2018.01.21-15.27.33:975][266]LoadErrors: Failed to load /Game/FirstPerson/FPWeapon/Materials/MaterialLayers/ML_Screen.ML_Screen Referenced by MaterialExpressionMaterialFunctionCall_4
[2018.01.21-15.27.33:976][266]LogLinker: Warning: Can't find file for asset '/Game/FirstPerson/FPWeapon/Materials/MaterialLayers/ML_Screen' while loading NULL.
[2018.01.21-15.27.33:977][266]LogLinker: Warning: Can't find file '/Game/FirstPerson/FPWeapon/Materials/MaterialLayers/ML_SoftMetal_UE4'
[2018.01.21-15.27.33:977][266]LoadErrors: Failed to load /Game/FirstPerson/FPWeapon/Materials/MaterialLayers/ML_SoftMetal_UE4.ML_SoftMetal_UE4 Referenced by MaterialExpressionMaterialFunctionCall_8
[2018.01.21-15.27.33:978][266]LogLinker: Warning: Can't find file for asset '/Game/FirstPerson/FPWeapon/Materials/MaterialLayers/ML_SoftMetal_UE4' while loading NULL.
[2018.01.21-15.27.33:978][266]LogLinker: Warning: Can't find file '/Game/FirstPerson/FPWeapon/Materials/MaterialLayers/ML_GlossyBlack_Latex_UE4'
[2018.01.21-15.27.33:979][266]LoadErrors: Failed to load /Game/FirstPerson/FPWeapon/Materials/MaterialLayers/ML_GlossyBlack_Latex_UE4.ML_GlossyBlack_Latex_UE4 Referenced by MaterialExpressionMaterialFunctionCall_9
[2018.01.21-15.27.33:979][266]LogLinker: Warning: Can't find file for asset '/Game/FirstPerson/FPWeapon/Materials/MaterialLayers/ML_GlossyBlack_Latex_UE4' while loading NULL.
[2018.01.21-15.27.33:980][266]LogLinker: Warning: Can't find file '/Game/FirstPerson/FPWeapon/Textures/T_FPGun_N'
[2018.01.21-15.27.33:980][266]LoadErrors: Failed to load /Game/FirstPerson/FPWeapon/Textures/T_FPGun_N.T_FPGun_N Referenced by MaterialExpressionTextureSampleParameter2D_2
[2018.01.21-15.27.33:981][266]LogLinker: Warning: Can't find file for asset '/Game/FirstPerson/FPWeapon/Textures/T_FPGun_N' while loading NULL.
[2018.01.21-15.27.33:982][266]LogLinker: Warning: Can't find file '/Game/FirstPerson/FPWeapon/Textures/T_FPGun_M'
[2018.01.21-15.27.33:982][266]LoadErrors: Failed to load /Game/FirstPerson/FPWeapon/Textures/T_FPGun_M.T_FPGun_M Referenced by MaterialExpressionTextureSampleParameter2D_3
[2018.01.21-15.27.33:982][266]LogLinker: Warning: Can't find file for asset '/Game/FirstPerson/FPWeapon/Textures/T_FPGun_M' while loading NULL.
[2018.01.21-15.27.36:820][266]LogMaterial: Missing cached shader map for material M_FPGun, compiling. 
[2018.01.21-15.27.36:833][266]LogMaterial: Warning: Failed to compile Material /Game/VehicleAdv/Materials/M_FPGun.M_FPGun for platform PCD3D_SM5, Default Material will be used in game.
[2018.01.21-15.27.36:834][266]LogMaterial: Warning: 	Missing Material Function
[2018.01.21-15.27.36:834][266]LogMaterial: Warning: 	(Node TextureSampleParameter2D) Param2D> Requires Texture2D
[2018.01.21-15.27.36:834][266]LogMaterial: Warning: 	Function MatLayerBlend_NormalBlend: (Node MakeMaterialAttributes) Error on property Normal
[2018.01.21-15.27.36:834][266]LogMaterial: Warning: 	Function MatLayerBlend_Simple: (Node MakeMaterialAttributes) Error on property EmissiveColor
[2018.01.21-15.27.36:834][266]LogMaterial: Warning: 	Function MatLayerBlend_Simple: (Node MakeMaterialAttributes) Error on property BaseColor
[2018.01.21-15.27.36:834][266]LogMaterial: Warning: 	Function MatLayerBlend_Simple: (Node MakeMaterialAttributes) Error on property Metallic
[2018.01.21-15.27.36:834][266]LogMaterial: Warning: 	Function MatLayerBlend_Simple: (Node MakeMaterialAttributes) Error on property Roughness
[2018.01.21-15.27.37:445][266]LogAIModule: Creating AISystem for world StandardLevel
[2018.01.21-15.27.37:628][266]Cmd: MAP LOAD FILE="../../../../../../Users/Aric's PC/Documents/Unreal Projects/CarBlueprintsForReal/Content/VehicleAdvBP/Maps/StandardLevel.umap" TEMPLATE=0 SHOWPROGRESS=1 FEATURELEVEL=3
[2018.01.21-15.27.37:628][266]LightingResults: New page: Lighting Build
[2018.01.21-15.27.37:631][266]LoadErrors: New page: Loading map: StandardLevel.umap
[2018.01.21-15.27.37:632][266]MapCheck: New page: Map Check
[2018.01.21-15.27.37:632][266]LightingResults: New page: Lighting Build
[2018.01.21-15.27.38:048][266]LogEditorServer: Finished looking for orphan Actors (0.000 secs)
[2018.01.21-15.27.38:223][266]Cmd: MAP CHECKDEP NOCLEARLOG
[2018.01.21-15.27.38:547][266]MapCheck: Map check complete: 0 Error(s), 0 Warning(s), took 323.193ms to complete.
[2018.01.21-15.27.38:549][266]LogFileHelpers: Loading map 'StandardLevel' took 0.925
[2018.01.21-15.28.27:306][651]LogEditorViewport: Clicking on Actor (LMB): StaticMeshActor (Plane5)
[2018.01.21-15.28.30:053][748]LogTemp: Repeating last play command: New Editor Window (PIE)
[2018.01.21-15.28.30:309][748]LogBlueprintUserMessages: Early PlayInEditor Detection: Level '/Game/VehicleAdvBP/Maps/StandardLevel.StandardLevel:PersistentLevel' has LevelScriptBlueprint '/Game/VehicleAdvBP/Maps/StandardLevel.StandardLevel:PersistentLevel.StandardLevel' with GeneratedClass '/Game/VehicleAdvBP/Maps/StandardLevel.StandardLevel_C' with ClassGeneratedBy '/Game/VehicleAdvBP/Maps/StandardLevel.StandardLevel:PersistentLevel.StandardLevel'
[2018.01.21-15.28.30:310][748]LogPlayLevel: PlayLevel: No blueprints needed recompiling
[2018.01.21-15.28.30:312][748]LogOnline: Display: OSS: FOnlineSubsystemNull::Shutdown()
[2018.01.21-15.28.30:312][748]LogOnline: Display: OSS: FOnlineAsyncTaskManager::Stop() ActiveTask:0000000000000000 Tasks[0/0]
[2018.01.21-15.28.30:334][748]LogOnline: Display: OSS: FOnlineAsyncTaskManager::Exit() started
[2018.01.21-15.28.30:334][748]LogOnline: Display: OSS: FOnlineAsyncTaskManager::Exit() finished
[2018.01.21-15.28.30:335][748]PIE: New page: PIE session: StandardLevel (Jan 21, 2018, 5:28:30 AM)
[2018.01.21-15.28.30:338][748]LogPlayLevel: Creating play world package: /Game/VehicleAdvBP/Maps/UEDPIE_1_StandardLevel
[2018.01.21-15.28.30:409][748]LogPlayLevel: PIE: StaticDuplicateObject took: (0.071239s)
[2018.01.21-15.28.30:411][748]LogAIModule: Creating AISystem for world StandardLevel
[2018.01.21-15.28.30:411][748]LogPlayLevel: PIE: World Init took: (0.002548s)
[2018.01.21-15.28.30:412][748]LogPlayLevel: PIE: Created PIE world by copying editor world from /Game/VehicleAdvBP/Maps/StandardLevel.StandardLevel to /Game/VehicleAdvBP/Maps/UEDPIE_1_StandardLevel.StandardLevel (0.075277s)
[2018.01.21-15.28.30:468][748]LogInit: XAudio2 using 'Speakers / Headphones (Realtek Audio)' : 2 channels at 48 kHz using 32 bits per sample (channel mask 0x3)
[2018.01.21-15.28.30:527][748]LogInit: FAudioDevice initialized.
[2018.01.21-15.28.30:617][748]LogLoad: Game class is 'VehicleAdvGameMode_C'
[2018.01.21-15.28.30:648][748]LogWorld: Bringing World /Game/VehicleAdvBP/Maps/UEDPIE_1_StandardLevel.StandardLevel up for play (max tick rate 60) at 2018.01.21-10.28.30
[2018.01.21-15.28.30:667][748]LogWorld: Bringing up level for play took: 0.035287
[2018.01.21-15.28.31:109][748]LogContentBrowser: Native class hierarchy updated for 'MovieSceneCapture' in 0.0027 seconds. Added 11 classes and 0 folders.
[2018.01.21-15.28.31:127][748]LogTemp: Display: ParseSettings for GameNetDriver
[2018.01.21-15.28.31:128][748]LogTemp: Display: ParseSettings for IpNetDriver_0
[2018.01.21-15.28.31:128][748]LogTemp: Display: ParseSettings for GameNetDriver
[2018.01.21-15.28.31:129][748]LogInit: WinSock: Socket queue 131072 / 131072
[2018.01.21-15.28.31:130][748]LogInit: WinSock: I am DESKTOP-I9SMP4L (192.168.86.117:0)
[2018.01.21-15.28.31:131][748]PacketHandlerLog: Loaded PacketHandler component: Engine.EngineHandlerComponentFactory (StatelessConnectHandlerComponent)
[2018.01.21-15.28.31:131][748]LogNet: GameNetDriver IpNetDriver_0 IpNetDriver listening on port 7777
[2018.01.21-15.28.31:200][748]LogBlueprintUserMessages: [MyGameInstance_C_0] Server: Error: trying to leave current state: 0
[2018.01.21-15.28.31:207][748]PIE: Play in editor start time for /Game/VehicleAdvBP/Maps/UEDPIE_1_StandardLevel 0.911
[2018.01.21-15.28.31:211][748]PIE: New page: PIE session: StandardLevel (Jan 21, 2018, 5:28:31 AM)
[2018.01.21-15.28.31:297][748]LogNet: Browse: 127.0.0.1//Game/VehicleAdvBP/Maps/VehicleAdvExampleMap
[2018.01.21-15.28.31:298][748]LogTemp: Display: ParseSettings for GameNetDriver
[2018.01.21-15.28.31:298][748]LogTemp: Display: ParseSettings for IpNetDriver_1
[2018.01.21-15.28.31:299][748]LogTemp: Display: ParseSettings for PendingNetDriver
[2018.01.21-15.28.31:299][748]LogInit: WinSock: Socket queue 32768 / 32768
[2018.01.21-15.28.31:300][748]PacketHandlerLog: Loaded PacketHandler component: Engine.EngineHandlerComponentFactory (StatelessConnectHandlerComponent)
[2018.01.21-15.28.31:323][748]LogNet: Game client on port 7777, rate 10000
[2018.01.21-15.28.31:330][748]PIE: Play in editor start time for /Game/VehicleAdvBP/Maps/VehicleAdvExampleMap 1.035
[2018.01.21-15.28.31:350][748]LogBlueprintUserMessages: Late PlayInEditor Detection: Level '/Game/VehicleAdvBP/Maps/StandardLevel.StandardLevel:PersistentLevel' has LevelScriptBlueprint '/Game/VehicleAdvBP/Maps/StandardLevel.StandardLevel:PersistentLevel.StandardLevel' with GeneratedClass '/Game/VehicleAdvBP/Maps/StandardLevel.StandardLevel_C' with ClassGeneratedBy '/Game/VehicleAdvBP/Maps/StandardLevel.StandardLevel:PersistentLevel.StandardLevel'
[2018.01.21-15.28.31:363][748]LogNet: NotifyAcceptingConnection accepted from: 127.0.0.1:57978
[2018.01.21-15.28.31:363][748]LogHandshake: SendConnectChallenge. Timestamp: 0.018297, Cookie: 104197224029176038206121157108174006203195247253160198145043
[2018.01.21-15.28.31:640][748]LogHandshake: SendChallengeResponse. Timestamp: 0.018297, Cookie: 104197224029176038206121157108174006203195247253160198145043
[2018.01.21-15.28.31:928][749]LogNet: NotifyAcceptingConnection accepted from: 127.0.0.1:57978
[2018.01.21-15.28.31:929][749]LogHandshake: SendChallengeAck. InCookie: 104197224029176038206121157108174006203195247253160198145043
[2018.01.21-15.28.31:929][749]LogNet: Server accepting post-challenge connection from: 127.0.0.1:57978
[2018.01.21-15.28.31:929][749]PacketHandlerLog: Loaded PacketHandler component: Engine.EngineHandlerComponentFactory (StatelessConnectHandlerComponent)
[2018.01.21-15.28.31:929][749]LogNet: NotifyAcceptedConnection: Name: StandardLevel, TimeStamp: 01/21/18 10:28:31, [UNetConnection] RemoteAddr: 127.0.0.1:57978, Name: IpConnection_1, Driver: GameNetDriver IpNetDriver_0, IsServer: YES, PC: NULL, Owner: NULL
[2018.01.21-15.28.31:930][749]LogNet: AddClientConnection: Added client connection: [UNetConnection] RemoteAddr: 127.0.0.1:57978, Name: IpConnection_1, Driver: GameNetDriver IpNetDriver_0, IsServer: YES, PC: NULL, Owner: NULL
[2018.01.21-15.28.31:939][749]LogNetVersion: CarBlueprints 1.0.0.0, NetCL: 3573198, EngineNetVer: 2, GameNetVer: 0 (Checksum: 3229010851)
[2018.01.21-15.28.31:940][749]LogNet: UPendingNetGame::SendInitialJoin: Sending hello. [UNetConnection] RemoteAddr: 127.0.0.1:7777, Name: IpConnection_0, Driver: PendingNetDriver IpNetDriver_1, IsServer: NO, PC: NULL, Owner: NULL
[2018.01.21-15.28.32:022][750]LogNet: NotifyAcceptingChannel Control 0 server World /Game/VehicleAdvBP/Maps/UEDPIE_1_StandardLevel.StandardLevel: Accepted
[2018.01.21-15.28.32:023][750]LogNet: Remote platform little endian=1
[2018.01.21-15.28.32:023][750]LogNet: This platform little endian=1
[2018.01.21-15.28.32:072][751]LogNet: Login request: /Game/VehicleAdvBP/Maps/VehicleAdvExampleMap?Name=DESKTOP-I9SMP4L-ED6020CB45EFB6F0B39830BEE6FB4473 userId: DESKTOP-I9SMP4L-ED6020CB45EFB6F0B39830BEE6FB4473
[2018.01.21-15.28.32:084][751]LogNet: Welcomed by server (Level: /Game/VehicleAdvBP/Maps/UEDPIE_1_StandardLevel, Game: /Game/VehicleAdvBP/Blueprints/VehicleAdvGameMode.VehicleAdvGameMode_C)
[2018.01.21-15.28.32:086][751]LogLoad: LoadMap: 127.0.0.1//Game/VehicleAdvBP/Maps/UEDPIE_1_StandardLevel?game=/Game/VehicleAdvBP/Blueprints/VehicleAdvGameMode.VehicleAdvGameMode_C
[2018.01.21-15.28.32:148][751]Cmd: MEM
[2018.01.21-15.28.32:204][751]LogMemory: Platform Memory Stats for Windows
[2018.01.21-15.28.32:204][751]LogMemory: Process Physical Memory: 1244.34 MB used, 1244.34 MB peak
[2018.01.21-15.28.32:204][751]LogMemory: Process Virtual Memory: 2306.04 MB used, 2306.04 MB peak
[2018.01.21-15.28.32:204][751]LogMemory: Physical Memory: 5122.84 MB used,  2942.42 MB free, 8065.26 MB total
[2018.01.21-15.28.32:204][751]LogMemory: Virtual Memory: 3166.03 MB used,  2942.42 MB free, 134217728.00 MB total
[2018.01.21-15.28.32:204][751]LogMemory: 
[2018.01.21-15.28.32:204][751]Allocator Stats for TBB: (not implemented)
[2018.01.21-15.28.32:273][751]LogAIModule: Creating AISystem for world StandardLevel
[2018.01.21-15.28.32:275][751]LogTemp: Display: ParseSettings for GameNetDriver
[2018.01.21-15.28.32:298][751]LogWorld: Bringing World /Game/VehicleAdvBP/Maps/UEDPIE_2_StandardLevel.StandardLevel up for play (max tick rate 60) at 2018.01.21-10.28.32
[2018.01.21-15.28.32:298][751]LogWorld: Bringing up level for play took: 0.015824
[2018.01.21-15.28.32:299][751]LogLoad: Took 0.213393 seconds to LoadMap(/Game/VehicleAdvBP/Maps/UEDPIE_1_StandardLevel)
[2018.01.21-15.28.32:334][752]LogNet: Client netspeed is 10000
[2018.01.21-15.28.32:335][752]LogNet: Join request: /Game/VehicleAdvBP/Maps/VehicleAdvExampleMap?Name=DESKTOP-I9SMP4L-ED6020CB45EFB6F0B39830BEE6FB4473?SplitscreenCount=1
[2018.01.21-15.28.32:336][752]LogOnline: Warning: OSS: No game present to join for session (Game)
[2018.01.21-15.28.32:347][752]LogNet: Join succeeded: DESKTOP-I9SMP4L-ED60
[2018.01.21-15.28.32:499][753]LogOnline: Warning: OSS: No game present to join for session (Game)
[2018.01.21-15.28.32:499][753]LogOnline: Warning: OSS: No game present to join for session (Game)
[2018.01.21-15.28.32:528][753]LogBlueprintUserMessages: [MyGameInstance_C_1] Client 1: Error: trying to leave current state: 0
[2018.01.21-15.28.34:303][800]LogBlueprintUserMessages: [BP_Projectile_C_0] Client 1: HIT Overlap
[2018.01.21-15.28.35:735][842]LogBlueprintUserMessages: [BP_Projectile_C_1] Server: HIT Overlap
[2018.01.21-15.28.35:736][842]LogBlueprintUserMessages: [BP_Projectile_C_0] Server: HIT Overlap
[2018.01.21-15.28.37:457][893]LogBlueprintUserMessages: [BP_Projectile_C_1] Client 1: HIT Overlap
[2018.01.21-15.28.37:653][899]LogBlueprintUserMessages: [BP_Projectile_C_2] Server: HIT Overlap
[2018.01.21-15.28.37:654][899]LogBlueprintUserMessages: [BP_Projectile_C_3] Server: HIT Overlap
[2018.01.21-15.28.38:203][915]LogBlueprintUserMessages: [BP_Projectile_C_4] Server: HIT Overlap
[2018.01.21-15.28.38:204][915]LogBlueprintUserMessages: [BP_Projectile_C_5] Server: HIT Overlap
[2018.01.21-15.28.39:040][940]LogBlueprintUserMessages: [BP_Projectile_C_3] Client 1: HIT Overlap
[2018.01.21-15.28.39:070][941]LogBlueprintUserMessages: [BP_Projectile_C_7] Server: HIT Overlap
[2018.01.21-15.28.39:070][941]LogBlueprintUserMessages: [BP_Projectile_C_6] Server: HIT Overlap
[2018.01.21-15.28.39:955][967]LogBlueprintUserMessages: [BP_Projectile_C_4] Client 1: HIT Overlap
[2018.01.21-15.28.40:827][994]LogBlueprintUserMessages: [BP_Projectile_C_9] Server: HIT Overlap
[2018.01.21-15.28.40:828][994]LogBlueprintUserMessages: [BP_Projectile_C_8] Server: HIT Overlap
[2018.01.21-15.28.42:209][ 36]LogBlueprintUserMessages: [BP_Projectile_C_5] Client 1: HIT Overlap
[2018.01.21-15.28.42:431][ 43]LogBlueprintUserMessages: [BP_Projectile_C_11] Server: HIT Overlap
[2018.01.21-15.28.42:432][ 43]LogBlueprintUserMessages: [BP_Projectile_C_10] Server: HIT Overlap
[2018.01.21-15.28.42:850][ 55]LogBlueprintUserMessages: [BP_Projectile_C_12] Server: HIT Overlap
[2018.01.21-15.28.42:851][ 55]LogBlueprintUserMessages: [BP_Projectile_C_13] Server: HIT Overlap
[2018.01.21-15.28.43:204][ 65]LogBlueprintUserMessages: [BP_Projectile_C_14] Server: HIT Overlap
[2018.01.21-15.28.43:204][ 65]LogBlueprintUserMessages: [BP_Projectile_C_15] Server: HIT Overlap
[2018.01.21-15.28.43:555][ 75]LogBlueprintUserMessages: [BP_Projectile_C_16] Server: HIT Overlap
[2018.01.21-15.28.43:556][ 75]LogBlueprintUserMessages: [BP_Projectile_C_17] Server: HIT Overlap
[2018.01.21-15.28.43:885][ 84]LogBlueprintUserMessages: [BP_Projectile_C_18] Server: HIT Overlap
[2018.01.21-15.28.43:886][ 84]LogBlueprintUserMessages: [BP_Projectile_C_19] Server: HIT Overlap
[2018.01.21-15.28.44:208][ 93]LogBlueprintUserMessages: [BP_Projectile_C_20] Server: HIT Overlap
[2018.01.21-15.28.44:209][ 93]LogBlueprintUserMessages: [BP_Projectile_C_21] Server: HIT Overlap
[2018.01.21-15.28.44:590][104]LogBlueprintUserMessages: [BP_Projectile_C_22] Server: HIT Overlap
[2018.01.21-15.28.44:590][104]LogBlueprintUserMessages: [BP_Projectile_C_23] Server: HIT Overlap
[2018.01.21-15.28.44:977][115]LogBlueprintUserMessages: [BP_Projectile_C_24] Server: HIT Overlap
[2018.01.21-15.28.44:978][115]LogBlueprintUserMessages: [BP_Projectile_C_25] Server: HIT Overlap
[2018.01.21-15.28.45:334][125]LogBlueprintUserMessages: [BP_Projectile_C_26] Server: HIT Overlap
[2018.01.21-15.28.45:335][125]LogBlueprintUserMessages: [BP_Projectile_C_27] Server: HIT Overlap
[2018.01.21-15.28.47:779][202]LogBlueprintUserMessages: Early EndPlayMap Detection: Level '/Game/VehicleAdvBP/Maps/StandardLevel.StandardLevel:PersistentLevel' has LevelScriptBlueprint '/Game/VehicleAdvBP/Maps/StandardLevel.StandardLevel:PersistentLevel.StandardLevel' with GeneratedClass '/Game/VehicleAdvBP/Maps/StandardLevel.StandardLevel_C' with ClassGeneratedBy '/Game/VehicleAdvBP/Maps/StandardLevel.StandardLevel:PersistentLevel.StandardLevel'
[2018.01.21-15.28.47:911][202]LogOnline: Display: OSS: FOnlineSubsystemNull::Shutdown()
[2018.01.21-15.28.47:911][202]LogOnline: Display: OSS: FOnlineAsyncTaskManager::Stop() ActiveTask:0000000000000000 Tasks[0/0]
[2018.01.21-15.28.47:914][202]LogOnline: Display: OSS: FOnlineAsyncTaskManager::Exit() started
[2018.01.21-15.28.47:914][202]LogOnline: Display: OSS: FOnlineAsyncTaskManager::Exit() finished
[2018.01.21-15.28.47:914][202]LogOnline: Warning: OSS: No game present to leave for session (Game)
[2018.01.21-15.28.48:024][202]LogOnline: Display: OSS: FOnlineSubsystemNull::Shutdown()
[2018.01.21-15.28.48:024][202]LogOnline: Display: OSS: FOnlineAsyncTaskManager::Stop() ActiveTask:0000000000000000 Tasks[0/0]
[2018.01.21-15.28.48:026][202]LogOnline: Display: OSS: FOnlineAsyncTaskManager::Exit() started
[2018.01.21-15.28.48:026][202]LogOnline: Display: OSS: FOnlineAsyncTaskManager::Exit() finished
[2018.01.21-15.28.48:026][202]LogPlayLevel: Display: Shutting down PIE online subsystems
[2018.01.21-15.28.48:100][202]LogBlueprintUserMessages: Late EndPlayMap Detection: Level '/Game/VehicleAdvBP/Maps/StandardLevel.StandardLevel:PersistentLevel' has LevelScriptBlueprint '/Game/VehicleAdvBP/Maps/StandardLevel.StandardLevel:PersistentLevel.StandardLevel' with GeneratedClass '/Game/VehicleAdvBP/Maps/StandardLevel.StandardLevel_C' with ClassGeneratedBy '/Game/VehicleAdvBP/Maps/StandardLevel.StandardLevel:PersistentLevel.StandardLevel'
[2018.01.21-15.28.48:137][202]LogNet: UChannel::CleanUp: ChIndex == 0. Closing connection. [UChannel] ChIndex: 0, Closing: 0 [UNetConnection] RemoteAddr: 127.0.0.1:57978, Name: IpConnection_1, Driver: GameNetDriver IpNetDriver_0, IsServer: YES, PC: None, Owner: None
[2018.01.21-15.28.48:137][202]LogNet: UNetConnection::Close: [UNetConnection] RemoteAddr: 127.0.0.1:57978, Name: IpConnection_1, Driver: GameNetDriver IpNetDriver_0, IsServer: YES, PC: None, Owner: None, Channels: 2, Time: 2018.01.21-15.28.48
[2018.01.21-15.28.48:138][202]LogNet: UChannel::Close: Sending CloseBunch. ChIndex == 0. Name: [UChannel] ChIndex: 0, Closing: 0 [UNetConnection] RemoteAddr: 127.0.0.1:57978, Name: IpConnection_1, Driver: GameNetDriver IpNetDriver_0, IsServer: YES, PC: None, Owner: None
[2018.01.21-15.28.48:138][202]LogNet: UChannel::CleanUp: ChIndex == 0. Closing connection. [UChannel] ChIndex: 0, Closing: 0 [UNetConnection] RemoteAddr: 127.0.0.1:7777, Name: IpConnection_0, Driver: GameNetDriver IpNetDriver_1, IsServer: NO, PC: None, Owner: None
[2018.01.21-15.28.48:138][202]LogNet: UNetConnection::Close: [UNetConnection] RemoteAddr: 127.0.0.1:7777, Name: IpConnection_0, Driver: GameNetDriver IpNetDriver_1, IsServer: NO, PC: None, Owner: None, Channels: 2, Time: 2018.01.21-15.28.48
[2018.01.21-15.28.48:138][202]LogNet: UChannel::Close: Sending CloseBunch. ChIndex == 0. Name: [UChannel] ChIndex: 0, Closing: 0 [UNetConnection] RemoteAddr: 127.0.0.1:7777, Name: IpConnection_0, Driver: GameNetDriver IpNetDriver_1, IsServer: NO, PC: None, Owner: None
[2018.01.21-15.28.48:150][202]LogExit: GameNetDriver None shut down
[2018.01.21-15.28.48:150][202]LogExit: GameNetDriver None shut down
[2018.01.21-15.28.48:245][203]LogPlayLevel: Display: Destroying online subsystem :Context_10
[2018.01.21-15.28.48:245][203]LogOnline: Display: OSS: FOnlineSubsystemNull::Shutdown()
[2018.01.21-15.28.48:245][203]LogPlayLevel: Display: Destroying online subsystem :Context_9
[2018.01.21-15.28.48:245][203]LogOnline: Display: OSS: FOnlineSubsystemNull::Shutdown()
[2018.01.21-15.28.53:978][380]LogContentBrowser: Native class hierarchy updated for 'BlueprintGraph' in 0.0037 seconds. Added 113 classes and 0 folders.
[2018.01.21-15.28.57:123][380]LogSlate: Took 0.004163 seconds to synchronously load lazily loaded font '../../../Engine/Content/Editor/Slate/Fonts/Roboto-BoldCondensed.ttf' (158K)
[2018.01.21-15.29.19:455][871]LogSlate: Took 0.006204 seconds to synchronously load lazily loaded font '../../../Engine/Content/Editor/Slate/Fonts/Roboto-Italic.ttf' (157K)
[2018.01.21-15.29.25:100][993]LogRenderer: Reallocating scene render targets to support 964x524 Format 10 NumSamples 1 (Frame:1).
[2018.01.21-15.33.36:499][586]LogTemp: Executing iPhonePackager certificates Engine -bundlename com.YourCompany.CarBlueprints
[2018.01.21-15.33.36:499][586]LogTemp: CWD: C:\Program Files\Epic Games\UE_4.17\Engine\Binaries\DotNET\IOS
[2018.01.21-15.33.36:499][586]LogTemp: Initial Dir: C:\Program Files\Epic Games\UE_4.17
[2018.01.21-15.33.36:499][586]LogTemp: Env CWD: C:\Program Files\Epic Games\UE_4.17\Engine\Binaries\DotNET\IOS
[2018.01.21-15.33.36:569][587]LogTemp: BranchPath = DESKTOP-I9SMP4L/C/Program Files/Epic Games/UE_4.17/Engine/Binaries --- GameBranchPath = DESKTOP-I9SMP4L/C/Program Files/Epic Games/UE_4.17/Engine/Binaries
[2018.01.21-15.33.36:668][588]LogTemp: IPP ERROR: Could not find provision directory 'C:\Users\Aric's PC\AppData\Local/Apple Computer/MobileDevice/Provisioning Profiles/'.
[2018.01.21-15.34.15:532][586]LogActorComponent: UnregisterComponent: (/Engine/Transient.EditorFloorComp) Not registered. Aborting.
[2018.01.21-15.34.36:107][ 72]BlueprintLog: New page: Compile BP_Projectile
[2018.01.21-15.35.35:517][361]LogTemp: Repeating last play command: New Editor Window (PIE)
[2018.01.21-15.35.35:632][361]LogBlueprintUserMessages: Early PlayInEditor Detection: Level '/Game/VehicleAdvBP/Maps/StandardLevel.StandardLevel:PersistentLevel' has LevelScriptBlueprint '/Game/VehicleAdvBP/Maps/StandardLevel.StandardLevel:PersistentLevel.StandardLevel' with GeneratedClass '/Game/VehicleAdvBP/Maps/StandardLevel.StandardLevel_C' with ClassGeneratedBy '/Game/VehicleAdvBP/Maps/StandardLevel.StandardLevel:PersistentLevel.StandardLevel'
[2018.01.21-15.35.35:633][361]LogPlayLevel: PlayLevel: No blueprints needed recompiling
[2018.01.21-15.35.35:636][361]PIE: New page: PIE session: StandardLevel (Jan 21, 2018, 5:35:35 AM)
[2018.01.21-15.35.35:639][361]LogPlayLevel: Creating play world package: /Game/VehicleAdvBP/Maps/UEDPIE_1_StandardLevel
[2018.01.21-15.35.35:702][361]LogPlayLevel: PIE: StaticDuplicateObject took: (0.062372s)
[2018.01.21-15.35.35:705][361]LogAIModule: Creating AISystem for world StandardLevel
[2018.01.21-15.35.35:705][361]LogPlayLevel: PIE: World Init took: (0.002466s)
[2018.01.21-15.35.35:706][361]LogPlayLevel: PIE: Created PIE world by copying editor world from /Game/VehicleAdvBP/Maps/StandardLevel.StandardLevel to /Game/VehicleAdvBP/Maps/UEDPIE_1_StandardLevel.StandardLevel (0.066075s)
[2018.01.21-15.35.35:773][361]LogInit: XAudio2 using 'Speakers / Headphones (Realtek Audio)' : 2 channels at 48 kHz using 32 bits per sample (channel mask 0x3)
[2018.01.21-15.35.35:825][361]LogInit: FAudioDevice initialized.
[2018.01.21-15.35.35:928][361]LogLoad: Game class is 'VehicleAdvGameMode_C'
[2018.01.21-15.35.35:951][361]LogWorld: Bringing World /Game/VehicleAdvBP/Maps/UEDPIE_1_StandardLevel.StandardLevel up for play (max tick rate 60) at 2018.01.21-10.35.35
[2018.01.21-15.35.35:952][361]LogWorld: Bringing up level for play took: 0.015272
[2018.01.21-15.35.35:974][361]LogTemp: Display: ParseSettings for GameNetDriver
[2018.01.21-15.35.35:974][361]LogTemp: Display: ParseSettings for IpNetDriver_2
[2018.01.21-15.35.35:974][361]LogTemp: Display: ParseSettings for GameNetDriver
[2018.01.21-15.35.35:975][361]LogInit: WinSock: Socket queue 131072 / 131072
[2018.01.21-15.35.35:976][361]PacketHandlerLog: Loaded PacketHandler component: Engine.EngineHandlerComponentFactory (StatelessConnectHandlerComponent)
[2018.01.21-15.35.35:977][361]LogNet: GameNetDriver IpNetDriver_2 IpNetDriver listening on port 7777
[2018.01.21-15.35.35:982][361]LogBlueprintUserMessages: [MyGameInstance_C_2] Server: Error: trying to leave current state: 0
[2018.01.21-15.35.36:014][361]PIE: Play in editor start time for /Game/VehicleAdvBP/Maps/UEDPIE_1_StandardLevel -0.282
[2018.01.21-15.35.36:019][361]PIE: New page: PIE session: StandardLevel (Jan 21, 2018, 5:35:36 AM)
[2018.01.21-15.35.36:156][361]LogNet: Browse: 127.0.0.1//Game/VehicleAdvBP/Maps/VehicleAdvExampleMap
[2018.01.21-15.35.36:156][361]LogTemp: Display: ParseSettings for GameNetDriver
[2018.01.21-15.35.36:156][361]LogTemp: Display: ParseSettings for IpNetDriver_3
[2018.01.21-15.35.36:157][361]LogTemp: Display: ParseSettings for PendingNetDriver
[2018.01.21-15.35.36:157][361]LogInit: WinSock: Socket queue 32768 / 32768
[2018.01.21-15.35.36:158][361]PacketHandlerLog: Loaded PacketHandler component: Engine.EngineHandlerComponentFactory (StatelessConnectHandlerComponent)
[2018.01.21-15.35.36:158][361]LogNet: Game client on port 7777, rate 10000
[2018.01.21-15.35.36:190][361]PIE: Play in editor start time for /Game/VehicleAdvBP/Maps/VehicleAdvExampleMap -0.106
[2018.01.21-15.35.36:251][361]LogBlueprintUserMessages: Late PlayInEditor Detection: Level '/Game/VehicleAdvBP/Maps/StandardLevel.StandardLevel:PersistentLevel' has LevelScriptBlueprint '/Game/VehicleAdvBP/Maps/StandardLevel.StandardLevel:PersistentLevel.StandardLevel' with GeneratedClass '/Game/VehicleAdvBP/Maps/StandardLevel.StandardLevel_C' with ClassGeneratedBy '/Game/VehicleAdvBP/Maps/StandardLevel.StandardLevel:PersistentLevel.StandardLevel'
[2018.01.21-15.35.36:257][361]LogNet: NotifyAcceptingConnection accepted from: 127.0.0.1:52518
[2018.01.21-15.35.36:257][361]LogHandshake: SendConnectChallenge. Timestamp: 0.027220, Cookie: 208128008236054008011122164244019088226142230045022190142045
[2018.01.21-15.35.36:264][361]LogHandshake: SendChallengeResponse. Timestamp: 0.027220, Cookie: 208128008236054008011122164244019088226142230045022190142045
[2018.01.21-15.35.36:544][362]LogNet: NotifyAcceptingConnection accepted from: 127.0.0.1:52518
[2018.01.21-15.35.36:544][362]LogHandshake: SendChallengeAck. InCookie: 208128008236054008011122164244019088226142230045022190142045
[2018.01.21-15.35.36:545][362]LogNet: Server accepting post-challenge connection from: 127.0.0.1:52518
[2018.01.21-15.35.36:545][362]PacketHandlerLog: Loaded PacketHandler component: Engine.EngineHandlerComponentFactory (StatelessConnectHandlerComponent)
[2018.01.21-15.35.36:545][362]LogNet: NotifyAcceptedConnection: Name: StandardLevel, TimeStamp: 01/21/18 10:35:36, [UNetConnection] RemoteAddr: 127.0.0.1:52518, Name: IpConnection_3, Driver: GameNetDriver IpNetDriver_2, IsServer: YES, PC: NULL, Owner: NULL
[2018.01.21-15.35.36:546][362]LogNet: AddClientConnection: Added client connection: [UNetConnection] RemoteAddr: 127.0.0.1:52518, Name: IpConnection_3, Driver: GameNetDriver IpNetDriver_2, IsServer: YES, PC: NULL, Owner: NULL
[2018.01.21-15.35.36:556][362]LogNet: UPendingNetGame::SendInitialJoin: Sending hello. [UNetConnection] RemoteAddr: 127.0.0.1:7777, Name: IpConnection_2, Driver: PendingNetDriver IpNetDriver_3, IsServer: NO, PC: NULL, Owner: NULL
[2018.01.21-15.35.36:623][363]LogNet: NotifyAcceptingChannel Control 0 server World /Game/VehicleAdvBP/Maps/UEDPIE_1_StandardLevel.StandardLevel: Accepted
[2018.01.21-15.35.36:624][363]LogNet: Remote platform little endian=1
[2018.01.21-15.35.36:624][363]LogNet: This platform little endian=1
[2018.01.21-15.35.36:678][364]LogNet: Login request: /Game/VehicleAdvBP/Maps/VehicleAdvExampleMap?Name=DESKTOP-I9SMP4L-3D22D37B47F249D1E0EF41B6C93B321C userId: DESKTOP-I9SMP4L-3D22D37B47F249D1E0EF41B6C93B321C
[2018.01.21-15.35.36:688][364]LogNet: Welcomed by server (Level: /Game/VehicleAdvBP/Maps/UEDPIE_1_StandardLevel, Game: /Game/VehicleAdvBP/Blueprints/VehicleAdvGameMode.VehicleAdvGameMode_C)
[2018.01.21-15.35.36:688][364]LogLoad: LoadMap: 127.0.0.1//Game/VehicleAdvBP/Maps/UEDPIE_1_StandardLevel?game=/Game/VehicleAdvBP/Blueprints/VehicleAdvGameMode.VehicleAdvGameMode_C
[2018.01.21-15.35.36:761][364]Cmd: MEM
[2018.01.21-15.35.36:825][364]LogMemory: Platform Memory Stats for Windows
[2018.01.21-15.35.36:825][364]LogMemory: Process Physical Memory: 1530.40 MB used, 1734.26 MB peak
[2018.01.21-15.35.36:825][364]LogMemory: Process Virtual Memory: 2808.41 MB used, 3017.69 MB peak
[2018.01.21-15.35.36:825][364]LogMemory: Physical Memory: 5844.77 MB used,  2220.49 MB free, 8065.26 MB total
[2018.01.21-15.35.36:825][364]LogMemory: Virtual Memory: 3704.55 MB used,  2220.49 MB free, 134217728.00 MB total
[2018.01.21-15.35.36:825][364]LogMemory: 
[2018.01.21-15.35.36:825][364]Allocator Stats for TBB: (not implemented)
[2018.01.21-15.35.36:896][364]LogAIModule: Creating AISystem for world StandardLevel
[2018.01.21-15.35.36:897][364]LogTemp: Display: ParseSettings for GameNetDriver
[2018.01.21-15.35.36:918][364]LogWorld: Bringing World /Game/VehicleAdvBP/Maps/UEDPIE_2_StandardLevel.StandardLevel up for play (max tick rate 60) at 2018.01.21-10.35.36
[2018.01.21-15.35.36:919][364]LogWorld: Bringing up level for play took: 0.014632
[2018.01.21-15.35.36:920][364]LogLoad: Took 0.231944 seconds to LoadMap(/Game/VehicleAdvBP/Maps/UEDPIE_1_StandardLevel)
[2018.01.21-15.35.36:968][365]LogNet: Client netspeed is 10000
[2018.01.21-15.35.36:968][365]LogNet: Join request: /Game/VehicleAdvBP/Maps/VehicleAdvExampleMap?Name=DESKTOP-I9SMP4L-3D22D37B47F249D1E0EF41B6C93B321C?SplitscreenCount=1
[2018.01.21-15.35.36:969][365]LogOnline: Warning: OSS: No game present to join for session (Game)
[2018.01.21-15.35.36:980][365]LogNet: Join succeeded: DESKTOP-I9SMP4L-3D22
[2018.01.21-15.35.37:117][366]LogOnline: Warning: OSS: No game present to join for session (Game)
[2018.01.21-15.35.37:118][366]LogOnline: Warning: OSS: No game present to join for session (Game)
[2018.01.21-15.35.37:124][366]LogBlueprintUserMessages: [MyGameInstance_C_3] Client 1: Error: trying to leave current state: 0
[2018.01.21-15.36.02:462][862]LogBlueprintUserMessages: Early EndPlayMap Detection: Level '/Game/VehicleAdvBP/Maps/StandardLevel.StandardLevel:PersistentLevel' has LevelScriptBlueprint '/Game/VehicleAdvBP/Maps/StandardLevel.StandardLevel:PersistentLevel.StandardLevel' with GeneratedClass '/Game/VehicleAdvBP/Maps/StandardLevel.StandardLevel_C' with ClassGeneratedBy '/Game/VehicleAdvBP/Maps/StandardLevel.StandardLevel:PersistentLevel.StandardLevel'
[2018.01.21-15.36.02:593][862]LogOnline: Display: OSS: FOnlineSubsystemNull::Shutdown()
[2018.01.21-15.36.02:593][862]LogOnline: Display: OSS: FOnlineAsyncTaskManager::Stop() ActiveTask:0000000000000000 Tasks[0/0]
[2018.01.21-15.36.02:595][862]LogOnline: Display: OSS: FOnlineAsyncTaskManager::Exit() started
[2018.01.21-15.36.02:595][862]LogOnline: Display: OSS: FOnlineAsyncTaskManager::Exit() finished
[2018.01.21-15.36.02:596][862]LogOnline: Warning: OSS: No game present to leave for session (Game)
[2018.01.21-15.36.02:706][862]LogOnline: Display: OSS: FOnlineSubsystemNull::Shutdown()
[2018.01.21-15.36.02:706][862]LogOnline: Display: OSS: FOnlineAsyncTaskManager::Stop() ActiveTask:0000000000000000 Tasks[0/0]
[2018.01.21-15.36.02:709][862]LogOnline: Display: OSS: FOnlineAsyncTaskManager::Exit() started
[2018.01.21-15.36.02:709][862]LogOnline: Display: OSS: FOnlineAsyncTaskManager::Exit() finished
[2018.01.21-15.36.02:709][862]LogPlayLevel: Display: Shutting down PIE online subsystems
[2018.01.21-15.36.02:783][862]LogBlueprintUserMessages: Late EndPlayMap Detection: Level '/Game/VehicleAdvBP/Maps/StandardLevel.StandardLevel:PersistentLevel' has LevelScriptBlueprint '/Game/VehicleAdvBP/Maps/StandardLevel.StandardLevel:PersistentLevel.StandardLevel' with GeneratedClass '/Game/VehicleAdvBP/Maps/StandardLevel.StandardLevel_C' with ClassGeneratedBy '/Game/VehicleAdvBP/Maps/StandardLevel.StandardLevel:PersistentLevel.StandardLevel'
[2018.01.21-15.36.02:849][862]LogNet: UChannel::CleanUp: ChIndex == 0. Closing connection. [UChannel] ChIndex: 0, Closing: 0 [UNetConnection] RemoteAddr: 127.0.0.1:7777, Name: IpConnection_2, Driver: GameNetDriver IpNetDriver_3, IsServer: NO, PC: PlayerController_1, Owner: PlayerController_1
[2018.01.21-15.36.02:850][862]LogNet: UNetConnection::Close: [UNetConnection] RemoteAddr: 127.0.0.1:7777, Name: IpConnection_2, Driver: GameNetDriver IpNetDriver_3, IsServer: NO, PC: PlayerController_1, Owner: PlayerController_1, Channels: 61, Time: 2018.01.21-15.36.02
[2018.01.21-15.36.02:850][862]LogNet: UChannel::Close: Sending CloseBunch. ChIndex == 0. Name: [UChannel] ChIndex: 0, Closing: 0 [UNetConnection] RemoteAddr: 127.0.0.1:7777, Name: IpConnection_2, Driver: GameNetDriver IpNetDriver_3, IsServer: NO, PC: PlayerController_1, Owner: PlayerController_1
[2018.01.21-15.36.02:855][862]LogNet: UChannel::CleanUp: ChIndex == 0. Closing connection. [UChannel] ChIndex: 0, Closing: 0 [UNetConnection] RemoteAddr: 127.0.0.1:52518, Name: IpConnection_3, Driver: GameNetDriver IpNetDriver_2, IsServer: YES, PC: None, Owner: None
[2018.01.21-15.36.02:856][862]LogNet: UNetConnection::Close: [UNetConnection] RemoteAddr: 127.0.0.1:52518, Name: IpConnection_3, Driver: GameNetDriver IpNetDriver_2, IsServer: YES, PC: None, Owner: None, Channels: 2, Time: 2018.01.21-15.36.02
[2018.01.21-15.36.02:856][862]LogNet: UChannel::Close: Sending CloseBunch. ChIndex == 0. Name: [UChannel] ChIndex: 0, Closing: 0 [UNetConnection] RemoteAddr: 127.0.0.1:52518, Name: IpConnection_3, Driver: GameNetDriver IpNetDriver_2, IsServer: YES, PC: None, Owner: None
[2018.01.21-15.36.02:864][862]LogExit: GameNetDriver None shut down
[2018.01.21-15.36.02:867][862]LogExit: GameNetDriver None shut down
[2018.01.21-15.36.02:986][863]LogPlayLevel: Display: Destroying online subsystem :Context_18
[2018.01.21-15.36.02:987][863]LogOnline: Display: OSS: FOnlineSubsystemNull::Shutdown()
[2018.01.21-15.36.02:987][863]LogPlayLevel: Display: Destroying online subsystem :Context_17
[2018.01.21-15.36.02:987][863]LogOnline: Display: OSS: FOnlineSubsystemNull::Shutdown()
[2018.01.21-15.36.49:542][ 12]LogActorComponent: UnregisterComponent: (/Engine/Transient.EditorFloorComp) Not registered. Aborting.
[2018.01.21-15.36.51:668][ 13]Cmd: QUIT_EDITOR
[2018.01.21-15.36.52:839][ 13]LogWindowsTextInputMethodSystem: Display: IME system now deactivated.
[2018.01.21-15.36.52:885][ 13]LogExit: Preparing to exit.
[2018.01.21-15.36.53:525][ 13]LogDirectoryWatcher: A directory notification for 'C:/Users/Aric's PC/Documents/Unreal Projects/CarBlueprintsForReal/Content/' was aborted.
[2018.01.21-15.36.53:726][ 13]LogExit: Editor shut down
[2018.01.21-15.36.53:749][ 13]LogExit: Transaction tracking system shut down
[2018.01.21-15.36.54:137][ 13]LogDirectoryWatcher: A directory notification for '../../../Engine/Content/' was aborted.
[2018.01.21-15.36.54:138][ 13]LogDirectoryWatcher: A directory notification for '../../../../../../Users/Aric's PC/Documents/Unreal Projects/CarBlueprintsForReal/Content/' was aborted.
[2018.01.21-15.36.54:138][ 13]LogDirectoryWatcher: A directory notification for '../../../Engine/Plugins/2D/Paper2D/Content/' was aborted.
[2018.01.21-15.36.54:138][ 13]LogDirectoryWatcher: A directory notification for '../../../Engine/Plugins/Runtime/Oculus/OculusVR/Content/' was aborted.
[2018.01.21-15.36.54:138][ 13]LogDirectoryWatcher: A directory notification for '../../../Engine/Plugins/Runtime/Steam/SteamVR/Content/' was aborted.
[2018.01.21-15.36.55:647][ 13]LogExit: Object subsystem successfully closed.
[2018.01.21-15.36.55:828][ 13]LogD3D11RHI: Shutdown
[2018.01.21-15.36.55:829][ 13]LogD3D11RHI: CleanupD3DDevice
[2018.01.21-15.36.56:388][ 13]LogD3D11RHI: ~FD3D11DynamicRHI
[2018.01.21-15.36.57:140][ 13]LogModuleManager: Shutting down and abandoning module ExternalImagePicker (544)
[2018.01.21-15.36.57:141][ 13]LogModuleManager: Shutting down and abandoning module BlueprintGraph (542)
[2018.01.21-15.36.57:141][ 13]LogModuleManager: Shutting down and abandoning module BlueprintProfiler (540)
[2018.01.21-15.36.57:399][ 13]LogModuleManager: Shutting down and abandoning module MovieSceneCapture (536)
[2018.01.21-15.36.57:400][ 13]LogModuleManager: Shutting down and abandoning module Voice (534)
[2018.01.21-15.36.57:400][ 13]LogModuleManager: Shutting down and abandoning module HierarchicalLODOutliner (532)
[2018.01.21-15.36.57:400][ 13]LogModuleManager: Shutting down and abandoning module SceneOutliner (530)
[2018.01.21-15.36.57:516][ 13]LogModuleManager: Shutting down and abandoning module AddContentDialog (528)
[2018.01.21-15.36.57:565][ 13]LogDirectoryWatcher: A directory notification for 'C:/Program Files/Epic Games/UE_4.17/FeaturePacks/' was aborted.
[2018.01.21-15.36.57:644][ 13]LogModuleManager: Shutting down and abandoning module WidgetCarousel (527)
[2018.01.21-15.36.57:644][ 13]LogModuleManager: Shutting down and abandoning module EditorWidgets (524)
[2018.01.21-15.36.57:644][ 13]LogModuleManager: Shutting down and abandoning module CollectionManager (522)
[2018.01.21-15.36.57:673][ 13]LogDirectoryWatcher: A directory notification for 'C:/Users/Aric's PC/Documents/Unreal Projects/CarBlueprintsForReal/Content/Collections/' was aborted.
[2018.01.21-15.36.58:077][ 13]LogDirectoryWatcher: A directory notification for 'C:/Users/Aric's PC/Documents/Unreal Projects/CarBlueprintsForReal/Content/Developers/AricsPC/Collections/' was aborted.
[2018.01.21-15.36.58:077][ 13]LogDirectoryWatcher: A directory notification for 'C:/Users/Aric's PC/Documents/Unreal Projects/CarBlueprintsForReal/Saved/Collections/' was aborted.
[2018.01.21-15.36.58:077][ 13]LogModuleManager: Shutting down and abandoning module StatsViewer (520)
[2018.01.21-15.36.58:135][ 13]LogModuleManager: Shutting down and abandoning module FoliageEdit (518)
[2018.01.21-15.36.58:135][ 13]LogModuleManager: Shutting down and abandoning module LandscapeEditor (516)
[2018.01.21-15.36.58:224][ 13]LogModuleManager: Shutting down and abandoning module MeshPaintMode (514)
[2018.01.21-15.36.58:224][ 13]LogModuleManager: Shutting down and abandoning module SceneDepthPickerMode (512)
[2018.01.21-15.36.58:224][ 13]LogModuleManager: Shutting down and abandoning module ActorPickerMode (510)
[2018.01.21-15.36.58:224][ 13]LogModuleManager: Shutting down and abandoning module GeometryMode (508)
[2018.01.21-15.36.58:224][ 13]LogModuleManager: Shutting down and abandoning module TextureAlignMode (506)
[2018.01.21-15.36.58:224][ 13]LogModuleManager: Shutting down and abandoning module BspMode (504)
[2018.01.21-15.36.58:238][ 13]LogModuleManager: Shutting down and abandoning module PIEPreviewDeviceProfileSelector (502)
[2018.01.21-15.36.58:238][ 13]LogModuleManager: Shutting down and abandoning module HardwareSurvey (500)
[2018.01.21-15.36.58:239][ 13]LogModuleManager: Shutting down and abandoning module SequenceRecorderSections (498)
[2018.01.21-15.36.58:239][ 13]LogModuleManager: Shutting down and abandoning module AutomationWorker (496)
[2018.01.21-15.36.58:259][ 13]LogModuleManager: Shutting down and abandoning module MatineeToLevelSequence (494)
[2018.01.21-15.36.58:279][ 13]LogModuleManager: Shutting down and abandoning module LevelSequenceEditor (492)
[2018.01.21-15.36.58:308][ 13]LogModuleManager: Shutting down and abandoning module PlacementMode (491)
[2018.01.21-15.36.58:308][ 13]LogModuleManager: Shutting down and abandoning module WmfMediaFactory (488)
[2018.01.21-15.36.58:308][ 13]LogModuleManager: Shutting down and abandoning module WmfMediaEditor (486)
[2018.01.21-15.36.58:308][ 13]LogModuleManager: Shutting down and abandoning module AvfMediaFactory (484)
[2018.01.21-15.36.58:308][ 13]LogModuleManager: Shutting down and abandoning module AvfMediaEditor (482)
[2018.01.21-15.36.58:308][ 13]LogModuleManager: Shutting down and abandoning module AndroidMediaFactory (480)
[2018.01.21-15.36.58:308][ 13]LogModuleManager: Shutting down and abandoning module Media (479)
[2018.01.21-15.36.58:309][ 13]LogModuleManager: Shutting down and abandoning module AndroidMediaEditor (476)
[2018.01.21-15.36.58:309][ 13]LogModuleManager: Shutting down and abandoning module CharacterAI (474)
[2018.01.21-15.36.58:309][ 13]LogModuleManager: Shutting down and abandoning module AudioCapture (472)
[2018.01.21-15.36.58:309][ 13]LogModuleManager: Shutting down and abandoning module SequenceRecorder (471)
[2018.01.21-15.36.58:311][ 13]LogModuleManager: Shutting down and abandoning module SmartSnapping (468)
[2018.01.21-15.36.58:311][ 13]LogModuleManager: Shutting down and abandoning module SessionServices (466)
[2018.01.21-15.36.58:311][ 13]LogModuleManager: Shutting down and abandoning module ViewportSnapping (464)
[2018.01.21-15.36.58:311][ 13]LogModuleManager: Shutting down and abandoning module ViewportInteraction (462)
[2018.01.21-15.36.58:312][ 13]LogModuleManager: Shutting down and abandoning module ClothPainter (460)
[2018.01.21-15.36.58:376][ 13]LogModuleManager: Shutting down and abandoning module LogVisualizer (458)
[2018.01.21-15.36.58:437][ 13]LogModuleManager: Shutting down and abandoning module IntroTutorials (456)
[2018.01.21-15.36.58:499][ 13]LogModuleManager: Shutting down and abandoning module GameProjectGeneration (455)
[2018.01.21-15.36.58:504][ 13]LogModuleManager: Shutting down and abandoning module IOSPlatformEditor (452)
[2018.01.21-15.36.58:504][ 13]LogModuleManager: Shutting down and abandoning module HTML5PlatformEditor (450)
[2018.01.21-15.36.58:504][ 13]LogModuleManager: Shutting down and abandoning module AndroidPlatformEditor (448)
[2018.01.21-15.36.58:504][ 13]LogModuleManager: Shutting down and abandoning module AndroidDeviceDetection (447)
[2018.01.21-15.36.58:542][ 13]LogModuleManager: Shutting down and abandoning module WindowsPlatformEditor (444)
[2018.01.21-15.36.58:543][ 13]LogModuleManager: Shutting down and abandoning module IOSRuntimeSettings (442)
[2018.01.21-15.36.58:543][ 13]LogModuleManager: Shutting down and abandoning module AndroidRuntimeSettings (440)
[2018.01.21-15.36.58:543][ 13]LogModuleManager: Shutting down and abandoning module InputBindingEditor (438)
[2018.01.21-15.36.58:554][ 13]LogModuleManager: Shutting down and abandoning module MergeActors (436)
[2018.01.21-15.36.58:561][ 13]LogModuleManager: Shutting down and abandoning module SizeMap (434)
[2018.01.21-15.36.58:561][ 13]LogModuleManager: Shutting down and abandoning module TreeMap (432)
[2018.01.21-15.36.58:630][ 13]LogModuleManager: Shutting down and abandoning module ReferenceViewer (430)
[2018.01.21-15.36.58:630][ 13]LogModuleManager: Shutting down and abandoning module LocalizationDashboard (428)
[2018.01.21-15.36.58:632][ 13]LogModuleManager: Shutting down and abandoning module LocalizationService (427)
[2018.01.21-15.36.58:633][ 13]LogModuleManager: Shutting down and abandoning module HardwareTargeting (424)
[2018.01.21-15.36.58:633][ 13]LogModuleManager: Shutting down and abandoning module DeviceProfileEditor (422)
[2018.01.21-15.36.58:633][ 13]LogModuleManager: Shutting down and abandoning module UndoHistory (420)
[2018.01.21-15.36.58:633][ 13]LogModuleManager: Shutting down and abandoning module XmlParser (418)
[2018.01.21-15.36.58:634][ 13]LogModuleManager: Shutting down and abandoning module Blutility (416)
[2018.01.21-15.36.58:634][ 13]LogModuleManager: Shutting down and abandoning module ProjectSettingsViewer (414)
[2018.01.21-15.36.58:634][ 13]LogModuleManager: Shutting down and abandoning module ProjectTargetPlatformEditor (413)
[2018.01.21-15.36.58:634][ 13]LogModuleManager: Shutting down and abandoning module EditorSettingsViewer (410)
[2018.01.21-15.36.58:635][ 13]LogModuleManager: Shutting down and abandoning module SettingsEditor (408)
[2018.01.21-15.36.58:635][ 13]LogModuleManager: Shutting down and abandoning module ProjectLauncher (406)
[2018.01.21-15.36.58:637][ 13]LogModuleManager: Shutting down and abandoning module SessionFrontend (404)
[2018.01.21-15.36.58:637][ 13]LogModuleManager: Shutting down and abandoning module ProfilerClient (402)
[2018.01.21-15.36.58:638][ 13]LogModuleManager: Shutting down and abandoning module DeviceManager (400)
[2018.01.21-15.36.58:640][ 13]LogModuleManager: Shutting down and abandoning module TargetDeviceServices (399)
[2018.01.21-15.36.58:695][ 13]LogModuleManager: Shutting down and abandoning module AutomationController (396)
[2018.01.21-15.36.58:706][ 13]LogModuleManager: Shutting down and abandoning module AutomationWindow (394)
[2018.01.21-15.36.58:742][ 13]LogModuleManager: Shutting down and abandoning module Layers (392)
[2018.01.21-15.36.58:794][ 13]LogModuleManager: Shutting down and abandoning module ComponentVisualizers (390)
[2018.01.21-15.36.58:795][ 13]LogModuleManager: Shutting down and abandoning module DetailCustomizations (388)
[2018.01.21-15.36.58:799][ 13]LogModuleManager: Shutting down and abandoning module PackagesDialog (386)
[2018.01.21-15.36.58:803][ 13]LogModuleManager: Shutting down and abandoning module Persona (384)
[2018.01.21-15.36.58:807][ 13]LogModuleManager: Shutting down and abandoning module AdvancedPreviewScene (383)
[2018.01.21-15.36.58:807][ 13]LogModuleManager: Shutting down and abandoning module AnimGraph (381)
[2018.01.21-15.36.58:808][ 13]LogModuleManager: Shutting down and abandoning module Kismet (378)
[2018.01.21-15.36.58:842][ 13]LogModuleManager: Shutting down and abandoning module ClassViewer (376)
[2018.01.21-15.36.58:843][ 13]LogModuleManager: Shutting down and abandoning module Toolbox (374)
[2018.01.21-15.36.58:843][ 13]LogModuleManager: Shutting down and abandoning module ModuleUI (372)
[2018.01.21-15.36.58:844][ 13]LogModuleManager: Shutting down and abandoning module MovieSceneTools (370)
[2018.01.21-15.36.58:849][ 13]LogModuleManager: Shutting down and abandoning module OutputLog (368)
[2018.01.21-15.36.58:849][ 13]LogModuleManager: Shutting down and abandoning module GammaUI (366)
[2018.01.21-15.36.58:850][ 13]LogModuleManager: Shutting down and abandoning module Documentation (364)
[2018.01.21-15.36.58:850][ 13]LogModuleManager: Shutting down and abandoning module MovieSceneTracks (362)
[2018.01.21-15.36.58:852][ 13]LogModuleManager: Shutting down and abandoning module MovieScene (360)
[2018.01.21-15.36.58:853][ 13]LogModuleManager: Shutting down and abandoning module Niagara (358)
[2018.01.21-15.36.58:853][ 13]LogModuleManager: Shutting down and abandoning module NiagaraEditor (357)
[2018.01.21-15.36.58:860][ 13]LogModuleManager: Shutting down and abandoning module StreamingPauseRendering (354)
[2018.01.21-15.36.58:860][ 13]LogModuleManager: Shutting down and abandoning module LauncherPlatform (352)
[2018.01.21-15.36.58:860][ 13]LogModuleManager: Shutting down and abandoning module AnalyticsET (350)
[2018.01.21-15.36.58:860][ 13]LogModuleManager: Shutting down and abandoning module PortalServices (348)
[2018.01.21-15.36.58:860][ 13]LogModuleManager: Shutting down and abandoning module PortalRpc (346)
[2018.01.21-15.36.58:860][ 13]LogModuleManager: Shutting down and abandoning module MessagingRpc (344)
[2018.01.21-15.36.58:860][ 13]LogModuleManager: Shutting down and abandoning module AIModule (342)
[2018.01.21-15.36.58:860][ 13]LogModuleManager: Shutting down and abandoning module GameplayDebugger (341)
[2018.01.21-15.36.58:860][ 13]LogModuleManager: Shutting down and abandoning module AITestSuite (339)
[2018.01.21-15.36.58:862][ 13]LogModuleManager: Shutting down and abandoning module ProfilerService (336)
[2018.01.21-15.36.59:058][ 13]LogModuleManager: Shutting down and abandoning module TaskGraph (334)
[2018.01.21-15.36.59:083][ 13]LogModuleManager: Shutting down and abandoning module SteamVRController (332)
[2018.01.21-15.36.59:083][ 13]LogModuleManager: Shutting down and abandoning module ProceduralMeshComponentEditor (330)
[2018.01.21-15.36.59:084][ 13]LogModuleManager: Shutting down and abandoning module ProceduralMeshComponent (328)
[2018.01.21-15.36.59:084][ 13]LogModuleManager: Shutting down and abandoning module OculusInput (326)
[2018.01.21-15.36.59:084][ 13]LogModuleManager: Shutting down and abandoning module MobilePatchingUtils (324)
[2018.01.21-15.36.59:084][ 13]LogModuleManager: Shutting down and abandoning module CustomMeshComponent (322)
[2018.01.21-15.36.59:084][ 13]LogModuleManager: Shutting down and abandoning module CableComponent (320)
[2018.01.21-15.36.59:084][ 13]LogModuleManager: Shutting down and abandoning module ArchVisCharacter (318)
[2018.01.21-15.36.59:084][ 13]LogModuleManager: Shutting down and abandoning module AndroidPermission (316)
[2018.01.21-15.36.59:084][ 13]LogModuleManager: Shutting down and abandoning module MediaPlayerEditor (314)
[2018.01.21-15.36.59:090][ 13]LogModuleManager: Shutting down and abandoning module RawInput (312)
[2018.01.21-15.36.59:091][ 13]LogModuleManager: Shutting down and abandoning module HTML5Networking (310)
[2018.01.21-15.36.59:091][ 13]LogModuleManager: Shutting down and abandoning module AlembicImporter (308)
[2018.01.21-15.36.59:091][ 13]LogModuleManager: Shutting down and abandoning module AlembicLibrary (307)
[2018.01.21-15.36.59:091][ 13]LogModuleManager: Shutting down and abandoning module GeometryCache (306)
[2018.01.21-15.36.59:091][ 13]LogModuleManager: Shutting down and abandoning module GeometryCacheEd (305)
[2018.01.21-15.36.59:092][ 13]LogModuleManager: Shutting down and abandoning module SpeedTreeImporter (300)
[2018.01.21-15.36.59:092][ 13]LogModuleManager: Shutting down and abandoning module PluginBrowser (298)
[2018.01.21-15.36.59:110][ 13]LogModuleManager: Shutting down and abandoning module MobileLauncherProfileWizard (296)
[2018.01.21-15.36.59:124][ 13]LogModuleManager: Shutting down and abandoning module VisualStudioSourceCodeAccess (294)
[2018.01.21-15.36.59:124][ 13]LogModuleManager: Shutting down and abandoning module DesktopPlatform (293)
[2018.01.21-15.36.59:125][ 13]LogModuleManager: Shutting down and abandoning module UObjectPlugin (290)
[2018.01.21-15.36.59:125][ 13]LogModuleManager: Shutting down and abandoning module SubversionSourceControl (288)
[2018.01.21-15.36.59:127][ 13]LogModuleManager: Shutting down and abandoning module PerforceSourceControl (286)
[2018.01.21-15.36.59:129][ 13]LogModuleManager: Shutting down and abandoning module GitSourceControl (284)
[2018.01.21-15.36.59:131][ 13]LogModuleManager: Shutting down and abandoning module SourceControl (283)
[2018.01.21-15.36.59:132][ 13]LogModuleManager: Shutting down and abandoning module LightPropagationVolumeEditor (280)
[2018.01.21-15.36.59:132][ 13]LogModuleManager: Shutting down and abandoning module PaperTiledImporter (278)
[2018.01.21-15.36.59:132][ 13]LogModuleManager: Shutting down and abandoning module PaperSpriteSheetImporter (276)
[2018.01.21-15.36.59:132][ 13]LogModuleManager: Shutting down and abandoning module Paper2DEditor (274)
[2018.01.21-15.36.59:142][ 13]LogModuleManager: Shutting down and abandoning module MeshPaint (273)
[2018.01.21-15.36.59:143][ 13]LogModuleManager: Shutting down and abandoning module LevelEditor (271)
[2018.01.21-15.36.59:165][ 13]LogModuleManager: Shutting down and abandoning module PixelInspectorModule (270)
[2018.01.21-15.36.59:166][ 13]LogModuleManager: Shutting down and abandoning module MainFrame (268)
[2018.01.21-15.36.59:166][ 13]LogModuleManager: Shutting down and abandoning module HotReload (267)
[2018.01.21-15.37.00:640][ 13]LogModuleManager: Shutting down and abandoning module RuntimePhysXCooking (262)
[2018.01.21-15.37.00:641][ 13]LogModuleManager: Shutting down and abandoning module PhysXVehiclesEditor (260)
[2018.01.21-15.37.00:641][ 13]LogModuleManager: Shutting down and abandoning module PhysXVehicles (258)
[2018.01.21-15.37.00:641][ 13]LogModuleManager: Shutting down and abandoning module OculusEditor (256)
[2018.01.21-15.37.00:641][ 13]LogModuleManager: Shutting down and abandoning module LocationServicesBPLibrary (254)
[2018.01.21-15.37.00:641][ 13]LogModuleManager: Shutting down and abandoning module ImmediatePhysicsEditor (252)
[2018.01.21-15.37.00:641][ 13]LogModuleManager: Shutting down and abandoning module ImmediatePhysics (250)
[2018.01.21-15.37.00:642][ 13]LogModuleManager: Shutting down and abandoning module UdpMessaging (248)
[2018.01.21-15.37.00:743][ 13]LogModuleManager: Shutting down and abandoning module TcpMessaging (246)
[2018.01.21-15.37.00:924][ 13]LogModuleManager: Shutting down and abandoning module GameplayTagsEditor (244)
[2018.01.21-15.37.00:926][ 13]LogModuleManager: Shutting down and abandoning module FacialAnimationEditor (242)
[2018.01.21-15.37.00:927][ 13]LogModuleManager: Shutting down and abandoning module FacialAnimation (240)
[2018.01.21-15.37.00:927][ 13]LogModuleManager: Shutting down and abandoning module AssetManagerEditor (238)
[2018.01.21-15.37.00:931][ 13]LogModuleManager: Shutting down and abandoning module GraphEditor (237)
[2018.01.21-15.37.00:932][ 13]LogModuleManager: Shutting down and abandoning module ContentBrowser (235)
[2018.01.21-15.37.00:938][ 13]LogModuleManager: Shutting down and abandoning module LightPropagationVolumeRuntime (232)
[2018.01.21-15.37.00:938][ 13]LogModuleManager: Shutting down and abandoning module Paper2D (230)
[2018.01.21-15.37.00:944][ 13]LogModuleManager: Shutting down and abandoning module WindowsMoviePlayer (228)
[2018.01.21-15.37.00:945][ 13]LogModuleManager: Shutting down and abandoning module WmfMedia (226)
[2018.01.21-15.37.00:958][ 13]LogModuleManager: Shutting down and abandoning module PacketHandler (224)
[2018.01.21-15.37.00:959][ 13]LogModuleManager: Shutting down and abandoning module ClothingSystemEditor (222)
[2018.01.21-15.37.00:959][ 13]LogModuleManager: Shutting down and abandoning module ClothingSystemRuntime (220)
[2018.01.21-15.37.00:959][ 13]LogModuleManager: Shutting down and abandoning module Overlay (218)
[2018.01.21-15.37.00:959][ 13]LogModuleManager: Shutting down and abandoning module OverlayEditor (217)
[2018.01.21-15.37.00:959][ 13]LogModuleManager: Shutting down and abandoning module MediaAssets (214)
[2018.01.21-15.37.00:959][ 13]LogModuleManager: Shutting down and abandoning module VREditor (212)
[2018.01.21-15.37.00:960][ 13]LogModuleManager: Shutting down and abandoning module StringTableEditor (210)
[2018.01.21-15.37.00:961][ 13]LogModuleManager: Shutting down and abandoning module GameplayTasksEditor (208)
[2018.01.21-15.37.00:961][ 13]LogModuleManager: Shutting down and abandoning module BehaviorTreeEditor (206)
[2018.01.21-15.37.01:005][ 13]LogModuleManager: Shutting down and abandoning module FunctionalTesting (204)
[2018.01.21-15.37.01:006][ 13]LogModuleManager: Shutting down and abandoning module CollisionAnalyzer (202)
[2018.01.21-15.37.01:013][ 13]LogModuleManager: Shutting down and abandoning module WorkspaceMenuStructure (201)
[2018.01.21-15.37.01:013][ 13]LogModuleManager: Shutting down and abandoning module UMG (198)
[2018.01.21-15.37.01:062][ 13]LogModuleManager: Shutting down and abandoning module UMGEditor (197)
[2018.01.21-15.37.01:077][ 13]LogModuleManager: Shutting down and abandoning module Sequencer (196)
[2018.01.21-15.37.01:098][ 13]LogModuleManager: Shutting down and abandoning module MessageLog (193)
[2018.01.21-15.37.01:098][ 13]LogModuleManager: Shutting down and abandoning module SlateReflector (188)
[2018.01.21-15.37.01:129][ 13]LogModuleManager: Shutting down and abandoning module Slate (186)
[2018.01.21-15.37.01:129][ 13]LogModuleManager: Shutting down and abandoning module EditorStyle (184)
[2018.01.21-15.37.01:238][ 13]LogModuleManager: Shutting down and abandoning module MRMesh (182)
[2018.01.21-15.37.01:238][ 13]LogModuleManager: Shutting down and abandoning module SourceCodeAccess (180)
[2018.01.21-15.37.01:239][ 13]LogModuleManager: Shutting down and abandoning module HeadMountedDisplay (178)
[2018.01.21-15.37.01:243][ 13]LogModuleManager: Shutting down and abandoning module XAudio2 (176)
[2018.01.21-15.37.01:244][ 13]LogModuleManager: Shutting down and abandoning module Networking (174)
[2018.01.21-15.37.01:244][ 13]LogModuleManager: Shutting down and abandoning module Core (172)
[2018.01.21-15.37.01:244][ 13]LogModuleManager: Shutting down and abandoning module KismetCompiler (168)
[2018.01.21-15.37.01:244][ 13]LogModuleManager: Shutting down and abandoning module LevelSequence (166)
[2018.01.21-15.37.01:244][ 13]LogModuleManager: Shutting down and abandoning module MeshUtilities (164)
[2018.01.21-15.37.01:257][ 13]LogModuleManager: Shutting down and abandoning module MeshMergeUtilities (163)
[2018.01.21-15.37.01:258][ 13]LogModuleManager: Shutting down and abandoning module MeshReductionInterface (162)
[2018.01.21-15.37.01:259][ 13]LogModuleManager: Shutting down and abandoning module SimplygonSwarm (161)
[2018.01.21-15.37.01:260][ 13]LogModuleManager: Shutting down and abandoning module SimplygonMeshReduction (159)
[2018.01.21-15.37.01:260][ 13]LogModuleManager: Shutting down and abandoning module QuadricMeshReduction (157)
[2018.01.21-15.37.01:272][ 13]LogModuleManager: Shutting down and abandoning module MaterialBaking (153)
[2018.01.21-15.37.01:273][ 13]LogModuleManager: Shutting down and abandoning module DirectoryWatcher (150)
[2018.01.21-15.37.01:278][ 13]LogModuleManager: Shutting down and abandoning module DerivedDataCache (148)
[2018.01.21-15.37.01:365][ 13]LogDerivedDataCache: Shutdown
[2018.01.21-15.37.01:403][ 13]LogModuleManager: Shutting down and abandoning module TargetPlatform (146)
[2018.01.21-15.37.01:404][ 13]LogModuleManager: Shutting down and abandoning module VulkanShaderFormat (145)
[2018.01.21-15.37.01:439][ 13]LogModuleManager: Shutting down and abandoning module ShaderFormatVectorVM (143)
[2018.01.21-15.37.01:447][ 13]LogModuleManager: Shutting down and abandoning module ShaderFormatOpenGL (141)
[2018.01.21-15.37.01:454][ 13]LogModuleManager: Shutting down and abandoning module ShaderFormatD3D (139)
[2018.01.21-15.37.01:455][ 13]LogModuleManager: Shutting down and abandoning module MetalShaderFormat (137)
[2018.01.21-15.37.01:482][ 13]LogModuleManager: Shutting down and abandoning module TextureFormatUncompressed (135)
[2018.01.21-15.37.01:482][ 13]LogModuleManager: Shutting down and abandoning module TextureFormatPVR (133)
[2018.01.21-15.37.01:482][ 13]LogModuleManager: Shutting down and abandoning module TextureFormatDXT (131)
[2018.01.21-15.37.01:482][ 13]LogModuleManager: Shutting down and abandoning module TextureFormatIntelISPCTexComp (129)
[2018.01.21-15.37.01:482][ 13]LogModuleManager: Shutting down and abandoning module TextureFormatASTC (127)
[2018.01.21-15.37.01:482][ 13]LogModuleManager: Shutting down and abandoning module ImageWrapper (126)
[2018.01.21-15.37.01:482][ 13]LogModuleManager: Shutting down and abandoning module TextureFormatAndroid (123)
[2018.01.21-15.37.01:482][ 13]LogModuleManager: Shutting down and abandoning module AudioFormatOpus (121)
[2018.01.21-15.37.01:485][ 13]LogModuleManager: Shutting down and abandoning module AudioFormatOgg (119)
[2018.01.21-15.37.01:485][ 13]LogModuleManager: Shutting down and abandoning module AudioFormatADPCM (117)
[2018.01.21-15.37.01:485][ 13]LogModuleManager: Shutting down and abandoning module LinuxTargetPlatform (115)
[2018.01.21-15.37.01:485][ 13]LogModuleManager: Shutting down and abandoning module LinuxServerTargetPlatform (113)
[2018.01.21-15.37.01:485][ 13]LogModuleManager: Shutting down and abandoning module LinuxNoEditorTargetPlatform (111)
[2018.01.21-15.37.01:486][ 13]LogModuleManager: Shutting down and abandoning module LinuxClientTargetPlatform (109)
[2018.01.21-15.37.01:486][ 13]LogModuleManager: Shutting down and abandoning module TVOSTargetPlatform (107)
[2018.01.21-15.37.01:486][ 13]LogModuleManager: Shutting down and abandoning module Messaging (105)
[2018.01.21-15.37.01:486][ 13]LogModuleManager: Shutting down and abandoning module IOSTargetPlatform (103)
[2018.01.21-15.37.01:486][ 13]LogModuleManager: Shutting down and abandoning module HTML5TargetPlatform (101)
[2018.01.21-15.37.01:486][ 13]LogModuleManager: Shutting down and abandoning module Android_PVRTCTargetPlatform (99)
[2018.01.21-15.37.01:486][ 13]LogModuleManager: Shutting down and abandoning module Android_MultiTargetPlatform (97)
[2018.01.21-15.37.01:486][ 13]LogModuleManager: Shutting down and abandoning module Android_ETC2TargetPlatform (95)
[2018.01.21-15.37.01:486][ 13]LogModuleManager: Shutting down and abandoning module Android_ETC1TargetPlatform (93)
[2018.01.21-15.37.01:486][ 13]LogModuleManager: Shutting down and abandoning module Android_DXTTargetPlatform (91)
[2018.01.21-15.37.01:486][ 13]LogModuleManager: Shutting down and abandoning module Android_ATCTargetPlatform (89)
[2018.01.21-15.37.01:486][ 13]LogModuleManager: Shutting down and abandoning module Android_ASTCTargetPlatform (87)
[2018.01.21-15.37.01:486][ 13]LogModuleManager: Shutting down and abandoning module AndroidTargetPlatform (85)
[2018.01.21-15.37.01:486][ 13]LogModuleManager: Shutting down and abandoning module WindowsTargetPlatform (83)
[2018.01.21-15.37.01:486][ 13]LogModuleManager: Shutting down and abandoning module WindowsServerTargetPlatform (81)
[2018.01.21-15.37.01:487][ 13]LogModuleManager: Shutting down and abandoning module WindowsNoEditorTargetPlatform (79)
[2018.01.21-15.37.01:487][ 13]LogModuleManager: Shutting down and abandoning module WindowsClientTargetPlatform (77)
[2018.01.21-15.37.01:487][ 13]LogModuleManager: Shutting down and abandoning module MacTargetPlatform (75)
[2018.01.21-15.37.01:487][ 13]LogModuleManager: Shutting down and abandoning module MacServerTargetPlatform (73)
[2018.01.21-15.37.01:487][ 13]LogModuleManager: Shutting down and abandoning module MacNoEditorTargetPlatform (71)
[2018.01.21-15.37.01:487][ 13]LogModuleManager: Shutting down and abandoning module MacClientTargetPlatform (69)
[2018.01.21-15.37.01:487][ 13]LogModuleManager: Shutting down and abandoning module AllDesktopTargetPlatform (67)
[2018.01.21-15.37.01:487][ 13]LogModuleManager: Shutting down and abandoning module InputCore (64)
[2018.01.21-15.37.01:487][ 13]LogModuleManager: Shutting down and abandoning module Settings (62)
[2018.01.21-15.37.01:487][ 13]LogModuleManager: Shutting down and abandoning module PhysXCooking (60)
[2018.01.21-15.37.01:487][ 13]LogModuleManager: Shutting down and abandoning module SteamVR (58)
[2018.01.21-15.37.01:487][ 13]LogModuleManager: Shutting down and abandoning module OculusHMD (56)
[2018.01.21-15.37.01:495][ 13]LogModuleManager: Shutting down and abandoning module ExampleDeviceProfileSelector (54)
[2018.01.21-15.37.01:495][ 13]LogModuleManager: Shutting down and abandoning module OnlineBlueprintSupport (52)
[2018.01.21-15.37.01:495][ 13]LogModuleManager: Shutting down and abandoning module OnlineSubsystem (48)
[2018.01.21-15.37.01:495][ 13]LogOnline: Display: OSS: FOnlineSubsystemNull::Shutdown()
[2018.01.21-15.37.01:495][ 13]LogOnline: Display: OSS: FOnlineAsyncTaskManager::Stop() ActiveTask:0000000000000000 Tasks[0/0]
[2018.01.21-15.37.01:505][ 13]LogOnline: Display: OSS: FOnlineAsyncTaskManager::Exit() started
[2018.01.21-15.37.01:506][ 13]LogOnline: Display: OSS: FOnlineAsyncTaskManager::Exit() finished
[2018.01.21-15.37.01:506][ 13]LogOnline: Display: Unloading online subsystem: NULL
[2018.01.21-15.37.01:511][ 13]LogModuleManager: Shutting down and abandoning module XMPP (43)
[2018.01.21-15.37.01:512][ 13]LogModuleManager: Shutting down and abandoning module HTTP (41)
[2018.01.21-15.37.01:512][ 13]LogHttp: Display: Http module shutting down, but needs to wait on 1 outstanding Http requests:
[2018.01.21-15.37.01:513][ 13]LogHttp: Display: 	verb=[POST] url=[https://datarouter.ol.epicgames.com/datarouter/api/v1/public/data?SessionID=%7BD784115B-4C7A-8ED6-2B71-9A81D2B3777D%7D&AppID=UEEditor.Rocket.Release&AppVersion=4.17.2-3658906%2B%2B%2BUE4%2BRelease-4.17&UserID=cd1f60b7479b32bd24c174b1375c1b70%7C4ba7aa541e964517b0d99766beec29d1%7Cb30741d6-520e-4fea-be44-def22d0e3946&AppEnvironment=datacollector-binary&UploadType=eteventstream] status=Processing
[2018.01.21-15.37.01:522][ 13]LogModuleManager: Shutting down and abandoning module SSL (40)
[2018.01.21-15.37.01:532][ 13]LogModuleManager: Shutting down and abandoning module AnimationModifiers (36)
[2018.01.21-15.37.01:536][ 13]LogModuleManager: Shutting down and abandoning module PropertyEditor (35)
[2018.01.21-15.37.01:537][ 13]LogModuleManager: Shutting down and abandoning module AudioEditor (32)
[2018.01.21-15.37.01:540][ 13]LogModuleManager: Shutting down and abandoning module TextureCompressor (30)
[2018.01.21-15.37.01:541][ 13]LogModuleManager: Shutting down and abandoning module ShaderCore (28)
[2018.01.21-15.37.01:541][ 13]LogModuleManager: Shutting down and abandoning module Landscape (26)
[2018.01.21-15.37.01:541][ 13]LogModuleManager: Shutting down and abandoning module SlateRHIRenderer (24)
[2018.01.21-15.37.01:549][ 13]LogModuleManager: Shutting down and abandoning module OpenGLDrv (22)
[2018.01.21-15.37.01:550][ 13]LogModuleManager: Shutting down and abandoning module D3D11RHI (20)
[2018.01.21-15.37.01:550][ 13]LogModuleManager: Shutting down and abandoning module AnimGraphRuntime (18)
[2018.01.21-15.37.01:551][ 13]LogModuleManager: Shutting down and abandoning module Renderer (16)
[2018.01.21-15.37.01:552][ 13]LogModuleManager: Shutting down and abandoning module Engine (14)
[2018.01.21-15.37.01:552][ 13]LogModuleManager: Shutting down and abandoning module CoreUObject (12)
[2018.01.21-15.37.01:552][ 13]LogModuleManager: Shutting down and abandoning module NetworkFile (10)
[2018.01.21-15.37.01:568][ 13]LogModuleManager: Shutting down and abandoning module CookedIterativeFile (8)
[2018.01.21-15.37.01:568][ 13]LogModuleManager: Shutting down and abandoning module StreamingFile (6)
[2018.01.21-15.37.01:576][ 13]LogModuleManager: Shutting down and abandoning module SandboxFile (4)
[2018.01.21-15.37.01:576][ 13]LogModuleManager: Shutting down and abandoning module PakFile (2)
[2018.01.21-15.37.01:592][ 13]LogExit: Exiting.
[2018.01.21-15.37.01:828][ 13]Log file closed, 01/21/18 10:37:01
