Log file open, 12/10/17 14:29:47
LogWindows: Failed to load 'aqProf.dll' (GetLastError=126)
LogWindows: File 'aqProf.dll' does not exist
LogWindows: Failed to load 'VtuneApi.dll' (GetLastError=126)
LogWindows: File 'VtuneApi.dll' does not exist
LogWindows: Failed to load 'VtuneApi32e.dll' (GetLastError=126)
LogWindows: File 'VtuneApi32e.dll' does not exist
LogInit: Display: Running engine for game: CarBlueprints
LogPlatformFile: Not using cached read wrapper
LogInit: Display: RandInit(1587132881) SRandInit(1587132881).
LogTaskGraph: Started task graph with 5 named threads and 14 total threads with 3 sets of task threads.
LogStats: Stats thread started at 0.341784
LogD3D11RHI: Aftermath initialized
LogPluginManager: Mounting plugin Paper2D
LogPluginManager: Mounting plugin LightPropagationVolume
LogPluginManager: Mounting plugin CodeLiteSourceCodeAccess
LogPluginManager: Mounting plugin GitSourceControl
LogPluginManager: Mounting plugin KDevelopSourceCodeAccess
LogPluginManager: Mounting plugin NullSourceCodeAccess
LogPluginManager: Mounting plugin PerforceSourceControl
LogPluginManager: Mounting plugin SubversionSourceControl
LogPluginManager: Mounting plugin UObjectPlugin
LogPluginManager: Mounting plugin VisualStudioSourceCodeAccess
LogPluginManager: Mounting plugin XCodeSourceCodeAccess
LogPluginManager: Mounting plugin AssetManagerEditor
LogPluginManager: Mounting plugin AudioCapture
LogPluginManager: Mounting plugin FacialAnimation
LogPluginManager: Mounting plugin GameplayTagsEditor
LogPluginManager: Mounting plugin MobileLauncherProfileWizard
LogPluginManager: Mounting plugin PluginBrowser
LogPluginManager: Mounting plugin SpeedTreeImporter
LogPluginManager: Mounting plugin AlembicImporter
LogPluginManager: Mounting plugin CharacterAI
LogPluginManager: Mounting plugin HTML5Networking
LogPluginManager: Mounting plugin RawInput
LogPluginManager: Mounting plugin AndroidMedia
LogPluginManager: Mounting plugin AvfMedia
LogPluginManager: Mounting plugin MediaPlayerEditor
LogPluginManager: Mounting plugin WmfMedia
LogPluginManager: Mounting plugin TcpMessaging
LogPluginManager: Mounting plugin UdpMessaging
LogPluginManager: Mounting plugin LevelSequenceEditor
LogPluginManager: Mounting plugin MatineeToLevelSequence
LogPluginManager: Mounting plugin OnlineSubsystemGooglePlay
LogPluginManager: Mounting plugin OnlineSubsystemIOS
LogPluginManager: Mounting plugin OnlineSubsystem
LogPluginManager: Mounting plugin OnlineSubsystemNull
LogPluginManager: Mounting plugin OnlineSubsystemUtils
LogPluginManager: Mounting plugin AndroidDeviceProfileSelector
LogPluginManager: Mounting plugin AndroidMoviePlayer
LogPluginManager: Mounting plugin AndroidPermission
LogPluginManager: Mounting plugin AppleMoviePlayer
LogPluginManager: Mounting plugin ArchVisCharacter
LogPluginManager: Mounting plugin CableComponent
LogPluginManager: Mounting plugin CustomMeshComponent
LogPluginManager: Mounting plugin ExampleDeviceProfileSelector
LogPluginManager: Mounting plugin GoogleCloudMessaging
LogPluginManager: Mounting plugin ImmediatePhysics
LogPluginManager: Mounting plugin IOSDeviceProfileSelector
LogPluginManager: Mounting plugin LinuxDeviceProfileSelector
LogPluginManager: Mounting plugin LocationServicesBPLibrary
LogPluginManager: Mounting plugin MobilePatchingUtils
LogPluginManager: Mounting plugin OculusVR
LogPluginManager: Mounting plugin PhysXVehicles
LogPluginManager: Mounting plugin ProceduralMeshComponent
LogPluginManager: Mounting plugin RuntimePhysXCooking
LogPluginManager: Mounting plugin SteamVR
LogPluginManager: Mounting plugin WindowsMoviePlayer
LogInit: Using libcurl 7.47.1
LogInit:  - built for x86_64-pc-win32
LogInit:  - supports SSL with OpenSSL/1.0.2g
LogInit:  - supports HTTP deflate (compression) using libz 1.2.8
LogInit:  - other features:
LogInit:      CURL_VERSION_SSL
LogInit:      CURL_VERSION_LIBZ
LogInit:      CURL_VERSION_IPV6
LogInit:      CURL_VERSION_ASYNCHDNS
LogInit:      CURL_VERSION_LARGEFILE
LogInit:      CURL_VERSION_IDN
LogInit:  CurlRequestOptions (configurable via config and command line):
LogInit:  - bVerifyPeer = false  - Libcurl will NOT verify peer certificate
LogInit:  - bUseHttpProxy = false  - Libcurl will NOT use HTTP proxy
LogInit:  - bDontReuseConnections = false  - Libcurl will reuse connections
LogInit:  - CertBundlePath = nullptr  - Libcurl will use whatever was configured at build time.
LogInit: Build: ++UE4+Release-4.17-CL-3658906
LogInit: Engine Version: 4.17.2-3658906+++UE4+Release-4.17
LogInit: Compatible Engine Version: 4.17.0-3573198+++UE4+Release-4.17
LogInit: Net CL: 3573198
LogDevObjectVersion: Number of dev versions registered: 16
LogDevObjectVersion:   Dev-Blueprints (B0D832E4-1F89-4F0D-ACCF-7EB736FD4AA2): 10
LogDevObjectVersion:   Dev-Build (E1C64328-A22C-4D53-A36C-8E866417BD8C): 0
LogDevObjectVersion:   Dev-Core (375EC13C-06E4-48FB-B500-84F0262A717E): 2
LogDevObjectVersion:   Dev-Editor (E4B068ED-F494-42E9-A231-DA0B2E46BB41): 20
LogDevObjectVersion:   Dev-Framework (CFFC743F-43B0-4480-9391-14DF171D2073): 28
LogDevObjectVersion:   Dev-Mobile (B02B49B5-BB20-44E9-A304-32B752E40360): 0
LogDevObjectVersion:   Dev-Networking (A4E4105C-59A1-49B5-A7C5-40C4547EDFEE): 0
LogDevObjectVersion:   Dev-Online (39C831C9-5AE6-47DC-9A44-9C173E1C8E7C): 0
LogDevObjectVersion:   Dev-Physics (78F01B33-EBEA-4F98-B9B4-84EACCB95AA2): 0
LogDevObjectVersion:   Dev-Platform (6631380F-2D4D-43E0-8009-CF276956A95A): 0
LogDevObjectVersion:   Dev-Rendering (12F88B9F-8875-4AFC-A67C-D90C383ABD29): 19
LogDevObjectVersion:   Dev-Sequencer (7B5AE74C-D270-4C10-A958-57980B212A5A): 4
LogDevObjectVersion:   Dev-VR (D7296918-1DD6-4BDD-9DE2-64A83CC13884): 0
LogDevObjectVersion:   Dev-LoadTimes (C2A15278-BFE7-4AFE-6C17-90FF531DF755): 1
LogDevObjectVersion:   Private-Geometry (6EACA3D4-40EC-4CC1-B786-8BED09428FC5): 1
LogDevObjectVersion:   Dev-AnimPhys (29E575DD-E0A3-4627-9D10-D276232CDCEA): 7
LogInit: Compiled (64-bit): Sep 22 2017 13:47:16
LogInit: Compiled with Visual C++: 19.00.24215.01
LogInit: Build Configuration: Development
LogInit: Branch Name: ++UE4+Release-4.17
LogInit: Command line:  
LogInit: Base directory: C:/Program Files/Epic Games/UE_4.17/Engine/Binaries/Win64/
LogInit: Installed Engine Build: 1
LogInit: Presizing for max 8388607 objects, including 0 objects not considered by GC, pre-allocating 0 bytes for permanent pool.
LogInit: Object subsystem initialized
[2017.12.10-19.29.49:722][  0]LogInit: Selected Device Profile: [Windows]
[2017.12.10-19.29.49:722][  0]LogInit: Applying CVar settings loaded from the selected device profile: [Windows]
[2017.12.10-19.29.49:754][  0]LogInit: Computer: DESKTOP-I9SMP4L
[2017.12.10-19.29.49:754][  0]LogInit: User: AricsPC
[2017.12.10-19.29.49:754][  0]LogInit: CPU Page size=4096, Cores=4
[2017.12.10-19.29.49:754][  0]LogInit: High frequency timer resolution =2.250003 MHz
[2017.12.10-19.29.49:755][  0]LogMemory: Memory total: Physical=7.9GB (8GB approx)
[2017.12.10-19.29.49:755][  0]LogMemory: Platform Memory Stats for Windows
[2017.12.10-19.29.49:755][  0]LogMemory: Process Physical Memory: 278.30 MB used, 278.30 MB peak
[2017.12.10-19.29.49:755][  0]LogMemory: Process Virtual Memory: 274.37 MB used, 274.37 MB peak
[2017.12.10-19.29.49:755][  0]LogMemory: Physical Memory: 3671.54 MB used,  4393.72 MB free, 8065.26 MB total
[2017.12.10-19.29.49:755][  0]LogMemory: Virtual Memory: 706.34 MB used,  4393.72 MB free, 134217728.00 MB total
[2017.12.10-19.29.52:008][  0]LogInit: Using OS detected language (en-US).
[2017.12.10-19.29.52:008][  0]LogInit: Using OS detected locale (en-US).
[2017.12.10-19.29.52:021][  0]LogTextLocalizationManager: No specific localization for 'en-US' exists, so the 'en' localization will be used.
[2017.12.10-19.29.54:711][  0]LogD3D11RHI: D3D11 adapters:
[2017.12.10-19.29.54:841][  0]LogD3D11RHI:    0. 'NVIDIA GeForce GTX 960M' (Feature Level 11_0)
[2017.12.10-19.29.54:842][  0]LogD3D11RHI:       4065/0/4032 MB DedicatedVideo/DedicatedSystem/SharedSystem, Outputs:1, VendorId:0x10de
[2017.12.10-19.29.54:860][  0]LogD3D11RHI:    1. 'Intel(R) HD Graphics 530' (Feature Level 11_0)
[2017.12.10-19.29.54:861][  0]LogD3D11RHI:       128/0/4032 MB DedicatedVideo/DedicatedSystem/SharedSystem, Outputs:0, VendorId:0x8086
[2017.12.10-19.29.54:867][  0]LogD3D11RHI:    2. 'Microsoft Basic Render Driver' (Feature Level 11_0)
[2017.12.10-19.29.54:867][  0]LogD3D11RHI:       0/0/4032 MB DedicatedVideo/DedicatedSystem/SharedSystem, Outputs:0, VendorId:0x1414
[2017.12.10-19.29.54:867][  0]LogD3D11RHI: Chosen D3D11 Adapter: 0
[2017.12.10-19.29.54:885][  0]LogD3D11RHI: Creating new Direct3DDevice
[2017.12.10-19.29.54:885][  0]LogD3D11RHI:     GPU DeviceId: 0x139b (for the marketing name, search the web for "GPU Device Id")
[2017.12.10-19.29.54:885][  0]LogWindows: EnumDisplayDevices:
[2017.12.10-19.29.54:886][  0]LogWindows:    0. 'Intel(R) HD Graphics 530' (P:1 D:1)
[2017.12.10-19.29.54:886][  0]LogWindows:    1. 'Intel(R) HD Graphics 530' (P:0 D:0)
[2017.12.10-19.29.54:886][  0]LogWindows:    2. 'Intel(R) HD Graphics 530' (P:0 D:0)
[2017.12.10-19.29.54:887][  0]LogWindows: DebugString: GetVideoDriverDetailsInvalid PrimaryIsNotTheChoosenAdapter GetVideoDriverDetailsInvalid PrimaryIsNotTheChoosenAdapter GetVideoDriverDetailsInvalid PrimaryIsNotTheChoosenAdapter FoundDriverCount:0 
[2017.12.10-19.29.54:887][  0]LogD3D11RHI:     Adapter Name: NVIDIA GeForce GTX 960M
[2017.12.10-19.29.54:887][  0]LogD3D11RHI:   Driver Version: Unknown (internal:Unknown, unified:Unknown)
[2017.12.10-19.29.54:887][  0]LogD3D11RHI:      Driver Date: Unknown
[2017.12.10-19.29.54:887][  0]LogRHI: Texture pool is 1361 MB (70% of 1945 MB)
[2017.12.10-19.29.54:968][  0]LogD3D11RHI: Async texture creation enabled
[2017.12.10-19.29.54:995][  0]LogD3D11RHI: GPU Timing Frequency: 1000.000000 (Debug: 2 1)
[2017.12.10-19.29.54:996][  0]LogShaderCompilers: Guid format shader working directory is -23 characters bigger than the processId version (../../../../../../Users/Aric's PC/Documents/Unreal Projects/CarBlueprints/Intermediate/Shaders/WorkingDirectory/3704/).
[2017.12.10-19.29.54:997][  0]LogShaderCompilers: Cleaned the shader compiler working directory 'C:/Users/Aric's PC/AppData/Local/Temp/UnrealShaderWorkingDir/BA9638EE4749A6C3B61F4C95141A37F5/'.
[2017.12.10-19.29.54:997][  0]LogShaderCompilers: Display: Using Local Shader Compiler.
[2017.12.10-19.29.58:619][  0]LogTemp: Display: Loaded TP AllDesktopTargetPlatform
[2017.12.10-19.29.58:882][  0]LogTemp: Display: Loaded TP MacClientTargetPlatform
[2017.12.10-19.29.59:145][  0]LogTemp: Display: Loaded TP MacNoEditorTargetPlatform
[2017.12.10-19.29.59:409][  0]LogTemp: Display: Loaded TP MacServerTargetPlatform
[2017.12.10-19.29.59:677][  0]LogTemp: Display: Loaded TP MacTargetPlatform
[2017.12.10-19.29.59:948][  0]LogTemp: Display: Loaded TP WindowsClientTargetPlatform
[2017.12.10-19.30.00:222][  0]LogTemp: Display: Loaded TP WindowsNoEditorTargetPlatform
[2017.12.10-19.30.00:495][  0]LogTemp: Display: Loaded TP WindowsServerTargetPlatform
[2017.12.10-19.30.00:742][  0]LogTemp: Display: Loaded TP WindowsTargetPlatform
[2017.12.10-19.30.01:012][  0]LogTemp: Display: Loaded TP AndroidTargetPlatform
[2017.12.10-19.30.01:278][  0]LogTemp: Display: Loaded TP Android_ASTCTargetPlatform
[2017.12.10-19.30.01:542][  0]LogTemp: Display: Loaded TP Android_ATCTargetPlatform
[2017.12.10-19.30.01:817][  0]LogTemp: Display: Loaded TP Android_DXTTargetPlatform
[2017.12.10-19.30.02:095][  0]LogTemp: Display: Loaded TP Android_ETC1TargetPlatform
[2017.12.10-19.30.02:362][  0]LogTemp: Display: Loaded TP Android_ETC2TargetPlatform
[2017.12.10-19.30.02:905][  0]LogTemp: Display: Loaded TP Android_MultiTargetPlatform
[2017.12.10-19.30.02:905][  0]LogTemp: Display: Loaded TP Android_PVRTCTargetPlatform
[2017.12.10-19.30.03:140][  0]LogTemp: Display: Loaded TP HTML5TargetPlatform
[2017.12.10-19.30.03:553][  0]LogTemp: Display: Loaded TP IOSTargetPlatform
[2017.12.10-19.30.03:715][  0]LogTemp: Display: Loaded TP TVOSTargetPlatform
[2017.12.10-19.30.03:984][  0]LogTemp: Display: Loaded TP LinuxClientTargetPlatform
[2017.12.10-19.30.04:253][  0]LogTemp: Display: Loaded TP LinuxNoEditorTargetPlatform
[2017.12.10-19.30.04:516][  0]LogTemp: Display: Loaded TP LinuxServerTargetPlatform
[2017.12.10-19.30.04:789][  0]LogTemp: Display: Loaded TP LinuxTargetPlatform
[2017.12.10-19.30.04:789][  0]LogTargetPlatformManager: Display: Building Assets For Windows
[2017.12.10-19.30.07:656][  0]LogDerivedDataCache: Display: Max Cache Size: 512 MB
[2017.12.10-19.30.07:889][  0]LogDerivedDataCache: Loaded boot cache 0.23s 93MB C:/Users/Aric's PC/AppData/Local/UnrealEngine/4.17/DerivedDataCache/Boot.ddc.
[2017.12.10-19.30.07:889][  0]LogDerivedDataCache: Display: Loaded Boot cache: C:/Users/Aric's PC/AppData/Local/UnrealEngine/4.17/DerivedDataCache/Boot.ddc
[2017.12.10-19.30.07:890][  0]LogDerivedDataCache: FDerivedDataBackendGraph:  Pak pak cache file ../../../../../../Users/Aric's PC/Documents/Unreal Projects/CarBlueprints/DerivedDataCache/DDC.ddp not found, will not use a pak cache.
[2017.12.10-19.30.07:890][  0]LogDerivedDataCache: Unable to find inner node Pak for hierarchical cache Hierarchy.
[2017.12.10-19.30.07:890][  0]LogDerivedDataCache: FDerivedDataBackendGraph:  CompressedPak pak cache file ../../../../../../Users/Aric's PC/Documents/Unreal Projects/CarBlueprints/DerivedDataCache/Compressed.ddp not found, will not use a pak cache.
[2017.12.10-19.30.07:890][  0]LogDerivedDataCache: Unable to find inner node CompressedPak for hierarchical cache Hierarchy.
[2017.12.10-19.30.07:953][  0]LogDerivedDataCache: Display: Pak cache opened for reading ../../../Engine/DerivedDataCache/Compressed.ddp.
[2017.12.10-19.30.07:969][  0]LogDerivedDataCache: Using Local data cache path C:/Users/Aric's PC/AppData/Local/UnrealEngine/Common/DerivedDataCache: Writable
[2017.12.10-19.30.08:004][  0]LogMaterial: Verifying Global Shaders for PCD3D_SM5
[2017.12.10-19.30.08:005][  0]LogSlate: Using Freetype 2.6.0
[2017.12.10-19.30.08:007][  0]LogSlate: SlateFontCache - WITH_FREETYPE: 1, WITH_HARFBUZZ: 1
[2017.12.10-19.30.08:008][  0]LogSlate: SlateFontCache - WITH_FREETYPE: 1, WITH_HARFBUZZ: 1
[2017.12.10-19.30.09:072][  0]LogAssetRegistry: FAssetRegistry took 0.0397 seconds to start up
[2017.12.10-19.30.09:612][  0]LogInit: Selected Device Profile: [Windows]
[2017.12.10-19.30.11:505][  0]LogSimplygon: Simplygon DLL not present - disabling.
[2017.12.10-19.30.11:744][  0]LogMeshReduction: Using SimplygonSwarm for distributed automatic mesh merging
[2017.12.10-19.30.11:745][  0]LogMeshReduction: Using QuadricMeshReduction for automatic static mesh reduction
[2017.12.10-19.30.11:745][  0]LogMeshReduction: No automatic skeletal mesh reduction module available
[2017.12.10-19.30.11:745][  0]LogMeshReduction: No automatic mesh merging module available
[2017.12.10-19.30.11:745][  0]LogMeshMerging: No automatic mesh merging module available
[2017.12.10-19.30.11:748][  0]LogContentStreaming: Texture pool size is 0.00 MB
[2017.12.10-19.30.13:356][  0]LogNetVersion: CarBlueprints , NetCL: 3573198, EngineNetVer: 2, GameNetVer: 0 (Checksum: 3571599761)
[2017.12.10-19.30.14:254][  0]LogPackageLocalizationCache: Processed 5 localized package path(s) for 2 prioritized culture(s) in 0.147372 seconds
[2017.12.10-19.30.14:270][  0]LogUObjectArray: 35825 objects as part of root set at end of initial load.
[2017.12.10-19.30.14:270][  0]LogUObjectAllocator: 7529104 out of 0 bytes used by permanent object pool.
[2017.12.10-19.30.14:271][  0]LogUObjectArray: CloseDisregardForGC: 0/0 objects in disregard for GC pool
[2017.12.10-19.30.14:650][  0]LogInit: WinSock: version 1.1 (2.2), MaxSocks=32767, MaxUdp=65467
[2017.12.10-19.30.26:920][  0]LogTcpMessaging: Initializing TcpMessaging bridge
[2017.12.10-19.30.27:090][  0]LogUdpMessaging: Initializing bridge on interface 0.0.0.0:0 to multicast group 230.0.0.1:6666.
[2017.12.10-19.30.30:237][  0]LogMaterial: Uniform references updated for custom material expression Custom.
[2017.12.10-19.30.32:299][  0]SourceControl: Source control is disabled
[2017.12.10-19.30.32:299][  0]SourceControl: Source control is disabled
[2017.12.10-19.30.32:569][  0]SourceControl: Source control is disabled
[2017.12.10-19.30.32:833][  0]SourceControl: Source control is disabled
[2017.12.10-19.30.36:318][  0]LogAndroidPermission: UAndroidPermissionCallbackProxy::GetInstance
[2017.12.10-19.30.37:648][  0]LogOcInput: OculusInput pre-init called
[2017.12.10-19.30.38:983][  0]LogEngine: Initializing Engine...
[2017.12.10-19.30.38:989][  0]LogHMD: Failed to initialize OpenVR with code 110
[2017.12.10-19.30.39:700][  0]LogStats: UGameplayTagsManager::ConstructGameplayTagTree: Construct from data asset -  0.000 s
[2017.12.10-19.30.39:701][  0]LogStats: UGameplayTagsManager::ConstructGameplayTagTree: GameplayTagTreeChangedEvent.Broadcast -  0.000 s
[2017.12.10-19.30.40:441][  0]LogAIModule: Creating AISystem for world Untitled
[2017.12.10-19.30.40:470][  0]LogInit: XAudio2 using 'Speakers / Headphones (Realtek Audio)' : 2 channels at 48 kHz using 32 bits per sample (channel mask 0x3)
[2017.12.10-19.30.40:916][  0]LogInit: FAudioDevice initialized.
[2017.12.10-19.30.41:166][  0]LogDerivedDataCache: Saved boot cache 0.25s 93MB C:/Users/Aric's PC/AppData/Local/UnrealEngine/4.17/DerivedDataCache/Boot.ddc.
[2017.12.10-19.30.41:189][  0]LogInit: Texture streaming: Enabled
[2017.12.10-19.30.41:876][  0]LogEngineSessionManager: EngineSessionManager initialized
[2017.12.10-19.30.43:131][  0]LogInit: Transaction tracking system initialized
[2017.12.10-19.30.44:991][  0]BlueprintLog: New page: Editor Load
[2017.12.10-19.30.50:255][  0]LocalizationService: Localization service is disabled
[2017.12.10-19.30.54:521][  0]LogConsoleResponse: Display: 
[2017.12.10-19.30.55:265][  0]LogCook: Display: Max memory allowance for cook 16384mb min free memory 0mb
[2017.12.10-19.30.55:266][  0]LogCook: Display: Mobile HDR setting 1
[2017.12.10-19.30.55:266][  0]LogGameplayTags: Display: UGameplayTagsManager::DoneAddingNativeTags. DelegateIsBound: 0
[2017.12.10-19.30.56:165][  0]LogFileCache: Scanning file cache for directory 'C:/Users/Aric's PC/Documents/Unreal Projects/CarBlueprints/Content/' took 0.03s
[2017.12.10-19.31.01:403][  0]SourceControl: Source control is disabled
[2017.12.10-19.31.01:403][  0]Cmd: MAP LOAD FILE="../../../../../../Users/Aric's PC/Documents/Unreal Projects/CarBlueprints/Content/VehicleAdvBP/Maps/VehicleAdvExampleMap.umap" TEMPLATE=0 SHOWPROGRESS=1 FEATURELEVEL=3
[2017.12.10-19.31.01:405][  0]LightingResults: New page: Lighting Build
[2017.12.10-19.31.01:653][  0]MapCheck: New page: Map Check
[2017.12.10-19.31.01:653][  0]LightingResults: New page: Lighting Build
[2017.12.10-19.31.01:959][  0]LogLinker: Warning: Can't find file '/Game/FirstPerson/FPWeapon/Materials/MaterialLayers/ML_GlossyBlack_Latex_UE4'
[2017.12.10-19.31.01:960][  0]LogLinker: Warning: Can't find file for asset '/Game/FirstPerson/FPWeapon/Materials/MaterialLayers/ML_GlossyBlack_Latex_UE4' while loading ../../../../../../Users/Aric's PC/Documents/Unreal Projects/CarBlueprints/Content/VehicleAdv/Materials/M_FPGun.uasset.
[2017.12.10-19.31.01:960][  0]LoadErrors: Error: /Game/VehicleAdv/Materials/M_FPGun : Can't find file for asset. /Game/FirstPerson/FPWeapon/Materials/MaterialLayers/ML_GlossyBlack_Latex_UE4
[2017.12.10-19.31.01:960][  0]LogLinker: Warning: Can't find file '/Game/FirstPerson/FPWeapon/Materials/MaterialLayers/ML_Plastic_Shiny_Beige'
[2017.12.10-19.31.01:961][  0]LogLinker: Warning: Can't find file for asset '/Game/FirstPerson/FPWeapon/Materials/MaterialLayers/ML_Plastic_Shiny_Beige' while loading ../../../../../../Users/Aric's PC/Documents/Unreal Projects/CarBlueprints/Content/VehicleAdv/Materials/M_FPGun.uasset.
[2017.12.10-19.31.01:961][  0]LoadErrors: Error: /Game/VehicleAdv/Materials/M_FPGun : Can't find file for asset. /Game/FirstPerson/FPWeapon/Materials/MaterialLayers/ML_Plastic_Shiny_Beige
[2017.12.10-19.31.01:962][  0]LogLinker: Warning: Can't find file '/Game/FirstPerson/FPWeapon/Materials/MaterialLayers/ML_Screen'
[2017.12.10-19.31.01:962][  0]LogLinker: Warning: Can't find file for asset '/Game/FirstPerson/FPWeapon/Materials/MaterialLayers/ML_Screen' while loading ../../../../../../Users/Aric's PC/Documents/Unreal Projects/CarBlueprints/Content/VehicleAdv/Materials/M_FPGun.uasset.
[2017.12.10-19.31.01:962][  0]LoadErrors: Error: /Game/VehicleAdv/Materials/M_FPGun : Can't find file for asset. /Game/FirstPerson/FPWeapon/Materials/MaterialLayers/ML_Screen
[2017.12.10-19.31.01:963][  0]LogLinker: Warning: Can't find file '/Game/FirstPerson/FPWeapon/Materials/MaterialLayers/ML_SoftMetal_UE4'
[2017.12.10-19.31.01:963][  0]LogLinker: Warning: Can't find file for asset '/Game/FirstPerson/FPWeapon/Materials/MaterialLayers/ML_SoftMetal_UE4' while loading ../../../../../../Users/Aric's PC/Documents/Unreal Projects/CarBlueprints/Content/VehicleAdv/Materials/M_FPGun.uasset.
[2017.12.10-19.31.01:963][  0]LoadErrors: Error: /Game/VehicleAdv/Materials/M_FPGun : Can't find file for asset. /Game/FirstPerson/FPWeapon/Materials/MaterialLayers/ML_SoftMetal_UE4
[2017.12.10-19.31.01:971][  0]LogLinker: Warning: Can't find file '/Game/FirstPerson/FPWeapon/Materials/MaterialLayers/ML_GlossyBlack_Latex_UE4'
[2017.12.10-19.31.01:971][  0]LogLinker: Warning: Can't find file for asset '/Game/FirstPerson/FPWeapon/Materials/MaterialLayers/ML_GlossyBlack_Latex_UE4' while loading ../../../../../../Users/Aric's PC/Documents/Unreal Projects/CarBlueprints/Content/VehicleAdv/Materials/M_FPGun.uasset.
[2017.12.10-19.31.01:971][  0]LoadErrors: Error: /Game/VehicleAdv/Materials/M_FPGun : Can't find file for asset. /Game/FirstPerson/FPWeapon/Materials/MaterialLayers/ML_GlossyBlack_Latex_UE4
[2017.12.10-19.31.01:972][  0]LogLinker: Warning: Can't find file '/Game/FirstPerson/FPWeapon/Materials/MaterialLayers/ML_Plastic_Shiny_Beige'
[2017.12.10-19.31.01:972][  0]LogLinker: Warning: Can't find file for asset '/Game/FirstPerson/FPWeapon/Materials/MaterialLayers/ML_Plastic_Shiny_Beige' while loading ../../../../../../Users/Aric's PC/Documents/Unreal Projects/CarBlueprints/Content/VehicleAdv/Materials/M_FPGun.uasset.
[2017.12.10-19.31.01:972][  0]LoadErrors: Error: /Game/VehicleAdv/Materials/M_FPGun : Can't find file for asset. /Game/FirstPerson/FPWeapon/Materials/MaterialLayers/ML_Plastic_Shiny_Beige
[2017.12.10-19.31.01:973][  0]LogLinker: Warning: Can't find file '/Game/FirstPerson/FPWeapon/Materials/MaterialLayers/ML_Screen'
[2017.12.10-19.31.01:973][  0]LogLinker: Warning: Can't find file for asset '/Game/FirstPerson/FPWeapon/Materials/MaterialLayers/ML_Screen' while loading ../../../../../../Users/Aric's PC/Documents/Unreal Projects/CarBlueprints/Content/VehicleAdv/Materials/M_FPGun.uasset.
[2017.12.10-19.31.01:974][  0]LoadErrors: Error: /Game/VehicleAdv/Materials/M_FPGun : Can't find file for asset. /Game/FirstPerson/FPWeapon/Materials/MaterialLayers/ML_Screen
[2017.12.10-19.31.01:974][  0]LogLinker: Warning: Can't find file '/Game/FirstPerson/FPWeapon/Materials/MaterialLayers/ML_SoftMetal_UE4'
[2017.12.10-19.31.01:975][  0]LogLinker: Warning: Can't find file for asset '/Game/FirstPerson/FPWeapon/Materials/MaterialLayers/ML_SoftMetal_UE4' while loading ../../../../../../Users/Aric's PC/Documents/Unreal Projects/CarBlueprints/Content/VehicleAdv/Materials/M_FPGun.uasset.
[2017.12.10-19.31.01:975][  0]LoadErrors: Error: /Game/VehicleAdv/Materials/M_FPGun : Can't find file for asset. /Game/FirstPerson/FPWeapon/Materials/MaterialLayers/ML_SoftMetal_UE4
[2017.12.10-19.31.01:975][  0]LogLinker: Warning: Can't find file '/Game/FirstPerson/FPWeapon/Textures/T_FPGun_M'
[2017.12.10-19.31.01:976][  0]LogLinker: Warning: Can't find file for asset '/Game/FirstPerson/FPWeapon/Textures/T_FPGun_M' while loading ../../../../../../Users/Aric's PC/Documents/Unreal Projects/CarBlueprints/Content/VehicleAdv/Materials/M_FPGun.uasset.
[2017.12.10-19.31.01:976][  0]LoadErrors: Error: /Game/VehicleAdv/Materials/M_FPGun : Can't find file for asset. /Game/FirstPerson/FPWeapon/Textures/T_FPGun_M
[2017.12.10-19.31.01:977][  0]LogLinker: Warning: Can't find file '/Game/FirstPerson/FPWeapon/Textures/T_FPGun_N'
[2017.12.10-19.31.01:977][  0]LogLinker: Warning: Can't find file for asset '/Game/FirstPerson/FPWeapon/Textures/T_FPGun_N' while loading ../../../../../../Users/Aric's PC/Documents/Unreal Projects/CarBlueprints/Content/VehicleAdv/Materials/M_FPGun.uasset.
[2017.12.10-19.31.01:977][  0]LoadErrors: Error: /Game/VehicleAdv/Materials/M_FPGun : Can't find file for asset. /Game/FirstPerson/FPWeapon/Textures/T_FPGun_N
[2017.12.10-19.31.01:978][  0]LogLinker: Warning: Can't find file '/Game/FirstPerson/FPWeapon/Textures/T_FPGun_M'
[2017.12.10-19.31.01:978][  0]LogLinker: Warning: Can't find file for asset '/Game/FirstPerson/FPWeapon/Textures/T_FPGun_M' while loading ../../../../../../Users/Aric's PC/Documents/Unreal Projects/CarBlueprints/Content/VehicleAdv/Materials/M_FPGun.uasset.
[2017.12.10-19.31.01:979][  0]LoadErrors: Error: /Game/VehicleAdv/Materials/M_FPGun : Can't find file for asset. /Game/FirstPerson/FPWeapon/Textures/T_FPGun_M
[2017.12.10-19.31.01:979][  0]LogLinker: Warning: Can't find file '/Game/FirstPerson/FPWeapon/Textures/T_FPGun_N'
[2017.12.10-19.31.01:980][  0]LogLinker: Warning: Can't find file for asset '/Game/FirstPerson/FPWeapon/Textures/T_FPGun_N' while loading ../../../../../../Users/Aric's PC/Documents/Unreal Projects/CarBlueprints/Content/VehicleAdv/Materials/M_FPGun.uasset.
[2017.12.10-19.31.01:980][  0]LoadErrors: Error: /Game/VehicleAdv/Materials/M_FPGun : Can't find file for asset. /Game/FirstPerson/FPWeapon/Textures/T_FPGun_N
[2017.12.10-19.31.03:315][  0]LogLinker: Warning: Can't find file '/Game/FirstPerson/FPWeapon/Materials/MaterialLayers/ML_SoftMetal_UE4'
[2017.12.10-19.31.03:315][  0]LoadErrors: Failed to load /Game/FirstPerson/FPWeapon/Materials/MaterialLayers/ML_SoftMetal_UE4.ML_SoftMetal_UE4 Referenced by M_FPGun
[2017.12.10-19.31.03:315][  0]LogLinker: Warning: Can't find file for asset '/Game/FirstPerson/FPWeapon/Materials/MaterialLayers/ML_SoftMetal_UE4' while loading NULL.
[2017.12.10-19.31.03:316][  0]LoadErrors: Failed to load /Game/FirstPerson/FPWeapon/Materials/MaterialLayers/ML_SoftMetal_UE4.ML_SoftMetal_UE4 Referenced by M_FPGun
[2017.12.10-19.31.03:316][  0]LogLinker: Warning: Can't find file '/Game/FirstPerson/FPWeapon/Materials/MaterialLayers/ML_GlossyBlack_Latex_UE4'
[2017.12.10-19.31.03:316][  0]LoadErrors: Failed to load /Game/FirstPerson/FPWeapon/Materials/MaterialLayers/ML_GlossyBlack_Latex_UE4.ML_GlossyBlack_Latex_UE4 Referenced by M_FPGun
[2017.12.10-19.31.03:317][  0]LogLinker: Warning: Can't find file for asset '/Game/FirstPerson/FPWeapon/Materials/MaterialLayers/ML_GlossyBlack_Latex_UE4' while loading NULL.
[2017.12.10-19.31.03:317][  0]LoadErrors: Failed to load /Game/FirstPerson/FPWeapon/Materials/MaterialLayers/ML_GlossyBlack_Latex_UE4.ML_GlossyBlack_Latex_UE4 Referenced by M_FPGun
[2017.12.10-19.31.03:317][  0]LogLinker: Warning: Can't find file '/Game/FirstPerson/FPWeapon/Materials/MaterialLayers/ML_Plastic_Shiny_Beige'
[2017.12.10-19.31.03:318][  0]LoadErrors: Failed to load /Game/FirstPerson/FPWeapon/Materials/MaterialLayers/ML_Plastic_Shiny_Beige.ML_Plastic_Shiny_Beige Referenced by M_FPGun
[2017.12.10-19.31.03:318][  0]LogLinker: Warning: Can't find file for asset '/Game/FirstPerson/FPWeapon/Materials/MaterialLayers/ML_Plastic_Shiny_Beige' while loading NULL.
[2017.12.10-19.31.03:318][  0]LoadErrors: Failed to load /Game/FirstPerson/FPWeapon/Materials/MaterialLayers/ML_Plastic_Shiny_Beige.ML_Plastic_Shiny_Beige Referenced by M_FPGun
[2017.12.10-19.31.03:319][  0]LogLinker: Warning: Can't find file '/Game/FirstPerson/FPWeapon/Materials/MaterialLayers/ML_Screen'
[2017.12.10-19.31.03:319][  0]LoadErrors: Failed to load /Game/FirstPerson/FPWeapon/Materials/MaterialLayers/ML_Screen.ML_Screen Referenced by M_FPGun
[2017.12.10-19.31.03:319][  0]LogLinker: Warning: Can't find file for asset '/Game/FirstPerson/FPWeapon/Materials/MaterialLayers/ML_Screen' while loading NULL.
[2017.12.10-19.31.03:319][  0]LoadErrors: Failed to load /Game/FirstPerson/FPWeapon/Materials/MaterialLayers/ML_Screen.ML_Screen Referenced by M_FPGun
[2017.12.10-19.31.03:321][  0]LogLinker: Warning: Can't find file '/Game/FirstPerson/FPWeapon/Materials/MaterialLayers/ML_Plastic_Shiny_Beige'
[2017.12.10-19.31.03:321][  0]LoadErrors: Failed to load /Game/FirstPerson/FPWeapon/Materials/MaterialLayers/ML_Plastic_Shiny_Beige.ML_Plastic_Shiny_Beige Referenced by MaterialExpressionMaterialFunctionCall_13
[2017.12.10-19.31.03:321][  0]LogLinker: Warning: Can't find file for asset '/Game/FirstPerson/FPWeapon/Materials/MaterialLayers/ML_Plastic_Shiny_Beige' while loading NULL.
[2017.12.10-19.31.03:321][  0]LoadErrors: Failed to load /Game/FirstPerson/FPWeapon/Materials/MaterialLayers/ML_Plastic_Shiny_Beige.ML_Plastic_Shiny_Beige Referenced by MaterialExpressionMaterialFunctionCall_13
[2017.12.10-19.31.03:323][  0]LogLinker: Warning: Can't find file '/Game/FirstPerson/FPWeapon/Materials/MaterialLayers/ML_Screen'
[2017.12.10-19.31.03:323][  0]LoadErrors: Failed to load /Game/FirstPerson/FPWeapon/Materials/MaterialLayers/ML_Screen.ML_Screen Referenced by MaterialExpressionMaterialFunctionCall_4
[2017.12.10-19.31.03:323][  0]LogLinker: Warning: Can't find file for asset '/Game/FirstPerson/FPWeapon/Materials/MaterialLayers/ML_Screen' while loading NULL.
[2017.12.10-19.31.03:323][  0]LoadErrors: Failed to load /Game/FirstPerson/FPWeapon/Materials/MaterialLayers/ML_Screen.ML_Screen Referenced by MaterialExpressionMaterialFunctionCall_4
[2017.12.10-19.31.03:324][  0]LogLinker: Warning: Can't find file '/Game/FirstPerson/FPWeapon/Materials/MaterialLayers/ML_SoftMetal_UE4'
[2017.12.10-19.31.03:324][  0]LoadErrors: Failed to load /Game/FirstPerson/FPWeapon/Materials/MaterialLayers/ML_SoftMetal_UE4.ML_SoftMetal_UE4 Referenced by MaterialExpressionMaterialFunctionCall_8
[2017.12.10-19.31.03:325][  0]LogLinker: Warning: Can't find file for asset '/Game/FirstPerson/FPWeapon/Materials/MaterialLayers/ML_SoftMetal_UE4' while loading NULL.
[2017.12.10-19.31.03:325][  0]LoadErrors: Failed to load /Game/FirstPerson/FPWeapon/Materials/MaterialLayers/ML_SoftMetal_UE4.ML_SoftMetal_UE4 Referenced by MaterialExpressionMaterialFunctionCall_8
[2017.12.10-19.31.03:326][  0]LogLinker: Warning: Can't find file '/Game/FirstPerson/FPWeapon/Materials/MaterialLayers/ML_GlossyBlack_Latex_UE4'
[2017.12.10-19.31.03:326][  0]LoadErrors: Failed to load /Game/FirstPerson/FPWeapon/Materials/MaterialLayers/ML_GlossyBlack_Latex_UE4.ML_GlossyBlack_Latex_UE4 Referenced by MaterialExpressionMaterialFunctionCall_9
[2017.12.10-19.31.03:326][  0]LogLinker: Warning: Can't find file for asset '/Game/FirstPerson/FPWeapon/Materials/MaterialLayers/ML_GlossyBlack_Latex_UE4' while loading NULL.
[2017.12.10-19.31.03:327][  0]LoadErrors: Failed to load /Game/FirstPerson/FPWeapon/Materials/MaterialLayers/ML_GlossyBlack_Latex_UE4.ML_GlossyBlack_Latex_UE4 Referenced by MaterialExpressionMaterialFunctionCall_9
[2017.12.10-19.31.03:327][  0]LogLinker: Warning: Can't find file '/Game/FirstPerson/FPWeapon/Textures/T_FPGun_N'
[2017.12.10-19.31.03:328][  0]LoadErrors: Failed to load /Game/FirstPerson/FPWeapon/Textures/T_FPGun_N.T_FPGun_N Referenced by MaterialExpressionTextureSampleParameter2D_2
[2017.12.10-19.31.03:328][  0]LogLinker: Warning: Can't find file for asset '/Game/FirstPerson/FPWeapon/Textures/T_FPGun_N' while loading NULL.
[2017.12.10-19.31.03:328][  0]LoadErrors: Failed to load /Game/FirstPerson/FPWeapon/Textures/T_FPGun_N.T_FPGun_N Referenced by MaterialExpressionTextureSampleParameter2D_2
[2017.12.10-19.31.03:329][  0]LogLinker: Warning: Can't find file '/Game/FirstPerson/FPWeapon/Textures/T_FPGun_M'
[2017.12.10-19.31.03:329][  0]LoadErrors: Failed to load /Game/FirstPerson/FPWeapon/Textures/T_FPGun_M.T_FPGun_M Referenced by MaterialExpressionTextureSampleParameter2D_3
[2017.12.10-19.31.03:329][  0]LogLinker: Warning: Can't find file for asset '/Game/FirstPerson/FPWeapon/Textures/T_FPGun_M' while loading NULL.
[2017.12.10-19.31.03:330][  0]LoadErrors: Failed to load /Game/FirstPerson/FPWeapon/Textures/T_FPGun_M.T_FPGun_M Referenced by MaterialExpressionTextureSampleParameter2D_3
[2017.12.10-19.31.04:297][  0]LogMaterial: Missing cached shader map for material M_FPGun, compiling. 
[2017.12.10-19.31.04:306][  0]LogMaterial: Warning: Failed to compile Material /Game/VehicleAdv/Materials/M_FPGun.M_FPGun for platform PCD3D_SM5, Default Material will be used in game.
[2017.12.10-19.31.04:306][  0]LogMaterial: Warning: 	Missing Material Function
[2017.12.10-19.31.04:307][  0]LogMaterial: Warning: 	(Node TextureSampleParameter2D) Param2D> Requires Texture2D
[2017.12.10-19.31.04:307][  0]LogMaterial: Warning: 	Function MatLayerBlend_NormalBlend: (Node MakeMaterialAttributes) Error on property Normal
[2017.12.10-19.31.04:307][  0]LogMaterial: Warning: 	Function MatLayerBlend_Simple: (Node MakeMaterialAttributes) Error on property EmissiveColor
[2017.12.10-19.31.04:307][  0]LogMaterial: Warning: 	Function MatLayerBlend_Simple: (Node MakeMaterialAttributes) Error on property BaseColor
[2017.12.10-19.31.04:307][  0]LogMaterial: Warning: 	Function MatLayerBlend_Simple: (Node MakeMaterialAttributes) Error on property Metallic
[2017.12.10-19.31.04:307][  0]LogMaterial: Warning: 	Function MatLayerBlend_Simple: (Node MakeMaterialAttributes) Error on property Roughness
[2017.12.10-19.31.04:519][  0]LogAIModule: Creating AISystem for world VehicleAdvExampleMap
[2017.12.10-19.31.04:622][  0]LogEditorServer: Finished looking for orphan Actors (0.000 secs)
[2017.12.10-19.31.04:730][  0]Cmd: MAP CHECKDEP NOCLEARLOG
[2017.12.10-19.31.05:007][  0]MapCheck: Map check complete: 0 Error(s), 0 Warning(s), took 276.836ms to complete.
[2017.12.10-19.31.05:008][  0]LogFileHelpers: Loading map 'VehicleAdvExampleMap' took 3.605
[2017.12.10-19.31.05:488][  0]LogCollectionManager: Loaded 0 collections in 0.007366 seconds
[2017.12.10-19.31.05:784][  0]LogFileCache: Scanning file cache for directory 'C:/Users/Aric's PC/Documents/Unreal Projects/CarBlueprints/Saved/Collections/' took 0.01s
[2017.12.10-19.31.05:785][  0]LogFileCache: Scanning file cache for directory 'C:/Users/Aric's PC/Documents/Unreal Projects/CarBlueprints/Content/Developers/AricsPC/Collections/' took 0.01s
[2017.12.10-19.31.05:785][  0]LogFileCache: Scanning file cache for directory 'C:/Users/Aric's PC/Documents/Unreal Projects/CarBlueprints/Content/Collections/' took 0.01s
[2017.12.10-19.31.05:785][  0]LogCollectionManager: Rebuilt the GUID cache for 0 collections in 0.000001 seconds
[2017.12.10-19.31.05:816][  0]LogContentBrowser: Native class hierarchy populated in 0.0311 seconds. Added 2388 classes and 503 folders.
[2017.12.10-19.31.06:203][  0]LogContentBrowser: Native class hierarchy updated for 'WidgetCarousel' in 0.0023 seconds. Added 0 classes and 0 folders.
[2017.12.10-19.31.06:391][  0]LogContentBrowser: Native class hierarchy updated for 'AddContentDialog' in 0.0022 seconds. Added 0 classes and 0 folders.
[2017.12.10-19.31.06:638][  0]LogContentBrowser: Native class hierarchy updated for 'SceneOutliner' in 0.0023 seconds. Added 1 classes and 2 folders.
[2017.12.10-19.31.06:713][  0]LogSlate: Took 0.000620 seconds to synchronously load lazily loaded font '../../../Engine/Content/Slate/Fonts/Roboto-Regular.ttf' (155K)
[2017.12.10-19.31.06:720][  0]LogSlate: Took 0.000585 seconds to synchronously load lazily loaded font '../../../Engine/Content/Slate/Fonts/Roboto-Bold.ttf' (160K)
[2017.12.10-19.31.06:743][  0]LogSlate: Took 0.000568 seconds to synchronously load lazily loaded font '../../../Engine/Content/Editor/Slate/Fonts/FontAwesome.ttf' (139K)
[2017.12.10-19.31.07:101][  0]LogRenderer: Reallocating scene render targets to support 932x436 Format 10 NumSamples 1 (Frame:1).
[2017.12.10-19.31.07:697][  0]LogContentBrowser: Native class hierarchy updated for 'HierarchicalLODOutliner' in 0.0026 seconds. Added 1 classes and 2 folders.
[2017.12.10-19.31.07:698][  0]LogLoad: (Engine Initialization) Total time: 84.01 seconds
[2017.12.10-19.31.07:698][  0]LogLoad: (Engine Initialization) Total Blueprint compile time: 0.00 seconds
[2017.12.10-19.31.07:699][  0]LogExternalProfiler: Found external profiler: VSPerf
[2017.12.10-19.31.07:699][  0]LogExternalProfiler: Using external profiler: VSPerf
[2017.12.10-19.31.07:718][  0]LogWindowsTextInputMethodSystem: Display: IME system now deactivated.
[2017.12.10-19.31.07:721][  0]LogRawInputWindows: Warning: Found device 0 devices
[2017.12.10-19.31.07:721][  0]LogRawInputWindows: Warning: Found device 0 devices
[2017.12.10-19.31.07:721][  0]LogRawInputWindows: Warning: Device was registered succesfully but not connected (Usage:4 UsagePage:1
[2017.12.10-19.31.07:722][  0]LogRawInputWindows: Warning: Found device 1 devices
[2017.12.10-19.31.07:722][  0]LogRawInputWindows: Warning: Device was registered succesfully but not connected (Usage:5 UsagePage:1
[2017.12.10-19.31.07:753][  0]LogContentStreaming: Texture pool size now 1000 MB
[2017.12.10-19.31.07:910][  0]LogSlate: Took 0.001012 seconds to synchronously load lazily loaded font '../../../Engine/Content/Slate/Fonts/Roboto-Light.ttf' (159K)
[2017.12.10-19.31.08:482][  4]LogAssetRegistry: Asset discovery search completed in 59.4329 seconds
[2017.12.10-19.31.08:488][  4]LogCollectionManager: Rebuilt the object cache for 0 collections in 0.000002 seconds (found 0 objects)
[2017.12.10-19.31.08:488][  4]LogCollectionManager: Fixed up redirectors for 0 collections in 0.000170 seconds (updated 0 objects)
[2017.12.10-22.26.23:370][904]LogHttp: Warning: 0000028BA7E4FA00: request failed, libcurl error: 6 (Couldn't resolve host name)
[2017.12.10-22.26.23:370][904]LogHttp: Warning: 0000028BA7E4FA00: libcurl info message cache 0 (Connection 48 seems to be dead!)
[2017.12.10-22.26.23:370][904]LogHttp: Warning: 0000028BA7E4FA00: libcurl info message cache 1 (Closing connection 48)
[2017.12.10-22.26.23:370][904]LogHttp: Warning: 0000028BA7E4FA00: libcurl info message cache 2 (TLSv1.2 (OUT), TLS alert, Client hello (1):)
[2017.12.10-22.26.23:370][904]LogHttp: Warning: 0000028BA7E4FA00: libcurl info message cache 3 (Could not resolve host: datarouter.ol.epicgames.com)
[2017.12.10-22.26.23:371][904]LogHttp: Warning: 0000028BA7E4FA00: libcurl info message cache 4 (Closing connection 49)
[2017.12.10-22.26.30:222][982]Cmd: QUIT_EDITOR
[2017.12.10-22.26.30:258][982]LogWindowsTextInputMethodSystem: Display: IME system now deactivated.
[2017.12.10-22.26.30:272][982]LogExit: Preparing to exit.
[2017.12.10-22.26.31:261][982]LogDirectoryWatcher: A directory notification for 'C:/Users/Aric's PC/Documents/Unreal Projects/CarBlueprints/Content/' was aborted.
[2017.12.10-22.26.31:287][982]LogExit: Editor shut down
[2017.12.10-22.26.31:296][982]LogExit: Transaction tracking system shut down
[2017.12.10-22.26.31:485][982]LogDirectoryWatcher: A directory notification for '../../../Engine/Content/' was aborted.
[2017.12.10-22.26.31:485][982]LogDirectoryWatcher: A directory notification for '../../../../../../Users/Aric's PC/Documents/Unreal Projects/CarBlueprints/Content/' was aborted.
[2017.12.10-22.26.31:485][982]LogDirectoryWatcher: A directory notification for '../../../Engine/Plugins/2D/Paper2D/Content/' was aborted.
[2017.12.10-22.26.31:485][982]LogDirectoryWatcher: A directory notification for '../../../Engine/Plugins/Runtime/Oculus/OculusVR/Content/' was aborted.
[2017.12.10-22.26.31:485][982]LogDirectoryWatcher: A directory notification for '../../../Engine/Plugins/Runtime/Steam/SteamVR/Content/' was aborted.
[2017.12.10-22.26.31:542][982]LogExit: Object subsystem successfully closed.
[2017.12.10-22.26.31:564][982]LogD3D11RHI: Shutdown
[2017.12.10-22.26.31:564][982]LogD3D11RHI: CleanupD3DDevice
[2017.12.10-22.26.31:744][982]LogD3D11RHI: ~FD3D11DynamicRHI
[2017.12.10-22.26.31:774][982]LogModuleManager: Shutting down and abandoning module HierarchicalLODOutliner (532)
[2017.12.10-22.26.31:774][982]LogModuleManager: Shutting down and abandoning module SceneOutliner (530)
[2017.12.10-22.26.31:774][982]LogModuleManager: Shutting down and abandoning module AddContentDialog (528)
[2017.12.10-22.26.31:774][982]LogDirectoryWatcher: A directory notification for 'C:/Program Files/Epic Games/UE_4.17/FeaturePacks/' was aborted.
[2017.12.10-22.26.31:775][982]LogModuleManager: Shutting down and abandoning module WidgetCarousel (527)
[2017.12.10-22.26.31:775][982]LogModuleManager: Shutting down and abandoning module EditorWidgets (524)
[2017.12.10-22.26.31:775][982]LogModuleManager: Shutting down and abandoning module CollectionManager (522)
[2017.12.10-22.26.31:775][982]LogDirectoryWatcher: A directory notification for 'C:/Users/Aric's PC/Documents/Unreal Projects/CarBlueprints/Content/Collections/' was aborted.
[2017.12.10-22.26.31:776][982]LogDirectoryWatcher: A directory notification for 'C:/Users/Aric's PC/Documents/Unreal Projects/CarBlueprints/Content/Developers/AricsPC/Collections/' was aborted.
[2017.12.10-22.26.31:776][982]LogDirectoryWatcher: A directory notification for 'C:/Users/Aric's PC/Documents/Unreal Projects/CarBlueprints/Saved/Collections/' was aborted.
[2017.12.10-22.26.31:776][982]LogModuleManager: Shutting down and abandoning module StatsViewer (520)
[2017.12.10-22.26.31:776][982]LogModuleManager: Shutting down and abandoning module FoliageEdit (518)
[2017.12.10-22.26.31:776][982]LogModuleManager: Shutting down and abandoning module LandscapeEditor (516)
[2017.12.10-22.26.31:776][982]LogModuleManager: Shutting down and abandoning module MeshPaintMode (514)
[2017.12.10-22.26.31:776][982]LogModuleManager: Shutting down and abandoning module SceneDepthPickerMode (512)
[2017.12.10-22.26.31:776][982]LogModuleManager: Shutting down and abandoning module ActorPickerMode (510)
[2017.12.10-22.26.31:776][982]LogModuleManager: Shutting down and abandoning module GeometryMode (508)
[2017.12.10-22.26.31:776][982]LogModuleManager: Shutting down and abandoning module TextureAlignMode (506)
[2017.12.10-22.26.31:776][982]LogModuleManager: Shutting down and abandoning module BspMode (504)
[2017.12.10-22.26.31:776][982]LogModuleManager: Shutting down and abandoning module PIEPreviewDeviceProfileSelector (502)
[2017.12.10-22.26.31:776][982]LogModuleManager: Shutting down and abandoning module HardwareSurvey (500)
[2017.12.10-22.26.31:776][982]LogModuleManager: Shutting down and abandoning module SequenceRecorderSections (498)
[2017.12.10-22.26.31:776][982]LogModuleManager: Shutting down and abandoning module AutomationWorker (496)
[2017.12.10-22.26.31:776][982]LogModuleManager: Shutting down and abandoning module MatineeToLevelSequence (494)
[2017.12.10-22.26.31:776][982]LogModuleManager: Shutting down and abandoning module LevelSequenceEditor (492)
[2017.12.10-22.26.31:776][982]LogModuleManager: Shutting down and abandoning module PlacementMode (491)
[2017.12.10-22.26.31:776][982]LogModuleManager: Shutting down and abandoning module WmfMediaFactory (488)
[2017.12.10-22.26.31:776][982]LogModuleManager: Shutting down and abandoning module WmfMediaEditor (486)
[2017.12.10-22.26.31:776][982]LogModuleManager: Shutting down and abandoning module AvfMediaFactory (484)
[2017.12.10-22.26.31:776][982]LogModuleManager: Shutting down and abandoning module AvfMediaEditor (482)
[2017.12.10-22.26.31:776][982]LogModuleManager: Shutting down and abandoning module AndroidMediaFactory (480)
[2017.12.10-22.26.31:776][982]LogModuleManager: Shutting down and abandoning module Media (479)
[2017.12.10-22.26.31:776][982]LogModuleManager: Shutting down and abandoning module AndroidMediaEditor (476)
[2017.12.10-22.26.31:776][982]LogModuleManager: Shutting down and abandoning module CharacterAI (474)
[2017.12.10-22.26.31:776][982]LogModuleManager: Shutting down and abandoning module AudioCapture (472)
[2017.12.10-22.26.31:776][982]LogModuleManager: Shutting down and abandoning module SequenceRecorder (471)
[2017.12.10-22.26.31:776][982]LogModuleManager: Shutting down and abandoning module SmartSnapping (468)
[2017.12.10-22.26.31:777][982]LogModuleManager: Shutting down and abandoning module SessionServices (466)
[2017.12.10-22.26.31:777][982]LogModuleManager: Shutting down and abandoning module ViewportSnapping (464)
[2017.12.10-22.26.31:777][982]LogModuleManager: Shutting down and abandoning module ViewportInteraction (462)
[2017.12.10-22.26.31:777][982]LogModuleManager: Shutting down and abandoning module ClothPainter (460)
[2017.12.10-22.26.31:777][982]LogModuleManager: Shutting down and abandoning module LogVisualizer (458)
[2017.12.10-22.26.31:777][982]LogModuleManager: Shutting down and abandoning module IntroTutorials (456)
[2017.12.10-22.26.31:777][982]LogModuleManager: Shutting down and abandoning module GameProjectGeneration (455)
[2017.12.10-22.26.31:777][982]LogModuleManager: Shutting down and abandoning module IOSPlatformEditor (452)
[2017.12.10-22.26.31:777][982]LogModuleManager: Shutting down and abandoning module HTML5PlatformEditor (450)
[2017.12.10-22.26.31:777][982]LogModuleManager: Shutting down and abandoning module AndroidPlatformEditor (448)
[2017.12.10-22.26.31:777][982]LogModuleManager: Shutting down and abandoning module AndroidDeviceDetection (447)
[2017.12.10-22.26.31:935][982]LogModuleManager: Shutting down and abandoning module WindowsPlatformEditor (444)
[2017.12.10-22.26.31:935][982]LogModuleManager: Shutting down and abandoning module IOSRuntimeSettings (442)
[2017.12.10-22.26.31:935][982]LogModuleManager: Shutting down and abandoning module AndroidRuntimeSettings (440)
[2017.12.10-22.26.31:935][982]LogModuleManager: Shutting down and abandoning module InputBindingEditor (438)
[2017.12.10-22.26.31:935][982]LogModuleManager: Shutting down and abandoning module MergeActors (436)
[2017.12.10-22.26.31:935][982]LogModuleManager: Shutting down and abandoning module SizeMap (434)
[2017.12.10-22.26.31:935][982]LogModuleManager: Shutting down and abandoning module TreeMap (432)
[2017.12.10-22.26.31:935][982]LogModuleManager: Shutting down and abandoning module ReferenceViewer (430)
[2017.12.10-22.26.31:935][982]LogModuleManager: Shutting down and abandoning module LocalizationDashboard (428)
[2017.12.10-22.26.31:935][982]LogModuleManager: Shutting down and abandoning module LocalizationService (427)
[2017.12.10-22.26.31:935][982]LogModuleManager: Shutting down and abandoning module HardwareTargeting (424)
[2017.12.10-22.26.31:935][982]LogModuleManager: Shutting down and abandoning module DeviceProfileEditor (422)
[2017.12.10-22.26.31:935][982]LogModuleManager: Shutting down and abandoning module UndoHistory (420)
[2017.12.10-22.26.31:935][982]LogModuleManager: Shutting down and abandoning module XmlParser (418)
[2017.12.10-22.26.31:936][982]LogModuleManager: Shutting down and abandoning module Blutility (416)
[2017.12.10-22.26.31:936][982]LogModuleManager: Shutting down and abandoning module ProjectSettingsViewer (414)
[2017.12.10-22.26.31:936][982]LogModuleManager: Shutting down and abandoning module ProjectTargetPlatformEditor (413)
[2017.12.10-22.26.31:936][982]LogModuleManager: Shutting down and abandoning module EditorSettingsViewer (410)
[2017.12.10-22.26.31:936][982]LogModuleManager: Shutting down and abandoning module SettingsEditor (408)
[2017.12.10-22.26.31:936][982]LogModuleManager: Shutting down and abandoning module ProjectLauncher (406)
[2017.12.10-22.26.31:936][982]LogModuleManager: Shutting down and abandoning module SessionFrontend (404)
[2017.12.10-22.26.31:936][982]LogModuleManager: Shutting down and abandoning module ProfilerClient (402)
[2017.12.10-22.26.31:936][982]LogModuleManager: Shutting down and abandoning module DeviceManager (400)
[2017.12.10-22.26.31:936][982]LogModuleManager: Shutting down and abandoning module TargetDeviceServices (399)
[2017.12.10-22.26.31:989][982]LogModuleManager: Shutting down and abandoning module AutomationController (396)
[2017.12.10-22.26.31:989][982]LogModuleManager: Shutting down and abandoning module AutomationWindow (394)
[2017.12.10-22.26.31:989][982]LogModuleManager: Shutting down and abandoning module Layers (392)
[2017.12.10-22.26.31:989][982]LogModuleManager: Shutting down and abandoning module ComponentVisualizers (390)
[2017.12.10-22.26.31:989][982]LogModuleManager: Shutting down and abandoning module DetailCustomizations (388)
[2017.12.10-22.26.31:989][982]LogModuleManager: Shutting down and abandoning module PackagesDialog (386)
[2017.12.10-22.26.31:989][982]LogModuleManager: Shutting down and abandoning module Persona (384)
[2017.12.10-22.26.31:989][982]LogModuleManager: Shutting down and abandoning module AdvancedPreviewScene (383)
[2017.12.10-22.26.31:989][982]LogModuleManager: Shutting down and abandoning module AnimGraph (381)
[2017.12.10-22.26.31:989][982]LogModuleManager: Shutting down and abandoning module Kismet (378)
[2017.12.10-22.26.31:990][982]LogModuleManager: Shutting down and abandoning module ClassViewer (376)
[2017.12.10-22.26.31:990][982]LogModuleManager: Shutting down and abandoning module Toolbox (374)
[2017.12.10-22.26.31:990][982]LogModuleManager: Shutting down and abandoning module ModuleUI (372)
[2017.12.10-22.26.31:990][982]LogModuleManager: Shutting down and abandoning module MovieSceneTools (370)
[2017.12.10-22.26.31:990][982]LogModuleManager: Shutting down and abandoning module OutputLog (368)
[2017.12.10-22.26.31:990][982]LogModuleManager: Shutting down and abandoning module GammaUI (366)
[2017.12.10-22.26.31:990][982]LogModuleManager: Shutting down and abandoning module Documentation (364)
[2017.12.10-22.26.31:990][982]LogModuleManager: Shutting down and abandoning module MovieSceneTracks (362)
[2017.12.10-22.26.31:990][982]LogModuleManager: Shutting down and abandoning module MovieScene (360)
[2017.12.10-22.26.31:990][982]LogModuleManager: Shutting down and abandoning module Niagara (358)
[2017.12.10-22.26.31:990][982]LogModuleManager: Shutting down and abandoning module NiagaraEditor (357)
[2017.12.10-22.26.31:990][982]LogModuleManager: Shutting down and abandoning module StreamingPauseRendering (354)
[2017.12.10-22.26.31:990][982]LogModuleManager: Shutting down and abandoning module LauncherPlatform (352)
[2017.12.10-22.26.31:990][982]LogModuleManager: Shutting down and abandoning module AnalyticsET (350)
[2017.12.10-22.26.31:990][982]LogModuleManager: Shutting down and abandoning module PortalServices (348)
[2017.12.10-22.26.31:990][982]LogModuleManager: Shutting down and abandoning module PortalRpc (346)
[2017.12.10-22.26.31:990][982]LogModuleManager: Shutting down and abandoning module MessagingRpc (344)
[2017.12.10-22.26.31:990][982]LogModuleManager: Shutting down and abandoning module AIModule (342)
[2017.12.10-22.26.31:990][982]LogModuleManager: Shutting down and abandoning module GameplayDebugger (341)
[2017.12.10-22.26.31:990][982]LogModuleManager: Shutting down and abandoning module AITestSuite (339)
[2017.12.10-22.26.31:990][982]LogModuleManager: Shutting down and abandoning module ProfilerService (336)
[2017.12.10-22.26.32:227][982]LogModuleManager: Shutting down and abandoning module TaskGraph (334)
[2017.12.10-22.26.32:227][982]LogModuleManager: Shutting down and abandoning module SteamVRController (332)
[2017.12.10-22.26.32:227][982]LogModuleManager: Shutting down and abandoning module ProceduralMeshComponentEditor (330)
[2017.12.10-22.26.32:227][982]LogModuleManager: Shutting down and abandoning module ProceduralMeshComponent (328)
[2017.12.10-22.26.32:228][982]LogModuleManager: Shutting down and abandoning module OculusInput (326)
[2017.12.10-22.26.32:228][982]LogModuleManager: Shutting down and abandoning module MobilePatchingUtils (324)
[2017.12.10-22.26.32:228][982]LogModuleManager: Shutting down and abandoning module CustomMeshComponent (322)
[2017.12.10-22.26.32:228][982]LogModuleManager: Shutting down and abandoning module CableComponent (320)
[2017.12.10-22.26.32:228][982]LogModuleManager: Shutting down and abandoning module ArchVisCharacter (318)
[2017.12.10-22.26.32:228][982]LogModuleManager: Shutting down and abandoning module AndroidPermission (316)
[2017.12.10-22.26.32:228][982]LogModuleManager: Shutting down and abandoning module MediaPlayerEditor (312)
[2017.12.10-22.26.32:228][982]LogModuleManager: Shutting down and abandoning module RawInput (310)
[2017.12.10-22.26.32:228][982]LogModuleManager: Shutting down and abandoning module HTML5Networking (308)
[2017.12.10-22.26.32:228][982]LogModuleManager: Shutting down and abandoning module AlembicImporter (306)
[2017.12.10-22.26.32:228][982]LogModuleManager: Shutting down and abandoning module AlembicLibrary (305)
[2017.12.10-22.26.32:228][982]LogModuleManager: Shutting down and abandoning module GeometryCache (304)
[2017.12.10-22.26.32:228][982]LogModuleManager: Shutting down and abandoning module GeometryCacheEd (303)
[2017.12.10-22.26.32:228][982]LogModuleManager: Shutting down and abandoning module SpeedTreeImporter (298)
[2017.12.10-22.26.32:228][982]LogModuleManager: Shutting down and abandoning module PluginBrowser (296)
[2017.12.10-22.26.32:228][982]LogModuleManager: Shutting down and abandoning module MobileLauncherProfileWizard (294)
[2017.12.10-22.26.32:228][982]LogModuleManager: Shutting down and abandoning module VisualStudioSourceCodeAccess (292)
[2017.12.10-22.26.32:228][982]LogModuleManager: Shutting down and abandoning module DesktopPlatform (291)
[2017.12.10-22.26.32:228][982]LogModuleManager: Shutting down and abandoning module UObjectPlugin (288)
[2017.12.10-22.26.32:228][982]LogModuleManager: Shutting down and abandoning module SubversionSourceControl (286)
[2017.12.10-22.26.32:228][982]LogModuleManager: Shutting down and abandoning module PerforceSourceControl (284)
[2017.12.10-22.26.32:228][982]LogModuleManager: Shutting down and abandoning module GitSourceControl (282)
[2017.12.10-22.26.32:228][982]LogModuleManager: Shutting down and abandoning module SourceControl (281)
[2017.12.10-22.26.32:228][982]LogModuleManager: Shutting down and abandoning module LightPropagationVolumeEditor (278)
[2017.12.10-22.26.32:228][982]LogModuleManager: Shutting down and abandoning module PaperTiledImporter (276)
[2017.12.10-22.26.32:228][982]LogModuleManager: Shutting down and abandoning module PaperSpriteSheetImporter (274)
[2017.12.10-22.26.32:228][982]LogModuleManager: Shutting down and abandoning module Paper2DEditor (272)
[2017.12.10-22.26.32:228][982]LogModuleManager: Shutting down and abandoning module MeshPaint (271)
[2017.12.10-22.26.32:228][982]LogModuleManager: Shutting down and abandoning module LevelEditor (269)
[2017.12.10-22.26.32:229][982]LogModuleManager: Shutting down and abandoning module PixelInspectorModule (268)
[2017.12.10-22.26.32:229][982]LogModuleManager: Shutting down and abandoning module MainFrame (266)
[2017.12.10-22.26.32:229][982]LogModuleManager: Shutting down and abandoning module HotReload (265)
[2017.12.10-22.26.32:230][982]LogModuleManager: Shutting down and abandoning module RuntimePhysXCooking (260)
[2017.12.10-22.26.32:230][982]LogModuleManager: Shutting down and abandoning module PhysXVehiclesEditor (258)
[2017.12.10-22.26.32:230][982]LogModuleManager: Shutting down and abandoning module PhysXVehicles (256)
[2017.12.10-22.26.32:230][982]LogModuleManager: Shutting down and abandoning module OculusEditor (254)
[2017.12.10-22.26.32:230][982]LogModuleManager: Shutting down and abandoning module LocationServicesBPLibrary (252)
[2017.12.10-22.26.32:230][982]LogModuleManager: Shutting down and abandoning module ImmediatePhysicsEditor (250)
[2017.12.10-22.26.32:230][982]LogModuleManager: Shutting down and abandoning module ImmediatePhysics (248)
[2017.12.10-22.26.32:230][982]LogModuleManager: Shutting down and abandoning module UdpMessaging (246)
[2017.12.10-22.26.32:331][982]LogModuleManager: Shutting down and abandoning module TcpMessaging (244)
[2017.12.10-22.26.32:431][982]LogModuleManager: Shutting down and abandoning module GameplayTagsEditor (242)
[2017.12.10-22.26.32:431][982]LogModuleManager: Shutting down and abandoning module FacialAnimationEditor (240)
[2017.12.10-22.26.32:431][982]LogModuleManager: Shutting down and abandoning module FacialAnimation (238)
[2017.12.10-22.26.32:431][982]LogModuleManager: Shutting down and abandoning module AssetManagerEditor (236)
[2017.12.10-22.26.32:431][982]LogModuleManager: Shutting down and abandoning module GraphEditor (235)
[2017.12.10-22.26.32:431][982]LogModuleManager: Shutting down and abandoning module ContentBrowser (233)
[2017.12.10-22.26.32:432][982]LogModuleManager: Shutting down and abandoning module LightPropagationVolumeRuntime (230)
[2017.12.10-22.26.32:432][982]LogModuleManager: Shutting down and abandoning module Paper2D (228)
[2017.12.10-22.26.32:432][982]LogModuleManager: Shutting down and abandoning module WindowsMoviePlayer (226)
[2017.12.10-22.26.32:432][982]LogModuleManager: Shutting down and abandoning module WmfMedia (224)
[2017.12.10-22.26.32:434][982]LogModuleManager: Shutting down and abandoning module PacketHandler (222)
[2017.12.10-22.26.32:434][982]LogModuleManager: Shutting down and abandoning module ClothingSystemEditor (220)
[2017.12.10-22.26.32:434][982]LogModuleManager: Shutting down and abandoning module ClothingSystemRuntime (218)
[2017.12.10-22.26.32:434][982]LogModuleManager: Shutting down and abandoning module Overlay (216)
[2017.12.10-22.26.32:434][982]LogModuleManager: Shutting down and abandoning module OverlayEditor (215)
[2017.12.10-22.26.32:434][982]LogModuleManager: Shutting down and abandoning module MediaAssets (212)
[2017.12.10-22.26.32:434][982]LogModuleManager: Shutting down and abandoning module VREditor (210)
[2017.12.10-22.26.32:435][982]LogModuleManager: Shutting down and abandoning module StringTableEditor (208)
[2017.12.10-22.26.32:435][982]LogModuleManager: Shutting down and abandoning module GameplayTasksEditor (206)
[2017.12.10-22.26.32:435][982]LogModuleManager: Shutting down and abandoning module BehaviorTreeEditor (204)
[2017.12.10-22.26.32:435][982]LogModuleManager: Shutting down and abandoning module FunctionalTesting (202)
[2017.12.10-22.26.32:435][982]LogModuleManager: Shutting down and abandoning module CollisionAnalyzer (200)
[2017.12.10-22.26.32:435][982]LogModuleManager: Shutting down and abandoning module WorkspaceMenuStructure (199)
[2017.12.10-22.26.32:435][982]LogModuleManager: Shutting down and abandoning module UMG (196)
[2017.12.10-22.26.32:435][982]LogModuleManager: Shutting down and abandoning module UMGEditor (195)
[2017.12.10-22.26.32:435][982]LogModuleManager: Shutting down and abandoning module Sequencer (194)
[2017.12.10-22.26.32:435][982]LogModuleManager: Shutting down and abandoning module MessageLog (191)
[2017.12.10-22.26.32:435][982]LogModuleManager: Shutting down and abandoning module SlateReflector (186)
[2017.12.10-22.26.32:435][982]LogModuleManager: Shutting down and abandoning module Slate (184)
[2017.12.10-22.26.32:435][982]LogModuleManager: Shutting down and abandoning module EditorStyle (182)
[2017.12.10-22.26.32:438][982]LogModuleManager: Shutting down and abandoning module MRMesh (180)
[2017.12.10-22.26.32:438][982]LogModuleManager: Shutting down and abandoning module SourceCodeAccess (178)
[2017.12.10-22.26.32:438][982]LogModuleManager: Shutting down and abandoning module HeadMountedDisplay (176)
[2017.12.10-22.26.32:438][982]LogModuleManager: Shutting down and abandoning module XAudio2 (174)
[2017.12.10-22.26.32:439][982]LogModuleManager: Shutting down and abandoning module Networking (172)
[2017.12.10-22.26.32:439][982]LogModuleManager: Shutting down and abandoning module Core (168)
[2017.12.10-22.26.32:439][982]LogModuleManager: Shutting down and abandoning module KismetCompiler (164)
[2017.12.10-22.26.32:439][982]LogModuleManager: Shutting down and abandoning module LevelSequence (162)
[2017.12.10-22.26.32:439][982]LogModuleManager: Shutting down and abandoning module MeshUtilities (160)
[2017.12.10-22.26.32:439][982]LogModuleManager: Shutting down and abandoning module MeshMergeUtilities (159)
[2017.12.10-22.26.32:439][982]LogModuleManager: Shutting down and abandoning module MeshReductionInterface (158)
[2017.12.10-22.26.32:439][982]LogModuleManager: Shutting down and abandoning module SimplygonSwarm (157)
[2017.12.10-22.26.32:439][982]LogModuleManager: Shutting down and abandoning module SimplygonMeshReduction (155)
[2017.12.10-22.26.32:439][982]LogModuleManager: Shutting down and abandoning module QuadricMeshReduction (153)
[2017.12.10-22.26.32:439][982]LogModuleManager: Shutting down and abandoning module MaterialBaking (149)
[2017.12.10-22.26.32:439][982]LogModuleManager: Shutting down and abandoning module DirectoryWatcher (146)
[2017.12.10-22.26.32:441][982]LogModuleManager: Shutting down and abandoning module DerivedDataCache (144)
[2017.12.10-22.26.32:532][982]LogDerivedDataCache: Shutdown
[2017.12.10-22.26.32:532][982]LogModuleManager: Shutting down and abandoning module TargetPlatform (142)
[2017.12.10-22.26.32:533][982]LogModuleManager: Shutting down and abandoning module VulkanShaderFormat (141)
[2017.12.10-22.26.32:533][982]LogModuleManager: Shutting down and abandoning module ShaderFormatVectorVM (139)
[2017.12.10-22.26.32:533][982]LogModuleManager: Shutting down and abandoning module ShaderFormatOpenGL (137)
[2017.12.10-22.26.32:533][982]LogModuleManager: Shutting down and abandoning module ShaderFormatD3D (135)
[2017.12.10-22.26.32:533][982]LogModuleManager: Shutting down and abandoning module MetalShaderFormat (133)
[2017.12.10-22.26.32:533][982]LogModuleManager: Shutting down and abandoning module TextureFormatUncompressed (131)
[2017.12.10-22.26.32:533][982]LogModuleManager: Shutting down and abandoning module TextureFormatPVR (129)
[2017.12.10-22.26.32:533][982]LogModuleManager: Shutting down and abandoning module TextureFormatDXT (127)
[2017.12.10-22.26.32:533][982]LogModuleManager: Shutting down and abandoning module TextureFormatIntelISPCTexComp (125)
[2017.12.10-22.26.32:533][982]LogModuleManager: Shutting down and abandoning module TextureFormatASTC (123)
[2017.12.10-22.26.32:533][982]LogModuleManager: Shutting down and abandoning module ImageWrapper (122)
[2017.12.10-22.26.32:533][982]LogModuleManager: Shutting down and abandoning module TextureFormatAndroid (119)
[2017.12.10-22.26.32:533][982]LogModuleManager: Shutting down and abandoning module AudioFormatOpus (117)
[2017.12.10-22.26.32:533][982]LogModuleManager: Shutting down and abandoning module AudioFormatOgg (115)
[2017.12.10-22.26.32:533][982]LogModuleManager: Shutting down and abandoning module AudioFormatADPCM (113)
[2017.12.10-22.26.32:533][982]LogModuleManager: Shutting down and abandoning module LinuxTargetPlatform (111)
[2017.12.10-22.26.32:533][982]LogModuleManager: Shutting down and abandoning module LinuxServerTargetPlatform (109)
[2017.12.10-22.26.32:533][982]LogModuleManager: Shutting down and abandoning module LinuxNoEditorTargetPlatform (107)
[2017.12.10-22.26.32:533][982]LogModuleManager: Shutting down and abandoning module LinuxClientTargetPlatform (105)
[2017.12.10-22.26.32:533][982]LogModuleManager: Shutting down and abandoning module TVOSTargetPlatform (103)
[2017.12.10-22.26.32:533][982]LogModuleManager: Shutting down and abandoning module Messaging (101)
[2017.12.10-22.26.32:533][982]LogModuleManager: Shutting down and abandoning module IOSTargetPlatform (99)
[2017.12.10-22.26.32:533][982]LogModuleManager: Shutting down and abandoning module HTML5TargetPlatform (97)
[2017.12.10-22.26.32:533][982]LogModuleManager: Shutting down and abandoning module Android_PVRTCTargetPlatform (95)
[2017.12.10-22.26.32:533][982]LogModuleManager: Shutting down and abandoning module Android_MultiTargetPlatform (93)
[2017.12.10-22.26.32:533][982]LogModuleManager: Shutting down and abandoning module Android_ETC2TargetPlatform (91)
[2017.12.10-22.26.32:533][982]LogModuleManager: Shutting down and abandoning module Android_ETC1TargetPlatform (89)
[2017.12.10-22.26.32:533][982]LogModuleManager: Shutting down and abandoning module Android_DXTTargetPlatform (87)
[2017.12.10-22.26.32:533][982]LogModuleManager: Shutting down and abandoning module Android_ATCTargetPlatform (85)
[2017.12.10-22.26.32:533][982]LogModuleManager: Shutting down and abandoning module Android_ASTCTargetPlatform (83)
[2017.12.10-22.26.32:533][982]LogModuleManager: Shutting down and abandoning module AndroidTargetPlatform (81)
[2017.12.10-22.26.32:533][982]LogModuleManager: Shutting down and abandoning module WindowsTargetPlatform (79)
[2017.12.10-22.26.32:533][982]LogModuleManager: Shutting down and abandoning module WindowsServerTargetPlatform (77)
[2017.12.10-22.26.32:533][982]LogModuleManager: Shutting down and abandoning module WindowsNoEditorTargetPlatform (75)
[2017.12.10-22.26.32:533][982]LogModuleManager: Shutting down and abandoning module WindowsClientTargetPlatform (73)
[2017.12.10-22.26.32:533][982]LogModuleManager: Shutting down and abandoning module MacTargetPlatform (71)
[2017.12.10-22.26.32:533][982]LogModuleManager: Shutting down and abandoning module MacServerTargetPlatform (69)
[2017.12.10-22.26.32:533][982]LogModuleManager: Shutting down and abandoning module MacNoEditorTargetPlatform (67)
[2017.12.10-22.26.32:533][982]LogModuleManager: Shutting down and abandoning module MacClientTargetPlatform (65)
[2017.12.10-22.26.32:534][982]LogModuleManager: Shutting down and abandoning module AllDesktopTargetPlatform (63)
[2017.12.10-22.26.32:534][982]LogModuleManager: Shutting down and abandoning module InputCore (60)
[2017.12.10-22.26.32:534][982]LogModuleManager: Shutting down and abandoning module Settings (58)
[2017.12.10-22.26.32:534][982]LogModuleManager: Shutting down and abandoning module PhysXCooking (56)
[2017.12.10-22.26.32:534][982]LogModuleManager: Shutting down and abandoning module SteamVR (54)
[2017.12.10-22.26.32:534][982]LogModuleManager: Shutting down and abandoning module OculusHMD (52)
[2017.12.10-22.26.32:534][982]LogModuleManager: Shutting down and abandoning module ExampleDeviceProfileSelector (50)
[2017.12.10-22.26.32:534][982]LogModuleManager: Shutting down and abandoning module OnlineBlueprintSupport (48)
[2017.12.10-22.26.32:534][982]LogModuleManager: Shutting down and abandoning module OnlineSubsystem (44)
[2017.12.10-22.26.32:534][982]LogOnline: Display: Unloading online subsystem: NULL
[2017.12.10-22.26.32:534][982]LogModuleManager: Shutting down and abandoning module XMPP (43)
[2017.12.10-22.26.32:534][982]LogModuleManager: Shutting down and abandoning module HTTP (41)
[2017.12.10-22.26.32:534][982]LogHttp: Display: Http module shutting down, but needs to wait on 1 outstanding Http requests:
[2017.12.10-22.26.32:534][982]LogHttp: Display: 	verb=[POST] url=[https://datarouter.ol.epicgames.com/datarouter/api/v1/public/data?SessionID=%7BC316E086-486F-3DBF-317D-D995B3BADB61%7D&AppID=UEEditor.Rocket.Release&AppVersion=4.17.2-3658906%2B%2B%2BUE4%2BRelease-4.17&UserID=cd1f60b7479b32bd24c174b1375c1b70%7C4ba7aa541e964517b0d99766beec29d1%7Cb30741d6-520e-4fea-be44-def22d0e3946&AppEnvironment=datacollector-binary&UploadType=eteventstream] status=Processing
[2017.12.10-22.26.32:564][982]LogModuleManager: Shutting down and abandoning module SSL (40)
[2017.12.10-22.26.32:566][982]LogModuleManager: Shutting down and abandoning module AnimationModifiers (36)
[2017.12.10-22.26.32:566][982]LogModuleManager: Shutting down and abandoning module PropertyEditor (35)
[2017.12.10-22.26.32:566][982]LogModuleManager: Shutting down and abandoning module AudioEditor (32)
[2017.12.10-22.26.32:566][982]LogModuleManager: Shutting down and abandoning module TextureCompressor (30)
[2017.12.10-22.26.32:566][982]LogModuleManager: Shutting down and abandoning module ShaderCore (28)
[2017.12.10-22.26.32:566][982]LogModuleManager: Shutting down and abandoning module Landscape (26)
[2017.12.10-22.26.32:566][982]LogModuleManager: Shutting down and abandoning module SlateRHIRenderer (24)
[2017.12.10-22.26.32:567][982]LogModuleManager: Shutting down and abandoning module OpenGLDrv (22)
[2017.12.10-22.26.32:567][982]LogModuleManager: Shutting down and abandoning module D3D11RHI (20)
[2017.12.10-22.26.32:567][982]LogModuleManager: Shutting down and abandoning module AnimGraphRuntime (18)
[2017.12.10-22.26.32:567][982]LogModuleManager: Shutting down and abandoning module Renderer (16)
[2017.12.10-22.26.32:567][982]LogModuleManager: Shutting down and abandoning module Engine (14)
[2017.12.10-22.26.32:567][982]LogModuleManager: Shutting down and abandoning module CoreUObject (12)
[2017.12.10-22.26.32:567][982]LogModuleManager: Shutting down and abandoning module NetworkFile (10)
[2017.12.10-22.26.32:567][982]LogModuleManager: Shutting down and abandoning module CookedIterativeFile (8)
[2017.12.10-22.26.32:567][982]LogModuleManager: Shutting down and abandoning module StreamingFile (6)
[2017.12.10-22.26.32:567][982]LogModuleManager: Shutting down and abandoning module SandboxFile (4)
[2017.12.10-22.26.32:567][982]LogModuleManager: Shutting down and abandoning module PakFile (2)
[2017.12.10-22.26.32:571][982]LogExit: Exiting.
[2017.12.10-22.26.32:587][982]Log file closed, 12/10/17 17:26:32
