Log file open, 12/16/17 19:40:08
LogWindows: Failed to load 'aqProf.dll' (GetLastError=126)
LogWindows: File 'aqProf.dll' does not exist
LogWindows: Failed to load 'VtuneApi.dll' (GetLastError=126)
LogWindows: File 'VtuneApi.dll' does not exist
LogWindows: Failed to load 'VtuneApi32e.dll' (GetLastError=126)
LogWindows: File 'VtuneApi32e.dll' does not exist
LogInit: Display: Running engine for game: CarBlueprints
LogPlatformFile: Not using cached read wrapper
LogInit: Display: RandInit(557808760) SRandInit(557808760).
LogTaskGraph: Started task graph with 5 named threads and 14 total threads with 3 sets of task threads.
LogStats: Stats thread started at 0.227733
LogD3D11RHI: Aftermath initialized
LogPluginManager: Mounting plugin Paper2D
LogPluginManager: Mounting plugin LightPropagationVolume
LogPluginManager: Mounting plugin CodeLiteSourceCodeAccess
LogPluginManager: Mounting plugin GitSourceControl
LogPluginManager: Mounting plugin KDevelopSourceCodeAccess
LogPluginManager: Mounting plugin NullSourceCodeAccess
LogPluginManager: Mounting plugin PerforceSourceControl
LogPluginManager: Mounting plugin SubversionSourceControl
LogPluginManager: Mounting plugin UObjectPlugin
LogPluginManager: Mounting plugin VisualStudioSourceCodeAccess
LogPluginManager: Mounting plugin XCodeSourceCodeAccess
LogPluginManager: Mounting plugin AssetManagerEditor
LogPluginManager: Mounting plugin AudioCapture
LogPluginManager: Mounting plugin FacialAnimation
LogPluginManager: Mounting plugin GameplayTagsEditor
LogPluginManager: Mounting plugin MobileLauncherProfileWizard
LogPluginManager: Mounting plugin PluginBrowser
LogPluginManager: Mounting plugin SpeedTreeImporter
LogPluginManager: Mounting plugin AlembicImporter
LogPluginManager: Mounting plugin CharacterAI
LogPluginManager: Mounting plugin HTML5Networking
LogPluginManager: Mounting plugin RawInput
LogPluginManager: Mounting plugin AndroidMedia
LogPluginManager: Mounting plugin AvfMedia
LogPluginManager: Mounting plugin MediaPlayerEditor
LogPluginManager: Mounting plugin WmfMedia
LogPluginManager: Mounting plugin TcpMessaging
LogPluginManager: Mounting plugin UdpMessaging
LogPluginManager: Mounting plugin LevelSequenceEditor
LogPluginManager: Mounting plugin MatineeToLevelSequence
LogPluginManager: Mounting plugin OnlineSubsystemGooglePlay
LogPluginManager: Mounting plugin OnlineSubsystemIOS
LogPluginManager: Mounting plugin OnlineSubsystem
LogPluginManager: Mounting plugin OnlineSubsystemNull
LogPluginManager: Mounting plugin OnlineSubsystemUtils
LogPluginManager: Mounting plugin AndroidDeviceProfileSelector
LogPluginManager: Mounting plugin AndroidMoviePlayer
LogPluginManager: Mounting plugin AndroidPermission
LogPluginManager: Mounting plugin AppleMoviePlayer
LogPluginManager: Mounting plugin ArchVisCharacter
LogPluginManager: Mounting plugin CableComponent
LogPluginManager: Mounting plugin CustomMeshComponent
LogPluginManager: Mounting plugin ExampleDeviceProfileSelector
LogPluginManager: Mounting plugin GoogleCloudMessaging
LogPluginManager: Mounting plugin ImmediatePhysics
LogPluginManager: Mounting plugin IOSDeviceProfileSelector
LogPluginManager: Mounting plugin LinuxDeviceProfileSelector
LogPluginManager: Mounting plugin LocationServicesBPLibrary
LogPluginManager: Mounting plugin MobilePatchingUtils
LogPluginManager: Mounting plugin OculusVR
LogPluginManager: Mounting plugin PhysXVehicles
LogPluginManager: Mounting plugin ProceduralMeshComponent
LogPluginManager: Mounting plugin RuntimePhysXCooking
LogPluginManager: Mounting plugin SteamVR
LogPluginManager: Mounting plugin WindowsMoviePlayer
LogInit: Using libcurl 7.47.1
LogInit:  - built for x86_64-pc-win32
LogInit:  - supports SSL with OpenSSL/1.0.2g
LogInit:  - supports HTTP deflate (compression) using libz 1.2.8
LogInit:  - other features:
LogInit:      CURL_VERSION_SSL
LogInit:      CURL_VERSION_LIBZ
LogInit:      CURL_VERSION_IPV6
LogInit:      CURL_VERSION_ASYNCHDNS
LogInit:      CURL_VERSION_LARGEFILE
LogInit:      CURL_VERSION_IDN
LogInit:  CurlRequestOptions (configurable via config and command line):
LogInit:  - bVerifyPeer = false  - Libcurl will NOT verify peer certificate
LogInit:  - bUseHttpProxy = false  - Libcurl will NOT use HTTP proxy
LogInit:  - bDontReuseConnections = false  - Libcurl will reuse connections
LogInit:  - CertBundlePath = nullptr  - Libcurl will use whatever was configured at build time.
LogInit: Build: ++UE4+Release-4.17-CL-3658906
LogInit: Engine Version: 4.17.2-3658906+++UE4+Release-4.17
LogInit: Compatible Engine Version: 4.17.0-3573198+++UE4+Release-4.17
LogInit: Net CL: 3573198
LogDevObjectVersion: Number of dev versions registered: 16
LogDevObjectVersion:   Dev-Blueprints (B0D832E4-1F89-4F0D-ACCF-7EB736FD4AA2): 10
LogDevObjectVersion:   Dev-Build (E1C64328-A22C-4D53-A36C-8E866417BD8C): 0
LogDevObjectVersion:   Dev-Core (375EC13C-06E4-48FB-B500-84F0262A717E): 2
LogDevObjectVersion:   Dev-Editor (E4B068ED-F494-42E9-A231-DA0B2E46BB41): 20
LogDevObjectVersion:   Dev-Framework (CFFC743F-43B0-4480-9391-14DF171D2073): 28
LogDevObjectVersion:   Dev-Mobile (B02B49B5-BB20-44E9-A304-32B752E40360): 0
LogDevObjectVersion:   Dev-Networking (A4E4105C-59A1-49B5-A7C5-40C4547EDFEE): 0
LogDevObjectVersion:   Dev-Online (39C831C9-5AE6-47DC-9A44-9C173E1C8E7C): 0
LogDevObjectVersion:   Dev-Physics (78F01B33-EBEA-4F98-B9B4-84EACCB95AA2): 0
LogDevObjectVersion:   Dev-Platform (6631380F-2D4D-43E0-8009-CF276956A95A): 0
LogDevObjectVersion:   Dev-Rendering (12F88B9F-8875-4AFC-A67C-D90C383ABD29): 19
LogDevObjectVersion:   Dev-Sequencer (7B5AE74C-D270-4C10-A958-57980B212A5A): 4
LogDevObjectVersion:   Dev-VR (D7296918-1DD6-4BDD-9DE2-64A83CC13884): 0
LogDevObjectVersion:   Dev-LoadTimes (C2A15278-BFE7-4AFE-6C17-90FF531DF755): 1
LogDevObjectVersion:   Private-Geometry (6EACA3D4-40EC-4CC1-B786-8BED09428FC5): 1
LogDevObjectVersion:   Dev-AnimPhys (29E575DD-E0A3-4627-9D10-D276232CDCEA): 7
LogInit: Compiled (64-bit): Sep 22 2017 13:47:16
LogInit: Compiled with Visual C++: 19.00.24215.01
LogInit: Build Configuration: Development
LogInit: Branch Name: ++UE4+Release-4.17
LogInit: Command line:  
LogInit: Base directory: C:/Program Files/Epic Games/UE_4.17/Engine/Binaries/Win64/
LogInit: Installed Engine Build: 1
LogInit: Presizing for max 8388607 objects, including 0 objects not considered by GC, pre-allocating 0 bytes for permanent pool.
LogInit: Object subsystem initialized
[2017.12.17-00.40.09:149][  0]LogInit: Selected Device Profile: [Windows]
[2017.12.17-00.40.09:149][  0]LogInit: Applying CVar settings loaded from the selected device profile: [Windows]
[2017.12.17-00.40.09:176][  0]LogInit: Computer: DESKTOP-I9SMP4L
[2017.12.17-00.40.09:176][  0]LogInit: User: AricsPC
[2017.12.17-00.40.09:176][  0]LogInit: CPU Page size=4096, Cores=4
[2017.12.17-00.40.09:176][  0]LogInit: High frequency timer resolution =2.250003 MHz
[2017.12.17-00.40.09:176][  0]LogMemory: Memory total: Physical=7.9GB (8GB approx)
[2017.12.17-00.40.09:176][  0]LogMemory: Platform Memory Stats for Windows
[2017.12.17-00.40.09:176][  0]LogMemory: Process Physical Memory: 278.31 MB used, 278.31 MB peak
[2017.12.17-00.40.09:176][  0]LogMemory: Process Virtual Memory: 274.02 MB used, 274.02 MB peak
[2017.12.17-00.40.09:176][  0]LogMemory: Physical Memory: 3783.89 MB used,  4281.36 MB free, 8065.26 MB total
[2017.12.17-00.40.09:176][  0]LogMemory: Virtual Memory: 706.32 MB used,  4281.36 MB free, 134217728.00 MB total
[2017.12.17-00.40.10:298][  0]LogInit: Using OS detected language (en-US).
[2017.12.17-00.40.10:298][  0]LogInit: Using OS detected locale (en-US).
[2017.12.17-00.40.10:301][  0]LogTextLocalizationManager: No specific localization for 'en-US' exists, so the 'en' localization will be used.
[2017.12.17-00.40.11:092][  0]LogD3D11RHI: D3D11 adapters:
[2017.12.17-00.40.11:145][  0]LogD3D11RHI:    0. 'NVIDIA GeForce GTX 960M' (Feature Level 11_0)
[2017.12.17-00.40.11:145][  0]LogD3D11RHI:       4065/0/4032 MB DedicatedVideo/DedicatedSystem/SharedSystem, Outputs:1, VendorId:0x10de
[2017.12.17-00.40.11:154][  0]LogD3D11RHI:    1. 'Intel(R) HD Graphics 530' (Feature Level 11_0)
[2017.12.17-00.40.11:154][  0]LogD3D11RHI:       128/0/4032 MB DedicatedVideo/DedicatedSystem/SharedSystem, Outputs:0, VendorId:0x8086
[2017.12.17-00.40.11:156][  0]LogD3D11RHI:    2. 'Microsoft Basic Render Driver' (Feature Level 11_0)
[2017.12.17-00.40.11:156][  0]LogD3D11RHI:       0/0/4032 MB DedicatedVideo/DedicatedSystem/SharedSystem, Outputs:0, VendorId:0x1414
[2017.12.17-00.40.11:156][  0]LogD3D11RHI: Chosen D3D11 Adapter: 0
[2017.12.17-00.40.11:163][  0]LogD3D11RHI: Creating new Direct3DDevice
[2017.12.17-00.40.11:163][  0]LogD3D11RHI:     GPU DeviceId: 0x139b (for the marketing name, search the web for "GPU Device Id")
[2017.12.17-00.40.11:163][  0]LogWindows: EnumDisplayDevices:
[2017.12.17-00.40.11:163][  0]LogWindows:    0. 'Intel(R) HD Graphics 530' (P:1 D:1)
[2017.12.17-00.40.11:164][  0]LogWindows:    1. 'Intel(R) HD Graphics 530' (P:0 D:0)
[2017.12.17-00.40.11:164][  0]LogWindows:    2. 'Intel(R) HD Graphics 530' (P:0 D:0)
[2017.12.17-00.40.11:164][  0]LogWindows: DebugString: GetVideoDriverDetailsInvalid PrimaryIsNotTheChoosenAdapter GetVideoDriverDetailsInvalid PrimaryIsNotTheChoosenAdapter GetVideoDriverDetailsInvalid PrimaryIsNotTheChoosenAdapter FoundDriverCount:0 
[2017.12.17-00.40.11:164][  0]LogD3D11RHI:     Adapter Name: NVIDIA GeForce GTX 960M
[2017.12.17-00.40.11:164][  0]LogD3D11RHI:   Driver Version: Unknown (internal:Unknown, unified:Unknown)
[2017.12.17-00.40.11:164][  0]LogD3D11RHI:      Driver Date: Unknown
[2017.12.17-00.40.11:164][  0]LogRHI: Texture pool is 1361 MB (70% of 1945 MB)
[2017.12.17-00.40.11:193][  0]LogD3D11RHI: Async texture creation enabled
[2017.12.17-00.40.11:209][  0]LogD3D11RHI: GPU Timing Frequency: 1000.000000 (Debug: 2 1)
[2017.12.17-00.40.11:210][  0]LogShaderCompilers: Guid format shader working directory is -24 characters bigger than the processId version (../../../../../../Users/Aric's PC/Documents/Unreal Projects/CarBlueprints/Intermediate/Shaders/WorkingDirectory/15800/).
[2017.12.17-00.40.11:210][  0]LogShaderCompilers: Cleaned the shader compiler working directory 'C:/Users/Aric's PC/AppData/Local/Temp/UnrealShaderWorkingDir/A53B084E47F74EF9CA04EEA8EBEAA050/'.
[2017.12.17-00.40.11:210][  0]LogShaderCompilers: Display: Using Local Shader Compiler.
[2017.12.17-00.40.12:323][  0]LogTemp: Display: Loaded TP AllDesktopTargetPlatform
[2017.12.17-00.40.12:417][  0]LogTemp: Display: Loaded TP MacClientTargetPlatform
[2017.12.17-00.40.12:506][  0]LogTemp: Display: Loaded TP MacNoEditorTargetPlatform
[2017.12.17-00.40.12:599][  0]LogTemp: Display: Loaded TP MacServerTargetPlatform
[2017.12.17-00.40.12:689][  0]LogTemp: Display: Loaded TP MacTargetPlatform
[2017.12.17-00.40.12:783][  0]LogTemp: Display: Loaded TP WindowsClientTargetPlatform
[2017.12.17-00.40.12:878][  0]LogTemp: Display: Loaded TP WindowsNoEditorTargetPlatform
[2017.12.17-00.40.12:971][  0]LogTemp: Display: Loaded TP WindowsServerTargetPlatform
[2017.12.17-00.40.13:056][  0]LogTemp: Display: Loaded TP WindowsTargetPlatform
[2017.12.17-00.40.13:149][  0]LogTemp: Display: Loaded TP AndroidTargetPlatform
[2017.12.17-00.40.13:239][  0]LogTemp: Display: Loaded TP Android_ASTCTargetPlatform
[2017.12.17-00.40.13:328][  0]LogTemp: Display: Loaded TP Android_ATCTargetPlatform
[2017.12.17-00.40.13:403][  0]LogTemp: Display: Loaded TP Android_DXTTargetPlatform
[2017.12.17-00.40.13:496][  0]LogTemp: Display: Loaded TP Android_ETC1TargetPlatform
[2017.12.17-00.40.13:589][  0]LogTemp: Display: Loaded TP Android_ETC2TargetPlatform
[2017.12.17-00.40.13:761][  0]LogTemp: Display: Loaded TP Android_MultiTargetPlatform
[2017.12.17-00.40.13:762][  0]LogTemp: Display: Loaded TP Android_PVRTCTargetPlatform
[2017.12.17-00.40.13:843][  0]LogTemp: Display: Loaded TP HTML5TargetPlatform
[2017.12.17-00.40.14:032][  0]LogTemp: Display: Loaded TP IOSTargetPlatform
[2017.12.17-00.40.14:078][  0]LogTemp: Display: Loaded TP TVOSTargetPlatform
[2017.12.17-00.40.14:168][  0]LogTemp: Display: Loaded TP LinuxClientTargetPlatform
[2017.12.17-00.40.14:258][  0]LogTemp: Display: Loaded TP LinuxNoEditorTargetPlatform
[2017.12.17-00.40.14:350][  0]LogTemp: Display: Loaded TP LinuxServerTargetPlatform
[2017.12.17-00.40.14:443][  0]LogTemp: Display: Loaded TP LinuxTargetPlatform
[2017.12.17-00.40.14:443][  0]LogTargetPlatformManager: Display: Building Assets For Windows
[2017.12.17-00.40.15:397][  0]LogDerivedDataCache: Display: Max Cache Size: 512 MB
[2017.12.17-00.40.15:495][  0]LogDerivedDataCache: Loaded boot cache 0.10s 93MB C:/Users/Aric's PC/AppData/Local/UnrealEngine/4.17/DerivedDataCache/Boot.ddc.
[2017.12.17-00.40.15:495][  0]LogDerivedDataCache: Display: Loaded Boot cache: C:/Users/Aric's PC/AppData/Local/UnrealEngine/4.17/DerivedDataCache/Boot.ddc
[2017.12.17-00.40.15:496][  0]LogDerivedDataCache: FDerivedDataBackendGraph:  Pak pak cache file ../../../../../../Users/Aric's PC/Documents/Unreal Projects/CarBlueprints/DerivedDataCache/DDC.ddp not found, will not use a pak cache.
[2017.12.17-00.40.15:496][  0]LogDerivedDataCache: Unable to find inner node Pak for hierarchical cache Hierarchy.
[2017.12.17-00.40.15:496][  0]LogDerivedDataCache: FDerivedDataBackendGraph:  CompressedPak pak cache file ../../../../../../Users/Aric's PC/Documents/Unreal Projects/CarBlueprints/DerivedDataCache/Compressed.ddp not found, will not use a pak cache.
[2017.12.17-00.40.15:496][  0]LogDerivedDataCache: Unable to find inner node CompressedPak for hierarchical cache Hierarchy.
[2017.12.17-00.40.15:513][  0]LogDerivedDataCache: Display: Pak cache opened for reading ../../../Engine/DerivedDataCache/Compressed.ddp.
[2017.12.17-00.40.15:526][  0]LogDerivedDataCache: Using Local data cache path C:/Users/Aric's PC/AppData/Local/UnrealEngine/Common/DerivedDataCache: Writable
[2017.12.17-00.40.15:536][  0]LogMaterial: Verifying Global Shaders for PCD3D_SM5
[2017.12.17-00.40.15:537][  0]LogSlate: Using Freetype 2.6.0
[2017.12.17-00.40.15:538][  0]LogSlate: SlateFontCache - WITH_FREETYPE: 1, WITH_HARFBUZZ: 1
[2017.12.17-00.40.15:538][  0]LogSlate: SlateFontCache - WITH_FREETYPE: 1, WITH_HARFBUZZ: 1
[2017.12.17-00.40.15:826][  0]LogAssetRegistry: FAssetRegistry took 0.0270 seconds to start up
[2017.12.17-00.40.15:984][  0]LogInit: Selected Device Profile: [Windows]
[2017.12.17-00.40.16:542][  0]LogSimplygon: Simplygon DLL not present - disabling.
[2017.12.17-00.40.16:606][  0]LogMeshReduction: Using SimplygonSwarm for distributed automatic mesh merging
[2017.12.17-00.40.16:606][  0]LogMeshReduction: Using QuadricMeshReduction for automatic static mesh reduction
[2017.12.17-00.40.16:606][  0]LogMeshReduction: No automatic skeletal mesh reduction module available
[2017.12.17-00.40.16:606][  0]LogMeshReduction: No automatic mesh merging module available
[2017.12.17-00.40.16:606][  0]LogMeshMerging: No automatic mesh merging module available
[2017.12.17-00.40.16:608][  0]LogContentStreaming: Texture pool size is 0.00 MB
[2017.12.17-00.40.17:148][  0]LogNetVersion: CarBlueprints , NetCL: 3573198, EngineNetVer: 2, GameNetVer: 0 (Checksum: 3571599761)
[2017.12.17-00.40.17:436][  0]LogPackageLocalizationCache: Processed 5 localized package path(s) for 2 prioritized culture(s) in 0.050826 seconds
[2017.12.17-00.40.17:442][  0]LogUObjectArray: 35825 objects as part of root set at end of initial load.
[2017.12.17-00.40.17:442][  0]LogUObjectAllocator: 7529112 out of 0 bytes used by permanent object pool.
[2017.12.17-00.40.17:442][  0]LogUObjectArray: CloseDisregardForGC: 0/0 objects in disregard for GC pool
[2017.12.17-00.40.17:547][  0]LogInit: WinSock: version 1.1 (2.2), MaxSocks=32767, MaxUdp=65467
[2017.12.17-00.40.21:157][  0]LogTcpMessaging: Initializing TcpMessaging bridge
[2017.12.17-00.40.21:217][  0]LogUdpMessaging: Initializing bridge on interface 0.0.0.0:0 to multicast group 230.0.0.1:6666.
[2017.12.17-00.40.22:242][  0]LogMaterial: Uniform references updated for custom material expression Custom.
[2017.12.17-00.40.22:835][  0]SourceControl: Source control is disabled
[2017.12.17-00.40.22:835][  0]SourceControl: Source control is disabled
[2017.12.17-00.40.22:914][  0]SourceControl: Source control is disabled
[2017.12.17-00.40.22:995][  0]SourceControl: Source control is disabled
[2017.12.17-00.40.24:013][  0]LogAndroidPermission: UAndroidPermissionCallbackProxy::GetInstance
[2017.12.17-00.40.24:416][  0]LogOcInput: OculusInput pre-init called
[2017.12.17-00.40.24:808][  0]LogEngine: Initializing Engine...
[2017.12.17-00.40.24:810][  0]LogHMD: Failed to initialize OpenVR with code 110
[2017.12.17-00.40.25:079][  0]LogStats: UGameplayTagsManager::ConstructGameplayTagTree: Construct from data asset -  0.000 s
[2017.12.17-00.40.25:079][  0]LogStats: UGameplayTagsManager::ConstructGameplayTagTree: GameplayTagTreeChangedEvent.Broadcast -  0.000 s
[2017.12.17-00.40.25:292][  0]LogAIModule: Creating AISystem for world Untitled
[2017.12.17-00.40.25:301][  0]LogInit: XAudio2 using 'Speakers / Headphones (Realtek Audio)' : 2 channels at 48 kHz using 32 bits per sample (channel mask 0x3)
[2017.12.17-00.40.25:676][  0]LogInit: FAudioDevice initialized.
[2017.12.17-00.40.25:831][  0]LogDerivedDataCache: Saved boot cache 0.15s 93MB C:/Users/Aric's PC/AppData/Local/UnrealEngine/4.17/DerivedDataCache/Boot.ddc.
[2017.12.17-00.40.25:848][  0]LogInit: Texture streaming: Enabled
[2017.12.17-00.40.26:059][  0]LogEngineSessionManager: EngineSessionManager initialized
[2017.12.17-00.40.26:412][  0]LogInit: Transaction tracking system initialized
[2017.12.17-00.40.26:931][  0]BlueprintLog: New page: Editor Load
[2017.12.17-00.40.28:414][  0]LocalizationService: Localization service is disabled
[2017.12.17-00.40.29:614][  0]LogConsoleResponse: Display: 
[2017.12.17-00.40.29:861][  0]LogCook: Display: Max memory allowance for cook 16384mb min free memory 0mb
[2017.12.17-00.40.29:861][  0]LogCook: Display: Mobile HDR setting 1
[2017.12.17-00.40.29:862][  0]LogGameplayTags: Display: UGameplayTagsManager::DoneAddingNativeTags. DelegateIsBound: 0
[2017.12.17-00.40.31:014][  0]LogFileCache: Scanning file cache for directory 'C:/Users/Aric's PC/Documents/Unreal Projects/CarBlueprints/Content/' took 0.02s
[2017.12.17-00.40.31:620][  0]SourceControl: Source control is disabled
[2017.12.17-00.40.31:621][  0]Cmd: MAP LOAD FILE="../../../../../../Users/Aric's PC/Documents/Unreal Projects/CarBlueprints/Content/VehicleAdvBP/Maps/VehicleAdvExampleMap.umap" TEMPLATE=0 SHOWPROGRESS=1 FEATURELEVEL=3
[2017.12.17-00.40.31:621][  0]LightingResults: New page: Lighting Build
[2017.12.17-00.40.31:690][  0]MapCheck: New page: Map Check
[2017.12.17-00.40.31:690][  0]LightingResults: New page: Lighting Build
[2017.12.17-00.40.31:878][  0]LogLinker: Warning: Can't find file '/Game/FirstPerson/FPWeapon/Materials/MaterialLayers/ML_GlossyBlack_Latex_UE4'
[2017.12.17-00.40.31:878][  0]LoadErrors: Failed to load /Game/VehicleAdv/Materials/M_FPGun.M_FPGun Referenced by WeaponMesh_GEN_VARIABLE
[2017.12.17-00.40.31:878][  0]LogLinker: Warning: Can't find file for asset '/Game/FirstPerson/FPWeapon/Materials/MaterialLayers/ML_GlossyBlack_Latex_UE4' while loading ../../../../../../Users/Aric's PC/Documents/Unreal Projects/CarBlueprints/Content/VehicleAdv/Materials/M_FPGun.uasset.
[2017.12.17-00.40.31:878][  0]LoadErrors: Failed to load /Game/VehicleAdv/Materials/M_FPGun.M_FPGun Referenced by WeaponMesh_GEN_VARIABLE
[2017.12.17-00.40.31:879][  0]LoadErrors: Error: /Game/VehicleAdv/Materials/M_FPGun : Can't find file for asset. /Game/FirstPerson/FPWeapon/Materials/MaterialLayers/ML_GlossyBlack_Latex_UE4
[2017.12.17-00.40.31:879][  0]LogLinker: Warning: Can't find file '/Game/FirstPerson/FPWeapon/Materials/MaterialLayers/ML_Plastic_Shiny_Beige'
[2017.12.17-00.40.31:879][  0]LoadErrors: Failed to load /Game/VehicleAdv/Materials/M_FPGun.M_FPGun Referenced by WeaponMesh_GEN_VARIABLE
[2017.12.17-00.40.31:879][  0]LogLinker: Warning: Can't find file for asset '/Game/FirstPerson/FPWeapon/Materials/MaterialLayers/ML_Plastic_Shiny_Beige' while loading ../../../../../../Users/Aric's PC/Documents/Unreal Projects/CarBlueprints/Content/VehicleAdv/Materials/M_FPGun.uasset.
[2017.12.17-00.40.31:879][  0]LoadErrors: Failed to load /Game/VehicleAdv/Materials/M_FPGun.M_FPGun Referenced by WeaponMesh_GEN_VARIABLE
[2017.12.17-00.40.31:879][  0]LoadErrors: Error: /Game/VehicleAdv/Materials/M_FPGun : Can't find file for asset. /Game/FirstPerson/FPWeapon/Materials/MaterialLayers/ML_Plastic_Shiny_Beige
[2017.12.17-00.40.31:879][  0]LogLinker: Warning: Can't find file '/Game/FirstPerson/FPWeapon/Materials/MaterialLayers/ML_Screen'
[2017.12.17-00.40.31:879][  0]LoadErrors: Failed to load /Game/VehicleAdv/Materials/M_FPGun.M_FPGun Referenced by WeaponMesh_GEN_VARIABLE
[2017.12.17-00.40.31:879][  0]LogLinker: Warning: Can't find file for asset '/Game/FirstPerson/FPWeapon/Materials/MaterialLayers/ML_Screen' while loading ../../../../../../Users/Aric's PC/Documents/Unreal Projects/CarBlueprints/Content/VehicleAdv/Materials/M_FPGun.uasset.
[2017.12.17-00.40.31:879][  0]LoadErrors: Failed to load /Game/VehicleAdv/Materials/M_FPGun.M_FPGun Referenced by WeaponMesh_GEN_VARIABLE
[2017.12.17-00.40.31:879][  0]LoadErrors: Error: /Game/VehicleAdv/Materials/M_FPGun : Can't find file for asset. /Game/FirstPerson/FPWeapon/Materials/MaterialLayers/ML_Screen
[2017.12.17-00.40.31:879][  0]LogLinker: Warning: Can't find file '/Game/FirstPerson/FPWeapon/Materials/MaterialLayers/ML_SoftMetal_UE4'
[2017.12.17-00.40.31:879][  0]LoadErrors: Failed to load /Game/VehicleAdv/Materials/M_FPGun.M_FPGun Referenced by WeaponMesh_GEN_VARIABLE
[2017.12.17-00.40.31:880][  0]LogLinker: Warning: Can't find file for asset '/Game/FirstPerson/FPWeapon/Materials/MaterialLayers/ML_SoftMetal_UE4' while loading ../../../../../../Users/Aric's PC/Documents/Unreal Projects/CarBlueprints/Content/VehicleAdv/Materials/M_FPGun.uasset.
[2017.12.17-00.40.31:880][  0]LoadErrors: Failed to load /Game/VehicleAdv/Materials/M_FPGun.M_FPGun Referenced by WeaponMesh_GEN_VARIABLE
[2017.12.17-00.40.31:880][  0]LoadErrors: Error: /Game/VehicleAdv/Materials/M_FPGun : Can't find file for asset. /Game/FirstPerson/FPWeapon/Materials/MaterialLayers/ML_SoftMetal_UE4
[2017.12.17-00.40.31:882][  0]LogLinker: Warning: Can't find file '/Game/FirstPerson/FPWeapon/Materials/MaterialLayers/ML_GlossyBlack_Latex_UE4'
[2017.12.17-00.40.31:882][  0]LoadErrors: Failed to load /Game/VehicleAdv/Materials/M_FPGun.M_FPGun Referenced by WeaponMesh_GEN_VARIABLE
[2017.12.17-00.40.31:882][  0]LogLinker: Warning: Can't find file for asset '/Game/FirstPerson/FPWeapon/Materials/MaterialLayers/ML_GlossyBlack_Latex_UE4' while loading ../../../../../../Users/Aric's PC/Documents/Unreal Projects/CarBlueprints/Content/VehicleAdv/Materials/M_FPGun.uasset.
[2017.12.17-00.40.31:882][  0]LoadErrors: Failed to load /Game/VehicleAdv/Materials/M_FPGun.M_FPGun Referenced by WeaponMesh_GEN_VARIABLE
[2017.12.17-00.40.31:882][  0]LoadErrors: Error: /Game/VehicleAdv/Materials/M_FPGun : Can't find file for asset. /Game/FirstPerson/FPWeapon/Materials/MaterialLayers/ML_GlossyBlack_Latex_UE4
[2017.12.17-00.40.31:882][  0]LogLinker: Warning: Can't find file '/Game/FirstPerson/FPWeapon/Materials/MaterialLayers/ML_Plastic_Shiny_Beige'
[2017.12.17-00.40.31:882][  0]LoadErrors: Failed to load /Game/VehicleAdv/Materials/M_FPGun.M_FPGun Referenced by WeaponMesh_GEN_VARIABLE
[2017.12.17-00.40.31:882][  0]LogLinker: Warning: Can't find file for asset '/Game/FirstPerson/FPWeapon/Materials/MaterialLayers/ML_Plastic_Shiny_Beige' while loading ../../../../../../Users/Aric's PC/Documents/Unreal Projects/CarBlueprints/Content/VehicleAdv/Materials/M_FPGun.uasset.
[2017.12.17-00.40.31:882][  0]LoadErrors: Failed to load /Game/VehicleAdv/Materials/M_FPGun.M_FPGun Referenced by WeaponMesh_GEN_VARIABLE
[2017.12.17-00.40.31:882][  0]LoadErrors: Error: /Game/VehicleAdv/Materials/M_FPGun : Can't find file for asset. /Game/FirstPerson/FPWeapon/Materials/MaterialLayers/ML_Plastic_Shiny_Beige
[2017.12.17-00.40.31:882][  0]LogLinker: Warning: Can't find file '/Game/FirstPerson/FPWeapon/Materials/MaterialLayers/ML_Screen'
[2017.12.17-00.40.31:883][  0]LoadErrors: Failed to load /Game/VehicleAdv/Materials/M_FPGun.M_FPGun Referenced by WeaponMesh_GEN_VARIABLE
[2017.12.17-00.40.31:883][  0]LogLinker: Warning: Can't find file for asset '/Game/FirstPerson/FPWeapon/Materials/MaterialLayers/ML_Screen' while loading ../../../../../../Users/Aric's PC/Documents/Unreal Projects/CarBlueprints/Content/VehicleAdv/Materials/M_FPGun.uasset.
[2017.12.17-00.40.31:883][  0]LoadErrors: Failed to load /Game/VehicleAdv/Materials/M_FPGun.M_FPGun Referenced by WeaponMesh_GEN_VARIABLE
[2017.12.17-00.40.31:883][  0]LoadErrors: Error: /Game/VehicleAdv/Materials/M_FPGun : Can't find file for asset. /Game/FirstPerson/FPWeapon/Materials/MaterialLayers/ML_Screen
[2017.12.17-00.40.31:883][  0]LogLinker: Warning: Can't find file '/Game/FirstPerson/FPWeapon/Materials/MaterialLayers/ML_SoftMetal_UE4'
[2017.12.17-00.40.31:883][  0]LoadErrors: Failed to load /Game/VehicleAdv/Materials/M_FPGun.M_FPGun Referenced by WeaponMesh_GEN_VARIABLE
[2017.12.17-00.40.31:883][  0]LogLinker: Warning: Can't find file for asset '/Game/FirstPerson/FPWeapon/Materials/MaterialLayers/ML_SoftMetal_UE4' while loading ../../../../../../Users/Aric's PC/Documents/Unreal Projects/CarBlueprints/Content/VehicleAdv/Materials/M_FPGun.uasset.
[2017.12.17-00.40.31:883][  0]LoadErrors: Failed to load /Game/VehicleAdv/Materials/M_FPGun.M_FPGun Referenced by WeaponMesh_GEN_VARIABLE
[2017.12.17-00.40.31:883][  0]LoadErrors: Error: /Game/VehicleAdv/Materials/M_FPGun : Can't find file for asset. /Game/FirstPerson/FPWeapon/Materials/MaterialLayers/ML_SoftMetal_UE4
[2017.12.17-00.40.31:883][  0]LogLinker: Warning: Can't find file '/Game/FirstPerson/FPWeapon/Textures/T_FPGun_M'
[2017.12.17-00.40.31:884][  0]LoadErrors: Failed to load /Game/VehicleAdv/Materials/M_FPGun.M_FPGun Referenced by WeaponMesh_GEN_VARIABLE
[2017.12.17-00.40.31:884][  0]LogLinker: Warning: Can't find file for asset '/Game/FirstPerson/FPWeapon/Textures/T_FPGun_M' while loading ../../../../../../Users/Aric's PC/Documents/Unreal Projects/CarBlueprints/Content/VehicleAdv/Materials/M_FPGun.uasset.
[2017.12.17-00.40.31:884][  0]LoadErrors: Failed to load /Game/VehicleAdv/Materials/M_FPGun.M_FPGun Referenced by WeaponMesh_GEN_VARIABLE
[2017.12.17-00.40.31:884][  0]LoadErrors: Error: /Game/VehicleAdv/Materials/M_FPGun : Can't find file for asset. /Game/FirstPerson/FPWeapon/Textures/T_FPGun_M
[2017.12.17-00.40.31:884][  0]LogLinker: Warning: Can't find file '/Game/FirstPerson/FPWeapon/Textures/T_FPGun_N'
[2017.12.17-00.40.31:884][  0]LoadErrors: Failed to load /Game/VehicleAdv/Materials/M_FPGun.M_FPGun Referenced by WeaponMesh_GEN_VARIABLE
[2017.12.17-00.40.31:884][  0]LogLinker: Warning: Can't find file for asset '/Game/FirstPerson/FPWeapon/Textures/T_FPGun_N' while loading ../../../../../../Users/Aric's PC/Documents/Unreal Projects/CarBlueprints/Content/VehicleAdv/Materials/M_FPGun.uasset.
[2017.12.17-00.40.31:884][  0]LoadErrors: Failed to load /Game/VehicleAdv/Materials/M_FPGun.M_FPGun Referenced by WeaponMesh_GEN_VARIABLE
[2017.12.17-00.40.31:884][  0]LoadErrors: Error: /Game/VehicleAdv/Materials/M_FPGun : Can't find file for asset. /Game/FirstPerson/FPWeapon/Textures/T_FPGun_N
[2017.12.17-00.40.31:884][  0]LogLinker: Warning: Can't find file '/Game/FirstPerson/FPWeapon/Textures/T_FPGun_M'
[2017.12.17-00.40.31:884][  0]LoadErrors: Failed to load /Game/VehicleAdv/Materials/M_FPGun.M_FPGun Referenced by WeaponMesh_GEN_VARIABLE
[2017.12.17-00.40.31:885][  0]LogLinker: Warning: Can't find file for asset '/Game/FirstPerson/FPWeapon/Textures/T_FPGun_M' while loading ../../../../../../Users/Aric's PC/Documents/Unreal Projects/CarBlueprints/Content/VehicleAdv/Materials/M_FPGun.uasset.
[2017.12.17-00.40.31:885][  0]LoadErrors: Failed to load /Game/VehicleAdv/Materials/M_FPGun.M_FPGun Referenced by WeaponMesh_GEN_VARIABLE
[2017.12.17-00.40.31:885][  0]LoadErrors: Error: /Game/VehicleAdv/Materials/M_FPGun : Can't find file for asset. /Game/FirstPerson/FPWeapon/Textures/T_FPGun_M
[2017.12.17-00.40.31:885][  0]LogLinker: Warning: Can't find file '/Game/FirstPerson/FPWeapon/Textures/T_FPGun_N'
[2017.12.17-00.40.31:885][  0]LoadErrors: Failed to load /Game/VehicleAdv/Materials/M_FPGun.M_FPGun Referenced by WeaponMesh_GEN_VARIABLE
[2017.12.17-00.40.31:885][  0]LogLinker: Warning: Can't find file for asset '/Game/FirstPerson/FPWeapon/Textures/T_FPGun_N' while loading ../../../../../../Users/Aric's PC/Documents/Unreal Projects/CarBlueprints/Content/VehicleAdv/Materials/M_FPGun.uasset.
[2017.12.17-00.40.31:885][  0]LoadErrors: Failed to load /Game/VehicleAdv/Materials/M_FPGun.M_FPGun Referenced by WeaponMesh_GEN_VARIABLE
[2017.12.17-00.40.31:885][  0]LoadErrors: Error: /Game/VehicleAdv/Materials/M_FPGun : Can't find file for asset. /Game/FirstPerson/FPWeapon/Textures/T_FPGun_N
[2017.12.17-00.40.32:229][  0]LogLinker: Warning: Can't find file '/Game/FirstPerson/FPWeapon/Materials/MaterialLayers/ML_SoftMetal_UE4'
[2017.12.17-00.40.32:229][  0]LoadErrors: Failed to load /Game/FirstPerson/FPWeapon/Materials/MaterialLayers/ML_SoftMetal_UE4.ML_SoftMetal_UE4 Referenced by M_FPGun
[2017.12.17-00.40.32:229][  0]LogLinker: Warning: Can't find file for asset '/Game/FirstPerson/FPWeapon/Materials/MaterialLayers/ML_SoftMetal_UE4' while loading NULL.
[2017.12.17-00.40.32:229][  0]LoadErrors: Failed to load /Game/FirstPerson/FPWeapon/Materials/MaterialLayers/ML_SoftMetal_UE4.ML_SoftMetal_UE4 Referenced by M_FPGun
[2017.12.17-00.40.32:229][  0]LogLinker: Warning: Can't find file '/Game/FirstPerson/FPWeapon/Materials/MaterialLayers/ML_GlossyBlack_Latex_UE4'
[2017.12.17-00.40.32:229][  0]LoadErrors: Failed to load /Game/FirstPerson/FPWeapon/Materials/MaterialLayers/ML_GlossyBlack_Latex_UE4.ML_GlossyBlack_Latex_UE4 Referenced by M_FPGun
[2017.12.17-00.40.32:229][  0]LogLinker: Warning: Can't find file for asset '/Game/FirstPerson/FPWeapon/Materials/MaterialLayers/ML_GlossyBlack_Latex_UE4' while loading NULL.
[2017.12.17-00.40.32:229][  0]LoadErrors: Failed to load /Game/FirstPerson/FPWeapon/Materials/MaterialLayers/ML_GlossyBlack_Latex_UE4.ML_GlossyBlack_Latex_UE4 Referenced by M_FPGun
[2017.12.17-00.40.32:229][  0]LogLinker: Warning: Can't find file '/Game/FirstPerson/FPWeapon/Materials/MaterialLayers/ML_Plastic_Shiny_Beige'
[2017.12.17-00.40.32:230][  0]LoadErrors: Failed to load /Game/FirstPerson/FPWeapon/Materials/MaterialLayers/ML_Plastic_Shiny_Beige.ML_Plastic_Shiny_Beige Referenced by M_FPGun
[2017.12.17-00.40.32:230][  0]LogLinker: Warning: Can't find file for asset '/Game/FirstPerson/FPWeapon/Materials/MaterialLayers/ML_Plastic_Shiny_Beige' while loading NULL.
[2017.12.17-00.40.32:230][  0]LoadErrors: Failed to load /Game/FirstPerson/FPWeapon/Materials/MaterialLayers/ML_Plastic_Shiny_Beige.ML_Plastic_Shiny_Beige Referenced by M_FPGun
[2017.12.17-00.40.32:230][  0]LogLinker: Warning: Can't find file '/Game/FirstPerson/FPWeapon/Materials/MaterialLayers/ML_Screen'
[2017.12.17-00.40.32:230][  0]LoadErrors: Failed to load /Game/FirstPerson/FPWeapon/Materials/MaterialLayers/ML_Screen.ML_Screen Referenced by M_FPGun
[2017.12.17-00.40.32:230][  0]LogLinker: Warning: Can't find file for asset '/Game/FirstPerson/FPWeapon/Materials/MaterialLayers/ML_Screen' while loading NULL.
[2017.12.17-00.40.32:230][  0]LoadErrors: Failed to load /Game/FirstPerson/FPWeapon/Materials/MaterialLayers/ML_Screen.ML_Screen Referenced by M_FPGun
[2017.12.17-00.40.32:230][  0]LogLinker: Warning: Can't find file '/Game/FirstPerson/FPWeapon/Materials/MaterialLayers/ML_Plastic_Shiny_Beige'
[2017.12.17-00.40.32:230][  0]LoadErrors: Failed to load /Game/FirstPerson/FPWeapon/Materials/MaterialLayers/ML_Plastic_Shiny_Beige.ML_Plastic_Shiny_Beige Referenced by MaterialExpressionMaterialFunctionCall_13
[2017.12.17-00.40.32:231][  0]LogLinker: Warning: Can't find file for asset '/Game/FirstPerson/FPWeapon/Materials/MaterialLayers/ML_Plastic_Shiny_Beige' while loading NULL.
[2017.12.17-00.40.32:231][  0]LoadErrors: Failed to load /Game/FirstPerson/FPWeapon/Materials/MaterialLayers/ML_Plastic_Shiny_Beige.ML_Plastic_Shiny_Beige Referenced by MaterialExpressionMaterialFunctionCall_13
[2017.12.17-00.40.32:231][  0]LogLinker: Warning: Can't find file '/Game/FirstPerson/FPWeapon/Materials/MaterialLayers/ML_Screen'
[2017.12.17-00.40.32:231][  0]LoadErrors: Failed to load /Game/FirstPerson/FPWeapon/Materials/MaterialLayers/ML_Screen.ML_Screen Referenced by MaterialExpressionMaterialFunctionCall_4
[2017.12.17-00.40.32:231][  0]LogLinker: Warning: Can't find file for asset '/Game/FirstPerson/FPWeapon/Materials/MaterialLayers/ML_Screen' while loading NULL.
[2017.12.17-00.40.32:231][  0]LoadErrors: Failed to load /Game/FirstPerson/FPWeapon/Materials/MaterialLayers/ML_Screen.ML_Screen Referenced by MaterialExpressionMaterialFunctionCall_4
[2017.12.17-00.40.32:231][  0]LogLinker: Warning: Can't find file '/Game/FirstPerson/FPWeapon/Materials/MaterialLayers/ML_SoftMetal_UE4'
[2017.12.17-00.40.32:231][  0]LoadErrors: Failed to load /Game/FirstPerson/FPWeapon/Materials/MaterialLayers/ML_SoftMetal_UE4.ML_SoftMetal_UE4 Referenced by MaterialExpressionMaterialFunctionCall_8
[2017.12.17-00.40.32:231][  0]LogLinker: Warning: Can't find file for asset '/Game/FirstPerson/FPWeapon/Materials/MaterialLayers/ML_SoftMetal_UE4' while loading NULL.
[2017.12.17-00.40.32:232][  0]LoadErrors: Failed to load /Game/FirstPerson/FPWeapon/Materials/MaterialLayers/ML_SoftMetal_UE4.ML_SoftMetal_UE4 Referenced by MaterialExpressionMaterialFunctionCall_8
[2017.12.17-00.40.32:232][  0]LogLinker: Warning: Can't find file '/Game/FirstPerson/FPWeapon/Materials/MaterialLayers/ML_GlossyBlack_Latex_UE4'
[2017.12.17-00.40.32:232][  0]LoadErrors: Failed to load /Game/FirstPerson/FPWeapon/Materials/MaterialLayers/ML_GlossyBlack_Latex_UE4.ML_GlossyBlack_Latex_UE4 Referenced by MaterialExpressionMaterialFunctionCall_9
[2017.12.17-00.40.32:232][  0]LogLinker: Warning: Can't find file for asset '/Game/FirstPerson/FPWeapon/Materials/MaterialLayers/ML_GlossyBlack_Latex_UE4' while loading NULL.
[2017.12.17-00.40.32:232][  0]LoadErrors: Failed to load /Game/FirstPerson/FPWeapon/Materials/MaterialLayers/ML_GlossyBlack_Latex_UE4.ML_GlossyBlack_Latex_UE4 Referenced by MaterialExpressionMaterialFunctionCall_9
[2017.12.17-00.40.32:232][  0]LogLinker: Warning: Can't find file '/Game/FirstPerson/FPWeapon/Textures/T_FPGun_N'
[2017.12.17-00.40.32:232][  0]LoadErrors: Failed to load /Game/FirstPerson/FPWeapon/Textures/T_FPGun_N.T_FPGun_N Referenced by MaterialExpressionTextureSampleParameter2D_2
[2017.12.17-00.40.32:232][  0]LogLinker: Warning: Can't find file for asset '/Game/FirstPerson/FPWeapon/Textures/T_FPGun_N' while loading NULL.
[2017.12.17-00.40.32:232][  0]LoadErrors: Failed to load /Game/FirstPerson/FPWeapon/Textures/T_FPGun_N.T_FPGun_N Referenced by MaterialExpressionTextureSampleParameter2D_2
[2017.12.17-00.40.32:233][  0]LogLinker: Warning: Can't find file '/Game/FirstPerson/FPWeapon/Textures/T_FPGun_M'
[2017.12.17-00.40.32:233][  0]LoadErrors: Failed to load /Game/FirstPerson/FPWeapon/Textures/T_FPGun_M.T_FPGun_M Referenced by MaterialExpressionTextureSampleParameter2D_3
[2017.12.17-00.40.32:233][  0]LogLinker: Warning: Can't find file for asset '/Game/FirstPerson/FPWeapon/Textures/T_FPGun_M' while loading NULL.
[2017.12.17-00.40.32:233][  0]LoadErrors: Failed to load /Game/FirstPerson/FPWeapon/Textures/T_FPGun_M.T_FPGun_M Referenced by MaterialExpressionTextureSampleParameter2D_3
[2017.12.17-00.40.32:317][  0]LogMaterial: Missing cached shader map for material M_FPGun, compiling. 
[2017.12.17-00.40.32:320][  0]LogMaterial: Warning: Failed to compile Material /Game/VehicleAdv/Materials/M_FPGun.M_FPGun for platform PCD3D_SM5, Default Material will be used in game.
[2017.12.17-00.40.32:320][  0]LogMaterial: Warning: 	Missing Material Function
[2017.12.17-00.40.32:320][  0]LogMaterial: Warning: 	(Node TextureSampleParameter2D) Param2D> Requires Texture2D
[2017.12.17-00.40.32:320][  0]LogMaterial: Warning: 	Function MatLayerBlend_NormalBlend: (Node MakeMaterialAttributes) Error on property Normal
[2017.12.17-00.40.32:320][  0]LogMaterial: Warning: 	Function MatLayerBlend_Simple: (Node MakeMaterialAttributes) Error on property EmissiveColor
[2017.12.17-00.40.32:320][  0]LogMaterial: Warning: 	Function MatLayerBlend_Simple: (Node MakeMaterialAttributes) Error on property BaseColor
[2017.12.17-00.40.32:320][  0]LogMaterial: Warning: 	Function MatLayerBlend_Simple: (Node MakeMaterialAttributes) Error on property Metallic
[2017.12.17-00.40.32:320][  0]LogMaterial: Warning: 	Function MatLayerBlend_Simple: (Node MakeMaterialAttributes) Error on property Roughness
[2017.12.17-00.40.32:652][  0]LogAIModule: Creating AISystem for world VehicleAdvExampleMap
[2017.12.17-00.40.32:690][  0]LogEditorServer: Finished looking for orphan Actors (0.000 secs)
[2017.12.17-00.40.32:727][  0]Cmd: MAP CHECKDEP NOCLEARLOG
[2017.12.17-00.40.32:810][  0]MapCheck: Map check complete: 0 Error(s), 0 Warning(s), took 83.071ms to complete.
[2017.12.17-00.40.32:811][  0]LogFileHelpers: Loading map 'VehicleAdvExampleMap' took 1.190
[2017.12.17-00.40.33:026][  0]LogCollectionManager: Loaded 0 collections in 0.002811 seconds
[2017.12.17-00.40.33:137][  0]LogFileCache: Scanning file cache for directory 'C:/Users/Aric's PC/Documents/Unreal Projects/CarBlueprints/Saved/Collections/' took 0.01s
[2017.12.17-00.40.33:137][  0]LogFileCache: Scanning file cache for directory 'C:/Users/Aric's PC/Documents/Unreal Projects/CarBlueprints/Content/Developers/AricsPC/Collections/' took 0.01s
[2017.12.17-00.40.33:137][  0]LogFileCache: Scanning file cache for directory 'C:/Users/Aric's PC/Documents/Unreal Projects/CarBlueprints/Content/Collections/' took 0.01s
[2017.12.17-00.40.33:137][  0]LogCollectionManager: Rebuilt the GUID cache for 0 collections in 0.000000 seconds
[2017.12.17-00.40.33:146][  0]LogContentBrowser: Native class hierarchy populated in 0.0093 seconds. Added 2388 classes and 503 folders.
[2017.12.17-00.40.33:256][  0]LogContentBrowser: Native class hierarchy updated for 'WidgetCarousel' in 0.0007 seconds. Added 0 classes and 0 folders.
[2017.12.17-00.40.33:312][  0]LogContentBrowser: Native class hierarchy updated for 'AddContentDialog' in 0.0006 seconds. Added 0 classes and 0 folders.
[2017.12.17-00.40.33:380][  0]LogContentBrowser: Native class hierarchy updated for 'SceneOutliner' in 0.0007 seconds. Added 1 classes and 2 folders.
[2017.12.17-00.40.33:403][  0]LogSlate: Took 0.000344 seconds to synchronously load lazily loaded font '../../../Engine/Content/Slate/Fonts/Roboto-Regular.ttf' (155K)
[2017.12.17-00.40.33:407][  0]LogSlate: Took 0.000372 seconds to synchronously load lazily loaded font '../../../Engine/Content/Slate/Fonts/Roboto-Bold.ttf' (160K)
[2017.12.17-00.40.33:413][  0]LogSlate: Took 0.000346 seconds to synchronously load lazily loaded font '../../../Engine/Content/Editor/Slate/Fonts/FontAwesome.ttf' (139K)
[2017.12.17-00.40.33:528][  0]LogRenderer: Reallocating scene render targets to support 932x436 Format 10 NumSamples 1 (Frame:1).
[2017.12.17-00.40.33:766][  0]LogContentBrowser: Native class hierarchy updated for 'HierarchicalLODOutliner' in 0.0007 seconds. Added 1 classes and 2 folders.
[2017.12.17-00.40.33:767][  0]LogLoad: (Engine Initialization) Total time: 26.92 seconds
[2017.12.17-00.40.33:767][  0]LogLoad: (Engine Initialization) Total Blueprint compile time: 0.00 seconds
[2017.12.17-00.40.33:767][  0]LogExternalProfiler: Found external profiler: VSPerf
[2017.12.17-00.40.33:767][  0]LogExternalProfiler: Using external profiler: VSPerf
[2017.12.17-00.40.33:795][  0]LogWindowsTextInputMethodSystem: Display: IME system now deactivated.
[2017.12.17-00.40.33:796][  0]LogRawInputWindows: Warning: Found device 0 devices
[2017.12.17-00.40.33:796][  0]LogRawInputWindows: Warning: Found device 0 devices
[2017.12.17-00.40.33:796][  0]LogRawInputWindows: Warning: Device was registered succesfully but not connected (Usage:4 UsagePage:1
[2017.12.17-00.40.33:796][  0]LogRawInputWindows: Warning: Found device 1 devices
[2017.12.17-00.40.33:796][  0]LogRawInputWindows: Warning: Device was registered succesfully but not connected (Usage:5 UsagePage:1
[2017.12.17-00.40.33:814][  0]LogContentStreaming: Texture pool size now 1000 MB
[2017.12.17-00.40.33:865][  0]LogSlate: Took 0.000416 seconds to synchronously load lazily loaded font '../../../Engine/Content/Slate/Fonts/Roboto-Light.ttf' (159K)
[2017.12.17-00.40.33:944][  1]LogAssetRegistry: Asset discovery search completed in 18.1409 seconds
[2017.12.17-00.40.33:947][  1]LogCollectionManager: Rebuilt the object cache for 0 collections in 0.000000 seconds (found 0 objects)
[2017.12.17-00.40.33:947][  1]LogCollectionManager: Fixed up redirectors for 0 collections in 0.000072 seconds (updated 0 objects)
[2017.12.17-00.41.07:418][985]LogSlate: Took 0.000243 seconds to synchronously load lazily loaded font '../../../Engine/Content/Slate/Fonts/Roboto-Light.ttf' (159K)
[2017.12.17-00.41.07:991][985]LogContentBrowser: Native class hierarchy updated for 'BlueprintGraph' in 0.0013 seconds. Added 113 classes and 0 folders.
[2017.12.17-00.41.08:665][985]LogSlate: Took 0.000248 seconds to synchronously load lazily loaded font '../../../Engine/Content/Slate/Fonts/Roboto-Regular.ttf' (155K)
[2017.12.17-00.41.08:777][985]LogSlate: Took 0.000291 seconds to synchronously load lazily loaded font '../../../Engine/Content/Editor/Slate/Fonts/Roboto-BoldCondensed.ttf' (158K)
[2017.12.17-00.41.09:251][986]LogSlate: Took 0.000281 seconds to synchronously load lazily loaded font '../../../Engine/Content/Editor/Slate/Fonts/Roboto-Italic.ttf' (157K)
[2017.12.17-00.42.22:890][301]BlueprintLog: New page: Compile VehicleBlueprint
[2017.12.17-00.42.35:865][928]BlueprintLog: New page: Compile VehicleBlueprint
[2017.12.17-00.42.40:786][144]LogTemp: Repeating last play command: Selected Viewport
[2017.12.17-00.42.40:861][144]LogBlueprintUserMessages: Early PlayInEditor Detection: Level '/Game/VehicleAdvBP/Maps/VehicleAdvExampleMap.VehicleAdvExampleMap:PersistentLevel' has LevelScriptBlueprint '/Game/VehicleAdvBP/Maps/VehicleAdvExampleMap.VehicleAdvExampleMap:PersistentLevel.VehicleAdvExampleMap' with GeneratedClass '/Game/VehicleAdvBP/Maps/VehicleAdvExampleMap.VehicleAdvExampleMap_C' with ClassGeneratedBy '/Game/VehicleAdvBP/Maps/VehicleAdvExampleMap.VehicleAdvExampleMap:PersistentLevel.VehicleAdvExampleMap'
[2017.12.17-00.42.40:861][144]LogPlayLevel: PlayLevel: No blueprints needed recompiling
[2017.12.17-00.42.40:861][144]PIE: New page: PIE session: VehicleAdvExampleMap (Dec 16, 2017, 2:42:40 PM)
[2017.12.17-00.42.40:861][144]LogPlayLevel: Creating play world package: /Game/VehicleAdvBP/Maps/UEDPIE_0_VehicleAdvExampleMap
[2017.12.17-00.42.40:894][144]LogPlayLevel: PIE: StaticDuplicateObject took: (0.033139s)
[2017.12.17-00.42.40:895][144]LogAIModule: Creating AISystem for world VehicleAdvExampleMap
[2017.12.17-00.42.40:895][144]LogPlayLevel: PIE: World Init took: (0.000883s)
[2017.12.17-00.42.40:896][144]LogPlayLevel: PIE: Created PIE world by copying editor world from /Game/VehicleAdvBP/Maps/VehicleAdvExampleMap.VehicleAdvExampleMap to /Game/VehicleAdvBP/Maps/UEDPIE_0_VehicleAdvExampleMap.VehicleAdvExampleMap (0.034624s)
[2017.12.17-00.42.40:918][144]LogInit: XAudio2 using 'Speakers / Headphones (Realtek Audio)' : 2 channels at 48 kHz using 32 bits per sample (channel mask 0x3)
[2017.12.17-00.42.40:935][144]LogInit: FAudioDevice initialized.
[2017.12.17-00.42.40:982][144]LogLoad: Game class is 'VehicleAdvGameMode_C'
[2017.12.17-00.42.40:999][144]LogWorld: Bringing World /Game/VehicleAdvBP/Maps/UEDPIE_0_VehicleAdvExampleMap.VehicleAdvExampleMap up for play (max tick rate 60) at 2017.12.16-19.42.40
[2017.12.17-00.42.41:001][144]LogWorld: Bringing up level for play took: 0.012504
[2017.12.17-00.42.41:081][144]LogContentBrowser: Native class hierarchy updated for 'MovieSceneCapture' in 0.0013 seconds. Added 11 classes and 0 folders.
[2017.12.17-00.42.41:084][144]PIE: Play in editor start time for /Game/VehicleAdvBP/Maps/UEDPIE_0_VehicleAdvExampleMap 0.861
[2017.12.17-00.42.41:085][144]LogBlueprintUserMessages: Late PlayInEditor Detection: Level '/Game/VehicleAdvBP/Maps/VehicleAdvExampleMap.VehicleAdvExampleMap:PersistentLevel' has LevelScriptBlueprint '/Game/VehicleAdvBP/Maps/VehicleAdvExampleMap.VehicleAdvExampleMap:PersistentLevel.VehicleAdvExampleMap' with GeneratedClass '/Game/VehicleAdvBP/Maps/VehicleAdvExampleMap.VehicleAdvExampleMap_C' with ClassGeneratedBy '/Game/VehicleAdvBP/Maps/VehicleAdvExampleMap.VehicleAdvExampleMap:PersistentLevel.VehicleAdvExampleMap'
[2017.12.17-00.42.47:213][495]LogBlueprintUserMessages: Early EndPlayMap Detection: Level '/Game/VehicleAdvBP/Maps/VehicleAdvExampleMap.VehicleAdvExampleMap:PersistentLevel' has LevelScriptBlueprint '/Game/VehicleAdvBP/Maps/VehicleAdvExampleMap.VehicleAdvExampleMap:PersistentLevel.VehicleAdvExampleMap' with GeneratedClass '/Game/VehicleAdvBP/Maps/VehicleAdvExampleMap.VehicleAdvExampleMap_C' with ClassGeneratedBy '/Game/VehicleAdvBP/Maps/VehicleAdvExampleMap.VehicleAdvExampleMap:PersistentLevel.VehicleAdvExampleMap'
[2017.12.17-00.42.47:259][495]LogBlueprintUserMessages: Late EndPlayMap Detection: Level '/Game/VehicleAdvBP/Maps/VehicleAdvExampleMap.VehicleAdvExampleMap:PersistentLevel' has LevelScriptBlueprint '/Game/VehicleAdvBP/Maps/VehicleAdvExampleMap.VehicleAdvExampleMap:PersistentLevel.VehicleAdvExampleMap' with GeneratedClass '/Game/VehicleAdvBP/Maps/VehicleAdvExampleMap.VehicleAdvExampleMap_C' with ClassGeneratedBy '/Game/VehicleAdvBP/Maps/VehicleAdvExampleMap.VehicleAdvExampleMap:PersistentLevel.VehicleAdvExampleMap'
[2017.12.17-00.50.06:265][147]BlueprintLog: New page: Compile VehicleBlueprint
[2017.12.17-00.50.09:100][238]LogTemp: Repeating last play command: Selected Viewport
[2017.12.17-00.50.09:147][238]LogBlueprintUserMessages: Early PlayInEditor Detection: Level '/Game/VehicleAdvBP/Maps/VehicleAdvExampleMap.VehicleAdvExampleMap:PersistentLevel' has LevelScriptBlueprint '/Game/VehicleAdvBP/Maps/VehicleAdvExampleMap.VehicleAdvExampleMap:PersistentLevel.VehicleAdvExampleMap' with GeneratedClass '/Game/VehicleAdvBP/Maps/VehicleAdvExampleMap.VehicleAdvExampleMap_C' with ClassGeneratedBy '/Game/VehicleAdvBP/Maps/VehicleAdvExampleMap.VehicleAdvExampleMap:PersistentLevel.VehicleAdvExampleMap'
[2017.12.17-00.50.09:147][238]LogPlayLevel: PlayLevel: No blueprints needed recompiling
[2017.12.17-00.50.09:148][238]PIE: New page: PIE session: VehicleAdvExampleMap (Dec 16, 2017, 2:50:09 PM)
[2017.12.17-00.50.09:148][238]LogPlayLevel: Creating play world package: /Game/VehicleAdvBP/Maps/UEDPIE_0_VehicleAdvExampleMap
[2017.12.17-00.50.09:178][238]LogPlayLevel: PIE: StaticDuplicateObject took: (0.030406s)
[2017.12.17-00.50.09:179][238]LogAIModule: Creating AISystem for world VehicleAdvExampleMap
[2017.12.17-00.50.09:179][238]LogPlayLevel: PIE: World Init took: (0.001115s)
[2017.12.17-00.50.09:180][238]LogPlayLevel: PIE: Created PIE world by copying editor world from /Game/VehicleAdvBP/Maps/VehicleAdvExampleMap.VehicleAdvExampleMap to /Game/VehicleAdvBP/Maps/UEDPIE_0_VehicleAdvExampleMap.VehicleAdvExampleMap (0.031962s)
[2017.12.17-00.50.09:201][238]LogInit: XAudio2 using 'Speakers / Headphones (Realtek Audio)' : 2 channels at 48 kHz using 32 bits per sample (channel mask 0x3)
[2017.12.17-00.50.09:217][238]LogInit: FAudioDevice initialized.
[2017.12.17-00.50.09:254][238]LogLoad: Game class is 'VehicleAdvGameMode_C'
[2017.12.17-00.50.09:263][238]LogWorld: Bringing World /Game/VehicleAdvBP/Maps/UEDPIE_0_VehicleAdvExampleMap.VehicleAdvExampleMap up for play (max tick rate 60) at 2017.12.16-19.50.09
[2017.12.17-00.50.09:264][238]LogWorld: Bringing up level for play took: 0.007558
[2017.12.17-00.50.09:267][238]PIE: Play in editor start time for /Game/VehicleAdvBP/Maps/UEDPIE_0_VehicleAdvExampleMap 1.044
[2017.12.17-00.50.09:267][238]LogBlueprintUserMessages: Late PlayInEditor Detection: Level '/Game/VehicleAdvBP/Maps/VehicleAdvExampleMap.VehicleAdvExampleMap:PersistentLevel' has LevelScriptBlueprint '/Game/VehicleAdvBP/Maps/VehicleAdvExampleMap.VehicleAdvExampleMap:PersistentLevel.VehicleAdvExampleMap' with GeneratedClass '/Game/VehicleAdvBP/Maps/VehicleAdvExampleMap.VehicleAdvExampleMap_C' with ClassGeneratedBy '/Game/VehicleAdvBP/Maps/VehicleAdvExampleMap.VehicleAdvExampleMap:PersistentLevel.VehicleAdvExampleMap'
[2017.12.17-00.50.14:702][561]LogBlueprintUserMessages: Early EndPlayMap Detection: Level '/Game/VehicleAdvBP/Maps/VehicleAdvExampleMap.VehicleAdvExampleMap:PersistentLevel' has LevelScriptBlueprint '/Game/VehicleAdvBP/Maps/VehicleAdvExampleMap.VehicleAdvExampleMap:PersistentLevel.VehicleAdvExampleMap' with GeneratedClass '/Game/VehicleAdvBP/Maps/VehicleAdvExampleMap.VehicleAdvExampleMap_C' with ClassGeneratedBy '/Game/VehicleAdvBP/Maps/VehicleAdvExampleMap.VehicleAdvExampleMap:PersistentLevel.VehicleAdvExampleMap'
[2017.12.17-00.50.14:748][561]LogBlueprintUserMessages: Late EndPlayMap Detection: Level '/Game/VehicleAdvBP/Maps/VehicleAdvExampleMap.VehicleAdvExampleMap:PersistentLevel' has LevelScriptBlueprint '/Game/VehicleAdvBP/Maps/VehicleAdvExampleMap.VehicleAdvExampleMap:PersistentLevel.VehicleAdvExampleMap' with GeneratedClass '/Game/VehicleAdvBP/Maps/VehicleAdvExampleMap.VehicleAdvExampleMap_C' with ClassGeneratedBy '/Game/VehicleAdvBP/Maps/VehicleAdvExampleMap.VehicleAdvExampleMap:PersistentLevel.VehicleAdvExampleMap'
[2017.12.17-00.50.20:850][816]BlueprintLog: New page: Compile VehicleBlueprint
[2017.12.17-00.50.32:283][365]LogActorComponent: ReregisterComponent: (/Engine/Transient.World_0:PersistentLevel.VehicleBlueprint_C_3.VehicleMesh) Not currently registered. Aborting.
[2017.12.17-00.50.32:283][365]LogActorComponent: ReregisterComponent: (/Game/VehicleAdvBP/Maps/VehicleAdvExampleMap.VehicleAdvExampleMap:PersistentLevel.VehicleBlueprint2_698.VehicleMesh) Not currently registered. Aborting.
[2017.12.17-00.50.32:283][365]LogActorComponent: ReregisterComponent: (/Game/VehicleAdvBP/Maps/VehicleAdvExampleMap.VehicleAdvExampleMap:PersistentLevel.VehicleBlueprint_C_1.VehicleMesh) Not currently registered. Aborting.
[2017.12.17-00.50.32:283][365]LogActorComponent: ReregisterComponent: (/Engine/Transient.World_5:PersistentLevel.VehicleBlueprint_C_1.VehicleMesh) Not currently registered. Aborting.
[2017.12.17-00.50.36:724][607]BlueprintLog: New page: Compile VehicleBlueprint
[2017.12.17-00.52.21:706][207]LogSlate: Took 0.000267 seconds to synchronously load lazily loaded font '../../../Engine/Content/Slate/Fonts/Roboto-Light.ttf' (159K)
[2017.12.17-00.52.31:180][670]LogSavePackage: Save=379.51ms
[2017.12.17-00.52.31:180][670]LogSavePackage: Moving '../../../../../../Users/Aric's PC/Documents/Unreal Projects/CarBlueprints/Saved/VehicleAdvExampleMap_Auto19ABBAD534367ADE98AA6C290C98ACD09.tmp' to '../../../../../../Users/Aric's PC/Documents/Unreal Projects/CarBlueprints/Saved/Autosaves/Game/VehicleAdvBP/Maps/VehicleAdvExampleMap_Auto1.umap'
[2017.12.17-00.52.31:183][670]LogSavePackage: Display: Finished SavePackage ../../../../../../Users/Aric's PC/Documents/Unreal Projects/CarBlueprints/Saved/Autosaves/Game/VehicleAdvBP/Maps/VehicleAdvExampleMap_Auto1.umap
[2017.12.17-00.52.31:186][670]LogFileHelpers: Editor autosave (incl. sublevels) for '/Game/VehicleAdvBP/Maps/VehicleAdvExampleMap' took 0.444
[2017.12.17-00.52.31:186][670]LogFileHelpers: Editor autosave (incl. sublevels) for all levels took 0.444
[2017.12.17-00.52.31:190][670]OBJ SavePackage: Generating thumbnails for [1] asset(s) in package [/Game/VehicleAdvBP/Blueprints/VehicleBlueprint] ([1] browsable assets)...
[2017.12.17-00.52.31:230][670]OBJ SavePackage:     Rendered thumbnail for [Blueprint /Game/VehicleAdvBP/Blueprints/VehicleBlueprint.VehicleBlueprint]
[2017.12.17-00.52.31:230][670]OBJ SavePackage: Finished generating thumbnails for package [/Game/VehicleAdvBP/Blueprints/VehicleBlueprint]
[2017.12.17-00.52.31:581][670]LogSavePackage: Save=333.29ms
[2017.12.17-00.52.31:581][670]LogSavePackage: Moving '../../../../../../Users/Aric's PC/Documents/Unreal Projects/CarBlueprints/Saved/VehicleBlueprint_Auto1E41BE2B3467BC8523B1F61A3708E6813.tmp' to '../../../../../../Users/Aric's PC/Documents/Unreal Projects/CarBlueprints/Saved/Autosaves/Game/VehicleAdvBP/Blueprints/VehicleBlueprint_Auto1.uasset'
[2017.12.17-00.52.31:584][670]LogSavePackage: Display: Finished SavePackage ../../../../../../Users/Aric's PC/Documents/Unreal Projects/CarBlueprints/Saved/Autosaves/Game/VehicleAdvBP/Blueprints/VehicleBlueprint_Auto1.uasset
[2017.12.17-00.52.31:584][670]LogFileHelpers: Auto-saving content packages took 0.397
[2017.12.17-00.53.46:993][780]LogActorComponent: ReregisterComponent: (/Engine/Transient.World_0:PersistentLevel.VehicleBlueprint_C_4.VehicleMesh) Not currently registered. Aborting.
[2017.12.17-00.53.46:993][780]LogActorComponent: ReregisterComponent: (/Game/VehicleAdvBP/Maps/VehicleAdvExampleMap.VehicleAdvExampleMap:PersistentLevel.VehicleBlueprint2_698.VehicleMesh) Not currently registered. Aborting.
[2017.12.17-00.53.46:993][780]LogActorComponent: ReregisterComponent: (/Game/VehicleAdvBP/Maps/VehicleAdvExampleMap.VehicleAdvExampleMap:PersistentLevel.VehicleBlueprint_C_1.VehicleMesh) Not currently registered. Aborting.
[2017.12.17-00.53.46:993][780]LogActorComponent: ReregisterComponent: (/Engine/Transient.World_5:PersistentLevel.VehicleBlueprint_C_1.VehicleMesh) Not currently registered. Aborting.
[2017.12.17-00.53.57:681][319]BlueprintLog: New page: Compile VehicleBlueprint
[2017.12.17-00.54.00:282][401]LogTemp: Repeating last play command: Selected Viewport
[2017.12.17-00.54.00:331][401]LogBlueprintUserMessages: Early PlayInEditor Detection: Level '/Game/VehicleAdvBP/Maps/VehicleAdvExampleMap.VehicleAdvExampleMap:PersistentLevel' has LevelScriptBlueprint '/Game/VehicleAdvBP/Maps/VehicleAdvExampleMap.VehicleAdvExampleMap:PersistentLevel.VehicleAdvExampleMap' with GeneratedClass '/Game/VehicleAdvBP/Maps/VehicleAdvExampleMap.VehicleAdvExampleMap_C' with ClassGeneratedBy '/Game/VehicleAdvBP/Maps/VehicleAdvExampleMap.VehicleAdvExampleMap:PersistentLevel.VehicleAdvExampleMap'
[2017.12.17-00.54.00:331][401]LogPlayLevel: PlayLevel: No blueprints needed recompiling
[2017.12.17-00.54.00:331][401]PIE: New page: PIE session: VehicleAdvExampleMap (Dec 16, 2017, 2:54:00 PM)
[2017.12.17-00.54.00:331][401]LogPlayLevel: Creating play world package: /Game/VehicleAdvBP/Maps/UEDPIE_0_VehicleAdvExampleMap
[2017.12.17-00.54.00:363][401]LogPlayLevel: PIE: StaticDuplicateObject took: (0.032034s)
[2017.12.17-00.54.00:364][401]LogAIModule: Creating AISystem for world VehicleAdvExampleMap
[2017.12.17-00.54.00:365][401]LogPlayLevel: PIE: World Init took: (0.001107s)
[2017.12.17-00.54.00:365][401]LogPlayLevel: PIE: Created PIE world by copying editor world from /Game/VehicleAdvBP/Maps/VehicleAdvExampleMap.VehicleAdvExampleMap to /Game/VehicleAdvBP/Maps/UEDPIE_0_VehicleAdvExampleMap.VehicleAdvExampleMap (0.033647s)
[2017.12.17-00.54.00:387][401]LogInit: XAudio2 using 'Speakers / Headphones (Realtek Audio)' : 2 channels at 48 kHz using 32 bits per sample (channel mask 0x3)
[2017.12.17-00.54.00:403][401]LogInit: FAudioDevice initialized.
[2017.12.17-00.54.00:438][401]LogLoad: Game class is 'VehicleAdvGameMode_C'
[2017.12.17-00.54.00:447][401]LogWorld: Bringing World /Game/VehicleAdvBP/Maps/UEDPIE_0_VehicleAdvExampleMap.VehicleAdvExampleMap up for play (max tick rate 60) at 2017.12.16-19.54.00
[2017.12.17-00.54.00:448][401]LogWorld: Bringing up level for play took: 0.007232
[2017.12.17-00.54.00:451][401]PIE: Play in editor start time for /Game/VehicleAdvBP/Maps/UEDPIE_0_VehicleAdvExampleMap 0.228
[2017.12.17-00.54.00:451][401]LogBlueprintUserMessages: Late PlayInEditor Detection: Level '/Game/VehicleAdvBP/Maps/VehicleAdvExampleMap.VehicleAdvExampleMap:PersistentLevel' has LevelScriptBlueprint '/Game/VehicleAdvBP/Maps/VehicleAdvExampleMap.VehicleAdvExampleMap:PersistentLevel.VehicleAdvExampleMap' with GeneratedClass '/Game/VehicleAdvBP/Maps/VehicleAdvExampleMap.VehicleAdvExampleMap_C' with ClassGeneratedBy '/Game/VehicleAdvBP/Maps/VehicleAdvExampleMap.VehicleAdvExampleMap:PersistentLevel.VehicleAdvExampleMap'
[2017.12.17-00.54.18:467][479]LogBlueprintUserMessages: Early EndPlayMap Detection: Level '/Game/VehicleAdvBP/Maps/VehicleAdvExampleMap.VehicleAdvExampleMap:PersistentLevel' has LevelScriptBlueprint '/Game/VehicleAdvBP/Maps/VehicleAdvExampleMap.VehicleAdvExampleMap:PersistentLevel.VehicleAdvExampleMap' with GeneratedClass '/Game/VehicleAdvBP/Maps/VehicleAdvExampleMap.VehicleAdvExampleMap_C' with ClassGeneratedBy '/Game/VehicleAdvBP/Maps/VehicleAdvExampleMap.VehicleAdvExampleMap:PersistentLevel.VehicleAdvExampleMap'
[2017.12.17-00.54.18:509][479]LogBlueprintUserMessages: Late EndPlayMap Detection: Level '/Game/VehicleAdvBP/Maps/VehicleAdvExampleMap.VehicleAdvExampleMap:PersistentLevel' has LevelScriptBlueprint '/Game/VehicleAdvBP/Maps/VehicleAdvExampleMap.VehicleAdvExampleMap:PersistentLevel.VehicleAdvExampleMap' with GeneratedClass '/Game/VehicleAdvBP/Maps/VehicleAdvExampleMap.VehicleAdvExampleMap_C' with ClassGeneratedBy '/Game/VehicleAdvBP/Maps/VehicleAdvExampleMap.VehicleAdvExampleMap:PersistentLevel.VehicleAdvExampleMap'
[2017.12.17-00.54.22:811][665]LogWindowsTextInputMethodSystem: Display: IME system now deactivated.
[2017.12.17-00.54.23:019][666]Cmd: QUIT_EDITOR
[2017.12.17-00.54.23:378][666]LogExit: Preparing to exit.
[2017.12.17-00.54.23:803][666]LogDirectoryWatcher: A directory notification for 'C:/Users/Aric's PC/Documents/Unreal Projects/CarBlueprints/Content/' was aborted.
[2017.12.17-00.54.23:842][666]LogExit: Editor shut down
[2017.12.17-00.54.23:846][666]LogExit: Transaction tracking system shut down
[2017.12.17-00.54.23:965][666]LogDirectoryWatcher: A directory notification for '../../../Engine/Content/' was aborted.
[2017.12.17-00.54.23:965][666]LogDirectoryWatcher: A directory notification for '../../../../../../Users/Aric's PC/Documents/Unreal Projects/CarBlueprints/Content/' was aborted.
[2017.12.17-00.54.23:965][666]LogDirectoryWatcher: A directory notification for '../../../Engine/Plugins/2D/Paper2D/Content/' was aborted.
[2017.12.17-00.54.23:965][666]LogDirectoryWatcher: A directory notification for '../../../Engine/Plugins/Runtime/Oculus/OculusVR/Content/' was aborted.
[2017.12.17-00.54.23:965][666]LogDirectoryWatcher: A directory notification for '../../../Engine/Plugins/Runtime/Steam/SteamVR/Content/' was aborted.
[2017.12.17-00.54.24:060][666]LogExit: Object subsystem successfully closed.
[2017.12.17-00.54.24:082][666]LogD3D11RHI: Shutdown
[2017.12.17-00.54.24:083][666]LogD3D11RHI: CleanupD3DDevice
[2017.12.17-00.54.24:207][666]LogD3D11RHI: ~FD3D11DynamicRHI
[2017.12.17-00.54.24:233][666]LogModuleManager: Shutting down and abandoning module MovieSceneCapture (538)
[2017.12.17-00.54.24:233][666]LogModuleManager: Shutting down and abandoning module BlueprintGraph (536)
[2017.12.17-00.54.24:233][666]LogModuleManager: Shutting down and abandoning module BlueprintProfiler (534)
[2017.12.17-00.54.24:233][666]LogModuleManager: Shutting down and abandoning module HierarchicalLODOutliner (532)
[2017.12.17-00.54.24:233][666]LogModuleManager: Shutting down and abandoning module SceneOutliner (530)
[2017.12.17-00.54.24:233][666]LogModuleManager: Shutting down and abandoning module AddContentDialog (528)
[2017.12.17-00.54.24:233][666]LogDirectoryWatcher: A directory notification for 'C:/Program Files/Epic Games/UE_4.17/FeaturePacks/' was aborted.
[2017.12.17-00.54.24:235][666]LogModuleManager: Shutting down and abandoning module WidgetCarousel (527)
[2017.12.17-00.54.24:236][666]LogModuleManager: Shutting down and abandoning module EditorWidgets (524)
[2017.12.17-00.54.24:236][666]LogModuleManager: Shutting down and abandoning module CollectionManager (522)
[2017.12.17-00.54.24:237][666]LogDirectoryWatcher: A directory notification for 'C:/Users/Aric's PC/Documents/Unreal Projects/CarBlueprints/Content/Collections/' was aborted.
[2017.12.17-00.54.24:237][666]LogDirectoryWatcher: A directory notification for 'C:/Users/Aric's PC/Documents/Unreal Projects/CarBlueprints/Content/Developers/AricsPC/Collections/' was aborted.
[2017.12.17-00.54.24:237][666]LogDirectoryWatcher: A directory notification for 'C:/Users/Aric's PC/Documents/Unreal Projects/CarBlueprints/Saved/Collections/' was aborted.
[2017.12.17-00.54.24:237][666]LogModuleManager: Shutting down and abandoning module StatsViewer (520)
[2017.12.17-00.54.24:237][666]LogModuleManager: Shutting down and abandoning module FoliageEdit (518)
[2017.12.17-00.54.24:237][666]LogModuleManager: Shutting down and abandoning module LandscapeEditor (516)
[2017.12.17-00.54.24:237][666]LogModuleManager: Shutting down and abandoning module MeshPaintMode (514)
[2017.12.17-00.54.24:237][666]LogModuleManager: Shutting down and abandoning module SceneDepthPickerMode (512)
[2017.12.17-00.54.24:237][666]LogModuleManager: Shutting down and abandoning module ActorPickerMode (510)
[2017.12.17-00.54.24:237][666]LogModuleManager: Shutting down and abandoning module GeometryMode (508)
[2017.12.17-00.54.24:237][666]LogModuleManager: Shutting down and abandoning module TextureAlignMode (506)
[2017.12.17-00.54.24:237][666]LogModuleManager: Shutting down and abandoning module BspMode (504)
[2017.12.17-00.54.24:237][666]LogModuleManager: Shutting down and abandoning module PIEPreviewDeviceProfileSelector (502)
[2017.12.17-00.54.24:237][666]LogModuleManager: Shutting down and abandoning module HardwareSurvey (500)
[2017.12.17-00.54.24:237][666]LogModuleManager: Shutting down and abandoning module SequenceRecorderSections (498)
[2017.12.17-00.54.24:237][666]LogModuleManager: Shutting down and abandoning module AutomationWorker (496)
[2017.12.17-00.54.24:237][666]LogModuleManager: Shutting down and abandoning module MatineeToLevelSequence (494)
[2017.12.17-00.54.24:237][666]LogModuleManager: Shutting down and abandoning module LevelSequenceEditor (492)
[2017.12.17-00.54.24:237][666]LogModuleManager: Shutting down and abandoning module PlacementMode (491)
[2017.12.17-00.54.24:237][666]LogModuleManager: Shutting down and abandoning module WmfMediaFactory (488)
[2017.12.17-00.54.24:237][666]LogModuleManager: Shutting down and abandoning module WmfMediaEditor (486)
[2017.12.17-00.54.24:237][666]LogModuleManager: Shutting down and abandoning module AvfMediaFactory (484)
[2017.12.17-00.54.24:237][666]LogModuleManager: Shutting down and abandoning module AvfMediaEditor (482)
[2017.12.17-00.54.24:237][666]LogModuleManager: Shutting down and abandoning module AndroidMediaFactory (480)
[2017.12.17-00.54.24:237][666]LogModuleManager: Shutting down and abandoning module Media (479)
[2017.12.17-00.54.24:237][666]LogModuleManager: Shutting down and abandoning module AndroidMediaEditor (476)
[2017.12.17-00.54.24:237][666]LogModuleManager: Shutting down and abandoning module CharacterAI (474)
[2017.12.17-00.54.24:237][666]LogModuleManager: Shutting down and abandoning module AudioCapture (472)
[2017.12.17-00.54.24:237][666]LogModuleManager: Shutting down and abandoning module SequenceRecorder (471)
[2017.12.17-00.54.24:237][666]LogModuleManager: Shutting down and abandoning module SmartSnapping (468)
[2017.12.17-00.54.24:237][666]LogModuleManager: Shutting down and abandoning module SessionServices (466)
[2017.12.17-00.54.24:238][666]LogModuleManager: Shutting down and abandoning module ViewportSnapping (464)
[2017.12.17-00.54.24:238][666]LogModuleManager: Shutting down and abandoning module ViewportInteraction (462)
[2017.12.17-00.54.24:238][666]LogModuleManager: Shutting down and abandoning module ClothPainter (460)
[2017.12.17-00.54.24:238][666]LogModuleManager: Shutting down and abandoning module LogVisualizer (458)
[2017.12.17-00.54.24:238][666]LogModuleManager: Shutting down and abandoning module IntroTutorials (456)
[2017.12.17-00.54.24:238][666]LogModuleManager: Shutting down and abandoning module GameProjectGeneration (455)
[2017.12.17-00.54.24:238][666]LogModuleManager: Shutting down and abandoning module IOSPlatformEditor (452)
[2017.12.17-00.54.24:238][666]LogModuleManager: Shutting down and abandoning module HTML5PlatformEditor (450)
[2017.12.17-00.54.24:238][666]LogModuleManager: Shutting down and abandoning module AndroidPlatformEditor (448)
[2017.12.17-00.54.24:238][666]LogModuleManager: Shutting down and abandoning module AndroidDeviceDetection (447)
[2017.12.17-00.54.24:349][666]LogModuleManager: Shutting down and abandoning module WindowsPlatformEditor (444)
[2017.12.17-00.54.24:349][666]LogModuleManager: Shutting down and abandoning module IOSRuntimeSettings (442)
[2017.12.17-00.54.24:349][666]LogModuleManager: Shutting down and abandoning module AndroidRuntimeSettings (440)
[2017.12.17-00.54.24:349][666]LogModuleManager: Shutting down and abandoning module InputBindingEditor (438)
[2017.12.17-00.54.24:349][666]LogModuleManager: Shutting down and abandoning module MergeActors (436)
[2017.12.17-00.54.24:350][666]LogModuleManager: Shutting down and abandoning module SizeMap (434)
[2017.12.17-00.54.24:350][666]LogModuleManager: Shutting down and abandoning module TreeMap (432)
[2017.12.17-00.54.24:350][666]LogModuleManager: Shutting down and abandoning module ReferenceViewer (430)
[2017.12.17-00.54.24:350][666]LogModuleManager: Shutting down and abandoning module LocalizationDashboard (428)
[2017.12.17-00.54.24:350][666]LogModuleManager: Shutting down and abandoning module LocalizationService (427)
[2017.12.17-00.54.24:350][666]LogModuleManager: Shutting down and abandoning module HardwareTargeting (424)
[2017.12.17-00.54.24:350][666]LogModuleManager: Shutting down and abandoning module DeviceProfileEditor (422)
[2017.12.17-00.54.24:350][666]LogModuleManager: Shutting down and abandoning module UndoHistory (420)
[2017.12.17-00.54.24:350][666]LogModuleManager: Shutting down and abandoning module XmlParser (418)
[2017.12.17-00.54.24:350][666]LogModuleManager: Shutting down and abandoning module Blutility (416)
[2017.12.17-00.54.24:350][666]LogModuleManager: Shutting down and abandoning module ProjectSettingsViewer (414)
[2017.12.17-00.54.24:350][666]LogModuleManager: Shutting down and abandoning module ProjectTargetPlatformEditor (413)
[2017.12.17-00.54.24:350][666]LogModuleManager: Shutting down and abandoning module EditorSettingsViewer (410)
[2017.12.17-00.54.24:350][666]LogModuleManager: Shutting down and abandoning module SettingsEditor (408)
[2017.12.17-00.54.24:350][666]LogModuleManager: Shutting down and abandoning module ProjectLauncher (406)
[2017.12.17-00.54.24:351][666]LogModuleManager: Shutting down and abandoning module SessionFrontend (404)
[2017.12.17-00.54.24:351][666]LogModuleManager: Shutting down and abandoning module ProfilerClient (402)
[2017.12.17-00.54.24:351][666]LogModuleManager: Shutting down and abandoning module DeviceManager (400)
[2017.12.17-00.54.24:351][666]LogModuleManager: Shutting down and abandoning module TargetDeviceServices (399)
[2017.12.17-00.54.24:406][666]LogModuleManager: Shutting down and abandoning module AutomationController (396)
[2017.12.17-00.54.24:406][666]LogModuleManager: Shutting down and abandoning module AutomationWindow (394)
[2017.12.17-00.54.24:406][666]LogModuleManager: Shutting down and abandoning module Layers (392)
[2017.12.17-00.54.24:406][666]LogModuleManager: Shutting down and abandoning module ComponentVisualizers (390)
[2017.12.17-00.54.24:406][666]LogModuleManager: Shutting down and abandoning module DetailCustomizations (388)
[2017.12.17-00.54.24:406][666]LogModuleManager: Shutting down and abandoning module PackagesDialog (386)
[2017.12.17-00.54.24:406][666]LogModuleManager: Shutting down and abandoning module Persona (384)
[2017.12.17-00.54.24:406][666]LogModuleManager: Shutting down and abandoning module AdvancedPreviewScene (383)
[2017.12.17-00.54.24:406][666]LogModuleManager: Shutting down and abandoning module AnimGraph (381)
[2017.12.17-00.54.24:406][666]LogModuleManager: Shutting down and abandoning module Kismet (378)
[2017.12.17-00.54.24:414][666]LogModuleManager: Shutting down and abandoning module ClassViewer (376)
[2017.12.17-00.54.24:414][666]LogModuleManager: Shutting down and abandoning module Toolbox (374)
[2017.12.17-00.54.24:414][666]LogModuleManager: Shutting down and abandoning module ModuleUI (372)
[2017.12.17-00.54.24:414][666]LogModuleManager: Shutting down and abandoning module MovieSceneTools (370)
[2017.12.17-00.54.24:414][666]LogModuleManager: Shutting down and abandoning module OutputLog (368)
[2017.12.17-00.54.24:414][666]LogModuleManager: Shutting down and abandoning module GammaUI (366)
[2017.12.17-00.54.24:414][666]LogModuleManager: Shutting down and abandoning module Documentation (364)
[2017.12.17-00.54.24:414][666]LogModuleManager: Shutting down and abandoning module MovieSceneTracks (362)
[2017.12.17-00.54.24:414][666]LogModuleManager: Shutting down and abandoning module MovieScene (360)
[2017.12.17-00.54.24:414][666]LogModuleManager: Shutting down and abandoning module Niagara (358)
[2017.12.17-00.54.24:414][666]LogModuleManager: Shutting down and abandoning module NiagaraEditor (357)
[2017.12.17-00.54.24:414][666]LogModuleManager: Shutting down and abandoning module StreamingPauseRendering (354)
[2017.12.17-00.54.24:414][666]LogModuleManager: Shutting down and abandoning module LauncherPlatform (352)
[2017.12.17-00.54.24:414][666]LogModuleManager: Shutting down and abandoning module AnalyticsET (350)
[2017.12.17-00.54.24:414][666]LogModuleManager: Shutting down and abandoning module PortalServices (348)
[2017.12.17-00.54.24:414][666]LogModuleManager: Shutting down and abandoning module PortalRpc (346)
[2017.12.17-00.54.24:414][666]LogModuleManager: Shutting down and abandoning module MessagingRpc (344)
[2017.12.17-00.54.24:414][666]LogModuleManager: Shutting down and abandoning module AIModule (342)
[2017.12.17-00.54.24:414][666]LogModuleManager: Shutting down and abandoning module GameplayDebugger (341)
[2017.12.17-00.54.24:414][666]LogModuleManager: Shutting down and abandoning module AITestSuite (339)
[2017.12.17-00.54.24:415][666]LogModuleManager: Shutting down and abandoning module ProfilerService (336)
[2017.12.17-00.54.24:563][666]LogModuleManager: Shutting down and abandoning module TaskGraph (334)
[2017.12.17-00.54.24:563][666]LogModuleManager: Shutting down and abandoning module SteamVRController (332)
[2017.12.17-00.54.24:563][666]LogModuleManager: Shutting down and abandoning module ProceduralMeshComponentEditor (330)
[2017.12.17-00.54.24:563][666]LogModuleManager: Shutting down and abandoning module ProceduralMeshComponent (328)
[2017.12.17-00.54.24:563][666]LogModuleManager: Shutting down and abandoning module OculusInput (326)
[2017.12.17-00.54.24:563][666]LogModuleManager: Shutting down and abandoning module MobilePatchingUtils (324)
[2017.12.17-00.54.24:563][666]LogModuleManager: Shutting down and abandoning module CustomMeshComponent (322)
[2017.12.17-00.54.24:563][666]LogModuleManager: Shutting down and abandoning module CableComponent (320)
[2017.12.17-00.54.24:563][666]LogModuleManager: Shutting down and abandoning module ArchVisCharacter (318)
[2017.12.17-00.54.24:563][666]LogModuleManager: Shutting down and abandoning module AndroidPermission (316)
[2017.12.17-00.54.24:563][666]LogModuleManager: Shutting down and abandoning module MediaPlayerEditor (312)
[2017.12.17-00.54.24:563][666]LogModuleManager: Shutting down and abandoning module RawInput (310)
[2017.12.17-00.54.24:564][666]LogModuleManager: Shutting down and abandoning module HTML5Networking (308)
[2017.12.17-00.54.24:564][666]LogModuleManager: Shutting down and abandoning module AlembicImporter (306)
[2017.12.17-00.54.24:564][666]LogModuleManager: Shutting down and abandoning module AlembicLibrary (305)
[2017.12.17-00.54.24:564][666]LogModuleManager: Shutting down and abandoning module GeometryCache (304)
[2017.12.17-00.54.24:564][666]LogModuleManager: Shutting down and abandoning module GeometryCacheEd (303)
[2017.12.17-00.54.24:564][666]LogModuleManager: Shutting down and abandoning module SpeedTreeImporter (298)
[2017.12.17-00.54.24:564][666]LogModuleManager: Shutting down and abandoning module PluginBrowser (296)
[2017.12.17-00.54.24:564][666]LogModuleManager: Shutting down and abandoning module MobileLauncherProfileWizard (294)
[2017.12.17-00.54.24:564][666]LogModuleManager: Shutting down and abandoning module VisualStudioSourceCodeAccess (292)
[2017.12.17-00.54.24:564][666]LogModuleManager: Shutting down and abandoning module DesktopPlatform (291)
[2017.12.17-00.54.24:564][666]LogModuleManager: Shutting down and abandoning module UObjectPlugin (288)
[2017.12.17-00.54.24:564][666]LogModuleManager: Shutting down and abandoning module SubversionSourceControl (286)
[2017.12.17-00.54.24:564][666]LogModuleManager: Shutting down and abandoning module PerforceSourceControl (284)
[2017.12.17-00.54.24:564][666]LogModuleManager: Shutting down and abandoning module GitSourceControl (282)
[2017.12.17-00.54.24:564][666]LogModuleManager: Shutting down and abandoning module SourceControl (281)
[2017.12.17-00.54.24:564][666]LogModuleManager: Shutting down and abandoning module LightPropagationVolumeEditor (278)
[2017.12.17-00.54.24:564][666]LogModuleManager: Shutting down and abandoning module PaperTiledImporter (276)
[2017.12.17-00.54.24:564][666]LogModuleManager: Shutting down and abandoning module PaperSpriteSheetImporter (274)
[2017.12.17-00.54.24:564][666]LogModuleManager: Shutting down and abandoning module Paper2DEditor (272)
[2017.12.17-00.54.24:564][666]LogModuleManager: Shutting down and abandoning module MeshPaint (271)
[2017.12.17-00.54.24:564][666]LogModuleManager: Shutting down and abandoning module LevelEditor (269)
[2017.12.17-00.54.24:565][666]LogModuleManager: Shutting down and abandoning module PixelInspectorModule (268)
[2017.12.17-00.54.24:565][666]LogModuleManager: Shutting down and abandoning module MainFrame (266)
[2017.12.17-00.54.24:565][666]LogModuleManager: Shutting down and abandoning module HotReload (265)
[2017.12.17-00.54.24:566][666]LogModuleManager: Shutting down and abandoning module RuntimePhysXCooking (260)
[2017.12.17-00.54.24:566][666]LogModuleManager: Shutting down and abandoning module PhysXVehiclesEditor (258)
[2017.12.17-00.54.24:566][666]LogModuleManager: Shutting down and abandoning module PhysXVehicles (256)
[2017.12.17-00.54.24:566][666]LogModuleManager: Shutting down and abandoning module OculusEditor (254)
[2017.12.17-00.54.24:566][666]LogModuleManager: Shutting down and abandoning module LocationServicesBPLibrary (252)
[2017.12.17-00.54.24:566][666]LogModuleManager: Shutting down and abandoning module ImmediatePhysicsEditor (250)
[2017.12.17-00.54.24:566][666]LogModuleManager: Shutting down and abandoning module ImmediatePhysics (248)
[2017.12.17-00.54.24:566][666]LogModuleManager: Shutting down and abandoning module UdpMessaging (246)
[2017.12.17-00.54.24:666][666]LogModuleManager: Shutting down and abandoning module TcpMessaging (244)
[2017.12.17-00.54.24:767][666]LogModuleManager: Shutting down and abandoning module GameplayTagsEditor (242)
[2017.12.17-00.54.24:767][666]LogModuleManager: Shutting down and abandoning module FacialAnimationEditor (240)
[2017.12.17-00.54.24:767][666]LogModuleManager: Shutting down and abandoning module FacialAnimation (238)
[2017.12.17-00.54.24:767][666]LogModuleManager: Shutting down and abandoning module AssetManagerEditor (236)
[2017.12.17-00.54.24:767][666]LogModuleManager: Shutting down and abandoning module GraphEditor (235)
[2017.12.17-00.54.24:767][666]LogModuleManager: Shutting down and abandoning module ContentBrowser (233)
[2017.12.17-00.54.24:768][666]LogModuleManager: Shutting down and abandoning module LightPropagationVolumeRuntime (230)
[2017.12.17-00.54.24:768][666]LogModuleManager: Shutting down and abandoning module Paper2D (228)
[2017.12.17-00.54.24:768][666]LogModuleManager: Shutting down and abandoning module WindowsMoviePlayer (226)
[2017.12.17-00.54.24:768][666]LogModuleManager: Shutting down and abandoning module WmfMedia (224)
[2017.12.17-00.54.24:784][666]LogModuleManager: Shutting down and abandoning module PacketHandler (222)
[2017.12.17-00.54.24:784][666]LogModuleManager: Shutting down and abandoning module ClothingSystemEditor (220)
[2017.12.17-00.54.24:784][666]LogModuleManager: Shutting down and abandoning module ClothingSystemRuntime (218)
[2017.12.17-00.54.24:784][666]LogModuleManager: Shutting down and abandoning module Overlay (216)
[2017.12.17-00.54.24:784][666]LogModuleManager: Shutting down and abandoning module OverlayEditor (215)
[2017.12.17-00.54.24:784][666]LogModuleManager: Shutting down and abandoning module MediaAssets (212)
[2017.12.17-00.54.24:784][666]LogModuleManager: Shutting down and abandoning module VREditor (210)
[2017.12.17-00.54.24:784][666]LogModuleManager: Shutting down and abandoning module StringTableEditor (208)
[2017.12.17-00.54.24:784][666]LogModuleManager: Shutting down and abandoning module GameplayTasksEditor (206)
[2017.12.17-00.54.24:784][666]LogModuleManager: Shutting down and abandoning module BehaviorTreeEditor (204)
[2017.12.17-00.54.24:785][666]LogModuleManager: Shutting down and abandoning module FunctionalTesting (202)
[2017.12.17-00.54.24:785][666]LogModuleManager: Shutting down and abandoning module CollisionAnalyzer (200)
[2017.12.17-00.54.24:785][666]LogModuleManager: Shutting down and abandoning module WorkspaceMenuStructure (199)
[2017.12.17-00.54.24:785][666]LogModuleManager: Shutting down and abandoning module UMG (196)
[2017.12.17-00.54.24:785][666]LogModuleManager: Shutting down and abandoning module UMGEditor (195)
[2017.12.17-00.54.24:785][666]LogModuleManager: Shutting down and abandoning module Sequencer (194)
[2017.12.17-00.54.24:785][666]LogModuleManager: Shutting down and abandoning module MessageLog (191)
[2017.12.17-00.54.24:785][666]LogModuleManager: Shutting down and abandoning module SlateReflector (186)
[2017.12.17-00.54.24:785][666]LogModuleManager: Shutting down and abandoning module Slate (184)
[2017.12.17-00.54.24:785][666]LogModuleManager: Shutting down and abandoning module EditorStyle (182)
[2017.12.17-00.54.24:789][666]LogModuleManager: Shutting down and abandoning module MRMesh (180)
[2017.12.17-00.54.24:789][666]LogModuleManager: Shutting down and abandoning module SourceCodeAccess (178)
[2017.12.17-00.54.24:789][666]LogModuleManager: Shutting down and abandoning module HeadMountedDisplay (176)
[2017.12.17-00.54.24:789][666]LogModuleManager: Shutting down and abandoning module XAudio2 (174)
[2017.12.17-00.54.24:789][666]LogModuleManager: Shutting down and abandoning module Networking (172)
[2017.12.17-00.54.24:789][666]LogModuleManager: Shutting down and abandoning module Core (168)
[2017.12.17-00.54.24:789][666]LogModuleManager: Shutting down and abandoning module KismetCompiler (164)
[2017.12.17-00.54.24:789][666]LogModuleManager: Shutting down and abandoning module LevelSequence (162)
[2017.12.17-00.54.24:789][666]LogModuleManager: Shutting down and abandoning module MeshUtilities (160)
[2017.12.17-00.54.24:789][666]LogModuleManager: Shutting down and abandoning module MeshMergeUtilities (159)
[2017.12.17-00.54.24:789][666]LogModuleManager: Shutting down and abandoning module MeshReductionInterface (158)
[2017.12.17-00.54.24:789][666]LogModuleManager: Shutting down and abandoning module SimplygonSwarm (157)
[2017.12.17-00.54.24:789][666]LogModuleManager: Shutting down and abandoning module SimplygonMeshReduction (155)
[2017.12.17-00.54.24:789][666]LogModuleManager: Shutting down and abandoning module QuadricMeshReduction (153)
[2017.12.17-00.54.24:789][666]LogModuleManager: Shutting down and abandoning module MaterialBaking (149)
[2017.12.17-00.54.24:789][666]LogModuleManager: Shutting down and abandoning module DirectoryWatcher (146)
[2017.12.17-00.54.24:790][666]LogModuleManager: Shutting down and abandoning module DerivedDataCache (144)
[2017.12.17-00.54.24:832][666]LogDerivedDataCache: Shutdown
[2017.12.17-00.54.24:832][666]LogModuleManager: Shutting down and abandoning module TargetPlatform (142)
[2017.12.17-00.54.24:832][666]LogModuleManager: Shutting down and abandoning module VulkanShaderFormat (141)
[2017.12.17-00.54.24:832][666]LogModuleManager: Shutting down and abandoning module ShaderFormatVectorVM (139)
[2017.12.17-00.54.24:832][666]LogModuleManager: Shutting down and abandoning module ShaderFormatOpenGL (137)
[2017.12.17-00.54.24:832][666]LogModuleManager: Shutting down and abandoning module ShaderFormatD3D (135)
[2017.12.17-00.54.24:832][666]LogModuleManager: Shutting down and abandoning module MetalShaderFormat (133)
[2017.12.17-00.54.24:832][666]LogModuleManager: Shutting down and abandoning module TextureFormatUncompressed (131)
[2017.12.17-00.54.24:833][666]LogModuleManager: Shutting down and abandoning module TextureFormatPVR (129)
[2017.12.17-00.54.24:833][666]LogModuleManager: Shutting down and abandoning module TextureFormatDXT (127)
[2017.12.17-00.54.24:833][666]LogModuleManager: Shutting down and abandoning module TextureFormatIntelISPCTexComp (125)
[2017.12.17-00.54.24:833][666]LogModuleManager: Shutting down and abandoning module TextureFormatASTC (123)
[2017.12.17-00.54.24:833][666]LogModuleManager: Shutting down and abandoning module ImageWrapper (122)
[2017.12.17-00.54.24:833][666]LogModuleManager: Shutting down and abandoning module TextureFormatAndroid (119)
[2017.12.17-00.54.24:833][666]LogModuleManager: Shutting down and abandoning module AudioFormatOpus (117)
[2017.12.17-00.54.24:833][666]LogModuleManager: Shutting down and abandoning module AudioFormatOgg (115)
[2017.12.17-00.54.24:833][666]LogModuleManager: Shutting down and abandoning module AudioFormatADPCM (113)
[2017.12.17-00.54.24:833][666]LogModuleManager: Shutting down and abandoning module LinuxTargetPlatform (111)
[2017.12.17-00.54.24:833][666]LogModuleManager: Shutting down and abandoning module LinuxServerTargetPlatform (109)
[2017.12.17-00.54.24:833][666]LogModuleManager: Shutting down and abandoning module LinuxNoEditorTargetPlatform (107)
[2017.12.17-00.54.24:833][666]LogModuleManager: Shutting down and abandoning module LinuxClientTargetPlatform (105)
[2017.12.17-00.54.24:833][666]LogModuleManager: Shutting down and abandoning module TVOSTargetPlatform (103)
[2017.12.17-00.54.24:833][666]LogModuleManager: Shutting down and abandoning module Messaging (101)
[2017.12.17-00.54.24:833][666]LogModuleManager: Shutting down and abandoning module IOSTargetPlatform (99)
[2017.12.17-00.54.24:833][666]LogModuleManager: Shutting down and abandoning module HTML5TargetPlatform (97)
[2017.12.17-00.54.24:833][666]LogModuleManager: Shutting down and abandoning module Android_PVRTCTargetPlatform (95)
[2017.12.17-00.54.24:833][666]LogModuleManager: Shutting down and abandoning module Android_MultiTargetPlatform (93)
[2017.12.17-00.54.24:833][666]LogModuleManager: Shutting down and abandoning module Android_ETC2TargetPlatform (91)
[2017.12.17-00.54.24:833][666]LogModuleManager: Shutting down and abandoning module Android_ETC1TargetPlatform (89)
[2017.12.17-00.54.24:833][666]LogModuleManager: Shutting down and abandoning module Android_DXTTargetPlatform (87)
[2017.12.17-00.54.24:833][666]LogModuleManager: Shutting down and abandoning module Android_ATCTargetPlatform (85)
[2017.12.17-00.54.24:833][666]LogModuleManager: Shutting down and abandoning module Android_ASTCTargetPlatform (83)
[2017.12.17-00.54.24:833][666]LogModuleManager: Shutting down and abandoning module AndroidTargetPlatform (81)
[2017.12.17-00.54.24:833][666]LogModuleManager: Shutting down and abandoning module WindowsTargetPlatform (79)
[2017.12.17-00.54.24:833][666]LogModuleManager: Shutting down and abandoning module WindowsServerTargetPlatform (77)
[2017.12.17-00.54.24:833][666]LogModuleManager: Shutting down and abandoning module WindowsNoEditorTargetPlatform (75)
[2017.12.17-00.54.24:833][666]LogModuleManager: Shutting down and abandoning module WindowsClientTargetPlatform (73)
[2017.12.17-00.54.24:833][666]LogModuleManager: Shutting down and abandoning module MacTargetPlatform (71)
[2017.12.17-00.54.24:833][666]LogModuleManager: Shutting down and abandoning module MacServerTargetPlatform (69)
[2017.12.17-00.54.24:833][666]LogModuleManager: Shutting down and abandoning module MacNoEditorTargetPlatform (67)
[2017.12.17-00.54.24:833][666]LogModuleManager: Shutting down and abandoning module MacClientTargetPlatform (65)
[2017.12.17-00.54.24:833][666]LogModuleManager: Shutting down and abandoning module AllDesktopTargetPlatform (63)
[2017.12.17-00.54.24:833][666]LogModuleManager: Shutting down and abandoning module InputCore (60)
[2017.12.17-00.54.24:833][666]LogModuleManager: Shutting down and abandoning module Settings (58)
[2017.12.17-00.54.24:833][666]LogModuleManager: Shutting down and abandoning module PhysXCooking (56)
[2017.12.17-00.54.24:833][666]LogModuleManager: Shutting down and abandoning module SteamVR (54)
[2017.12.17-00.54.24:833][666]LogModuleManager: Shutting down and abandoning module OculusHMD (52)
[2017.12.17-00.54.24:833][666]LogModuleManager: Shutting down and abandoning module ExampleDeviceProfileSelector (50)
[2017.12.17-00.54.24:833][666]LogModuleManager: Shutting down and abandoning module OnlineBlueprintSupport (48)
[2017.12.17-00.54.24:833][666]LogModuleManager: Shutting down and abandoning module OnlineSubsystem (44)
[2017.12.17-00.54.24:833][666]LogOnline: Display: Unloading online subsystem: NULL
[2017.12.17-00.54.24:833][666]LogModuleManager: Shutting down and abandoning module XMPP (43)
[2017.12.17-00.54.24:834][666]LogModuleManager: Shutting down and abandoning module HTTP (41)
[2017.12.17-00.54.24:834][666]LogHttp: Display: Http module shutting down, but needs to wait on 1 outstanding Http requests:
[2017.12.17-00.54.24:834][666]LogHttp: Display: 	verb=[POST] url=[https://datarouter.ol.epicgames.com/datarouter/api/v1/public/data?SessionID=%7B68EC3A02-4F3C-93AB-BF7B-BB9858558276%7D&AppID=UEEditor.Rocket.Release&AppVersion=4.17.2-3658906%2B%2B%2BUE4%2BRelease-4.17&UserID=cd1f60b7479b32bd24c174b1375c1b70%7C4ba7aa541e964517b0d99766beec29d1%7Cb30741d6-520e-4fea-be44-def22d0e3946&AppEnvironment=datacollector-binary&UploadType=eteventstream] status=Processing
[2017.12.17-00.54.24:861][666]LogModuleManager: Shutting down and abandoning module SSL (40)
[2017.12.17-00.54.24:862][666]LogModuleManager: Shutting down and abandoning module AnimationModifiers (36)
[2017.12.17-00.54.24:862][666]LogModuleManager: Shutting down and abandoning module PropertyEditor (35)
[2017.12.17-00.54.24:862][666]LogModuleManager: Shutting down and abandoning module AudioEditor (32)
[2017.12.17-00.54.24:862][666]LogModuleManager: Shutting down and abandoning module TextureCompressor (30)
[2017.12.17-00.54.24:862][666]LogModuleManager: Shutting down and abandoning module ShaderCore (28)
[2017.12.17-00.54.24:862][666]LogModuleManager: Shutting down and abandoning module Landscape (26)
[2017.12.17-00.54.24:862][666]LogModuleManager: Shutting down and abandoning module SlateRHIRenderer (24)
[2017.12.17-00.54.24:863][666]LogModuleManager: Shutting down and abandoning module OpenGLDrv (22)
[2017.12.17-00.54.24:863][666]LogModuleManager: Shutting down and abandoning module D3D11RHI (20)
[2017.12.17-00.54.24:863][666]LogModuleManager: Shutting down and abandoning module AnimGraphRuntime (18)
[2017.12.17-00.54.24:863][666]LogModuleManager: Shutting down and abandoning module Renderer (16)
[2017.12.17-00.54.24:864][666]LogModuleManager: Shutting down and abandoning module Engine (14)
[2017.12.17-00.54.24:864][666]LogModuleManager: Shutting down and abandoning module CoreUObject (12)
[2017.12.17-00.54.24:864][666]LogModuleManager: Shutting down and abandoning module NetworkFile (10)
[2017.12.17-00.54.24:864][666]LogModuleManager: Shutting down and abandoning module CookedIterativeFile (8)
[2017.12.17-00.54.24:864][666]LogModuleManager: Shutting down and abandoning module StreamingFile (6)
[2017.12.17-00.54.24:864][666]LogModuleManager: Shutting down and abandoning module SandboxFile (4)
[2017.12.17-00.54.24:864][666]LogModuleManager: Shutting down and abandoning module PakFile (2)
[2017.12.17-00.54.24:867][666]LogExit: Exiting.
[2017.12.17-00.54.25:225][666]Log file closed, 12/16/17 19:54:25
