Log file open, 12/22/17 16:13:51
LogWindows: Failed to load 'aqProf.dll' (GetLastError=126)
LogWindows: File 'aqProf.dll' does not exist
LogWindows: Failed to load 'VtuneApi.dll' (GetLastError=126)
LogWindows: File 'VtuneApi.dll' does not exist
LogWindows: Failed to load 'VtuneApi32e.dll' (GetLastError=126)
LogWindows: File 'VtuneApi32e.dll' does not exist
LogInit: Display: Running engine for game: CarBlueprints
LogPlatformFile: Not using cached read wrapper
LogInit: Display: RandInit(1190468025) SRandInit(1190468025).
LogTaskGraph: Started task graph with 5 named threads and 14 total threads with 3 sets of task threads.
LogStats: Stats thread started at 0.201158
LogD3D11RHI: Aftermath initialized
LogPluginManager: Mounting plugin Paper2D
LogPluginManager: Mounting plugin LightPropagationVolume
LogPluginManager: Mounting plugin CodeLiteSourceCodeAccess
LogPluginManager: Mounting plugin GitSourceControl
LogPluginManager: Mounting plugin KDevelopSourceCodeAccess
LogPluginManager: Mounting plugin NullSourceCodeAccess
LogPluginManager: Mounting plugin PerforceSourceControl
LogPluginManager: Mounting plugin SubversionSourceControl
LogPluginManager: Mounting plugin UObjectPlugin
LogPluginManager: Mounting plugin VisualStudioSourceCodeAccess
LogPluginManager: Mounting plugin XCodeSourceCodeAccess
LogPluginManager: Mounting plugin AssetManagerEditor
LogPluginManager: Mounting plugin AudioCapture
LogPluginManager: Mounting plugin FacialAnimation
LogPluginManager: Mounting plugin GameplayTagsEditor
LogPluginManager: Mounting plugin MobileLauncherProfileWizard
LogPluginManager: Mounting plugin PluginBrowser
LogPluginManager: Mounting plugin SpeedTreeImporter
LogPluginManager: Mounting plugin AlembicImporter
LogPluginManager: Mounting plugin CharacterAI
LogPluginManager: Mounting plugin HTML5Networking
LogPluginManager: Mounting plugin RawInput
LogPluginManager: Mounting plugin AndroidMedia
LogPluginManager: Mounting plugin AvfMedia
LogPluginManager: Mounting plugin MediaPlayerEditor
LogPluginManager: Mounting plugin WmfMedia
LogPluginManager: Mounting plugin TcpMessaging
LogPluginManager: Mounting plugin UdpMessaging
LogPluginManager: Mounting plugin LevelSequenceEditor
LogPluginManager: Mounting plugin MatineeToLevelSequence
LogPluginManager: Mounting plugin OnlineSubsystemGooglePlay
LogPluginManager: Mounting plugin OnlineSubsystemIOS
LogPluginManager: Mounting plugin OnlineSubsystem
LogPluginManager: Mounting plugin OnlineSubsystemNull
LogPluginManager: Mounting plugin OnlineSubsystemUtils
LogPluginManager: Mounting plugin AndroidDeviceProfileSelector
LogPluginManager: Mounting plugin AndroidMoviePlayer
LogPluginManager: Mounting plugin AndroidPermission
LogPluginManager: Mounting plugin AppleMoviePlayer
LogPluginManager: Mounting plugin ArchVisCharacter
LogPluginManager: Mounting plugin CableComponent
LogPluginManager: Mounting plugin CustomMeshComponent
LogPluginManager: Mounting plugin ExampleDeviceProfileSelector
LogPluginManager: Mounting plugin GoogleCloudMessaging
LogPluginManager: Mounting plugin ImmediatePhysics
LogPluginManager: Mounting plugin IOSDeviceProfileSelector
LogPluginManager: Mounting plugin LinuxDeviceProfileSelector
LogPluginManager: Mounting plugin LocationServicesBPLibrary
LogPluginManager: Mounting plugin MobilePatchingUtils
LogPluginManager: Mounting plugin OculusVR
LogPluginManager: Mounting plugin PhysXVehicles
LogPluginManager: Mounting plugin ProceduralMeshComponent
LogPluginManager: Mounting plugin RuntimePhysXCooking
LogPluginManager: Mounting plugin SteamVR
LogPluginManager: Mounting plugin WindowsMoviePlayer
LogInit: Using libcurl 7.47.1
LogInit:  - built for x86_64-pc-win32
LogInit:  - supports SSL with OpenSSL/1.0.2g
LogInit:  - supports HTTP deflate (compression) using libz 1.2.8
LogInit:  - other features:
LogInit:      CURL_VERSION_SSL
LogInit:      CURL_VERSION_LIBZ
LogInit:      CURL_VERSION_IPV6
LogInit:      CURL_VERSION_ASYNCHDNS
LogInit:      CURL_VERSION_LARGEFILE
LogInit:      CURL_VERSION_IDN
LogInit:  CurlRequestOptions (configurable via config and command line):
LogInit:  - bVerifyPeer = false  - Libcurl will NOT verify peer certificate
LogInit:  - bUseHttpProxy = false  - Libcurl will NOT use HTTP proxy
LogInit:  - bDontReuseConnections = false  - Libcurl will reuse connections
LogInit:  - CertBundlePath = nullptr  - Libcurl will use whatever was configured at build time.
LogInit: Build: ++UE4+Release-4.17-CL-3658906
LogInit: Engine Version: 4.17.2-3658906+++UE4+Release-4.17
LogInit: Compatible Engine Version: 4.17.0-3573198+++UE4+Release-4.17
LogInit: Net CL: 3573198
LogDevObjectVersion: Number of dev versions registered: 16
LogDevObjectVersion:   Dev-Blueprints (B0D832E4-1F89-4F0D-ACCF-7EB736FD4AA2): 10
LogDevObjectVersion:   Dev-Build (E1C64328-A22C-4D53-A36C-8E866417BD8C): 0
LogDevObjectVersion:   Dev-Core (375EC13C-06E4-48FB-B500-84F0262A717E): 2
LogDevObjectVersion:   Dev-Editor (E4B068ED-F494-42E9-A231-DA0B2E46BB41): 20
LogDevObjectVersion:   Dev-Framework (CFFC743F-43B0-4480-9391-14DF171D2073): 28
LogDevObjectVersion:   Dev-Mobile (B02B49B5-BB20-44E9-A304-32B752E40360): 0
LogDevObjectVersion:   Dev-Networking (A4E4105C-59A1-49B5-A7C5-40C4547EDFEE): 0
LogDevObjectVersion:   Dev-Online (39C831C9-5AE6-47DC-9A44-9C173E1C8E7C): 0
LogDevObjectVersion:   Dev-Physics (78F01B33-EBEA-4F98-B9B4-84EACCB95AA2): 0
LogDevObjectVersion:   Dev-Platform (6631380F-2D4D-43E0-8009-CF276956A95A): 0
LogDevObjectVersion:   Dev-Rendering (12F88B9F-8875-4AFC-A67C-D90C383ABD29): 19
LogDevObjectVersion:   Dev-Sequencer (7B5AE74C-D270-4C10-A958-57980B212A5A): 4
LogDevObjectVersion:   Dev-VR (D7296918-1DD6-4BDD-9DE2-64A83CC13884): 0
LogDevObjectVersion:   Dev-LoadTimes (C2A15278-BFE7-4AFE-6C17-90FF531DF755): 1
LogDevObjectVersion:   Private-Geometry (6EACA3D4-40EC-4CC1-B786-8BED09428FC5): 1
LogDevObjectVersion:   Dev-AnimPhys (29E575DD-E0A3-4627-9D10-D276232CDCEA): 7
LogInit: Compiled (64-bit): Sep 22 2017 13:47:16
LogInit: Compiled with Visual C++: 19.00.24215.01
LogInit: Build Configuration: Development
LogInit: Branch Name: ++UE4+Release-4.17
LogInit: Command line:  
LogInit: Base directory: C:/Program Files/Epic Games/UE_4.17/Engine/Binaries/Win64/
LogInit: Installed Engine Build: 1
LogInit: Presizing for max 8388607 objects, including 0 objects not considered by GC, pre-allocating 0 bytes for permanent pool.
LogInit: Object subsystem initialized
[2017.12.22-21.13.53:145][  0]LogInit: Selected Device Profile: [Windows]
[2017.12.22-21.13.53:145][  0]LogInit: Applying CVar settings loaded from the selected device profile: [Windows]
[2017.12.22-21.13.53:202][  0]LogInit: Computer: DESKTOP-I9SMP4L
[2017.12.22-21.13.53:202][  0]LogInit: User: AricsPC
[2017.12.22-21.13.53:202][  0]LogInit: CPU Page size=4096, Cores=4
[2017.12.22-21.13.53:202][  0]LogInit: High frequency timer resolution =2.250003 MHz
[2017.12.22-21.13.53:203][  0]LogMemory: Memory total: Physical=7.9GB (8GB approx)
[2017.12.22-21.13.53:203][  0]LogMemory: Platform Memory Stats for Windows
[2017.12.22-21.13.53:203][  0]LogMemory: Process Physical Memory: 278.48 MB used, 278.48 MB peak
[2017.12.22-21.13.53:203][  0]LogMemory: Process Virtual Memory: 276.36 MB used, 276.36 MB peak
[2017.12.22-21.13.53:203][  0]LogMemory: Physical Memory: 3857.48 MB used,  4207.77 MB free, 8065.26 MB total
[2017.12.22-21.13.53:203][  0]LogMemory: Virtual Memory: 708.40 MB used,  4207.77 MB free, 134217728.00 MB total
[2017.12.22-21.13.55:471][  0]LogInit: Using OS detected language (en-US).
[2017.12.22-21.13.55:471][  0]LogInit: Using OS detected locale (en-US).
[2017.12.22-21.13.55:538][  0]LogTextLocalizationManager: No specific localization for 'en-US' exists, so the 'en' localization will be used.
[2017.12.22-21.13.59:240][  0]LogD3D11RHI: D3D11 adapters:
[2017.12.22-21.13.59:347][  0]LogD3D11RHI:    0. 'NVIDIA GeForce GTX 960M' (Feature Level 11_0)
[2017.12.22-21.13.59:347][  0]LogD3D11RHI:       4065/0/4032 MB DedicatedVideo/DedicatedSystem/SharedSystem, Outputs:1, VendorId:0x10de
[2017.12.22-21.13.59:360][  0]LogD3D11RHI:    1. 'Intel(R) HD Graphics 530' (Feature Level 11_0)
[2017.12.22-21.13.59:360][  0]LogD3D11RHI:       128/0/4032 MB DedicatedVideo/DedicatedSystem/SharedSystem, Outputs:0, VendorId:0x8086
[2017.12.22-21.13.59:364][  0]LogD3D11RHI:    2. 'Microsoft Basic Render Driver' (Feature Level 11_0)
[2017.12.22-21.13.59:364][  0]LogD3D11RHI:       0/0/4032 MB DedicatedVideo/DedicatedSystem/SharedSystem, Outputs:0, VendorId:0x1414
[2017.12.22-21.13.59:364][  0]LogD3D11RHI: Chosen D3D11 Adapter: 0
[2017.12.22-21.13.59:374][  0]LogD3D11RHI: Creating new Direct3DDevice
[2017.12.22-21.13.59:374][  0]LogD3D11RHI:     GPU DeviceId: 0x139b (for the marketing name, search the web for "GPU Device Id")
[2017.12.22-21.13.59:374][  0]LogWindows: EnumDisplayDevices:
[2017.12.22-21.13.59:374][  0]LogWindows:    0. 'Intel(R) HD Graphics 530' (P:1 D:1)
[2017.12.22-21.13.59:375][  0]LogWindows:    1. 'Intel(R) HD Graphics 530' (P:0 D:0)
[2017.12.22-21.13.59:375][  0]LogWindows:    2. 'Intel(R) HD Graphics 530' (P:0 D:0)
[2017.12.22-21.13.59:375][  0]LogWindows: DebugString: GetVideoDriverDetailsInvalid PrimaryIsNotTheChoosenAdapter GetVideoDriverDetailsInvalid PrimaryIsNotTheChoosenAdapter GetVideoDriverDetailsInvalid PrimaryIsNotTheChoosenAdapter FoundDriverCount:0 
[2017.12.22-21.13.59:375][  0]LogD3D11RHI:     Adapter Name: NVIDIA GeForce GTX 960M
[2017.12.22-21.13.59:375][  0]LogD3D11RHI:   Driver Version: Unknown (internal:Unknown, unified:Unknown)
[2017.12.22-21.13.59:375][  0]LogD3D11RHI:      Driver Date: Unknown
[2017.12.22-21.13.59:375][  0]LogRHI: Texture pool is 1361 MB (70% of 1945 MB)
[2017.12.22-21.13.59:420][  0]LogD3D11RHI: Async texture creation enabled
[2017.12.22-21.13.59:488][  0]LogD3D11RHI: GPU Timing Frequency: 1000.000000 (Debug: 2 1)
[2017.12.22-21.13.59:514][  0]LogShaderCompilers: Guid format shader working directory is -24 characters bigger than the processId version (../../../../../../Users/Aric's PC/Documents/Unreal Projects/CarBlueprints/Intermediate/Shaders/WorkingDirectory/14704/).
[2017.12.22-21.13.59:515][  0]LogShaderCompilers: Cleaned the shader compiler working directory 'C:/Users/Aric's PC/AppData/Local/Temp/UnrealShaderWorkingDir/54C773C346307EA30F17118CDFC78021/'.
[2017.12.22-21.13.59:515][  0]LogShaderCompilers: Display: Using Local Shader Compiler.
[2017.12.22-21.14.03:874][  0]LogTemp: Display: Loaded TP AllDesktopTargetPlatform
[2017.12.22-21.14.04:125][  0]LogTemp: Display: Loaded TP MacClientTargetPlatform
[2017.12.22-21.14.04:320][  0]LogTemp: Display: Loaded TP MacNoEditorTargetPlatform
[2017.12.22-21.14.04:446][  0]LogTemp: Display: Loaded TP MacServerTargetPlatform
[2017.12.22-21.14.04:549][  0]LogTemp: Display: Loaded TP MacTargetPlatform
[2017.12.22-21.14.04:668][  0]LogTemp: Display: Loaded TP WindowsClientTargetPlatform
[2017.12.22-21.14.04:808][  0]LogTemp: Display: Loaded TP WindowsNoEditorTargetPlatform
[2017.12.22-21.14.04:907][  0]LogTemp: Display: Loaded TP WindowsServerTargetPlatform
[2017.12.22-21.14.04:989][  0]LogTemp: Display: Loaded TP WindowsTargetPlatform
[2017.12.22-21.14.05:096][  0]LogTemp: Display: Loaded TP AndroidTargetPlatform
[2017.12.22-21.14.05:230][  0]LogTemp: Display: Loaded TP Android_ASTCTargetPlatform
[2017.12.22-21.14.05:317][  0]LogTemp: Display: Loaded TP Android_ATCTargetPlatform
[2017.12.22-21.14.05:402][  0]LogTemp: Display: Loaded TP Android_DXTTargetPlatform
[2017.12.22-21.14.05:487][  0]LogTemp: Display: Loaded TP Android_ETC1TargetPlatform
[2017.12.22-21.14.05:574][  0]LogTemp: Display: Loaded TP Android_ETC2TargetPlatform
[2017.12.22-21.14.05:749][  0]LogTemp: Display: Loaded TP Android_MultiTargetPlatform
[2017.12.22-21.14.05:749][  0]LogTemp: Display: Loaded TP Android_PVRTCTargetPlatform
[2017.12.22-21.14.05:828][  0]LogTemp: Display: Loaded TP HTML5TargetPlatform
[2017.12.22-21.14.06:048][  0]LogTemp: Display: Loaded TP IOSTargetPlatform
[2017.12.22-21.14.06:201][  0]LogTemp: Display: Loaded TP TVOSTargetPlatform
[2017.12.22-21.14.06:310][  0]LogTemp: Display: Loaded TP LinuxClientTargetPlatform
[2017.12.22-21.14.06:397][  0]LogTemp: Display: Loaded TP LinuxNoEditorTargetPlatform
[2017.12.22-21.14.06:480][  0]LogTemp: Display: Loaded TP LinuxServerTargetPlatform
[2017.12.22-21.14.06:576][  0]LogTemp: Display: Loaded TP LinuxTargetPlatform
[2017.12.22-21.14.06:576][  0]LogTargetPlatformManager: Display: Building Assets For Windows
[2017.12.22-21.14.08:504][  0]LogDerivedDataCache: Display: Max Cache Size: 512 MB
[2017.12.22-21.14.09:702][  0]LogDerivedDataCache: Loaded boot cache 1.20s 93MB C:/Users/Aric's PC/AppData/Local/UnrealEngine/4.17/DerivedDataCache/Boot.ddc.
[2017.12.22-21.14.09:702][  0]LogDerivedDataCache: Display: Loaded Boot cache: C:/Users/Aric's PC/AppData/Local/UnrealEngine/4.17/DerivedDataCache/Boot.ddc
[2017.12.22-21.14.09:702][  0]LogDerivedDataCache: FDerivedDataBackendGraph:  Pak pak cache file ../../../../../../Users/Aric's PC/Documents/Unreal Projects/CarBlueprints/DerivedDataCache/DDC.ddp not found, will not use a pak cache.
[2017.12.22-21.14.09:702][  0]LogDerivedDataCache: Unable to find inner node Pak for hierarchical cache Hierarchy.
[2017.12.22-21.14.09:702][  0]LogDerivedDataCache: FDerivedDataBackendGraph:  CompressedPak pak cache file ../../../../../../Users/Aric's PC/Documents/Unreal Projects/CarBlueprints/DerivedDataCache/Compressed.ddp not found, will not use a pak cache.
[2017.12.22-21.14.09:702][  0]LogDerivedDataCache: Unable to find inner node CompressedPak for hierarchical cache Hierarchy.
[2017.12.22-21.14.09:793][  0]LogDerivedDataCache: Display: Pak cache opened for reading ../../../Engine/DerivedDataCache/Compressed.ddp.
[2017.12.22-21.14.09:808][  0]LogDerivedDataCache: Using Local data cache path C:/Users/Aric's PC/AppData/Local/UnrealEngine/Common/DerivedDataCache: Writable
[2017.12.22-21.14.09:841][  0]LogMaterial: Verifying Global Shaders for PCD3D_SM5
[2017.12.22-21.14.09:842][  0]LogSlate: Using Freetype 2.6.0
[2017.12.22-21.14.09:872][  0]LogSlate: SlateFontCache - WITH_FREETYPE: 1, WITH_HARFBUZZ: 1
[2017.12.22-21.14.09:872][  0]LogSlate: SlateFontCache - WITH_FREETYPE: 1, WITH_HARFBUZZ: 1
[2017.12.22-21.14.13:632][  0]LogAssetRegistry: FAssetRegistry took 0.0373 seconds to start up
[2017.12.22-21.14.14:063][  0]LogInit: Selected Device Profile: [Windows]
[2017.12.22-21.14.14:896][  0]LogContentStreaming: Texture pool size is 0.00 MB
[2017.12.22-21.14.16:070][  0]LogSimplygon: Simplygon DLL not present - disabling.
[2017.12.22-21.14.16:191][  0]LogMeshReduction: Using SimplygonSwarm for distributed automatic mesh merging
[2017.12.22-21.14.16:191][  0]LogMeshReduction: Using QuadricMeshReduction for automatic static mesh reduction
[2017.12.22-21.14.16:191][  0]LogMeshReduction: No automatic skeletal mesh reduction module available
[2017.12.22-21.14.16:191][  0]LogMeshReduction: No automatic mesh merging module available
[2017.12.22-21.14.16:191][  0]LogMeshMerging: No automatic mesh merging module available
[2017.12.22-21.14.17:665][  0]LogNetVersion: CarBlueprints , NetCL: 3573198, EngineNetVer: 2, GameNetVer: 0 (Checksum: 3571599761)
[2017.12.22-21.14.18:597][  0]LogPackageLocalizationCache: Processed 5 localized package path(s) for 2 prioritized culture(s) in 0.072249 seconds
[2017.12.22-21.14.18:604][  0]LogUObjectArray: 35825 objects as part of root set at end of initial load.
[2017.12.22-21.14.18:604][  0]LogUObjectAllocator: 7529112 out of 0 bytes used by permanent object pool.
[2017.12.22-21.14.18:604][  0]LogUObjectArray: CloseDisregardForGC: 0/0 objects in disregard for GC pool
[2017.12.22-21.14.18:815][  0]LogInit: WinSock: version 1.1 (2.2), MaxSocks=32767, MaxUdp=65467
[2017.12.22-21.14.38:688][  0]LogTcpMessaging: Initializing TcpMessaging bridge
[2017.12.22-21.14.38:851][  0]LogUdpMessaging: Initializing bridge on interface 0.0.0.0:0 to multicast group 230.0.0.1:6666.
[2017.12.22-21.14.41:076][  0]LogMaterial: Uniform references updated for custom material expression Custom.
[2017.12.22-21.14.42:350][  0]SourceControl: Source control is disabled
[2017.12.22-21.14.42:350][  0]SourceControl: Source control is disabled
[2017.12.22-21.14.42:469][  0]SourceControl: Source control is disabled
[2017.12.22-21.14.42:585][  0]SourceControl: Source control is disabled
[2017.12.22-21.14.45:063][  0]LogAndroidPermission: UAndroidPermissionCallbackProxy::GetInstance
[2017.12.22-21.14.45:756][  0]LogOcInput: OculusInput pre-init called
[2017.12.22-21.14.46:509][  0]LogEngine: Initializing Engine...
[2017.12.22-21.14.46:513][  0]LogHMD: Failed to initialize OpenVR with code 110
[2017.12.22-21.14.47:114][  0]LogStats: UGameplayTagsManager::ConstructGameplayTagTree: Construct from data asset -  0.000 s
[2017.12.22-21.14.47:114][  0]LogStats: UGameplayTagsManager::ConstructGameplayTagTree: GameplayTagTreeChangedEvent.Broadcast -  0.000 s
[2017.12.22-21.14.47:358][  0]LogAIModule: Creating AISystem for world Untitled
[2017.12.22-21.14.47:368][  0]LogInit: XAudio2 using 'Speakers / Headphones (Realtek Audio)' : 2 channels at 48 kHz using 32 bits per sample (channel mask 0x3)
[2017.12.22-21.14.47:738][  0]LogInit: FAudioDevice initialized.
[2017.12.22-21.14.47:986][  0]LogDerivedDataCache: Saved boot cache 0.25s 93MB C:/Users/Aric's PC/AppData/Local/UnrealEngine/4.17/DerivedDataCache/Boot.ddc.
[2017.12.22-21.14.48:009][  0]LogInit: Texture streaming: Enabled
[2017.12.22-21.14.48:363][  0]LogEngineSessionManager: EngineSessionManager initialized
[2017.12.22-21.14.49:475][  0]LogInit: Transaction tracking system initialized
[2017.12.22-21.14.50:246][  0]BlueprintLog: New page: Editor Load
[2017.12.22-21.14.52:933][  0]LocalizationService: Localization service is disabled
[2017.12.22-21.14.55:351][  0]LogConsoleResponse: Display: 
[2017.12.22-21.14.56:832][  0]LogFileCache: Scanning file cache for directory 'C:/Users/Aric's PC/Documents/Unreal Projects/CarBlueprints/Content/' took 0.03s
[2017.12.22-21.14.56:832][  0]LogCook: Display: Max memory allowance for cook 16384mb min free memory 0mb
[2017.12.22-21.14.56:832][  0]LogCook: Display: Mobile HDR setting 1
[2017.12.22-21.14.56:834][  0]LogGameplayTags: Display: UGameplayTagsManager::DoneAddingNativeTags. DelegateIsBound: 0
[2017.12.22-21.15.00:801][  0]SourceControl: Source control is disabled
[2017.12.22-21.15.00:841][  0]Cmd: MAP LOAD FILE="../../../../../../Users/Aric's PC/Documents/Unreal Projects/CarBlueprints/Content/VehicleAdvBP/Maps/VehicleAdvExampleMap.umap" TEMPLATE=0 SHOWPROGRESS=1 FEATURELEVEL=3
[2017.12.22-21.15.00:845][  0]LightingResults: New page: Lighting Build
[2017.12.22-21.15.01:109][  0]MapCheck: New page: Map Check
[2017.12.22-21.15.01:109][  0]LightingResults: New page: Lighting Build
[2017.12.22-21.15.01:890][  0]LogLinker: Warning: Can't find file '/Game/FirstPerson/FPWeapon/Materials/MaterialLayers/ML_GlossyBlack_Latex_UE4'
[2017.12.22-21.15.01:890][  0]LoadErrors: Failed to load /Game/VehicleAdv/Materials/M_FPGun.M_FPGun Referenced by WeaponMesh_GEN_VARIABLE
[2017.12.22-21.15.01:890][  0]LogLinker: Warning: Can't find file for asset '/Game/FirstPerson/FPWeapon/Materials/MaterialLayers/ML_GlossyBlack_Latex_UE4' while loading ../../../../../../Users/Aric's PC/Documents/Unreal Projects/CarBlueprints/Content/VehicleAdv/Materials/M_FPGun.uasset.
[2017.12.22-21.15.01:891][  0]LoadErrors: Failed to load /Game/VehicleAdv/Materials/M_FPGun.M_FPGun Referenced by WeaponMesh_GEN_VARIABLE
[2017.12.22-21.15.01:891][  0]LoadErrors: Error: /Game/VehicleAdv/Materials/M_FPGun : Can't find file for asset. /Game/FirstPerson/FPWeapon/Materials/MaterialLayers/ML_GlossyBlack_Latex_UE4
[2017.12.22-21.15.01:891][  0]LogLinker: Warning: Can't find file '/Game/FirstPerson/FPWeapon/Materials/MaterialLayers/ML_Plastic_Shiny_Beige'
[2017.12.22-21.15.01:891][  0]LoadErrors: Failed to load /Game/VehicleAdv/Materials/M_FPGun.M_FPGun Referenced by WeaponMesh_GEN_VARIABLE
[2017.12.22-21.15.01:892][  0]LogLinker: Warning: Can't find file for asset '/Game/FirstPerson/FPWeapon/Materials/MaterialLayers/ML_Plastic_Shiny_Beige' while loading ../../../../../../Users/Aric's PC/Documents/Unreal Projects/CarBlueprints/Content/VehicleAdv/Materials/M_FPGun.uasset.
[2017.12.22-21.15.01:892][  0]LoadErrors: Failed to load /Game/VehicleAdv/Materials/M_FPGun.M_FPGun Referenced by WeaponMesh_GEN_VARIABLE
[2017.12.22-21.15.01:892][  0]LoadErrors: Error: /Game/VehicleAdv/Materials/M_FPGun : Can't find file for asset. /Game/FirstPerson/FPWeapon/Materials/MaterialLayers/ML_Plastic_Shiny_Beige
[2017.12.22-21.15.01:893][  0]LogLinker: Warning: Can't find file '/Game/FirstPerson/FPWeapon/Materials/MaterialLayers/ML_Screen'
[2017.12.22-21.15.01:893][  0]LoadErrors: Failed to load /Game/VehicleAdv/Materials/M_FPGun.M_FPGun Referenced by WeaponMesh_GEN_VARIABLE
[2017.12.22-21.15.01:893][  0]LogLinker: Warning: Can't find file for asset '/Game/FirstPerson/FPWeapon/Materials/MaterialLayers/ML_Screen' while loading ../../../../../../Users/Aric's PC/Documents/Unreal Projects/CarBlueprints/Content/VehicleAdv/Materials/M_FPGun.uasset.
[2017.12.22-21.15.01:893][  0]LoadErrors: Failed to load /Game/VehicleAdv/Materials/M_FPGun.M_FPGun Referenced by WeaponMesh_GEN_VARIABLE
[2017.12.22-21.15.01:894][  0]LoadErrors: Error: /Game/VehicleAdv/Materials/M_FPGun : Can't find file for asset. /Game/FirstPerson/FPWeapon/Materials/MaterialLayers/ML_Screen
[2017.12.22-21.15.01:894][  0]LogLinker: Warning: Can't find file '/Game/FirstPerson/FPWeapon/Materials/MaterialLayers/ML_SoftMetal_UE4'
[2017.12.22-21.15.01:894][  0]LoadErrors: Failed to load /Game/VehicleAdv/Materials/M_FPGun.M_FPGun Referenced by WeaponMesh_GEN_VARIABLE
[2017.12.22-21.15.01:895][  0]LogLinker: Warning: Can't find file for asset '/Game/FirstPerson/FPWeapon/Materials/MaterialLayers/ML_SoftMetal_UE4' while loading ../../../../../../Users/Aric's PC/Documents/Unreal Projects/CarBlueprints/Content/VehicleAdv/Materials/M_FPGun.uasset.
[2017.12.22-21.15.01:895][  0]LoadErrors: Failed to load /Game/VehicleAdv/Materials/M_FPGun.M_FPGun Referenced by WeaponMesh_GEN_VARIABLE
[2017.12.22-21.15.01:895][  0]LoadErrors: Error: /Game/VehicleAdv/Materials/M_FPGun : Can't find file for asset. /Game/FirstPerson/FPWeapon/Materials/MaterialLayers/ML_SoftMetal_UE4
[2017.12.22-21.15.01:902][  0]LogLinker: Warning: Can't find file '/Game/FirstPerson/FPWeapon/Materials/MaterialLayers/ML_GlossyBlack_Latex_UE4'
[2017.12.22-21.15.01:902][  0]LoadErrors: Failed to load /Game/VehicleAdv/Materials/M_FPGun.M_FPGun Referenced by WeaponMesh_GEN_VARIABLE
[2017.12.22-21.15.01:903][  0]LogLinker: Warning: Can't find file for asset '/Game/FirstPerson/FPWeapon/Materials/MaterialLayers/ML_GlossyBlack_Latex_UE4' while loading ../../../../../../Users/Aric's PC/Documents/Unreal Projects/CarBlueprints/Content/VehicleAdv/Materials/M_FPGun.uasset.
[2017.12.22-21.15.01:903][  0]LoadErrors: Failed to load /Game/VehicleAdv/Materials/M_FPGun.M_FPGun Referenced by WeaponMesh_GEN_VARIABLE
[2017.12.22-21.15.01:903][  0]LoadErrors: Error: /Game/VehicleAdv/Materials/M_FPGun : Can't find file for asset. /Game/FirstPerson/FPWeapon/Materials/MaterialLayers/ML_GlossyBlack_Latex_UE4
[2017.12.22-21.15.01:904][  0]LogLinker: Warning: Can't find file '/Game/FirstPerson/FPWeapon/Materials/MaterialLayers/ML_Plastic_Shiny_Beige'
[2017.12.22-21.15.01:904][  0]LoadErrors: Failed to load /Game/VehicleAdv/Materials/M_FPGun.M_FPGun Referenced by WeaponMesh_GEN_VARIABLE
[2017.12.22-21.15.01:904][  0]LogLinker: Warning: Can't find file for asset '/Game/FirstPerson/FPWeapon/Materials/MaterialLayers/ML_Plastic_Shiny_Beige' while loading ../../../../../../Users/Aric's PC/Documents/Unreal Projects/CarBlueprints/Content/VehicleAdv/Materials/M_FPGun.uasset.
[2017.12.22-21.15.01:904][  0]LoadErrors: Failed to load /Game/VehicleAdv/Materials/M_FPGun.M_FPGun Referenced by WeaponMesh_GEN_VARIABLE
[2017.12.22-21.15.01:904][  0]LoadErrors: Error: /Game/VehicleAdv/Materials/M_FPGun : Can't find file for asset. /Game/FirstPerson/FPWeapon/Materials/MaterialLayers/ML_Plastic_Shiny_Beige
[2017.12.22-21.15.01:905][  0]LogLinker: Warning: Can't find file '/Game/FirstPerson/FPWeapon/Materials/MaterialLayers/ML_Screen'
[2017.12.22-21.15.01:905][  0]LoadErrors: Failed to load /Game/VehicleAdv/Materials/M_FPGun.M_FPGun Referenced by WeaponMesh_GEN_VARIABLE
[2017.12.22-21.15.01:905][  0]LogLinker: Warning: Can't find file for asset '/Game/FirstPerson/FPWeapon/Materials/MaterialLayers/ML_Screen' while loading ../../../../../../Users/Aric's PC/Documents/Unreal Projects/CarBlueprints/Content/VehicleAdv/Materials/M_FPGun.uasset.
[2017.12.22-21.15.01:906][  0]LoadErrors: Failed to load /Game/VehicleAdv/Materials/M_FPGun.M_FPGun Referenced by WeaponMesh_GEN_VARIABLE
[2017.12.22-21.15.01:906][  0]LoadErrors: Error: /Game/VehicleAdv/Materials/M_FPGun : Can't find file for asset. /Game/FirstPerson/FPWeapon/Materials/MaterialLayers/ML_Screen
[2017.12.22-21.15.01:906][  0]LogLinker: Warning: Can't find file '/Game/FirstPerson/FPWeapon/Materials/MaterialLayers/ML_SoftMetal_UE4'
[2017.12.22-21.15.01:906][  0]LoadErrors: Failed to load /Game/VehicleAdv/Materials/M_FPGun.M_FPGun Referenced by WeaponMesh_GEN_VARIABLE
[2017.12.22-21.15.01:907][  0]LogLinker: Warning: Can't find file for asset '/Game/FirstPerson/FPWeapon/Materials/MaterialLayers/ML_SoftMetal_UE4' while loading ../../../../../../Users/Aric's PC/Documents/Unreal Projects/CarBlueprints/Content/VehicleAdv/Materials/M_FPGun.uasset.
[2017.12.22-21.15.01:907][  0]LoadErrors: Failed to load /Game/VehicleAdv/Materials/M_FPGun.M_FPGun Referenced by WeaponMesh_GEN_VARIABLE
[2017.12.22-21.15.01:907][  0]LoadErrors: Error: /Game/VehicleAdv/Materials/M_FPGun : Can't find file for asset. /Game/FirstPerson/FPWeapon/Materials/MaterialLayers/ML_SoftMetal_UE4
[2017.12.22-21.15.01:908][  0]LogLinker: Warning: Can't find file '/Game/FirstPerson/FPWeapon/Textures/T_FPGun_M'
[2017.12.22-21.15.01:908][  0]LoadErrors: Failed to load /Game/VehicleAdv/Materials/M_FPGun.M_FPGun Referenced by WeaponMesh_GEN_VARIABLE
[2017.12.22-21.15.01:908][  0]LogLinker: Warning: Can't find file for asset '/Game/FirstPerson/FPWeapon/Textures/T_FPGun_M' while loading ../../../../../../Users/Aric's PC/Documents/Unreal Projects/CarBlueprints/Content/VehicleAdv/Materials/M_FPGun.uasset.
[2017.12.22-21.15.01:908][  0]LoadErrors: Failed to load /Game/VehicleAdv/Materials/M_FPGun.M_FPGun Referenced by WeaponMesh_GEN_VARIABLE
[2017.12.22-21.15.01:909][  0]LoadErrors: Error: /Game/VehicleAdv/Materials/M_FPGun : Can't find file for asset. /Game/FirstPerson/FPWeapon/Textures/T_FPGun_M
[2017.12.22-21.15.01:909][  0]LogLinker: Warning: Can't find file '/Game/FirstPerson/FPWeapon/Textures/T_FPGun_N'
[2017.12.22-21.15.01:909][  0]LoadErrors: Failed to load /Game/VehicleAdv/Materials/M_FPGun.M_FPGun Referenced by WeaponMesh_GEN_VARIABLE
[2017.12.22-21.15.01:910][  0]LogLinker: Warning: Can't find file for asset '/Game/FirstPerson/FPWeapon/Textures/T_FPGun_N' while loading ../../../../../../Users/Aric's PC/Documents/Unreal Projects/CarBlueprints/Content/VehicleAdv/Materials/M_FPGun.uasset.
[2017.12.22-21.15.01:910][  0]LoadErrors: Failed to load /Game/VehicleAdv/Materials/M_FPGun.M_FPGun Referenced by WeaponMesh_GEN_VARIABLE
[2017.12.22-21.15.01:910][  0]LoadErrors: Error: /Game/VehicleAdv/Materials/M_FPGun : Can't find file for asset. /Game/FirstPerson/FPWeapon/Textures/T_FPGun_N
[2017.12.22-21.15.01:911][  0]LogLinker: Warning: Can't find file '/Game/FirstPerson/FPWeapon/Textures/T_FPGun_M'
[2017.12.22-21.15.01:911][  0]LoadErrors: Failed to load /Game/VehicleAdv/Materials/M_FPGun.M_FPGun Referenced by WeaponMesh_GEN_VARIABLE
[2017.12.22-21.15.01:912][  0]LogLinker: Warning: Can't find file for asset '/Game/FirstPerson/FPWeapon/Textures/T_FPGun_M' while loading ../../../../../../Users/Aric's PC/Documents/Unreal Projects/CarBlueprints/Content/VehicleAdv/Materials/M_FPGun.uasset.
[2017.12.22-21.15.01:912][  0]LoadErrors: Failed to load /Game/VehicleAdv/Materials/M_FPGun.M_FPGun Referenced by WeaponMesh_GEN_VARIABLE
[2017.12.22-21.15.01:912][  0]LoadErrors: Error: /Game/VehicleAdv/Materials/M_FPGun : Can't find file for asset. /Game/FirstPerson/FPWeapon/Textures/T_FPGun_M
[2017.12.22-21.15.01:912][  0]LogLinker: Warning: Can't find file '/Game/FirstPerson/FPWeapon/Textures/T_FPGun_N'
[2017.12.22-21.15.01:912][  0]LoadErrors: Failed to load /Game/VehicleAdv/Materials/M_FPGun.M_FPGun Referenced by WeaponMesh_GEN_VARIABLE
[2017.12.22-21.15.01:913][  0]LogLinker: Warning: Can't find file for asset '/Game/FirstPerson/FPWeapon/Textures/T_FPGun_N' while loading ../../../../../../Users/Aric's PC/Documents/Unreal Projects/CarBlueprints/Content/VehicleAdv/Materials/M_FPGun.uasset.
[2017.12.22-21.15.01:913][  0]LoadErrors: Failed to load /Game/VehicleAdv/Materials/M_FPGun.M_FPGun Referenced by WeaponMesh_GEN_VARIABLE
[2017.12.22-21.15.01:913][  0]LoadErrors: Error: /Game/VehicleAdv/Materials/M_FPGun : Can't find file for asset. /Game/FirstPerson/FPWeapon/Textures/T_FPGun_N
[2017.12.22-21.15.03:050][  0]LogLinker: Warning: Can't find file '/Game/FirstPerson/FPWeapon/Materials/MaterialLayers/ML_SoftMetal_UE4'
[2017.12.22-21.15.03:051][  0]LoadErrors: Failed to load /Game/FirstPerson/FPWeapon/Materials/MaterialLayers/ML_SoftMetal_UE4.ML_SoftMetal_UE4 Referenced by M_FPGun
[2017.12.22-21.15.03:051][  0]LogLinker: Warning: Can't find file for asset '/Game/FirstPerson/FPWeapon/Materials/MaterialLayers/ML_SoftMetal_UE4' while loading NULL.
[2017.12.22-21.15.03:051][  0]LoadErrors: Failed to load /Game/FirstPerson/FPWeapon/Materials/MaterialLayers/ML_SoftMetal_UE4.ML_SoftMetal_UE4 Referenced by M_FPGun
[2017.12.22-21.15.03:052][  0]LogLinker: Warning: Can't find file '/Game/FirstPerson/FPWeapon/Materials/MaterialLayers/ML_GlossyBlack_Latex_UE4'
[2017.12.22-21.15.03:052][  0]LoadErrors: Failed to load /Game/FirstPerson/FPWeapon/Materials/MaterialLayers/ML_GlossyBlack_Latex_UE4.ML_GlossyBlack_Latex_UE4 Referenced by M_FPGun
[2017.12.22-21.15.03:052][  0]LogLinker: Warning: Can't find file for asset '/Game/FirstPerson/FPWeapon/Materials/MaterialLayers/ML_GlossyBlack_Latex_UE4' while loading NULL.
[2017.12.22-21.15.03:053][  0]LoadErrors: Failed to load /Game/FirstPerson/FPWeapon/Materials/MaterialLayers/ML_GlossyBlack_Latex_UE4.ML_GlossyBlack_Latex_UE4 Referenced by M_FPGun
[2017.12.22-21.15.03:053][  0]LogLinker: Warning: Can't find file '/Game/FirstPerson/FPWeapon/Materials/MaterialLayers/ML_Plastic_Shiny_Beige'
[2017.12.22-21.15.03:053][  0]LoadErrors: Failed to load /Game/FirstPerson/FPWeapon/Materials/MaterialLayers/ML_Plastic_Shiny_Beige.ML_Plastic_Shiny_Beige Referenced by M_FPGun
[2017.12.22-21.15.03:054][  0]LogLinker: Warning: Can't find file for asset '/Game/FirstPerson/FPWeapon/Materials/MaterialLayers/ML_Plastic_Shiny_Beige' while loading NULL.
[2017.12.22-21.15.03:054][  0]LoadErrors: Failed to load /Game/FirstPerson/FPWeapon/Materials/MaterialLayers/ML_Plastic_Shiny_Beige.ML_Plastic_Shiny_Beige Referenced by M_FPGun
[2017.12.22-21.15.03:054][  0]LogLinker: Warning: Can't find file '/Game/FirstPerson/FPWeapon/Materials/MaterialLayers/ML_Screen'
[2017.12.22-21.15.03:054][  0]LoadErrors: Failed to load /Game/FirstPerson/FPWeapon/Materials/MaterialLayers/ML_Screen.ML_Screen Referenced by M_FPGun
[2017.12.22-21.15.03:055][  0]LogLinker: Warning: Can't find file for asset '/Game/FirstPerson/FPWeapon/Materials/MaterialLayers/ML_Screen' while loading NULL.
[2017.12.22-21.15.03:055][  0]LoadErrors: Failed to load /Game/FirstPerson/FPWeapon/Materials/MaterialLayers/ML_Screen.ML_Screen Referenced by M_FPGun
[2017.12.22-21.15.03:056][  0]LogLinker: Warning: Can't find file '/Game/FirstPerson/FPWeapon/Materials/MaterialLayers/ML_Plastic_Shiny_Beige'
[2017.12.22-21.15.03:056][  0]LoadErrors: Failed to load /Game/FirstPerson/FPWeapon/Materials/MaterialLayers/ML_Plastic_Shiny_Beige.ML_Plastic_Shiny_Beige Referenced by MaterialExpressionMaterialFunctionCall_13
[2017.12.22-21.15.03:057][  0]LogLinker: Warning: Can't find file for asset '/Game/FirstPerson/FPWeapon/Materials/MaterialLayers/ML_Plastic_Shiny_Beige' while loading NULL.
[2017.12.22-21.15.03:057][  0]LoadErrors: Failed to load /Game/FirstPerson/FPWeapon/Materials/MaterialLayers/ML_Plastic_Shiny_Beige.ML_Plastic_Shiny_Beige Referenced by MaterialExpressionMaterialFunctionCall_13
[2017.12.22-21.15.03:058][  0]LogLinker: Warning: Can't find file '/Game/FirstPerson/FPWeapon/Materials/MaterialLayers/ML_Screen'
[2017.12.22-21.15.03:058][  0]LoadErrors: Failed to load /Game/FirstPerson/FPWeapon/Materials/MaterialLayers/ML_Screen.ML_Screen Referenced by MaterialExpressionMaterialFunctionCall_4
[2017.12.22-21.15.03:058][  0]LogLinker: Warning: Can't find file for asset '/Game/FirstPerson/FPWeapon/Materials/MaterialLayers/ML_Screen' while loading NULL.
[2017.12.22-21.15.03:058][  0]LoadErrors: Failed to load /Game/FirstPerson/FPWeapon/Materials/MaterialLayers/ML_Screen.ML_Screen Referenced by MaterialExpressionMaterialFunctionCall_4
[2017.12.22-21.15.03:059][  0]LogLinker: Warning: Can't find file '/Game/FirstPerson/FPWeapon/Materials/MaterialLayers/ML_SoftMetal_UE4'
[2017.12.22-21.15.03:059][  0]LoadErrors: Failed to load /Game/FirstPerson/FPWeapon/Materials/MaterialLayers/ML_SoftMetal_UE4.ML_SoftMetal_UE4 Referenced by MaterialExpressionMaterialFunctionCall_8
[2017.12.22-21.15.03:060][  0]LogLinker: Warning: Can't find file for asset '/Game/FirstPerson/FPWeapon/Materials/MaterialLayers/ML_SoftMetal_UE4' while loading NULL.
[2017.12.22-21.15.03:060][  0]LoadErrors: Failed to load /Game/FirstPerson/FPWeapon/Materials/MaterialLayers/ML_SoftMetal_UE4.ML_SoftMetal_UE4 Referenced by MaterialExpressionMaterialFunctionCall_8
[2017.12.22-21.15.03:061][  0]LogLinker: Warning: Can't find file '/Game/FirstPerson/FPWeapon/Materials/MaterialLayers/ML_GlossyBlack_Latex_UE4'
[2017.12.22-21.15.03:061][  0]LoadErrors: Failed to load /Game/FirstPerson/FPWeapon/Materials/MaterialLayers/ML_GlossyBlack_Latex_UE4.ML_GlossyBlack_Latex_UE4 Referenced by MaterialExpressionMaterialFunctionCall_9
[2017.12.22-21.15.03:061][  0]LogLinker: Warning: Can't find file for asset '/Game/FirstPerson/FPWeapon/Materials/MaterialLayers/ML_GlossyBlack_Latex_UE4' while loading NULL.
[2017.12.22-21.15.03:061][  0]LoadErrors: Failed to load /Game/FirstPerson/FPWeapon/Materials/MaterialLayers/ML_GlossyBlack_Latex_UE4.ML_GlossyBlack_Latex_UE4 Referenced by MaterialExpressionMaterialFunctionCall_9
[2017.12.22-21.15.03:062][  0]LogLinker: Warning: Can't find file '/Game/FirstPerson/FPWeapon/Textures/T_FPGun_N'
[2017.12.22-21.15.03:062][  0]LoadErrors: Failed to load /Game/FirstPerson/FPWeapon/Textures/T_FPGun_N.T_FPGun_N Referenced by MaterialExpressionTextureSampleParameter2D_2
[2017.12.22-21.15.03:063][  0]LogLinker: Warning: Can't find file for asset '/Game/FirstPerson/FPWeapon/Textures/T_FPGun_N' while loading NULL.
[2017.12.22-21.15.03:063][  0]LoadErrors: Failed to load /Game/FirstPerson/FPWeapon/Textures/T_FPGun_N.T_FPGun_N Referenced by MaterialExpressionTextureSampleParameter2D_2
[2017.12.22-21.15.03:063][  0]LogLinker: Warning: Can't find file '/Game/FirstPerson/FPWeapon/Textures/T_FPGun_M'
[2017.12.22-21.15.03:064][  0]LoadErrors: Failed to load /Game/FirstPerson/FPWeapon/Textures/T_FPGun_M.T_FPGun_M Referenced by MaterialExpressionTextureSampleParameter2D_3
[2017.12.22-21.15.03:064][  0]LogLinker: Warning: Can't find file for asset '/Game/FirstPerson/FPWeapon/Textures/T_FPGun_M' while loading NULL.
[2017.12.22-21.15.03:064][  0]LoadErrors: Failed to load /Game/FirstPerson/FPWeapon/Textures/T_FPGun_M.T_FPGun_M Referenced by MaterialExpressionTextureSampleParameter2D_3
[2017.12.22-21.15.04:727][  0]LogMaterial: Missing cached shader map for material M_FPGun, compiling. 
[2017.12.22-21.15.04:759][  0]LogMaterial: Warning: Failed to compile Material /Game/VehicleAdv/Materials/M_FPGun.M_FPGun for platform PCD3D_SM5, Default Material will be used in game.
[2017.12.22-21.15.04:760][  0]LogMaterial: Warning: 	Missing Material Function
[2017.12.22-21.15.04:760][  0]LogMaterial: Warning: 	(Node TextureSampleParameter2D) Param2D> Requires Texture2D
[2017.12.22-21.15.04:760][  0]LogMaterial: Warning: 	Function MatLayerBlend_NormalBlend: (Node MakeMaterialAttributes) Error on property Normal
[2017.12.22-21.15.04:760][  0]LogMaterial: Warning: 	Function MatLayerBlend_Simple: (Node MakeMaterialAttributes) Error on property EmissiveColor
[2017.12.22-21.15.04:760][  0]LogMaterial: Warning: 	Function MatLayerBlend_Simple: (Node MakeMaterialAttributes) Error on property BaseColor
[2017.12.22-21.15.04:760][  0]LogMaterial: Warning: 	Function MatLayerBlend_Simple: (Node MakeMaterialAttributes) Error on property Metallic
[2017.12.22-21.15.04:760][  0]LogMaterial: Warning: 	Function MatLayerBlend_Simple: (Node MakeMaterialAttributes) Error on property Roughness
[2017.12.22-21.15.04:833][  0]LogAIModule: Creating AISystem for world VehicleAdvExampleMap
[2017.12.22-21.15.05:039][  0]LogEditorServer: Finished looking for orphan Actors (0.000 secs)
[2017.12.22-21.15.05:149][  0]Cmd: MAP CHECKDEP NOCLEARLOG
[2017.12.22-21.15.05:304][  0]MapCheck: Map check complete: 0 Error(s), 0 Warning(s), took 155.414ms to complete.
[2017.12.22-21.15.05:304][  0]LogFileHelpers: Loading map 'VehicleAdvExampleMap' took 4.481
[2017.12.22-21.15.05:802][  0]LogCollectionManager: Loaded 0 collections in 0.003337 seconds
[2017.12.22-21.15.06:059][  0]LogFileCache: Scanning file cache for directory 'C:/Users/Aric's PC/Documents/Unreal Projects/CarBlueprints/Saved/Collections/' took 0.01s
[2017.12.22-21.15.06:059][  0]LogFileCache: Scanning file cache for directory 'C:/Users/Aric's PC/Documents/Unreal Projects/CarBlueprints/Content/Developers/AricsPC/Collections/' took 0.01s
[2017.12.22-21.15.06:059][  0]LogFileCache: Scanning file cache for directory 'C:/Users/Aric's PC/Documents/Unreal Projects/CarBlueprints/Content/Collections/' took 0.01s
[2017.12.22-21.15.06:059][  0]LogCollectionManager: Rebuilt the GUID cache for 0 collections in 0.000000 seconds
[2017.12.22-21.15.06:075][  0]LogContentBrowser: Native class hierarchy populated in 0.0135 seconds. Added 2388 classes and 503 folders.
[2017.12.22-21.15.06:264][  0]LogContentBrowser: Native class hierarchy updated for 'WidgetCarousel' in 0.0017 seconds. Added 0 classes and 0 folders.
[2017.12.22-21.15.07:465][  0]LogContentBrowser: Native class hierarchy updated for 'AddContentDialog' in 0.0021 seconds. Added 0 classes and 0 folders.
[2017.12.22-21.15.07:723][  0]LogContentBrowser: Native class hierarchy updated for 'SceneOutliner' in 0.0021 seconds. Added 1 classes and 2 folders.
[2017.12.22-21.15.07:960][  0]LogSlate: Took 0.000279 seconds to synchronously load lazily loaded font '../../../Engine/Content/Slate/Fonts/Roboto-Regular.ttf' (155K)
[2017.12.22-21.15.07:966][  0]LogSlate: Took 0.001853 seconds to synchronously load lazily loaded font '../../../Engine/Content/Slate/Fonts/Roboto-Bold.ttf' (160K)
[2017.12.22-21.15.07:976][  0]LogSlate: Took 0.000323 seconds to synchronously load lazily loaded font '../../../Engine/Content/Editor/Slate/Fonts/FontAwesome.ttf' (139K)
[2017.12.22-21.15.08:164][  0]LogRenderer: Reallocating scene render targets to support 932x436 Format 10 NumSamples 1 (Frame:1).
[2017.12.22-21.15.08:666][  0]LogContentBrowser: Native class hierarchy updated for 'HierarchicalLODOutliner' in 0.0014 seconds. Added 1 classes and 2 folders.
[2017.12.22-21.15.08:667][  0]LogLoad: (Engine Initialization) Total time: 79.83 seconds
[2017.12.22-21.15.08:667][  0]LogLoad: (Engine Initialization) Total Blueprint compile time: 0.00 seconds
[2017.12.22-21.15.08:667][  0]LogExternalProfiler: Found external profiler: VSPerf
[2017.12.22-21.15.08:667][  0]LogExternalProfiler: Using external profiler: VSPerf
[2017.12.22-21.15.08:691][  0]LogRawInputWindows: Warning: Found device 0 devices
[2017.12.22-21.15.08:692][  0]LogRawInputWindows: Warning: Found device 0 devices
[2017.12.22-21.15.08:692][  0]LogRawInputWindows: Warning: Device was registered succesfully but not connected (Usage:4 UsagePage:1
[2017.12.22-21.15.08:693][  0]LogRawInputWindows: Warning: Found device 1 devices
[2017.12.22-21.15.08:693][  0]LogRawInputWindows: Warning: Device was registered succesfully but not connected (Usage:5 UsagePage:1
[2017.12.22-21.15.08:726][  0]LogContentStreaming: Texture pool size now 1000 MB
[2017.12.22-21.15.08:799][  0]LogSlate: Took 0.000313 seconds to synchronously load lazily loaded font '../../../Engine/Content/Slate/Fonts/Roboto-Light.ttf' (159K)
[2017.12.22-21.15.08:909][  2]LogAssetRegistry: Asset discovery search completed in 55.2990 seconds
[2017.12.22-21.15.08:911][  2]LogCollectionManager: Rebuilt the object cache for 0 collections in 0.000000 seconds (found 0 objects)
[2017.12.22-21.15.08:911][  2]LogCollectionManager: Fixed up redirectors for 0 collections in 0.000068 seconds (updated 0 objects)
[2017.12.22-21.15.16:639][155]LogSlate: Took 0.000586 seconds to synchronously load lazily loaded font '../../../Engine/Content/Slate/Fonts/Roboto-Light.ttf' (159K)
[2017.12.22-21.15.17:251][155]LogSlate: Took 0.000208 seconds to synchronously load lazily loaded font '../../../Engine/Content/Slate/Fonts/Roboto-Regular.ttf' (155K)
[2017.12.22-21.15.17:479][155]LogContentBrowser: Native class hierarchy updated for 'BlueprintGraph' in 0.0011 seconds. Added 113 classes and 0 folders.
[2017.12.22-21.15.22:072][191]LogSlate: Took 0.000369 seconds to synchronously load lazily loaded font '../../../Engine/Content/Editor/Slate/Fonts/Roboto-BoldCondensed.ttf' (158K)
[2017.12.22-21.15.26:829][254]LogSlate: Took 0.000651 seconds to synchronously load lazily loaded font '../../../Engine/Content/Editor/Slate/Fonts/Roboto-Italic.ttf' (157K)
[2017.12.22-21.15.28:034][267]LogRenderer: Reallocating scene render targets to support 964x540 Format 10 NumSamples 1 (Frame:1).
[2017.12.22-21.18.26:533][895]BlueprintLog: New page: Compile RocketProjectile
[2017.12.22-21.18.29:209][928]LogSavePackage: Save=64.04ms
[2017.12.22-21.18.29:209][928]LogSavePackage: Moving '../../../../../../Users/Aric's PC/Documents/Unreal Projects/CarBlueprints/Saved/RocketProjectile9B57643B4502AF5EB49C0E98507684B8.tmp' to '../../../../../../Users/Aric's PC/Documents/Unreal Projects/CarBlueprints/Content/VehicleAdvBP/Blueprints/RocketProjectile.uasset'
[2017.12.22-21.18.29:216][928]LogSavePackage: Display: Finished SavePackage ../../../../../../Users/Aric's PC/Documents/Unreal Projects/CarBlueprints/Content/VehicleAdvBP/Blueprints/RocketProjectile.uasset
[2017.12.22-21.18.31:048][962]LogTemp: Repeating last play command: Selected Viewport
[2017.12.22-21.18.31:208][962]LogBlueprintUserMessages: Early PlayInEditor Detection: Level '/Game/VehicleAdvBP/Maps/VehicleAdvExampleMap.VehicleAdvExampleMap:PersistentLevel' has LevelScriptBlueprint '/Game/VehicleAdvBP/Maps/VehicleAdvExampleMap.VehicleAdvExampleMap:PersistentLevel.VehicleAdvExampleMap' with GeneratedClass '/Game/VehicleAdvBP/Maps/VehicleAdvExampleMap.VehicleAdvExampleMap_C' with ClassGeneratedBy '/Game/VehicleAdvBP/Maps/VehicleAdvExampleMap.VehicleAdvExampleMap:PersistentLevel.VehicleAdvExampleMap'
[2017.12.22-21.18.31:208][962]LogPlayLevel: PlayLevel: No blueprints needed recompiling
[2017.12.22-21.18.31:212][962]PIE: New page: PIE session: VehicleAdvExampleMap (Dec 22, 2017, 11:18:31 AM)
[2017.12.22-21.18.31:213][962]LogPlayLevel: Creating play world package: /Game/VehicleAdvBP/Maps/UEDPIE_0_VehicleAdvExampleMap
[2017.12.22-21.18.31:270][962]LogPlayLevel: PIE: StaticDuplicateObject took: (0.056468s)
[2017.12.22-21.18.31:270][962]LogAIModule: Creating AISystem for world VehicleAdvExampleMap
[2017.12.22-21.18.31:271][962]LogPlayLevel: PIE: World Init took: (0.000925s)
[2017.12.22-21.18.31:271][962]LogPlayLevel: PIE: Created PIE world by copying editor world from /Game/VehicleAdvBP/Maps/VehicleAdvExampleMap.VehicleAdvExampleMap to /Game/VehicleAdvBP/Maps/UEDPIE_0_VehicleAdvExampleMap.VehicleAdvExampleMap (0.058568s)
[2017.12.22-21.18.31:298][962]LogInit: XAudio2 using 'Speakers / Headphones (Realtek Audio)' : 2 channels at 48 kHz using 32 bits per sample (channel mask 0x3)
[2017.12.22-21.18.31:314][962]LogInit: FAudioDevice initialized.
[2017.12.22-21.18.31:365][962]LogLoad: Game class is 'VehicleAdvGameMode_C'
[2017.12.22-21.18.31:401][962]LogWorld: Bringing World /Game/VehicleAdvBP/Maps/UEDPIE_0_VehicleAdvExampleMap.VehicleAdvExampleMap up for play (max tick rate 60) at 2017.12.22-16.18.31
[2017.12.22-21.18.31:432][962]LogWorld: Bringing up level for play took: 0.047917
[2017.12.22-21.18.31:629][962]LogContentBrowser: Native class hierarchy updated for 'MovieSceneCapture' in 0.0009 seconds. Added 11 classes and 0 folders.
[2017.12.22-21.18.31:642][962]PIE: Play in editor start time for /Game/VehicleAdvBP/Maps/UEDPIE_0_VehicleAdvExampleMap -0.336
[2017.12.22-21.18.31:643][962]LogBlueprintUserMessages: Late PlayInEditor Detection: Level '/Game/VehicleAdvBP/Maps/VehicleAdvExampleMap.VehicleAdvExampleMap:PersistentLevel' has LevelScriptBlueprint '/Game/VehicleAdvBP/Maps/VehicleAdvExampleMap.VehicleAdvExampleMap:PersistentLevel.VehicleAdvExampleMap' with GeneratedClass '/Game/VehicleAdvBP/Maps/VehicleAdvExampleMap.VehicleAdvExampleMap_C' with ClassGeneratedBy '/Game/VehicleAdvBP/Maps/VehicleAdvExampleMap.VehicleAdvExampleMap:PersistentLevel.VehicleAdvExampleMap'
[2017.12.22-21.18.34:769][ 48]LogBlueprintUserMessages: [BP_Weapon_Pickup2_68] Seocndary Added
[2017.12.22-21.18.44:566][342]LogBlueprintUserMessages: Early EndPlayMap Detection: Level '/Game/VehicleAdvBP/Maps/VehicleAdvExampleMap.VehicleAdvExampleMap:PersistentLevel' has LevelScriptBlueprint '/Game/VehicleAdvBP/Maps/VehicleAdvExampleMap.VehicleAdvExampleMap:PersistentLevel.VehicleAdvExampleMap' with GeneratedClass '/Game/VehicleAdvBP/Maps/VehicleAdvExampleMap.VehicleAdvExampleMap_C' with ClassGeneratedBy '/Game/VehicleAdvBP/Maps/VehicleAdvExampleMap.VehicleAdvExampleMap:PersistentLevel.VehicleAdvExampleMap'
[2017.12.22-21.18.44:642][342]LogBlueprintUserMessages: Late EndPlayMap Detection: Level '/Game/VehicleAdvBP/Maps/VehicleAdvExampleMap.VehicleAdvExampleMap:PersistentLevel' has LevelScriptBlueprint '/Game/VehicleAdvBP/Maps/VehicleAdvExampleMap.VehicleAdvExampleMap:PersistentLevel.VehicleAdvExampleMap' with GeneratedClass '/Game/VehicleAdvBP/Maps/VehicleAdvExampleMap.VehicleAdvExampleMap_C' with ClassGeneratedBy '/Game/VehicleAdvBP/Maps/VehicleAdvExampleMap.VehicleAdvExampleMap:PersistentLevel.VehicleAdvExampleMap'
[2017.12.22-21.19.57:583][452]LogEditorViewport: Clicking on Actor (LMB): BP_Sky_Sphere_C (SkyShereBlueprint)
[2017.12.22-21.20.22:459][114]LogTemp: Repeating last play command: Selected Viewport
[2017.12.22-21.20.22:482][114]LogBlueprintUserMessages: Early PlayInEditor Detection: Level '/Game/VehicleAdvBP/Maps/VehicleAdvExampleMap.VehicleAdvExampleMap:PersistentLevel' has LevelScriptBlueprint '/Game/VehicleAdvBP/Maps/VehicleAdvExampleMap.VehicleAdvExampleMap:PersistentLevel.VehicleAdvExampleMap' with GeneratedClass '/Game/VehicleAdvBP/Maps/VehicleAdvExampleMap.VehicleAdvExampleMap_C' with ClassGeneratedBy '/Game/VehicleAdvBP/Maps/VehicleAdvExampleMap.VehicleAdvExampleMap:PersistentLevel.VehicleAdvExampleMap'
[2017.12.22-21.20.22:482][114]LogPlayLevel: PlayLevel: No blueprints needed recompiling
[2017.12.22-21.20.22:483][114]PIE: New page: PIE session: VehicleAdvExampleMap (Dec 22, 2017, 11:20:22 AM)
[2017.12.22-21.20.22:483][114]LogPlayLevel: Creating play world package: /Game/VehicleAdvBP/Maps/UEDPIE_0_VehicleAdvExampleMap
[2017.12.22-21.20.22:516][114]LogPlayLevel: PIE: StaticDuplicateObject took: (0.033491s)
[2017.12.22-21.20.22:517][114]LogAIModule: Creating AISystem for world VehicleAdvExampleMap
[2017.12.22-21.20.22:518][114]LogPlayLevel: PIE: World Init took: (0.000990s)
[2017.12.22-21.20.22:518][114]LogPlayLevel: PIE: Created PIE world by copying editor world from /Game/VehicleAdvBP/Maps/VehicleAdvExampleMap.VehicleAdvExampleMap to /Game/VehicleAdvBP/Maps/UEDPIE_0_VehicleAdvExampleMap.VehicleAdvExampleMap (0.034831s)
[2017.12.22-21.20.22:544][114]LogInit: XAudio2 using 'Speakers / Headphones (Realtek Audio)' : 2 channels at 48 kHz using 32 bits per sample (channel mask 0x3)
[2017.12.22-21.20.22:560][114]LogInit: FAudioDevice initialized.
[2017.12.22-21.20.22:598][114]LogLoad: Game class is 'VehicleAdvGameMode_C'
[2017.12.22-21.20.22:609][114]LogWorld: Bringing World /Game/VehicleAdvBP/Maps/UEDPIE_0_VehicleAdvExampleMap.VehicleAdvExampleMap up for play (max tick rate 60) at 2017.12.22-16.20.22
[2017.12.22-21.20.22:610][114]LogWorld: Bringing up level for play took: 0.008207
[2017.12.22-21.20.22:613][114]PIE: Play in editor start time for /Game/VehicleAdvBP/Maps/UEDPIE_0_VehicleAdvExampleMap 0.635
[2017.12.22-21.20.22:614][114]LogBlueprintUserMessages: Late PlayInEditor Detection: Level '/Game/VehicleAdvBP/Maps/VehicleAdvExampleMap.VehicleAdvExampleMap:PersistentLevel' has LevelScriptBlueprint '/Game/VehicleAdvBP/Maps/VehicleAdvExampleMap.VehicleAdvExampleMap:PersistentLevel.VehicleAdvExampleMap' with GeneratedClass '/Game/VehicleAdvBP/Maps/VehicleAdvExampleMap.VehicleAdvExampleMap_C' with ClassGeneratedBy '/Game/VehicleAdvBP/Maps/VehicleAdvExampleMap.VehicleAdvExampleMap:PersistentLevel.VehicleAdvExampleMap'
[2017.12.22-21.20.33:895][453]LogBlueprintUserMessages: Early EndPlayMap Detection: Level '/Game/VehicleAdvBP/Maps/VehicleAdvExampleMap.VehicleAdvExampleMap:PersistentLevel' has LevelScriptBlueprint '/Game/VehicleAdvBP/Maps/VehicleAdvExampleMap.VehicleAdvExampleMap:PersistentLevel.VehicleAdvExampleMap' with GeneratedClass '/Game/VehicleAdvBP/Maps/VehicleAdvExampleMap.VehicleAdvExampleMap_C' with ClassGeneratedBy '/Game/VehicleAdvBP/Maps/VehicleAdvExampleMap.VehicleAdvExampleMap:PersistentLevel.VehicleAdvExampleMap'
[2017.12.22-21.20.33:983][453]LogBlueprintUserMessages: Late EndPlayMap Detection: Level '/Game/VehicleAdvBP/Maps/VehicleAdvExampleMap.VehicleAdvExampleMap:PersistentLevel' has LevelScriptBlueprint '/Game/VehicleAdvBP/Maps/VehicleAdvExampleMap.VehicleAdvExampleMap:PersistentLevel.VehicleAdvExampleMap' with GeneratedClass '/Game/VehicleAdvBP/Maps/VehicleAdvExampleMap.VehicleAdvExampleMap_C' with ClassGeneratedBy '/Game/VehicleAdvBP/Maps/VehicleAdvExampleMap.VehicleAdvExampleMap:PersistentLevel.VehicleAdvExampleMap'
[2017.12.22-21.20.49:505][872]LogEditorViewport: Clicking on Actor (LMB): BP_Projectile_C (BP_Projectile)
[2017.12.22-21.20.51:254][924]Cmd: DELETE
[2017.12.22-21.20.51:254][924]Cmd: ACTOR DELETE
[2017.12.22-21.20.51:361][924]LogEditorActor: Deleted Actor: BP_Projectile_C
[2017.12.22-21.20.51:412][924]LogEditorActor: Deleted 1 Actors (0.054 secs)
[2017.12.22-21.23.01:230][255]LogRenderer: Reallocating scene render targets to support 1144x708 Format 10 NumSamples 1 (Frame:1).
[2017.12.22-21.23.52:890][  4]Cmd: OBJ SAVEPACKAGE PACKAGE="/Game/Models/RocketProjectile" FILE="../../../../../../Users/Aric's PC/Documents/Unreal Projects/CarBlueprints/Content/Models/RocketProjectile.uasset" SILENT=true
[2017.12.22-21.23.52:991][  4]LogSavePackage: Save=35.72ms
[2017.12.22-21.23.52:991][  4]LogSavePackage: Moving '../../../../../../Users/Aric's PC/Documents/Unreal Projects/CarBlueprints/Saved/RocketProjectileD915BBB6439E6DA80A697680B3033978.tmp' to '../../../../../../Users/Aric's PC/Documents/Unreal Projects/CarBlueprints/Content/Models/RocketProjectile.uasset'
[2017.12.22-21.23.53:020][  4]LogSavePackage: Display: Finished SavePackage ../../../../../../Users/Aric's PC/Documents/Unreal Projects/CarBlueprints/Content/Models/RocketProjectile.uasset
[2017.12.22-21.28.24:829][413]LogSlate: Took 0.000684 seconds to synchronously load lazily loaded font '../../../Engine/Content/Slate/Fonts/Roboto-Light.ttf' (159K)
[2017.12.22-21.28.34:468][440]LogSavePackage: Save=430.90ms
[2017.12.22-21.28.34:468][440]LogSavePackage: Moving '../../../../../../Users/Aric's PC/Documents/Unreal Projects/CarBlueprints/Saved/VehicleAdvExampleMap_Auto1E75D39AD4FA063E05AB23FBFB35E54D1.tmp' to '../../../../../../Users/Aric's PC/Documents/Unreal Projects/CarBlueprints/Saved/Autosaves/Game/VehicleAdvBP/Maps/VehicleAdvExampleMap_Auto1.umap'
[2017.12.22-21.28.34:472][440]LogSavePackage: Display: Finished SavePackage ../../../../../../Users/Aric's PC/Documents/Unreal Projects/CarBlueprints/Saved/Autosaves/Game/VehicleAdvBP/Maps/VehicleAdvExampleMap_Auto1.umap
[2017.12.22-21.28.34:476][440]LogFileHelpers: Editor autosave (incl. sublevels) for '/Game/VehicleAdvBP/Maps/VehicleAdvExampleMap' took 0.594
[2017.12.22-21.28.34:476][440]LogFileHelpers: Editor autosave (incl. sublevels) for all levels took 0.594
[2017.12.22-21.28.34:481][440]OBJ SavePackage: Generating thumbnails for [1] asset(s) in package [/Game/VehicleAdvBP/Blueprints/RocketProjectile] ([1] browsable assets)...
[2017.12.22-21.28.34:619][440]OBJ SavePackage:     Rendered thumbnail for [Blueprint /Game/VehicleAdvBP/Blueprints/RocketProjectile.RocketProjectile]
[2017.12.22-21.28.34:619][440]OBJ SavePackage: Finished generating thumbnails for package [/Game/VehicleAdvBP/Blueprints/RocketProjectile]
[2017.12.22-21.28.34:748][440]LogSavePackage: Save=77.34ms
[2017.12.22-21.28.34:748][440]LogSavePackage: Moving '../../../../../../Users/Aric's PC/Documents/Unreal Projects/CarBlueprints/Saved/RocketProjectile_Auto1839CA2CC429193C90EB146A312C2C077.tmp' to '../../../../../../Users/Aric's PC/Documents/Unreal Projects/CarBlueprints/Saved/Autosaves/Game/VehicleAdvBP/Blueprints/RocketProjectile_Auto1.uasset'
[2017.12.22-21.28.34:753][440]LogSavePackage: Display: Finished SavePackage ../../../../../../Users/Aric's PC/Documents/Unreal Projects/CarBlueprints/Saved/Autosaves/Game/VehicleAdvBP/Blueprints/RocketProjectile_Auto1.uasset
[2017.12.22-21.28.34:754][440]LogFileHelpers: Auto-saving content packages took 0.275
[2017.12.22-21.30.05:613][177]Cmd: DELETE
[2017.12.22-21.30.05:614][177]Cmd: ACTOR DELETE
[2017.12.22-21.30.05:615][177]LogEditorActor: Deleted Actor: Blueprint_Effect_Fire_C
[2017.12.22-21.30.05:665][177]LogEditorActor: Deleted 1 Actors (0.051 secs)
[2017.12.22-21.38.01:280][778]LogActorComponent: UnregisterComponent: (/Engine/Transient.EditorFloorComp) Not registered. Aborting.
[2017.12.22-21.38.01:457][778]LogActorComponent: UnregisterComponent: (/Engine/Transient.EditorFloorComp) Not registered. Aborting.
[2017.12.22-21.40.07:993][511]BlueprintLog: New page: Compile RocketProjectile
[2017.12.22-21.40.08:306][511]LogBlueprint: Error: [Compiler RocketProjectile] The type of  Object  is undetermined.  Connect something to  Cast To Blueprint_Effect_Fire  to imply a specific type.
[2017.12.22-21.40.08:363][511]LogBlueprint: Error: [Compiler RocketProjectile] The current value of the ' Object ' pin is invalid: Unsupported type Object Wildcard on pin Object
[2017.12.22-21.40.08:641][511]LogBlueprint: Warning: [Compiler RocketProjectile] [1579.80] Compile of RocketProjectile failed. 2 Fatal Issue(s) 0 Warning(s) [in 648 ms] (/Game/VehicleAdvBP/Blueprints/RocketProjectile.RocketProjectile)
[2017.12.22-21.41.03:257][129]BlueprintLog: New page: Compile RocketProjectile
[2017.12.22-21.41.03:277][129]LogBlueprint: Error: [Compiler RocketProjectile] This blueprint (self) is not a Viewport, therefore ' Target ' must have a connection.
[2017.12.22-21.41.03:484][129]LogBlueprint: Warning: [Compiler RocketProjectile] [1634.64] Compile of RocketProjectile failed. 1 Fatal Issue(s) 0 Warning(s) [in 226 ms] (/Game/VehicleAdvBP/Blueprints/RocketProjectile.RocketProjectile)
[2017.12.22-21.41.48:407][633]BlueprintLog: New page: Compile RocketProjectile
[2017.12.22-21.41.50:108][645]LogSavePackage: Save=87.59ms
[2017.12.22-21.41.50:108][645]LogSavePackage: Moving '../../../../../../Users/Aric's PC/Documents/Unreal Projects/CarBlueprints/Saved/RocketProjectile966D33FE419BABEFD79348804B23DD62.tmp' to '../../../../../../Users/Aric's PC/Documents/Unreal Projects/CarBlueprints/Content/VehicleAdvBP/Blueprints/RocketProjectile.uasset'
[2017.12.22-21.41.50:118][645]LogSavePackage: Display: Finished SavePackage ../../../../../../Users/Aric's PC/Documents/Unreal Projects/CarBlueprints/Content/VehicleAdvBP/Blueprints/RocketProjectile.uasset
[2017.12.22-21.42.49:453][311]BlueprintLog: New page: Compile RocketProjectile
[2017.12.22-21.42.58:149][442]LogTemp: Repeating last play command: Selected Viewport
[2017.12.22-21.42.58:179][442]LogBlueprintUserMessages: Early PlayInEditor Detection: Level '/Game/VehicleAdvBP/Maps/VehicleAdvExampleMap.VehicleAdvExampleMap:PersistentLevel' has LevelScriptBlueprint '/Game/VehicleAdvBP/Maps/VehicleAdvExampleMap.VehicleAdvExampleMap:PersistentLevel.VehicleAdvExampleMap' with GeneratedClass '/Game/VehicleAdvBP/Maps/VehicleAdvExampleMap.VehicleAdvExampleMap_C' with ClassGeneratedBy '/Game/VehicleAdvBP/Maps/VehicleAdvExampleMap.VehicleAdvExampleMap:PersistentLevel.VehicleAdvExampleMap'
[2017.12.22-21.42.58:179][442]LogPlayLevel: PlayLevel: No blueprints needed recompiling
[2017.12.22-21.42.58:179][442]PIE: New page: PIE session: VehicleAdvExampleMap (Dec 22, 2017, 11:42:58 AM)
[2017.12.22-21.42.58:179][442]LogPlayLevel: Creating play world package: /Game/VehicleAdvBP/Maps/UEDPIE_0_VehicleAdvExampleMap
[2017.12.22-21.42.58:216][442]LogPlayLevel: PIE: StaticDuplicateObject took: (0.036620s)
[2017.12.22-21.42.58:218][442]LogAIModule: Creating AISystem for world VehicleAdvExampleMap
[2017.12.22-21.42.58:218][442]LogPlayLevel: PIE: World Init took: (0.001376s)
[2017.12.22-21.42.58:218][442]LogPlayLevel: PIE: Created PIE world by copying editor world from /Game/VehicleAdvBP/Maps/VehicleAdvExampleMap.VehicleAdvExampleMap to /Game/VehicleAdvBP/Maps/UEDPIE_0_VehicleAdvExampleMap.VehicleAdvExampleMap (0.038411s)
[2017.12.22-21.42.58:244][442]LogInit: XAudio2 using 'Speakers / Headphones (Realtek Audio)' : 2 channels at 48 kHz using 32 bits per sample (channel mask 0x3)
[2017.12.22-21.42.58:261][442]LogInit: FAudioDevice initialized.
[2017.12.22-21.42.58:300][442]LogLoad: Game class is 'VehicleAdvGameMode_C'
[2017.12.22-21.42.58:312][442]LogWorld: Bringing World /Game/VehicleAdvBP/Maps/UEDPIE_0_VehicleAdvExampleMap.VehicleAdvExampleMap up for play (max tick rate 0) at 2017.12.22-16.42.58
[2017.12.22-21.42.58:313][442]LogWorld: Bringing up level for play took: 0.007175
[2017.12.22-21.42.58:316][442]PIE: Play in editor start time for /Game/VehicleAdvBP/Maps/UEDPIE_0_VehicleAdvExampleMap 0.338
[2017.12.22-21.42.58:317][442]LogBlueprintUserMessages: Late PlayInEditor Detection: Level '/Game/VehicleAdvBP/Maps/VehicleAdvExampleMap.VehicleAdvExampleMap:PersistentLevel' has LevelScriptBlueprint '/Game/VehicleAdvBP/Maps/VehicleAdvExampleMap.VehicleAdvExampleMap:PersistentLevel.VehicleAdvExampleMap' with GeneratedClass '/Game/VehicleAdvBP/Maps/VehicleAdvExampleMap.VehicleAdvExampleMap_C' with ClassGeneratedBy '/Game/VehicleAdvBP/Maps/VehicleAdvExampleMap.VehicleAdvExampleMap:PersistentLevel.VehicleAdvExampleMap'
[2017.12.22-21.43.01:505][538]LogBlueprintUserMessages: [BP_Weapon_Pickup2_68] Seocndary Added
[2017.12.22-21.43.40:555][941]LogBlueprintUserMessages: Early EndPlayMap Detection: Level '/Game/VehicleAdvBP/Maps/VehicleAdvExampleMap.VehicleAdvExampleMap:PersistentLevel' has LevelScriptBlueprint '/Game/VehicleAdvBP/Maps/VehicleAdvExampleMap.VehicleAdvExampleMap:PersistentLevel.VehicleAdvExampleMap' with GeneratedClass '/Game/VehicleAdvBP/Maps/VehicleAdvExampleMap.VehicleAdvExampleMap_C' with ClassGeneratedBy '/Game/VehicleAdvBP/Maps/VehicleAdvExampleMap.VehicleAdvExampleMap:PersistentLevel.VehicleAdvExampleMap'
[2017.12.22-21.43.40:699][941]LogBlueprintUserMessages: Late EndPlayMap Detection: Level '/Game/VehicleAdvBP/Maps/VehicleAdvExampleMap.VehicleAdvExampleMap:PersistentLevel' has LevelScriptBlueprint '/Game/VehicleAdvBP/Maps/VehicleAdvExampleMap.VehicleAdvExampleMap:PersistentLevel.VehicleAdvExampleMap' with GeneratedClass '/Game/VehicleAdvBP/Maps/VehicleAdvExampleMap.VehicleAdvExampleMap_C' with ClassGeneratedBy '/Game/VehicleAdvBP/Maps/VehicleAdvExampleMap.VehicleAdvExampleMap:PersistentLevel.VehicleAdvExampleMap'
[2017.12.22-21.44.25:670][900]LogSavePackage: Save=674.20ms
[2017.12.22-21.44.25:670][900]LogSavePackage: Moving '../../../../../../Users/Aric's PC/Documents/Unreal Projects/CarBlueprints/Saved/VehicleAdvExampleMap_Auto211EB2C714F35D04AA6C20591F1BE5716.tmp' to '../../../../../../Users/Aric's PC/Documents/Unreal Projects/CarBlueprints/Saved/Autosaves/Game/VehicleAdvBP/Maps/VehicleAdvExampleMap_Auto2.umap'
[2017.12.22-21.44.25:675][900]LogSavePackage: Display: Finished SavePackage ../../../../../../Users/Aric's PC/Documents/Unreal Projects/CarBlueprints/Saved/Autosaves/Game/VehicleAdvBP/Maps/VehicleAdvExampleMap_Auto2.umap
[2017.12.22-21.44.25:677][900]LogFileHelpers: Editor autosave (incl. sublevels) for '/Game/VehicleAdvBP/Maps/VehicleAdvExampleMap' took 0.968
[2017.12.22-21.44.25:677][900]LogFileHelpers: Editor autosave (incl. sublevels) for all levels took 0.968
[2017.12.22-21.44.25:681][900]OBJ SavePackage: Generating thumbnails for [1] asset(s) in package [/Game/VehicleAdvBP/Blueprints/RocketProjectile] ([1] browsable assets)...
[2017.12.22-21.44.25:847][900]OBJ SavePackage:     Rendered thumbnail for [Blueprint /Game/VehicleAdvBP/Blueprints/RocketProjectile.RocketProjectile]
[2017.12.22-21.44.25:847][900]OBJ SavePackage: Finished generating thumbnails for package [/Game/VehicleAdvBP/Blueprints/RocketProjectile]
[2017.12.22-21.44.26:019][900]LogSavePackage: Save=116.49ms
[2017.12.22-21.44.26:019][900]LogSavePackage: Moving '../../../../../../Users/Aric's PC/Documents/Unreal Projects/CarBlueprints/Saved/RocketProjectile_Auto211A1C9854B79A95992E66FA558D8E7A3.tmp' to '../../../../../../Users/Aric's PC/Documents/Unreal Projects/CarBlueprints/Saved/Autosaves/Game/VehicleAdvBP/Blueprints/RocketProjectile_Auto2.uasset'
[2017.12.22-21.44.26:022][900]LogSavePackage: Display: Finished SavePackage ../../../../../../Users/Aric's PC/Documents/Unreal Projects/CarBlueprints/Saved/Autosaves/Game/VehicleAdvBP/Blueprints/RocketProjectile_Auto2.uasset
[2017.12.22-21.44.26:023][900]LogFileHelpers: Auto-saving content packages took 0.344
[2017.12.22-21.45.21:317][506]LogTemp: Repeating last play command: Selected Viewport
[2017.12.22-21.45.21:454][506]LogBlueprintUserMessages: Early PlayInEditor Detection: Level '/Game/VehicleAdvBP/Maps/VehicleAdvExampleMap.VehicleAdvExampleMap:PersistentLevel' has LevelScriptBlueprint '/Game/VehicleAdvBP/Maps/VehicleAdvExampleMap.VehicleAdvExampleMap:PersistentLevel.VehicleAdvExampleMap' with GeneratedClass '/Game/VehicleAdvBP/Maps/VehicleAdvExampleMap.VehicleAdvExampleMap_C' with ClassGeneratedBy '/Game/VehicleAdvBP/Maps/VehicleAdvExampleMap.VehicleAdvExampleMap:PersistentLevel.VehicleAdvExampleMap'
[2017.12.22-21.45.21:454][506]LogPlayLevel: PlayLevel: No blueprints needed recompiling
[2017.12.22-21.45.21:454][506]PIE: New page: PIE session: VehicleAdvExampleMap (Dec 22, 2017, 11:45:21 AM)
[2017.12.22-21.45.21:455][506]LogPlayLevel: Creating play world package: /Game/VehicleAdvBP/Maps/UEDPIE_0_VehicleAdvExampleMap
[2017.12.22-21.45.21:599][506]LogPlayLevel: PIE: StaticDuplicateObject took: (0.144426s)
[2017.12.22-21.45.21:601][506]LogAIModule: Creating AISystem for world VehicleAdvExampleMap
[2017.12.22-21.45.21:602][506]LogPlayLevel: PIE: World Init took: (0.002276s)
[2017.12.22-21.45.21:602][506]LogPlayLevel: PIE: Created PIE world by copying editor world from /Game/VehicleAdvBP/Maps/VehicleAdvExampleMap.VehicleAdvExampleMap to /Game/VehicleAdvBP/Maps/UEDPIE_0_VehicleAdvExampleMap.VehicleAdvExampleMap (0.147419s)
[2017.12.22-21.45.21:656][506]LogInit: XAudio2 using 'Speakers / Headphones (Realtek Audio)' : 2 channels at 48 kHz using 32 bits per sample (channel mask 0x3)
[2017.12.22-21.45.21:693][506]LogInit: FAudioDevice initialized.
[2017.12.22-21.45.21:740][506]LogLoad: Game class is 'VehicleAdvGameMode_C'
[2017.12.22-21.45.21:771][506]LogWorld: Bringing World /Game/VehicleAdvBP/Maps/UEDPIE_0_VehicleAdvExampleMap.VehicleAdvExampleMap up for play (max tick rate 0) at 2017.12.22-16.45.21
[2017.12.22-21.45.21:774][506]LogWorld: Bringing up level for play took: 0.019673
[2017.12.22-21.45.21:782][506]PIE: Play in editor start time for /Game/VehicleAdvBP/Maps/UEDPIE_0_VehicleAdvExampleMap -0.196
[2017.12.22-21.45.21:783][506]LogBlueprintUserMessages: Late PlayInEditor Detection: Level '/Game/VehicleAdvBP/Maps/VehicleAdvExampleMap.VehicleAdvExampleMap:PersistentLevel' has LevelScriptBlueprint '/Game/VehicleAdvBP/Maps/VehicleAdvExampleMap.VehicleAdvExampleMap:PersistentLevel.VehicleAdvExampleMap' with GeneratedClass '/Game/VehicleAdvBP/Maps/VehicleAdvExampleMap.VehicleAdvExampleMap_C' with ClassGeneratedBy '/Game/VehicleAdvBP/Maps/VehicleAdvExampleMap.VehicleAdvExampleMap:PersistentLevel.VehicleAdvExampleMap'
[2017.12.22-21.45.27:576][673]LogBlueprintUserMessages: Early EndPlayMap Detection: Level '/Game/VehicleAdvBP/Maps/VehicleAdvExampleMap.VehicleAdvExampleMap:PersistentLevel' has LevelScriptBlueprint '/Game/VehicleAdvBP/Maps/VehicleAdvExampleMap.VehicleAdvExampleMap:PersistentLevel.VehicleAdvExampleMap' with GeneratedClass '/Game/VehicleAdvBP/Maps/VehicleAdvExampleMap.VehicleAdvExampleMap_C' with ClassGeneratedBy '/Game/VehicleAdvBP/Maps/VehicleAdvExampleMap.VehicleAdvExampleMap:PersistentLevel.VehicleAdvExampleMap'
[2017.12.22-21.45.27:658][673]LogBlueprintUserMessages: Late EndPlayMap Detection: Level '/Game/VehicleAdvBP/Maps/VehicleAdvExampleMap.VehicleAdvExampleMap:PersistentLevel' has LevelScriptBlueprint '/Game/VehicleAdvBP/Maps/VehicleAdvExampleMap.VehicleAdvExampleMap:PersistentLevel.VehicleAdvExampleMap' with GeneratedClass '/Game/VehicleAdvBP/Maps/VehicleAdvExampleMap.VehicleAdvExampleMap_C' with ClassGeneratedBy '/Game/VehicleAdvBP/Maps/VehicleAdvExampleMap.VehicleAdvExampleMap:PersistentLevel.VehicleAdvExampleMap'
[2017.12.22-21.45.30:321][739]LogEditorActor: Deleted Actor: RocketProjectile_C
[2017.12.22-21.45.30:351][739]LogEditorActor: Deleted 1 Actors (0.031 secs)
[2017.12.22-21.45.45:395][146]LogEditorViewport: Clicking on Actor (LMB): RocketProjectile_C (RocketProjectile)
[2017.12.22-21.45.46:577][181]Cmd: DELETE
[2017.12.22-21.45.46:577][181]Cmd: ACTOR DELETE
[2017.12.22-21.45.46:579][181]LogEditorActor: Deleted Actor: RocketProjectile_C
[2017.12.22-21.45.46:627][181]LogEditorActor: Deleted 1 Actors (0.049 secs)
[2017.12.22-21.46.15:725][740]Cmd: QUIT_EDITOR
[2017.12.22-21.46.16:885][740]LogWindowsTextInputMethodSystem: Display: IME system now deactivated.
[2017.12.22-21.46.17:064][740]LogExit: Preparing to exit.
[2017.12.22-21.46.21:277][740]LogDirectoryWatcher: A directory notification for 'C:/Users/Aric's PC/Documents/Unreal Projects/CarBlueprints/Content/' was aborted.
[2017.12.22-21.46.23:490][740]LogExit: Editor shut down
[2017.12.22-21.46.23:570][740]LogExit: Transaction tracking system shut down
[2017.12.22-21.46.24:517][740]LogDirectoryWatcher: A directory notification for '../../../Engine/Content/' was aborted.
[2017.12.22-21.46.24:517][740]LogDirectoryWatcher: A directory notification for '../../../../../../Users/Aric's PC/Documents/Unreal Projects/CarBlueprints/Content/' was aborted.
[2017.12.22-21.46.24:517][740]LogDirectoryWatcher: A directory notification for '../../../Engine/Plugins/2D/Paper2D/Content/' was aborted.
[2017.12.22-21.46.24:517][740]LogDirectoryWatcher: A directory notification for '../../../Engine/Plugins/Runtime/Oculus/OculusVR/Content/' was aborted.
[2017.12.22-21.46.24:517][740]LogDirectoryWatcher: A directory notification for '../../../Engine/Plugins/Runtime/Steam/SteamVR/Content/' was aborted.
[2017.12.22-21.46.26:275][740]LogExit: Object subsystem successfully closed.
[2017.12.22-21.46.26:578][740]LogD3D11RHI: Shutdown
[2017.12.22-21.46.26:579][740]LogD3D11RHI: CleanupD3DDevice
[2017.12.22-21.46.26:918][740]LogD3D11RHI: ~FD3D11DynamicRHI
[2017.12.22-21.46.27:710][740]LogModuleManager: Shutting down and abandoning module StaticMeshEditor (540)
[2017.12.22-21.46.27:711][740]LogModuleManager: Shutting down and abandoning module MovieSceneCapture (538)
[2017.12.22-21.46.27:712][740]LogModuleManager: Shutting down and abandoning module BlueprintGraph (536)
[2017.12.22-21.46.27:712][740]LogModuleManager: Shutting down and abandoning module BlueprintProfiler (534)
[2017.12.22-21.46.27:715][740]LogModuleManager: Shutting down and abandoning module HierarchicalLODOutliner (532)
[2017.12.22-21.46.27:715][740]LogModuleManager: Shutting down and abandoning module SceneOutliner (530)
[2017.12.22-21.46.27:717][740]LogModuleManager: Shutting down and abandoning module AddContentDialog (528)
[2017.12.22-21.46.27:784][740]LogDirectoryWatcher: A directory notification for 'C:/Program Files/Epic Games/UE_4.17/FeaturePacks/' was aborted.
[2017.12.22-21.46.28:687][740]LogModuleManager: Shutting down and abandoning module WidgetCarousel (527)
[2017.12.22-21.46.28:687][740]LogModuleManager: Shutting down and abandoning module EditorWidgets (524)
[2017.12.22-21.46.28:687][740]LogModuleManager: Shutting down and abandoning module CollectionManager (522)
[2017.12.22-21.46.28:688][740]LogDirectoryWatcher: A directory notification for 'C:/Users/Aric's PC/Documents/Unreal Projects/CarBlueprints/Content/Collections/' was aborted.
[2017.12.22-21.46.28:694][740]LogDirectoryWatcher: A directory notification for 'C:/Users/Aric's PC/Documents/Unreal Projects/CarBlueprints/Content/Developers/AricsPC/Collections/' was aborted.
[2017.12.22-21.46.28:704][740]LogDirectoryWatcher: A directory notification for 'C:/Users/Aric's PC/Documents/Unreal Projects/CarBlueprints/Saved/Collections/' was aborted.
[2017.12.22-21.46.28:720][740]LogModuleManager: Shutting down and abandoning module StatsViewer (520)
[2017.12.22-21.46.28:721][740]LogModuleManager: Shutting down and abandoning module FoliageEdit (518)
[2017.12.22-21.46.28:721][740]LogModuleManager: Shutting down and abandoning module LandscapeEditor (516)
[2017.12.22-21.46.28:722][740]LogModuleManager: Shutting down and abandoning module MeshPaintMode (514)
[2017.12.22-21.46.28:722][740]LogModuleManager: Shutting down and abandoning module SceneDepthPickerMode (512)
[2017.12.22-21.46.28:722][740]LogModuleManager: Shutting down and abandoning module ActorPickerMode (510)
[2017.12.22-21.46.28:722][740]LogModuleManager: Shutting down and abandoning module GeometryMode (508)
[2017.12.22-21.46.28:722][740]LogModuleManager: Shutting down and abandoning module TextureAlignMode (506)
[2017.12.22-21.46.28:722][740]LogModuleManager: Shutting down and abandoning module BspMode (504)
[2017.12.22-21.46.28:723][740]LogModuleManager: Shutting down and abandoning module PIEPreviewDeviceProfileSelector (502)
[2017.12.22-21.46.28:723][740]LogModuleManager: Shutting down and abandoning module HardwareSurvey (500)
[2017.12.22-21.46.28:723][740]LogModuleManager: Shutting down and abandoning module SequenceRecorderSections (498)
[2017.12.22-21.46.28:723][740]LogModuleManager: Shutting down and abandoning module AutomationWorker (496)
[2017.12.22-21.46.28:724][740]LogModuleManager: Shutting down and abandoning module MatineeToLevelSequence (494)
[2017.12.22-21.46.28:724][740]LogModuleManager: Shutting down and abandoning module LevelSequenceEditor (492)
[2017.12.22-21.46.28:732][740]LogModuleManager: Shutting down and abandoning module PlacementMode (491)
[2017.12.22-21.46.28:732][740]LogModuleManager: Shutting down and abandoning module WmfMediaFactory (488)
[2017.12.22-21.46.28:732][740]LogModuleManager: Shutting down and abandoning module WmfMediaEditor (486)
[2017.12.22-21.46.28:732][740]LogModuleManager: Shutting down and abandoning module AvfMediaFactory (484)
[2017.12.22-21.46.28:732][740]LogModuleManager: Shutting down and abandoning module AvfMediaEditor (482)
[2017.12.22-21.46.28:732][740]LogModuleManager: Shutting down and abandoning module AndroidMediaFactory (480)
[2017.12.22-21.46.28:732][740]LogModuleManager: Shutting down and abandoning module Media (479)
[2017.12.22-21.46.28:732][740]LogModuleManager: Shutting down and abandoning module AndroidMediaEditor (476)
[2017.12.22-21.46.28:732][740]LogModuleManager: Shutting down and abandoning module CharacterAI (474)
[2017.12.22-21.46.28:732][740]LogModuleManager: Shutting down and abandoning module AudioCapture (472)
[2017.12.22-21.46.28:732][740]LogModuleManager: Shutting down and abandoning module SequenceRecorder (471)
[2017.12.22-21.46.28:733][740]LogModuleManager: Shutting down and abandoning module SmartSnapping (468)
[2017.12.22-21.46.28:733][740]LogModuleManager: Shutting down and abandoning module SessionServices (466)
[2017.12.22-21.46.28:733][740]LogModuleManager: Shutting down and abandoning module ViewportSnapping (464)
[2017.12.22-21.46.28:733][740]LogModuleManager: Shutting down and abandoning module ViewportInteraction (462)
[2017.12.22-21.46.28:733][740]LogModuleManager: Shutting down and abandoning module ClothPainter (460)
[2017.12.22-21.46.28:736][740]LogModuleManager: Shutting down and abandoning module LogVisualizer (458)
[2017.12.22-21.46.28:763][740]LogModuleManager: Shutting down and abandoning module IntroTutorials (456)
[2017.12.22-21.46.28:817][740]LogModuleManager: Shutting down and abandoning module GameProjectGeneration (455)
[2017.12.22-21.46.28:834][740]LogModuleManager: Shutting down and abandoning module IOSPlatformEditor (452)
[2017.12.22-21.46.28:835][740]LogModuleManager: Shutting down and abandoning module HTML5PlatformEditor (450)
[2017.12.22-21.46.28:835][740]LogModuleManager: Shutting down and abandoning module AndroidPlatformEditor (448)
[2017.12.22-21.46.28:835][740]LogModuleManager: Shutting down and abandoning module AndroidDeviceDetection (447)
[2017.12.22-21.46.29:659][740]LogModuleManager: Shutting down and abandoning module WindowsPlatformEditor (444)
[2017.12.22-21.46.29:660][740]LogModuleManager: Shutting down and abandoning module IOSRuntimeSettings (442)
[2017.12.22-21.46.29:660][740]LogModuleManager: Shutting down and abandoning module AndroidRuntimeSettings (440)
[2017.12.22-21.46.29:660][740]LogModuleManager: Shutting down and abandoning module InputBindingEditor (438)
[2017.12.22-21.46.29:661][740]LogModuleManager: Shutting down and abandoning module MergeActors (436)
[2017.12.22-21.46.29:710][740]LogModuleManager: Shutting down and abandoning module SizeMap (434)
[2017.12.22-21.46.29:711][740]LogModuleManager: Shutting down and abandoning module TreeMap (432)
[2017.12.22-21.46.29:720][740]LogModuleManager: Shutting down and abandoning module ReferenceViewer (430)
[2017.12.22-21.46.29:720][740]LogModuleManager: Shutting down and abandoning module LocalizationDashboard (428)
[2017.12.22-21.46.29:722][740]LogModuleManager: Shutting down and abandoning module LocalizationService (427)
[2017.12.22-21.46.29:723][740]LogModuleManager: Shutting down and abandoning module HardwareTargeting (424)
[2017.12.22-21.46.29:723][740]LogModuleManager: Shutting down and abandoning module DeviceProfileEditor (422)
[2017.12.22-21.46.29:724][740]LogModuleManager: Shutting down and abandoning module UndoHistory (420)
[2017.12.22-21.46.29:724][740]LogModuleManager: Shutting down and abandoning module XmlParser (418)
[2017.12.22-21.46.29:725][740]LogModuleManager: Shutting down and abandoning module Blutility (416)
[2017.12.22-21.46.29:725][740]LogModuleManager: Shutting down and abandoning module ProjectSettingsViewer (414)
[2017.12.22-21.46.29:726][740]LogModuleManager: Shutting down and abandoning module ProjectTargetPlatformEditor (413)
[2017.12.22-21.46.29:726][740]LogModuleManager: Shutting down and abandoning module EditorSettingsViewer (410)
[2017.12.22-21.46.29:726][740]LogModuleManager: Shutting down and abandoning module SettingsEditor (408)
[2017.12.22-21.46.29:743][740]LogModuleManager: Shutting down and abandoning module ProjectLauncher (406)
[2017.12.22-21.46.29:744][740]LogModuleManager: Shutting down and abandoning module SessionFrontend (404)
[2017.12.22-21.46.29:746][740]LogModuleManager: Shutting down and abandoning module ProfilerClient (402)
[2017.12.22-21.46.29:747][740]LogModuleManager: Shutting down and abandoning module DeviceManager (400)
[2017.12.22-21.46.29:748][740]LogModuleManager: Shutting down and abandoning module TargetDeviceServices (399)
[2017.12.22-21.46.29:802][740]LogModuleManager: Shutting down and abandoning module AutomationController (396)
[2017.12.22-21.46.29:812][740]LogModuleManager: Shutting down and abandoning module AutomationWindow (394)
[2017.12.22-21.46.29:920][740]LogModuleManager: Shutting down and abandoning module Layers (392)
[2017.12.22-21.46.29:924][740]LogModuleManager: Shutting down and abandoning module ComponentVisualizers (390)
[2017.12.22-21.46.29:924][740]LogModuleManager: Shutting down and abandoning module DetailCustomizations (388)
[2017.12.22-21.46.29:988][740]LogModuleManager: Shutting down and abandoning module PackagesDialog (386)
[2017.12.22-21.46.29:988][740]LogModuleManager: Shutting down and abandoning module Persona (384)
[2017.12.22-21.46.29:991][740]LogModuleManager: Shutting down and abandoning module AdvancedPreviewScene (383)
[2017.12.22-21.46.29:991][740]LogModuleManager: Shutting down and abandoning module AnimGraph (381)
[2017.12.22-21.46.29:992][740]LogModuleManager: Shutting down and abandoning module Kismet (378)
[2017.12.22-21.46.30:017][740]LogModuleManager: Shutting down and abandoning module ClassViewer (376)
[2017.12.22-21.46.30:021][740]LogModuleManager: Shutting down and abandoning module Toolbox (374)
[2017.12.22-21.46.30:021][740]LogModuleManager: Shutting down and abandoning module ModuleUI (372)
[2017.12.22-21.46.30:022][740]LogModuleManager: Shutting down and abandoning module MovieSceneTools (370)
[2017.12.22-21.46.30:024][740]LogModuleManager: Shutting down and abandoning module OutputLog (368)
[2017.12.22-21.46.30:025][740]LogModuleManager: Shutting down and abandoning module GammaUI (366)
[2017.12.22-21.46.30:063][740]LogModuleManager: Shutting down and abandoning module Documentation (364)
[2017.12.22-21.46.30:063][740]LogModuleManager: Shutting down and abandoning module MovieSceneTracks (362)
[2017.12.22-21.46.30:063][740]LogModuleManager: Shutting down and abandoning module MovieScene (360)
[2017.12.22-21.46.30:063][740]LogModuleManager: Shutting down and abandoning module Niagara (358)
[2017.12.22-21.46.30:063][740]LogModuleManager: Shutting down and abandoning module NiagaraEditor (357)
[2017.12.22-21.46.30:096][740]LogModuleManager: Shutting down and abandoning module StreamingPauseRendering (354)
[2017.12.22-21.46.30:096][740]LogModuleManager: Shutting down and abandoning module LauncherPlatform (352)
[2017.12.22-21.46.30:096][740]LogModuleManager: Shutting down and abandoning module AnalyticsET (350)
[2017.12.22-21.46.30:096][740]LogModuleManager: Shutting down and abandoning module PortalServices (348)
[2017.12.22-21.46.30:096][740]LogModuleManager: Shutting down and abandoning module PortalRpc (346)
[2017.12.22-21.46.30:096][740]LogModuleManager: Shutting down and abandoning module MessagingRpc (344)
[2017.12.22-21.46.30:096][740]LogModuleManager: Shutting down and abandoning module AIModule (342)
[2017.12.22-21.46.30:096][740]LogModuleManager: Shutting down and abandoning module GameplayDebugger (341)
[2017.12.22-21.46.30:096][740]LogModuleManager: Shutting down and abandoning module AITestSuite (339)
[2017.12.22-21.46.30:097][740]LogModuleManager: Shutting down and abandoning module ProfilerService (336)
[2017.12.22-21.46.30:279][740]LogModuleManager: Shutting down and abandoning module TaskGraph (334)
[2017.12.22-21.46.30:281][740]LogModuleManager: Shutting down and abandoning module SteamVRController (332)
[2017.12.22-21.46.30:282][740]LogModuleManager: Shutting down and abandoning module ProceduralMeshComponentEditor (330)
[2017.12.22-21.46.30:282][740]LogModuleManager: Shutting down and abandoning module ProceduralMeshComponent (328)
[2017.12.22-21.46.30:282][740]LogModuleManager: Shutting down and abandoning module OculusInput (326)
[2017.12.22-21.46.30:282][740]LogModuleManager: Shutting down and abandoning module MobilePatchingUtils (324)
[2017.12.22-21.46.30:282][740]LogModuleManager: Shutting down and abandoning module CustomMeshComponent (322)
[2017.12.22-21.46.30:282][740]LogModuleManager: Shutting down and abandoning module CableComponent (320)
[2017.12.22-21.46.30:282][740]LogModuleManager: Shutting down and abandoning module ArchVisCharacter (318)
[2017.12.22-21.46.30:282][740]LogModuleManager: Shutting down and abandoning module AndroidPermission (316)
[2017.12.22-21.46.30:282][740]LogModuleManager: Shutting down and abandoning module MediaPlayerEditor (312)
[2017.12.22-21.46.30:288][740]LogModuleManager: Shutting down and abandoning module RawInput (310)
[2017.12.22-21.46.30:352][740]LogModuleManager: Shutting down and abandoning module HTML5Networking (308)
[2017.12.22-21.46.30:352][740]LogModuleManager: Shutting down and abandoning module AlembicImporter (306)
[2017.12.22-21.46.30:356][740]LogModuleManager: Shutting down and abandoning module AlembicLibrary (305)
[2017.12.22-21.46.30:356][740]LogModuleManager: Shutting down and abandoning module GeometryCache (304)
[2017.12.22-21.46.30:356][740]LogModuleManager: Shutting down and abandoning module GeometryCacheEd (303)
[2017.12.22-21.46.30:356][740]LogModuleManager: Shutting down and abandoning module SpeedTreeImporter (298)
[2017.12.22-21.46.30:357][740]LogModuleManager: Shutting down and abandoning module PluginBrowser (296)
[2017.12.22-21.46.30:380][740]LogModuleManager: Shutting down and abandoning module MobileLauncherProfileWizard (294)
[2017.12.22-21.46.30:381][740]LogModuleManager: Shutting down and abandoning module VisualStudioSourceCodeAccess (292)
[2017.12.22-21.46.30:381][740]LogModuleManager: Shutting down and abandoning module DesktopPlatform (291)
[2017.12.22-21.46.30:382][740]LogModuleManager: Shutting down and abandoning module UObjectPlugin (288)
[2017.12.22-21.46.30:382][740]LogModuleManager: Shutting down and abandoning module SubversionSourceControl (286)
[2017.12.22-21.46.30:383][740]LogModuleManager: Shutting down and abandoning module PerforceSourceControl (284)
[2017.12.22-21.46.30:579][740]LogModuleManager: Shutting down and abandoning module GitSourceControl (282)
[2017.12.22-21.46.30:617][740]LogModuleManager: Shutting down and abandoning module SourceControl (281)
[2017.12.22-21.46.30:679][740]LogModuleManager: Shutting down and abandoning module LightPropagationVolumeEditor (278)
[2017.12.22-21.46.30:679][740]LogModuleManager: Shutting down and abandoning module PaperTiledImporter (276)
[2017.12.22-21.46.30:679][740]LogModuleManager: Shutting down and abandoning module PaperSpriteSheetImporter (274)
[2017.12.22-21.46.30:679][740]LogModuleManager: Shutting down and abandoning module Paper2DEditor (272)
[2017.12.22-21.46.30:680][740]LogModuleManager: Shutting down and abandoning module MeshPaint (271)
[2017.12.22-21.46.30:682][740]LogModuleManager: Shutting down and abandoning module LevelEditor (269)
[2017.12.22-21.46.30:724][740]LogModuleManager: Shutting down and abandoning module PixelInspectorModule (268)
[2017.12.22-21.46.30:726][740]LogModuleManager: Shutting down and abandoning module MainFrame (266)
[2017.12.22-21.46.30:727][740]LogModuleManager: Shutting down and abandoning module HotReload (265)
[2017.12.22-21.46.30:800][740]LogModuleManager: Shutting down and abandoning module RuntimePhysXCooking (260)
[2017.12.22-21.46.30:800][740]LogModuleManager: Shutting down and abandoning module PhysXVehiclesEditor (258)
[2017.12.22-21.46.30:800][740]LogModuleManager: Shutting down and abandoning module PhysXVehicles (256)
[2017.12.22-21.46.30:800][740]LogModuleManager: Shutting down and abandoning module OculusEditor (254)
[2017.12.22-21.46.30:800][740]LogModuleManager: Shutting down and abandoning module LocationServicesBPLibrary (252)
[2017.12.22-21.46.30:800][740]LogModuleManager: Shutting down and abandoning module ImmediatePhysicsEditor (250)
[2017.12.22-21.46.30:801][740]LogModuleManager: Shutting down and abandoning module ImmediatePhysics (248)
[2017.12.22-21.46.30:828][740]LogModuleManager: Shutting down and abandoning module UdpMessaging (246)
[2017.12.22-21.46.30:929][740]LogModuleManager: Shutting down and abandoning module TcpMessaging (244)
[2017.12.22-21.46.31:034][740]LogModuleManager: Shutting down and abandoning module GameplayTagsEditor (242)
[2017.12.22-21.46.31:039][740]LogModuleManager: Shutting down and abandoning module FacialAnimationEditor (240)
[2017.12.22-21.46.31:039][740]LogModuleManager: Shutting down and abandoning module FacialAnimation (238)
[2017.12.22-21.46.31:039][740]LogModuleManager: Shutting down and abandoning module AssetManagerEditor (236)
[2017.12.22-21.46.31:041][740]LogModuleManager: Shutting down and abandoning module GraphEditor (235)
[2017.12.22-21.46.31:042][740]LogModuleManager: Shutting down and abandoning module ContentBrowser (233)
[2017.12.22-21.46.31:044][740]LogModuleManager: Shutting down and abandoning module LightPropagationVolumeRuntime (230)
[2017.12.22-21.46.31:045][740]LogModuleManager: Shutting down and abandoning module Paper2D (228)
[2017.12.22-21.46.31:060][740]LogModuleManager: Shutting down and abandoning module WindowsMoviePlayer (226)
[2017.12.22-21.46.31:060][740]LogModuleManager: Shutting down and abandoning module WmfMedia (224)
[2017.12.22-21.46.31:068][740]LogModuleManager: Shutting down and abandoning module PacketHandler (222)
[2017.12.22-21.46.31:069][740]LogModuleManager: Shutting down and abandoning module ClothingSystemEditor (220)
[2017.12.22-21.46.31:069][740]LogModuleManager: Shutting down and abandoning module ClothingSystemRuntime (218)
[2017.12.22-21.46.31:070][740]LogModuleManager: Shutting down and abandoning module Overlay (216)
[2017.12.22-21.46.31:070][740]LogModuleManager: Shutting down and abandoning module OverlayEditor (215)
[2017.12.22-21.46.31:070][740]LogModuleManager: Shutting down and abandoning module MediaAssets (212)
[2017.12.22-21.46.31:070][740]LogModuleManager: Shutting down and abandoning module VREditor (210)
[2017.12.22-21.46.31:072][740]LogModuleManager: Shutting down and abandoning module StringTableEditor (208)
[2017.12.22-21.46.31:073][740]LogModuleManager: Shutting down and abandoning module GameplayTasksEditor (206)
[2017.12.22-21.46.31:073][740]LogModuleManager: Shutting down and abandoning module BehaviorTreeEditor (204)
[2017.12.22-21.46.31:076][740]LogModuleManager: Shutting down and abandoning module FunctionalTesting (202)
[2017.12.22-21.46.31:076][740]LogModuleManager: Shutting down and abandoning module CollisionAnalyzer (200)
[2017.12.22-21.46.31:088][740]LogModuleManager: Shutting down and abandoning module WorkspaceMenuStructure (199)
[2017.12.22-21.46.31:088][740]LogModuleManager: Shutting down and abandoning module UMG (196)
[2017.12.22-21.46.31:097][740]LogModuleManager: Shutting down and abandoning module UMGEditor (195)
[2017.12.22-21.46.31:099][740]LogModuleManager: Shutting down and abandoning module Sequencer (194)
[2017.12.22-21.46.31:101][740]LogModuleManager: Shutting down and abandoning module MessageLog (191)
[2017.12.22-21.46.31:101][740]LogModuleManager: Shutting down and abandoning module SlateReflector (186)
[2017.12.22-21.46.31:105][740]LogModuleManager: Shutting down and abandoning module Slate (184)
[2017.12.22-21.46.31:105][740]LogModuleManager: Shutting down and abandoning module EditorStyle (182)
[2017.12.22-21.46.31:112][740]LogModuleManager: Shutting down and abandoning module MRMesh (180)
[2017.12.22-21.46.31:112][740]LogModuleManager: Shutting down and abandoning module SourceCodeAccess (178)
[2017.12.22-21.46.31:112][740]LogModuleManager: Shutting down and abandoning module HeadMountedDisplay (176)
[2017.12.22-21.46.31:112][740]LogModuleManager: Shutting down and abandoning module XAudio2 (174)
[2017.12.22-21.46.31:112][740]LogModuleManager: Shutting down and abandoning module Networking (172)
[2017.12.22-21.46.31:112][740]LogModuleManager: Shutting down and abandoning module Core (168)
[2017.12.22-21.46.31:112][740]LogModuleManager: Shutting down and abandoning module KismetCompiler (164)
[2017.12.22-21.46.31:112][740]LogModuleManager: Shutting down and abandoning module LevelSequence (162)
[2017.12.22-21.46.31:112][740]LogModuleManager: Shutting down and abandoning module MeshUtilities (160)
[2017.12.22-21.46.31:114][740]LogModuleManager: Shutting down and abandoning module MeshMergeUtilities (159)
[2017.12.22-21.46.31:115][740]LogModuleManager: Shutting down and abandoning module MeshReductionInterface (158)
[2017.12.22-21.46.31:115][740]LogModuleManager: Shutting down and abandoning module SimplygonSwarm (157)
[2017.12.22-21.46.31:115][740]LogModuleManager: Shutting down and abandoning module SimplygonMeshReduction (155)
[2017.12.22-21.46.31:115][740]LogModuleManager: Shutting down and abandoning module QuadricMeshReduction (153)
[2017.12.22-21.46.31:126][740]LogModuleManager: Shutting down and abandoning module MaterialBaking (149)
[2017.12.22-21.46.31:126][740]LogModuleManager: Shutting down and abandoning module DirectoryWatcher (146)
[2017.12.22-21.46.31:133][740]LogModuleManager: Shutting down and abandoning module DerivedDataCache (144)
[2017.12.22-21.46.31:195][740]LogDerivedDataCache: Shutdown
[2017.12.22-21.46.31:195][740]LogModuleManager: Shutting down and abandoning module TargetPlatform (142)
[2017.12.22-21.46.31:196][740]LogModuleManager: Shutting down and abandoning module VulkanShaderFormat (141)
[2017.12.22-21.46.31:197][740]LogModuleManager: Shutting down and abandoning module ShaderFormatVectorVM (139)
[2017.12.22-21.46.31:198][740]LogModuleManager: Shutting down and abandoning module ShaderFormatOpenGL (137)
[2017.12.22-21.46.31:198][740]LogModuleManager: Shutting down and abandoning module ShaderFormatD3D (135)
[2017.12.22-21.46.31:199][740]LogModuleManager: Shutting down and abandoning module MetalShaderFormat (133)
[2017.12.22-21.46.31:200][740]LogModuleManager: Shutting down and abandoning module TextureFormatUncompressed (131)
[2017.12.22-21.46.31:200][740]LogModuleManager: Shutting down and abandoning module TextureFormatPVR (129)
[2017.12.22-21.46.31:200][740]LogModuleManager: Shutting down and abandoning module TextureFormatDXT (127)
[2017.12.22-21.46.31:201][740]LogModuleManager: Shutting down and abandoning module TextureFormatIntelISPCTexComp (125)
[2017.12.22-21.46.31:202][740]LogModuleManager: Shutting down and abandoning module TextureFormatASTC (123)
[2017.12.22-21.46.31:202][740]LogModuleManager: Shutting down and abandoning module ImageWrapper (122)
[2017.12.22-21.46.31:202][740]LogModuleManager: Shutting down and abandoning module TextureFormatAndroid (119)
[2017.12.22-21.46.31:202][740]LogModuleManager: Shutting down and abandoning module AudioFormatOpus (117)
[2017.12.22-21.46.31:202][740]LogModuleManager: Shutting down and abandoning module AudioFormatOgg (115)
[2017.12.22-21.46.31:202][740]LogModuleManager: Shutting down and abandoning module AudioFormatADPCM (113)
[2017.12.22-21.46.31:202][740]LogModuleManager: Shutting down and abandoning module LinuxTargetPlatform (111)
[2017.12.22-21.46.31:202][740]LogModuleManager: Shutting down and abandoning module LinuxServerTargetPlatform (109)
[2017.12.22-21.46.31:202][740]LogModuleManager: Shutting down and abandoning module LinuxNoEditorTargetPlatform (107)
[2017.12.22-21.46.31:202][740]LogModuleManager: Shutting down and abandoning module LinuxClientTargetPlatform (105)
[2017.12.22-21.46.31:202][740]LogModuleManager: Shutting down and abandoning module TVOSTargetPlatform (103)
[2017.12.22-21.46.31:202][740]LogModuleManager: Shutting down and abandoning module Messaging (101)
[2017.12.22-21.46.31:202][740]LogModuleManager: Shutting down and abandoning module IOSTargetPlatform (99)
[2017.12.22-21.46.31:202][740]LogModuleManager: Shutting down and abandoning module HTML5TargetPlatform (97)
[2017.12.22-21.46.31:202][740]LogModuleManager: Shutting down and abandoning module Android_PVRTCTargetPlatform (95)
[2017.12.22-21.46.31:202][740]LogModuleManager: Shutting down and abandoning module Android_MultiTargetPlatform (93)
[2017.12.22-21.46.31:232][740]LogModuleManager: Shutting down and abandoning module Android_ETC2TargetPlatform (91)
[2017.12.22-21.46.31:232][740]LogModuleManager: Shutting down and abandoning module Android_ETC1TargetPlatform (89)
[2017.12.22-21.46.31:232][740]LogModuleManager: Shutting down and abandoning module Android_DXTTargetPlatform (87)
[2017.12.22-21.46.31:232][740]LogModuleManager: Shutting down and abandoning module Android_ATCTargetPlatform (85)
[2017.12.22-21.46.31:232][740]LogModuleManager: Shutting down and abandoning module Android_ASTCTargetPlatform (83)
[2017.12.22-21.46.31:232][740]LogModuleManager: Shutting down and abandoning module AndroidTargetPlatform (81)
[2017.12.22-21.46.31:233][740]LogModuleManager: Shutting down and abandoning module WindowsTargetPlatform (79)
[2017.12.22-21.46.31:233][740]LogModuleManager: Shutting down and abandoning module WindowsServerTargetPlatform (77)
[2017.12.22-21.46.31:233][740]LogModuleManager: Shutting down and abandoning module WindowsNoEditorTargetPlatform (75)
[2017.12.22-21.46.31:233][740]LogModuleManager: Shutting down and abandoning module WindowsClientTargetPlatform (73)
[2017.12.22-21.46.31:233][740]LogModuleManager: Shutting down and abandoning module MacTargetPlatform (71)
[2017.12.22-21.46.31:233][740]LogModuleManager: Shutting down and abandoning module MacServerTargetPlatform (69)
[2017.12.22-21.46.31:233][740]LogModuleManager: Shutting down and abandoning module MacNoEditorTargetPlatform (67)
[2017.12.22-21.46.31:233][740]LogModuleManager: Shutting down and abandoning module MacClientTargetPlatform (65)
[2017.12.22-21.46.31:233][740]LogModuleManager: Shutting down and abandoning module AllDesktopTargetPlatform (63)
[2017.12.22-21.46.31:233][740]LogModuleManager: Shutting down and abandoning module InputCore (60)
[2017.12.22-21.46.31:233][740]LogModuleManager: Shutting down and abandoning module Settings (58)
[2017.12.22-21.46.31:233][740]LogModuleManager: Shutting down and abandoning module PhysXCooking (56)
[2017.12.22-21.46.31:234][740]LogModuleManager: Shutting down and abandoning module SteamVR (54)
[2017.12.22-21.46.31:234][740]LogModuleManager: Shutting down and abandoning module OculusHMD (52)
[2017.12.22-21.46.31:261][740]LogModuleManager: Shutting down and abandoning module ExampleDeviceProfileSelector (50)
[2017.12.22-21.46.31:261][740]LogModuleManager: Shutting down and abandoning module OnlineBlueprintSupport (48)
[2017.12.22-21.46.31:261][740]LogModuleManager: Shutting down and abandoning module OnlineSubsystem (44)
[2017.12.22-21.46.31:261][740]LogOnline: Display: Unloading online subsystem: NULL
[2017.12.22-21.46.31:263][740]LogModuleManager: Shutting down and abandoning module XMPP (43)
[2017.12.22-21.46.31:265][740]LogModuleManager: Shutting down and abandoning module HTTP (41)
[2017.12.22-21.46.31:265][740]LogHttp: Display: Http module shutting down, but needs to wait on 1 outstanding Http requests:
[2017.12.22-21.46.31:266][740]LogHttp: Display: 	verb=[POST] url=[https://datarouter.ol.epicgames.com/datarouter/api/v1/public/data?SessionID=%7B1F319DBB-4E50-2BF3-789B-DC99CDF152F2%7D&AppID=UEEditor.Rocket.Release&AppVersion=4.17.2-3658906%2B%2B%2BUE4%2BRelease-4.17&UserID=cd1f60b7479b32bd24c174b1375c1b70%7C4ba7aa541e964517b0d99766beec29d1%7Cb30741d6-520e-4fea-be44-def22d0e3946&AppEnvironment=datacollector-binary&UploadType=eteventstream] status=Processing
[2017.12.22-21.46.31:300][740]LogModuleManager: Shutting down and abandoning module SSL (40)
[2017.12.22-21.46.31:304][740]LogModuleManager: Shutting down and abandoning module AnimationModifiers (36)
[2017.12.22-21.46.31:307][740]LogModuleManager: Shutting down and abandoning module PropertyEditor (35)
[2017.12.22-21.46.31:307][740]LogModuleManager: Shutting down and abandoning module AudioEditor (32)
[2017.12.22-21.46.31:310][740]LogModuleManager: Shutting down and abandoning module TextureCompressor (30)
[2017.12.22-21.46.31:310][740]LogModuleManager: Shutting down and abandoning module ShaderCore (28)
[2017.12.22-21.46.31:310][740]LogModuleManager: Shutting down and abandoning module Landscape (26)
[2017.12.22-21.46.31:310][740]LogModuleManager: Shutting down and abandoning module SlateRHIRenderer (24)
[2017.12.22-21.46.31:431][740]LogModuleManager: Shutting down and abandoning module OpenGLDrv (22)
[2017.12.22-21.46.31:432][740]LogModuleManager: Shutting down and abandoning module D3D11RHI (20)
[2017.12.22-21.46.31:432][740]LogModuleManager: Shutting down and abandoning module AnimGraphRuntime (18)
[2017.12.22-21.46.31:433][740]LogModuleManager: Shutting down and abandoning module Renderer (16)
[2017.12.22-21.46.31:433][740]LogModuleManager: Shutting down and abandoning module Engine (14)
[2017.12.22-21.46.31:433][740]LogModuleManager: Shutting down and abandoning module CoreUObject (12)
[2017.12.22-21.46.31:433][740]LogModuleManager: Shutting down and abandoning module NetworkFile (10)
[2017.12.22-21.46.31:433][740]LogModuleManager: Shutting down and abandoning module CookedIterativeFile (8)
[2017.12.22-21.46.31:433][740]LogModuleManager: Shutting down and abandoning module StreamingFile (6)
[2017.12.22-21.46.31:433][740]LogModuleManager: Shutting down and abandoning module SandboxFile (4)
[2017.12.22-21.46.31:433][740]LogModuleManager: Shutting down and abandoning module PakFile (2)
[2017.12.22-21.46.31:459][740]LogExit: Exiting.
[2017.12.22-21.46.31:545][740]Log file closed, 12/22/17 16:46:31
